[0.080s] Invoking command in '/home/ubuntu/optiAstaRos2_ws/build/rigidbody_msgs': CMAKE_PREFIX_PATH=/opt/ros/humble /usr/bin/cmake --build /home/ubuntu/optiAstaRos2_ws/build/rigidbody_msgs -- -j4 -l4
[0.303s] gmake: Warning: File 'Makefile' has modification time 5112 s in the future
[0.496s] gmake[1]: Warning: File 'CMakeFiles/Makefile2' has modification time 5112 s in the future
[0.503s] gmake[2]: Warning: File 'CMakeFiles/rigidbody_msgs__cpp.dir/progress.make' has modification time 5112 s in the future
[0.507s] gmake[2]: Warning: File 'CMakeFiles/rigidbody_msgs__rosidl_generator_c.dir/flags.make' has modification time 5112 s in the future
[0.508s] gmake[2]: Warning: File 'CMakeFiles/ament_cmake_python_copy_rigidbody_msgs.dir/progress.make' has modification time 5112 s in the future
[0.551s] gmake[2]: warning:  Clock skew detected.  Your build may be incomplete.
[0.555s] gmake[2]: warning:  Clock skew detected.  Your build may be incomplete.
[0.560s] gmake[2]: Warning: File 'CMakeFiles/rigidbody_msgs__cpp.dir/progress.make' has modification time 5112 s in the future
[0.562s] gmake[2]: warning:  Clock skew detected.  Your build may be incomplete.
[0.564s] gmake[2]: Warning: File 'CMakeFiles/ament_cmake_python_copy_rigidbody_msgs.dir/progress.make' has modification time 5112 s in the future
[0.567s] gmake[2]: warning:  Clock skew detected.  Your build may be incomplete.
[0.570s] gmake[2]: Warning: File 'CMakeFiles/rigidbody_msgs__rosidl_generator_c.dir/flags.make' has modification time 5112 s in the future
[0.610s] [  3%] Built target rigidbody_msgs__cpp
[0.611s] gmake[2]: warning:  Clock skew detected.  Your build may be incomplete.
[0.623s] gmake[2]: Warning: File 'CMakeFiles/rigidbody_msgs__rosidl_typesupport_cpp.dir/flags.make' has modification time 5112 s in the future
[0.627s] gmake[2]: Warning: File 'CMakeFiles/rigidbody_msgs__rosidl_typesupport_fastrtps_cpp.dir/flags.make' has modification time 5112 s in the future
[0.630s] gmake[2]: warning:  Clock skew detected.  Your build may be incomplete.
[0.657s] [  3%] Built target ament_cmake_python_copy_rigidbody_msgs
[0.672s] gmake[2]: warning:  Clock skew detected.  Your build may be incomplete.
[0.674s] gmake[2]: Warning: File 'CMakeFiles/rigidbody_msgs__rosidl_typesupport_introspection_cpp.dir/flags.make' has modification time 5112 s in the future
[0.675s] gmake[2]: warning:  Clock skew detected.  Your build may be incomplete.
[0.685s] gmake[2]: Warning: File 'CMakeFiles/rigidbody_msgs__rosidl_typesupport_cpp.dir/flags.make' has modification time 5112 s in the future
[0.691s] gmake[2]: Warning: File 'CMakeFiles/rigidbody_msgs__rosidl_typesupport_fastrtps_cpp.dir/flags.make' has modification time 5112 s in the future
[0.700s] [ 12%] Built target rigidbody_msgs__rosidl_generator_c
[0.710s] gmake[2]: Warning: File 'CMakeFiles/ament_cmake_python_build_rigidbody_msgs_egg.dir/progress.make' has modification time 5112 s in the future
[0.728s] gmake[2]: warning:  Clock skew detected.  Your build may be incomplete.
[0.730s] gmake[2]: warning:  Clock skew detected.  Your build may be incomplete.
[0.732s] gmake[2]: warning:  Clock skew detected.  Your build may be incomplete.
[0.742s] gmake[2]: Warning: File 'CMakeFiles/rigidbody_msgs__rosidl_typesupport_introspection_cpp.dir/flags.make' has modification time 5112 s in the future
[0.758s] gmake[2]: warning:  Clock skew detected.  Your build may be incomplete.
[0.767s] gmake[2]: warning:  Clock skew detected.  Your build may be incomplete.
[0.773s] [ 22%] Built target rigidbody_msgs__rosidl_typesupport_cpp
[0.789s] gmake[2]: Warning: File 'CMakeFiles/ament_cmake_python_build_rigidbody_msgs_egg.dir/progress.make' has modification time 5112 s in the future
[0.797s] [ 41%] Built target rigidbody_msgs__rosidl_typesupport_introspection_cpp
[0.802s] gmake[2]: Warning: File 'CMakeFiles/rigidbody_msgs__rosidl_typesupport_fastrtps_c.dir/flags.make' has modification time 5112 s in the future
[0.802s] [ 41%] Built target rigidbody_msgs__rosidl_typesupport_fastrtps_cpp
[0.813s] gmake[2]: Warning: File 'CMakeFiles/rigidbody_msgs__rosidl_typesupport_introspection_c.dir/flags.make' has modification time 5112 s in the future
[0.822s] gmake[2]: Warning: File 'CMakeFiles/rigidbody_msgs__rosidl_typesupport_c.dir/flags.make' has modification time 5112 s in the future
[0.850s] gmake[2]: warning:  Clock skew detected.  Your build may be incomplete.
[0.861s] gmake[2]: Warning: File 'CMakeFiles/rigidbody_msgs__rosidl_typesupport_fastrtps_c.dir/flags.make' has modification time 5112 s in the future
[0.870s] gmake[2]: warning:  Clock skew detected.  Your build may be incomplete.
[0.879s] gmake[2]: warning:  Clock skew detected.  Your build may be incomplete.
[0.883s] gmake[2]: warning:  Clock skew detected.  Your build may be incomplete.
[0.884s] gmake[2]: Warning: File 'CMakeFiles/rigidbody_msgs__rosidl_typesupport_c.dir/flags.make' has modification time 5112 s in the future
[0.888s] gmake[2]: warning:  Clock skew detected.  Your build may be incomplete.
[0.889s] gmake[2]: Warning: File 'CMakeFiles/rigidbody_msgs__rosidl_typesupport_introspection_c.dir/flags.make' has modification time 5112 s in the future
[0.896s] gmake[2]: warning:  Clock skew detected.  Your build may be incomplete.
[0.935s] [ 51%] Built target rigidbody_msgs__rosidl_typesupport_introspection_c
[0.950s] [ 61%] Built target rigidbody_msgs__rosidl_typesupport_c
[0.957s] [ 70%] Built target rigidbody_msgs__rosidl_typesupport_fastrtps_c
[0.967s] gmake[2]: Warning: File 'CMakeFiles/rigidbody_msgs.dir/progress.make' has modification time 5112 s in the future
[1.004s] gmake[2]: warning:  Clock skew detected.  Your build may be incomplete.
[1.011s] gmake[2]: Warning: File 'CMakeFiles/rigidbody_msgs.dir/progress.make' has modification time 5112 s in the future
[1.011s] gmake[2]: warning:  Clock skew detected.  Your build may be incomplete.
[1.050s] [ 70%] Built target rigidbody_msgs
[1.060s] gmake[2]: Warning: File 'rigidbody_msgs__py/CMakeFiles/rigidbody_msgs__py.dir/progress.make' has modification time 5112 s in the future
[1.098s] gmake[2]: warning:  Clock skew detected.  Your build may be incomplete.
[1.107s] gmake[2]: Warning: File 'rigidbody_msgs__py/CMakeFiles/rigidbody_msgs__py.dir/progress.make' has modification time 5112 s in the future
[1.114s] gmake[2]: warning:  Clock skew detected.  Your build may be incomplete.
[1.149s] [ 74%] Built target rigidbody_msgs__py
[1.161s] gmake[2]: Warning: File 'CMakeFiles/rigidbody_msgs__rosidl_generator_py.dir/flags.make' has modification time 5111 s in the future
[1.196s] gmake[2]: warning:  Clock skew detected.  Your build may be incomplete.
[1.206s] gmake[2]: Warning: File 'CMakeFiles/rigidbody_msgs__rosidl_generator_py.dir/flags.make' has modification time 5111 s in the future
[1.231s] gmake[2]: warning:  Clock skew detected.  Your build may be incomplete.
[1.265s] [ 80%] Built target rigidbody_msgs__rosidl_generator_py
[1.277s] gmake[2]: Warning: File 'CMakeFiles/rigidbody_msgs__rosidl_typesupport_fastrtps_c__pyext.dir/flags.make' has modification time 5111 s in the future
[1.279s] gmake[2]: Warning: File 'CMakeFiles/rigidbody_msgs__rosidl_typesupport_introspection_c__pyext.dir/flags.make' has modification time 5111 s in the future
[1.281s] gmake[2]: Warning: File 'CMakeFiles/rigidbody_msgs__rosidl_typesupport_c__pyext.dir/flags.make' has modification time 5111 s in the future
[1.319s] gmake[2]: warning:  Clock skew detected.  Your build may be incomplete.
[1.321s] gmake[2]: warning:  Clock skew detected.  Your build may be incomplete.
[1.328s] gmake[2]: warning:  Clock skew detected.  Your build may be incomplete.
[1.332s] gmake[2]: Warning: File 'CMakeFiles/rigidbody_msgs__rosidl_typesupport_fastrtps_c__pyext.dir/flags.make' has modification time 5111 s in the future
[1.333s] gmake[2]: Warning: File 'CMakeFiles/rigidbody_msgs__rosidl_typesupport_introspection_c__pyext.dir/flags.make' has modification time 5111 s in the future
[1.338s] gmake[2]: Warning: File 'CMakeFiles/rigidbody_msgs__rosidl_typesupport_c__pyext.dir/flags.make' has modification time 5111 s in the future
[1.339s] gmake[2]: warning:  Clock skew detected.  Your build may be incomplete.
[1.340s] gmake[2]: warning:  Clock skew detected.  Your build may be incomplete.
[1.344s] gmake[2]: warning:  Clock skew detected.  Your build may be incomplete.
[1.377s] [ 87%] Built target rigidbody_msgs__rosidl_typesupport_introspection_c__pyext
[1.382s] [100%] Built target rigidbody_msgs__rosidl_typesupport_fastrtps_c__pyext
[1.384s] [100%] Built target rigidbody_msgs__rosidl_typesupport_c__pyext
[1.958s] running egg_info
[1.962s] writing rigidbody_msgs.egg-info/PKG-INFO
[1.963s] writing dependency_links to rigidbody_msgs.egg-info/dependency_links.txt
[1.964s] writing top-level names to rigidbody_msgs.egg-info/top_level.txt
[1.980s] reading manifest file 'rigidbody_msgs.egg-info/SOURCES.txt'
[1.982s] writing manifest file 'rigidbody_msgs.egg-info/SOURCES.txt'
[2.077s] gmake[2]: warning:  Clock skew detected.  Your build may be incomplete.
[2.109s] [100%] Built target ament_cmake_python_build_rigidbody_msgs_egg
[2.112s] gmake[1]: warning:  Clock skew detected.  Your build may be incomplete.
[2.145s] gmake: warning:  Clock skew detected.  Your build may be incomplete.
[2.150s] Invoked command in '/home/ubuntu/optiAstaRos2_ws/build/rigidbody_msgs' returned '0': CMAKE_PREFIX_PATH=/opt/ros/humble /usr/bin/cmake --build /home/ubuntu/optiAstaRos2_ws/build/rigidbody_msgs -- -j4 -l4
[2.507s] Invoking command in '/home/ubuntu/optiAstaRos2_ws/build/rigidbody_msgs': CMAKE_PREFIX_PATH=/opt/ros/humble /usr/bin/cmake --install /home/ubuntu/optiAstaRos2_ws/build/rigidbody_msgs
[2.539s] -- Install configuration: ""
[2.540s] -- Up-to-date: /home/ubuntu/optiAstaRos2_ws/install/rigidbody_msgs/share/ament_index/resource_index/rosidl_interfaces/rigidbody_msgs
[2.540s] -- Up-to-date: /home/ubuntu/optiAstaRos2_ws/install/rigidbody_msgs/include/rigidbody_msgs/rigidbody_msgs
[2.541s] -- Up-to-date: /home/ubuntu/optiAstaRos2_ws/install/rigidbody_msgs/include/rigidbody_msgs/rigidbody_msgs/msg
[2.541s] -- Up-to-date: /home/ubuntu/optiAstaRos2_ws/install/rigidbody_msgs/include/rigidbody_msgs/rigidbody_msgs/msg/rigid_body.h
[2.542s] -- Up-to-date: /home/ubuntu/optiAstaRos2_ws/install/rigidbody_msgs/include/rigidbody_msgs/rigidbody_msgs/msg/rosidl_generator_c__visibility_control.h
[2.542s] -- Up-to-date: /home/ubuntu/optiAstaRos2_ws/install/rigidbody_msgs/include/rigidbody_msgs/rigidbody_msgs/msg/detail
[2.542s] -- Up-to-date: /home/ubuntu/optiAstaRos2_ws/install/rigidbody_msgs/include/rigidbody_msgs/rigidbody_msgs/msg/detail/rigid_body__functions.c
[2.543s] -- Up-to-date: /home/ubuntu/optiAstaRos2_ws/install/rigidbody_msgs/include/rigidbody_msgs/rigidbody_msgs/msg/detail/rigid_body__functions.h
[2.543s] -- Up-to-date: /home/ubuntu/optiAstaRos2_ws/install/rigidbody_msgs/include/rigidbody_msgs/rigidbody_msgs/msg/detail/rigid_body__struct.h
[2.543s] -- Up-to-date: /home/ubuntu/optiAstaRos2_ws/install/rigidbody_msgs/include/rigidbody_msgs/rigidbody_msgs/msg/detail/rigid_body__type_support.h
[2.544s] -- Up-to-date: /home/ubuntu/optiAstaRos2_ws/install/rigidbody_msgs/share/rigidbody_msgs/environment/library_path.sh
[2.544s] -- Up-to-date: /home/ubuntu/optiAstaRos2_ws/install/rigidbody_msgs/share/rigidbody_msgs/environment/library_path.dsv
[2.545s] -- Up-to-date: /home/ubuntu/optiAstaRos2_ws/install/rigidbody_msgs/lib/librigidbody_msgs__rosidl_generator_c.so
[2.547s] -- Up-to-date: /home/ubuntu/optiAstaRos2_ws/install/rigidbody_msgs/include/rigidbody_msgs/rigidbody_msgs
[2.547s] -- Up-to-date: /home/ubuntu/optiAstaRos2_ws/install/rigidbody_msgs/include/rigidbody_msgs/rigidbody_msgs/msg
[2.548s] -- Up-to-date: /home/ubuntu/optiAstaRos2_ws/install/rigidbody_msgs/include/rigidbody_msgs/rigidbody_msgs/msg/rosidl_typesupport_fastrtps_c__visibility_control.h
[2.549s] -- Up-to-date: /home/ubuntu/optiAstaRos2_ws/install/rigidbody_msgs/include/rigidbody_msgs/rigidbody_msgs/msg/detail
[2.549s] -- Up-to-date: /home/ubuntu/optiAstaRos2_ws/install/rigidbody_msgs/include/rigidbody_msgs/rigidbody_msgs/msg/detail/rigid_body__rosidl_typesupport_fastrtps_c.h
[2.551s] -- Up-to-date: /home/ubuntu/optiAstaRos2_ws/install/rigidbody_msgs/lib/librigidbody_msgs__rosidl_typesupport_fastrtps_c.so
[2.553s] -- Up-to-date: /home/ubuntu/optiAstaRos2_ws/install/rigidbody_msgs/include/rigidbody_msgs/rigidbody_msgs
[2.553s] -- Up-to-date: /home/ubuntu/optiAstaRos2_ws/install/rigidbody_msgs/include/rigidbody_msgs/rigidbody_msgs/msg
[2.554s] -- Up-to-date: /home/ubuntu/optiAstaRos2_ws/install/rigidbody_msgs/include/rigidbody_msgs/rigidbody_msgs/msg/rigid_body.hpp
[2.554s] -- Up-to-date: /home/ubuntu/optiAstaRos2_ws/install/rigidbody_msgs/include/rigidbody_msgs/rigidbody_msgs/msg/detail
[2.555s] -- Up-to-date: /home/ubuntu/optiAstaRos2_ws/install/rigidbody_msgs/include/rigidbody_msgs/rigidbody_msgs/msg/detail/rigid_body__traits.hpp
[2.556s] -- Up-to-date: /home/ubuntu/optiAstaRos2_ws/install/rigidbody_msgs/include/rigidbody_msgs/rigidbody_msgs/msg/detail/rigid_body__builder.hpp
[2.556s] -- Up-to-date: /home/ubuntu/optiAstaRos2_ws/install/rigidbody_msgs/include/rigidbody_msgs/rigidbody_msgs/msg/detail/rigid_body__struct.hpp
[2.556s] -- Up-to-date: /home/ubuntu/optiAstaRos2_ws/install/rigidbody_msgs/include/rigidbody_msgs/rigidbody_msgs
[2.557s] -- Up-to-date: /home/ubuntu/optiAstaRos2_ws/install/rigidbody_msgs/include/rigidbody_msgs/rigidbody_msgs/msg
[2.557s] -- Up-to-date: /home/ubuntu/optiAstaRos2_ws/install/rigidbody_msgs/include/rigidbody_msgs/rigidbody_msgs/msg/rosidl_typesupport_fastrtps_cpp__visibility_control.h
[2.558s] -- Up-to-date: /home/ubuntu/optiAstaRos2_ws/install/rigidbody_msgs/include/rigidbody_msgs/rigidbody_msgs/msg/detail
[2.558s] -- Up-to-date: /home/ubuntu/optiAstaRos2_ws/install/rigidbody_msgs/include/rigidbody_msgs/rigidbody_msgs/msg/detail/rigid_body__rosidl_typesupport_fastrtps_cpp.hpp
[2.558s] -- Up-to-date: /home/ubuntu/optiAstaRos2_ws/install/rigidbody_msgs/include/rigidbody_msgs/rigidbody_msgs/msg/detail/dds_fastrtps
[2.560s] -- Up-to-date: /home/ubuntu/optiAstaRos2_ws/install/rigidbody_msgs/lib/librigidbody_msgs__rosidl_typesupport_fastrtps_cpp.so
[2.561s] -- Up-to-date: /home/ubuntu/optiAstaRos2_ws/install/rigidbody_msgs/include/rigidbody_msgs/rigidbody_msgs
[2.561s] -- Up-to-date: /home/ubuntu/optiAstaRos2_ws/install/rigidbody_msgs/include/rigidbody_msgs/rigidbody_msgs/msg
[2.562s] -- Up-to-date: /home/ubuntu/optiAstaRos2_ws/install/rigidbody_msgs/include/rigidbody_msgs/rigidbody_msgs/msg/rosidl_typesupport_introspection_c__visibility_control.h
[2.562s] -- Up-to-date: /home/ubuntu/optiAstaRos2_ws/install/rigidbody_msgs/include/rigidbody_msgs/rigidbody_msgs/msg/detail
[2.562s] -- Up-to-date: /home/ubuntu/optiAstaRos2_ws/install/rigidbody_msgs/include/rigidbody_msgs/rigidbody_msgs/msg/detail/rigid_body__rosidl_typesupport_introspection_c.h
[2.563s] -- Up-to-date: /home/ubuntu/optiAstaRos2_ws/install/rigidbody_msgs/include/rigidbody_msgs/rigidbody_msgs/msg/detail/rigid_body__type_support.c
[2.564s] -- Up-to-date: /home/ubuntu/optiAstaRos2_ws/install/rigidbody_msgs/lib/librigidbody_msgs__rosidl_typesupport_introspection_c.so
[2.566s] -- Up-to-date: /home/ubuntu/optiAstaRos2_ws/install/rigidbody_msgs/lib/librigidbody_msgs__rosidl_typesupport_c.so
[2.567s] -- Up-to-date: /home/ubuntu/optiAstaRos2_ws/install/rigidbody_msgs/include/rigidbody_msgs/rigidbody_msgs
[2.567s] -- Up-to-date: /home/ubuntu/optiAstaRos2_ws/install/rigidbody_msgs/include/rigidbody_msgs/rigidbody_msgs/msg
[2.568s] -- Up-to-date: /home/ubuntu/optiAstaRos2_ws/install/rigidbody_msgs/include/rigidbody_msgs/rigidbody_msgs/msg/detail
[2.568s] -- Up-to-date: /home/ubuntu/optiAstaRos2_ws/install/rigidbody_msgs/include/rigidbody_msgs/rigidbody_msgs/msg/detail/rigid_body__rosidl_typesupport_introspection_cpp.hpp
[2.569s] -- Up-to-date: /home/ubuntu/optiAstaRos2_ws/install/rigidbody_msgs/include/rigidbody_msgs/rigidbody_msgs/msg/detail/rigid_body__type_support.cpp
[2.570s] -- Up-to-date: /home/ubuntu/optiAstaRos2_ws/install/rigidbody_msgs/lib/librigidbody_msgs__rosidl_typesupport_introspection_cpp.so
[2.571s] -- Up-to-date: /home/ubuntu/optiAstaRos2_ws/install/rigidbody_msgs/lib/librigidbody_msgs__rosidl_typesupport_cpp.so
[2.573s] -- Up-to-date: /home/ubuntu/optiAstaRos2_ws/install/rigidbody_msgs/share/rigidbody_msgs/environment/pythonpath.sh
[2.573s] -- Up-to-date: /home/ubuntu/optiAstaRos2_ws/install/rigidbody_msgs/share/rigidbody_msgs/environment/pythonpath.dsv
[2.573s] -- Up-to-date: /home/ubuntu/optiAstaRos2_ws/install/rigidbody_msgs/local/lib/python3.10/dist-packages/rigidbody_msgs-0.0.0-py3.10.egg-info
[2.574s] -- Installing: /home/ubuntu/optiAstaRos2_ws/install/rigidbody_msgs/local/lib/python3.10/dist-packages/rigidbody_msgs-0.0.0-py3.10.egg-info/PKG-INFO
[2.575s] -- Installing: /home/ubuntu/optiAstaRos2_ws/install/rigidbody_msgs/local/lib/python3.10/dist-packages/rigidbody_msgs-0.0.0-py3.10.egg-info/top_level.txt
[2.576s] -- Installing: /home/ubuntu/optiAstaRos2_ws/install/rigidbody_msgs/local/lib/python3.10/dist-packages/rigidbody_msgs-0.0.0-py3.10.egg-info/SOURCES.txt
[2.578s] -- Installing: /home/ubuntu/optiAstaRos2_ws/install/rigidbody_msgs/local/lib/python3.10/dist-packages/rigidbody_msgs-0.0.0-py3.10.egg-info/dependency_links.txt
[2.579s] -- Up-to-date: /home/ubuntu/optiAstaRos2_ws/install/rigidbody_msgs/local/lib/python3.10/dist-packages/rigidbody_msgs
[2.580s] -- Up-to-date: /home/ubuntu/optiAstaRos2_ws/install/rigidbody_msgs/local/lib/python3.10/dist-packages/rigidbody_msgs/_rigidbody_msgs_s.ep.rosidl_typesupport_fastrtps_c.c
[2.580s] -- Up-to-date: /home/ubuntu/optiAstaRos2_ws/install/rigidbody_msgs/local/lib/python3.10/dist-packages/rigidbody_msgs/_rigidbody_msgs_s.ep.rosidl_typesupport_introspection_c.c
[2.580s] -- Up-to-date: /home/ubuntu/optiAstaRos2_ws/install/rigidbody_msgs/local/lib/python3.10/dist-packages/rigidbody_msgs/rigidbody_msgs_s__rosidl_typesupport_fastrtps_c.cpython-310-aarch64-linux-gnu.so
[2.581s] -- Up-to-date: /home/ubuntu/optiAstaRos2_ws/install/rigidbody_msgs/local/lib/python3.10/dist-packages/rigidbody_msgs/msg
[2.581s] -- Up-to-date: /home/ubuntu/optiAstaRos2_ws/install/rigidbody_msgs/local/lib/python3.10/dist-packages/rigidbody_msgs/msg/_rigid_body_s.c
[2.582s] -- Up-to-date: /home/ubuntu/optiAstaRos2_ws/install/rigidbody_msgs/local/lib/python3.10/dist-packages/rigidbody_msgs/msg/_rigid_body.py
[2.582s] -- Up-to-date: /home/ubuntu/optiAstaRos2_ws/install/rigidbody_msgs/local/lib/python3.10/dist-packages/rigidbody_msgs/msg/__init__.py
[2.582s] -- Up-to-date: /home/ubuntu/optiAstaRos2_ws/install/rigidbody_msgs/local/lib/python3.10/dist-packages/rigidbody_msgs/_rigidbody_msgs_s.ep.rosidl_typesupport_c.c
[2.583s] -- Up-to-date: /home/ubuntu/optiAstaRos2_ws/install/rigidbody_msgs/local/lib/python3.10/dist-packages/rigidbody_msgs/librigidbody_msgs__rosidl_generator_py.so
[2.583s] -- Up-to-date: /home/ubuntu/optiAstaRos2_ws/install/rigidbody_msgs/local/lib/python3.10/dist-packages/rigidbody_msgs/__init__.py
[2.583s] -- Up-to-date: /home/ubuntu/optiAstaRos2_ws/install/rigidbody_msgs/local/lib/python3.10/dist-packages/rigidbody_msgs/rigidbody_msgs_s__rosidl_typesupport_introspection_c.cpython-310-aarch64-linux-gnu.so
[2.584s] -- Up-to-date: /home/ubuntu/optiAstaRos2_ws/install/rigidbody_msgs/local/lib/python3.10/dist-packages/rigidbody_msgs/rigidbody_msgs_s__rosidl_typesupport_c.cpython-310-aarch64-linux-gnu.so
[2.726s] Listing '/home/ubuntu/optiAstaRos2_ws/install/rigidbody_msgs/local/lib/python3.10/dist-packages/rigidbody_msgs'...
[2.727s] Listing '/home/ubuntu/optiAstaRos2_ws/install/rigidbody_msgs/local/lib/python3.10/dist-packages/rigidbody_msgs/msg'...
[2.748s] -- Up-to-date: /home/ubuntu/optiAstaRos2_ws/install/rigidbody_msgs/local/lib/python3.10/dist-packages/rigidbody_msgs/rigidbody_msgs_s__rosidl_typesupport_fastrtps_c.cpython-310-aarch64-linux-gnu.so
[2.750s] -- Up-to-date: /home/ubuntu/optiAstaRos2_ws/install/rigidbody_msgs/local/lib/python3.10/dist-packages/rigidbody_msgs/rigidbody_msgs_s__rosidl_typesupport_introspection_c.cpython-310-aarch64-linux-gnu.so
[2.753s] -- Up-to-date: /home/ubuntu/optiAstaRos2_ws/install/rigidbody_msgs/local/lib/python3.10/dist-packages/rigidbody_msgs/rigidbody_msgs_s__rosidl_typesupport_c.cpython-310-aarch64-linux-gnu.so
[2.755s] -- Up-to-date: /home/ubuntu/optiAstaRos2_ws/install/rigidbody_msgs/lib/librigidbody_msgs__rosidl_generator_py.so
[2.757s] -- Up-to-date: /home/ubuntu/optiAstaRos2_ws/install/rigidbody_msgs/share/rigidbody_msgs/msg/RigidBody.idl
[2.757s] -- Installing: /home/ubuntu/optiAstaRos2_ws/install/rigidbody_msgs/share/rigidbody_msgs/msg/RigidBody.msg
[2.759s] -- Up-to-date: /home/ubuntu/optiAstaRos2_ws/install/rigidbody_msgs/share/ament_index/resource_index/package_run_dependencies/rigidbody_msgs
[2.760s] -- Up-to-date: /home/ubuntu/optiAstaRos2_ws/install/rigidbody_msgs/share/ament_index/resource_index/parent_prefix_path/rigidbody_msgs
[2.760s] -- Up-to-date: /home/ubuntu/optiAstaRos2_ws/install/rigidbody_msgs/share/rigidbody_msgs/environment/ament_prefix_path.sh
[2.761s] -- Up-to-date: /home/ubuntu/optiAstaRos2_ws/install/rigidbody_msgs/share/rigidbody_msgs/environment/ament_prefix_path.dsv
[2.761s] -- Up-to-date: /home/ubuntu/optiAstaRos2_ws/install/rigidbody_msgs/share/rigidbody_msgs/environment/path.sh
[2.761s] -- Up-to-date: /home/ubuntu/optiAstaRos2_ws/install/rigidbody_msgs/share/rigidbody_msgs/environment/path.dsv
[2.762s] -- Up-to-date: /home/ubuntu/optiAstaRos2_ws/install/rigidbody_msgs/share/rigidbody_msgs/local_setup.bash
[2.762s] -- Up-to-date: /home/ubuntu/optiAstaRos2_ws/install/rigidbody_msgs/share/rigidbody_msgs/local_setup.sh
[2.763s] -- Up-to-date: /home/ubuntu/optiAstaRos2_ws/install/rigidbody_msgs/share/rigidbody_msgs/local_setup.zsh
[2.763s] -- Up-to-date: /home/ubuntu/optiAstaRos2_ws/install/rigidbody_msgs/share/rigidbody_msgs/local_setup.dsv
[2.763s] -- Installing: /home/ubuntu/optiAstaRos2_ws/install/rigidbody_msgs/share/rigidbody_msgs/package.dsv
[2.765s] -- Up-to-date: /home/ubuntu/optiAstaRos2_ws/install/rigidbody_msgs/share/ament_index/resource_index/packages/rigidbody_msgs
[2.765s] -- Up-to-date: /home/ubuntu/optiAstaRos2_ws/install/rigidbody_msgs/share/rigidbody_msgs/cmake/export_rigidbody_msgs__rosidl_generator_cExport.cmake
[2.766s] -- Up-to-date: /home/ubuntu/optiAstaRos2_ws/install/rigidbody_msgs/share/rigidbody_msgs/cmake/export_rigidbody_msgs__rosidl_generator_cExport-noconfig.cmake
[2.767s] -- Up-to-date: /home/ubuntu/optiAstaRos2_ws/install/rigidbody_msgs/share/rigidbody_msgs/cmake/export_rigidbody_msgs__rosidl_typesupport_fastrtps_cExport.cmake
[2.767s] -- Up-to-date: /home/ubuntu/optiAstaRos2_ws/install/rigidbody_msgs/share/rigidbody_msgs/cmake/export_rigidbody_msgs__rosidl_typesupport_fastrtps_cExport-noconfig.cmake
[2.768s] -- Up-to-date: /home/ubuntu/optiAstaRos2_ws/install/rigidbody_msgs/share/rigidbody_msgs/cmake/export_rigidbody_msgs__rosidl_generator_cppExport.cmake
[2.769s] -- Up-to-date: /home/ubuntu/optiAstaRos2_ws/install/rigidbody_msgs/share/rigidbody_msgs/cmake/export_rigidbody_msgs__rosidl_typesupport_fastrtps_cppExport.cmake
[2.769s] -- Up-to-date: /home/ubuntu/optiAstaRos2_ws/install/rigidbody_msgs/share/rigidbody_msgs/cmake/export_rigidbody_msgs__rosidl_typesupport_fastrtps_cppExport-noconfig.cmake
[2.770s] -- Up-to-date: /home/ubuntu/optiAstaRos2_ws/install/rigidbody_msgs/share/rigidbody_msgs/cmake/rigidbody_msgs__rosidl_typesupport_introspection_cExport.cmake
[2.771s] -- Up-to-date: /home/ubuntu/optiAstaRos2_ws/install/rigidbody_msgs/share/rigidbody_msgs/cmake/rigidbody_msgs__rosidl_typesupport_introspection_cExport-noconfig.cmake
[2.772s] -- Up-to-date: /home/ubuntu/optiAstaRos2_ws/install/rigidbody_msgs/share/rigidbody_msgs/cmake/rigidbody_msgs__rosidl_typesupport_cExport.cmake
[2.772s] -- Up-to-date: /home/ubuntu/optiAstaRos2_ws/install/rigidbody_msgs/share/rigidbody_msgs/cmake/rigidbody_msgs__rosidl_typesupport_cExport-noconfig.cmake
[2.773s] -- Up-to-date: /home/ubuntu/optiAstaRos2_ws/install/rigidbody_msgs/share/rigidbody_msgs/cmake/rigidbody_msgs__rosidl_typesupport_introspection_cppExport.cmake
[2.774s] -- Up-to-date: /home/ubuntu/optiAstaRos2_ws/install/rigidbody_msgs/share/rigidbody_msgs/cmake/rigidbody_msgs__rosidl_typesupport_introspection_cppExport-noconfig.cmake
[2.774s] -- Up-to-date: /home/ubuntu/optiAstaRos2_ws/install/rigidbody_msgs/share/rigidbody_msgs/cmake/rigidbody_msgs__rosidl_typesupport_cppExport.cmake
[2.775s] -- Up-to-date: /home/ubuntu/optiAstaRos2_ws/install/rigidbody_msgs/share/rigidbody_msgs/cmake/rigidbody_msgs__rosidl_typesupport_cppExport-noconfig.cmake
[2.776s] -- Up-to-date: /home/ubuntu/optiAstaRos2_ws/install/rigidbody_msgs/share/rigidbody_msgs/cmake/export_rigidbody_msgs__rosidl_generator_pyExport.cmake
[2.776s] -- Up-to-date: /home/ubuntu/optiAstaRos2_ws/install/rigidbody_msgs/share/rigidbody_msgs/cmake/export_rigidbody_msgs__rosidl_generator_pyExport-noconfig.cmake
[2.777s] -- Up-to-date: /home/ubuntu/optiAstaRos2_ws/install/rigidbody_msgs/share/rigidbody_msgs/cmake/rosidl_cmake-extras.cmake
[2.777s] -- Up-to-date: /home/ubuntu/optiAstaRos2_ws/install/rigidbody_msgs/share/rigidbody_msgs/cmake/ament_cmake_export_dependencies-extras.cmake
[2.777s] -- Up-to-date: /home/ubuntu/optiAstaRos2_ws/install/rigidbody_msgs/share/rigidbody_msgs/cmake/ament_cmake_export_include_directories-extras.cmake
[2.778s] -- Up-to-date: /home/ubuntu/optiAstaRos2_ws/install/rigidbody_msgs/share/rigidbody_msgs/cmake/ament_cmake_export_libraries-extras.cmake
[2.778s] -- Up-to-date: /home/ubuntu/optiAstaRos2_ws/install/rigidbody_msgs/share/rigidbody_msgs/cmake/ament_cmake_export_targets-extras.cmake
[2.779s] -- Up-to-date: /home/ubuntu/optiAstaRos2_ws/install/rigidbody_msgs/share/rigidbody_msgs/cmake/rosidl_cmake_export_typesupport_targets-extras.cmake
[2.779s] -- Up-to-date: /home/ubuntu/optiAstaRos2_ws/install/rigidbody_msgs/share/rigidbody_msgs/cmake/rosidl_cmake_export_typesupport_libraries-extras.cmake
[2.780s] -- Up-to-date: /home/ubuntu/optiAstaRos2_ws/install/rigidbody_msgs/share/rigidbody_msgs/cmake/rigidbody_msgsConfig.cmake
[2.780s] -- Up-to-date: /home/ubuntu/optiAstaRos2_ws/install/rigidbody_msgs/share/rigidbody_msgs/cmake/rigidbody_msgsConfig-version.cmake
[2.781s] -- Up-to-date: /home/ubuntu/optiAstaRos2_ws/install/rigidbody_msgs/share/rigidbody_msgs/package.xml
[2.789s] Invoked command in '/home/ubuntu/optiAstaRos2_ws/build/rigidbody_msgs' returned '0': CMAKE_PREFIX_PATH=/opt/ros/humble /usr/bin/cmake --install /home/ubuntu/optiAstaRos2_ws/build/rigidbody_msgs
