[0.075s] Invoking command in '/home/ubuntu/optiAstaRos2_ws/build/rigidbody_msgs': CMAKE_PREFIX_PATH=${CMAKE_PREFIX_PATH}:/home/ubuntu/optiAstaRos2_ws/install/optiastaros2:/opt/ros/humble /usr/bin/cmake --build /home/ubuntu/optiAstaRos2_ws/build/rigidbody_msgs -- -j4 -l4
[0.389s] [  2%] Built target rigidbody_msgs__cpp
[0.605s] [  2%] Built target ament_cmake_python_copy_rigidbody_msgs
[0.772s] [ 12%] Built target rigidbody_msgs__rosidl_typesupport_fastrtps_cpp
[0.896s] [ 23%] Built target rigidbody_msgs__rosidl_typesupport_introspection_cpp
[2.685s] running egg_info
[2.692s] writing rigidbody_msgs.egg-info/PKG-INFO
[2.695s] writing dependency_links to rigidbody_msgs.egg-info/dependency_links.txt
[2.699s] writing top-level names to rigidbody_msgs.egg-info/top_level.txt
[2.716s] reading manifest file 'rigidbody_msgs.egg-info/SOURCES.txt'
[2.722s] writing manifest file 'rigidbody_msgs.egg-info/SOURCES.txt'
[2.913s] [ 23%] Built target ament_cmake_python_build_rigidbody_msgs_egg
[3.067s] [ 33%] Built target rigidbody_msgs__rosidl_typesupport_cpp
[3.244s] [ 43%] Built target rigidbody_msgs__rosidl_generator_c
[3.366s] [ 53%] Built target rigidbody_msgs__rosidl_typesupport_fastrtps_c
[3.497s] [ 64%] Built target rigidbody_msgs__rosidl_typesupport_c
[3.673s] [ 74%] Built target rigidbody_msgs__rosidl_typesupport_introspection_c
[3.782s] [ 74%] Built target rigidbody_msgs
[3.899s] [ 76%] Built target rigidbody_msgs__py
[4.025s] [ 84%] Built target rigidbody_msgs__rosidl_generator_py
[4.215s] [ 89%] Built target rigidbody_msgs__rosidl_typesupport_fastrtps_c__pyext
[4.404s] [ 94%] Built target rigidbody_msgs__rosidl_typesupport_c__pyext
[4.527s] [100%] Built target rigidbody_msgs__rosidl_typesupport_introspection_c__pyext
[4.596s] Invoked command in '/home/ubuntu/optiAstaRos2_ws/build/rigidbody_msgs' returned '0': CMAKE_PREFIX_PATH=${CMAKE_PREFIX_PATH}:/home/ubuntu/optiAstaRos2_ws/install/optiastaros2:/opt/ros/humble /usr/bin/cmake --build /home/ubuntu/optiAstaRos2_ws/build/rigidbody_msgs -- -j4 -l4
[5.361s] Invoking command in '/home/ubuntu/optiAstaRos2_ws/build/rigidbody_msgs': CMAKE_PREFIX_PATH=${CMAKE_PREFIX_PATH}:/home/ubuntu/optiAstaRos2_ws/install/optiastaros2:/opt/ros/humble /usr/bin/cmake --install /home/ubuntu/optiAstaRos2_ws/build/rigidbody_msgs
[5.462s] -- Install configuration: ""
[5.463s] -- Up-to-date: /home/ubuntu/optiAstaRos2_ws/install/rigidbody_msgs/share/ament_index/resource_index/rosidl_interfaces/rigidbody_msgs
[5.464s] -- Up-to-date: /home/ubuntu/optiAstaRos2_ws/install/rigidbody_msgs/include/rigidbody_msgs/rigidbody_msgs
[5.466s] -- Up-to-date: /home/ubuntu/optiAstaRos2_ws/install/rigidbody_msgs/include/rigidbody_msgs/rigidbody_msgs/msg
[5.468s] -- Up-to-date: /home/ubuntu/optiAstaRos2_ws/install/rigidbody_msgs/include/rigidbody_msgs/rigidbody_msgs/msg/rigid_body.h
[5.469s] -- Up-to-date: /home/ubuntu/optiAstaRos2_ws/install/rigidbody_msgs/include/rigidbody_msgs/rigidbody_msgs/msg/rosidl_generator_c__visibility_control.h
[5.470s] -- Up-to-date: /home/ubuntu/optiAstaRos2_ws/install/rigidbody_msgs/include/rigidbody_msgs/rigidbody_msgs/msg/detail
[5.471s] -- Up-to-date: /home/ubuntu/optiAstaRos2_ws/install/rigidbody_msgs/include/rigidbody_msgs/rigidbody_msgs/msg/detail/robot_cmd__functions.h
[5.471s] -- Up-to-date: /home/ubuntu/optiAstaRos2_ws/install/rigidbody_msgs/include/rigidbody_msgs/rigidbody_msgs/msg/detail/robot_cmd__struct.h
[5.472s] -- Up-to-date: /home/ubuntu/optiAstaRos2_ws/install/rigidbody_msgs/include/rigidbody_msgs/rigidbody_msgs/msg/detail/rigid_body__functions.c
[5.473s] -- Up-to-date: /home/ubuntu/optiAstaRos2_ws/install/rigidbody_msgs/include/rigidbody_msgs/rigidbody_msgs/msg/detail/rigid_body__functions.h
[5.473s] -- Up-to-date: /home/ubuntu/optiAstaRos2_ws/install/rigidbody_msgs/include/rigidbody_msgs/rigidbody_msgs/msg/detail/rigid_body__struct.h
[5.485s] -- Up-to-date: /home/ubuntu/optiAstaRos2_ws/install/rigidbody_msgs/include/rigidbody_msgs/rigidbody_msgs/msg/detail/robot_cmd__functions.c
[5.486s] -- Up-to-date: /home/ubuntu/optiAstaRos2_ws/install/rigidbody_msgs/include/rigidbody_msgs/rigidbody_msgs/msg/detail/robot_cmd__type_support.h
[5.493s] -- Up-to-date: /home/ubuntu/optiAstaRos2_ws/install/rigidbody_msgs/include/rigidbody_msgs/rigidbody_msgs/msg/detail/rigid_body__type_support.h
[5.494s] -- Up-to-date: /home/ubuntu/optiAstaRos2_ws/install/rigidbody_msgs/include/rigidbody_msgs/rigidbody_msgs/msg/robot_cmd.h
[5.495s] -- Up-to-date: /home/ubuntu/optiAstaRos2_ws/install/rigidbody_msgs/share/rigidbody_msgs/environment/library_path.sh
[5.496s] -- Up-to-date: /home/ubuntu/optiAstaRos2_ws/install/rigidbody_msgs/share/rigidbody_msgs/environment/library_path.dsv
[5.500s] -- Up-to-date: /home/ubuntu/optiAstaRos2_ws/install/rigidbody_msgs/lib/librigidbody_msgs__rosidl_generator_c.so
[5.501s] -- Up-to-date: /home/ubuntu/optiAstaRos2_ws/install/rigidbody_msgs/include/rigidbody_msgs/rigidbody_msgs
[5.501s] -- Up-to-date: /home/ubuntu/optiAstaRos2_ws/install/rigidbody_msgs/include/rigidbody_msgs/rigidbody_msgs/msg
[5.505s] -- Up-to-date: /home/ubuntu/optiAstaRos2_ws/install/rigidbody_msgs/include/rigidbody_msgs/rigidbody_msgs/msg/rosidl_typesupport_fastrtps_c__visibility_control.h
[5.506s] -- Up-to-date: /home/ubuntu/optiAstaRos2_ws/install/rigidbody_msgs/include/rigidbody_msgs/rigidbody_msgs/msg/detail
[5.507s] -- Up-to-date: /home/ubuntu/optiAstaRos2_ws/install/rigidbody_msgs/include/rigidbody_msgs/rigidbody_msgs/msg/detail/robot_cmd__rosidl_typesupport_fastrtps_c.h
[5.507s] -- Up-to-date: /home/ubuntu/optiAstaRos2_ws/install/rigidbody_msgs/include/rigidbody_msgs/rigidbody_msgs/msg/detail/rigid_body__rosidl_typesupport_fastrtps_c.h
[5.511s] -- Up-to-date: /home/ubuntu/optiAstaRos2_ws/install/rigidbody_msgs/lib/librigidbody_msgs__rosidl_typesupport_fastrtps_c.so
[5.511s] -- Up-to-date: /home/ubuntu/optiAstaRos2_ws/install/rigidbody_msgs/include/rigidbody_msgs/rigidbody_msgs
[5.512s] -- Up-to-date: /home/ubuntu/optiAstaRos2_ws/install/rigidbody_msgs/include/rigidbody_msgs/rigidbody_msgs/msg
[5.514s] -- Up-to-date: /home/ubuntu/optiAstaRos2_ws/install/rigidbody_msgs/include/rigidbody_msgs/rigidbody_msgs/msg/rigid_body.hpp
[5.515s] -- Up-to-date: /home/ubuntu/optiAstaRos2_ws/install/rigidbody_msgs/include/rigidbody_msgs/rigidbody_msgs/msg/robot_cmd.hpp
[5.516s] -- Up-to-date: /home/ubuntu/optiAstaRos2_ws/install/rigidbody_msgs/include/rigidbody_msgs/rigidbody_msgs/msg/detail
[5.523s] -- Up-to-date: /home/ubuntu/optiAstaRos2_ws/install/rigidbody_msgs/include/rigidbody_msgs/rigidbody_msgs/msg/detail/rigid_body__traits.hpp
[5.524s] -- Up-to-date: /home/ubuntu/optiAstaRos2_ws/install/rigidbody_msgs/include/rigidbody_msgs/rigidbody_msgs/msg/detail/robot_cmd__traits.hpp
[5.525s] -- Up-to-date: /home/ubuntu/optiAstaRos2_ws/install/rigidbody_msgs/include/rigidbody_msgs/rigidbody_msgs/msg/detail/robot_cmd__struct.hpp
[5.525s] -- Up-to-date: /home/ubuntu/optiAstaRos2_ws/install/rigidbody_msgs/include/rigidbody_msgs/rigidbody_msgs/msg/detail/rigid_body__builder.hpp
[5.526s] -- Up-to-date: /home/ubuntu/optiAstaRos2_ws/install/rigidbody_msgs/include/rigidbody_msgs/rigidbody_msgs/msg/detail/robot_cmd__builder.hpp
[5.537s] -- Up-to-date: /home/ubuntu/optiAstaRos2_ws/install/rigidbody_msgs/include/rigidbody_msgs/rigidbody_msgs/msg/detail/rigid_body__struct.hpp
[5.540s] -- Up-to-date: /home/ubuntu/optiAstaRos2_ws/install/rigidbody_msgs/include/rigidbody_msgs/rigidbody_msgs
[5.541s] -- Up-to-date: /home/ubuntu/optiAstaRos2_ws/install/rigidbody_msgs/include/rigidbody_msgs/rigidbody_msgs/msg
[5.541s] -- Up-to-date: /home/ubuntu/optiAstaRos2_ws/install/rigidbody_msgs/include/rigidbody_msgs/rigidbody_msgs/msg/rosidl_typesupport_fastrtps_cpp__visibility_control.h
[5.542s] -- Up-to-date: /home/ubuntu/optiAstaRos2_ws/install/rigidbody_msgs/include/rigidbody_msgs/rigidbody_msgs/msg/detail
[5.542s] -- Up-to-date: /home/ubuntu/optiAstaRos2_ws/install/rigidbody_msgs/include/rigidbody_msgs/rigidbody_msgs/msg/detail/rigid_body__rosidl_typesupport_fastrtps_cpp.hpp
[5.553s] -- Up-to-date: /home/ubuntu/optiAstaRos2_ws/install/rigidbody_msgs/include/rigidbody_msgs/rigidbody_msgs/msg/detail/robot_cmd__rosidl_typesupport_fastrtps_cpp.hpp
[5.554s] -- Up-to-date: /home/ubuntu/optiAstaRos2_ws/install/rigidbody_msgs/include/rigidbody_msgs/rigidbody_msgs/msg/detail/dds_fastrtps
[5.555s] -- Up-to-date: /home/ubuntu/optiAstaRos2_ws/install/rigidbody_msgs/lib/librigidbody_msgs__rosidl_typesupport_fastrtps_cpp.so
[5.556s] -- Up-to-date: /home/ubuntu/optiAstaRos2_ws/install/rigidbody_msgs/include/rigidbody_msgs/rigidbody_msgs
[5.556s] -- Up-to-date: /home/ubuntu/optiAstaRos2_ws/install/rigidbody_msgs/include/rigidbody_msgs/rigidbody_msgs/msg
[5.557s] -- Up-to-date: /home/ubuntu/optiAstaRos2_ws/install/rigidbody_msgs/include/rigidbody_msgs/rigidbody_msgs/msg/rosidl_typesupport_introspection_c__visibility_control.h
[5.570s] -- Up-to-date: /home/ubuntu/optiAstaRos2_ws/install/rigidbody_msgs/include/rigidbody_msgs/rigidbody_msgs/msg/detail
[5.570s] -- Up-to-date: /home/ubuntu/optiAstaRos2_ws/install/rigidbody_msgs/include/rigidbody_msgs/rigidbody_msgs/msg/detail/robot_cmd__rosidl_typesupport_introspection_c.h
[5.571s] -- Up-to-date: /home/ubuntu/optiAstaRos2_ws/install/rigidbody_msgs/include/rigidbody_msgs/rigidbody_msgs/msg/detail/rigid_body__rosidl_typesupport_introspection_c.h
[5.575s] -- Up-to-date: /home/ubuntu/optiAstaRos2_ws/install/rigidbody_msgs/include/rigidbody_msgs/rigidbody_msgs/msg/detail/robot_cmd__type_support.c
[5.576s] -- Up-to-date: /home/ubuntu/optiAstaRos2_ws/install/rigidbody_msgs/include/rigidbody_msgs/rigidbody_msgs/msg/detail/rigid_body__type_support.c
[5.576s] -- Up-to-date: /home/ubuntu/optiAstaRos2_ws/install/rigidbody_msgs/lib/librigidbody_msgs__rosidl_typesupport_introspection_c.so
[5.577s] -- Up-to-date: /home/ubuntu/optiAstaRos2_ws/install/rigidbody_msgs/lib/librigidbody_msgs__rosidl_typesupport_c.so
[5.577s] -- Up-to-date: /home/ubuntu/optiAstaRos2_ws/install/rigidbody_msgs/include/rigidbody_msgs/rigidbody_msgs
[5.578s] -- Up-to-date: /home/ubuntu/optiAstaRos2_ws/install/rigidbody_msgs/include/rigidbody_msgs/rigidbody_msgs/msg
[5.579s] -- Up-to-date: /home/ubuntu/optiAstaRos2_ws/install/rigidbody_msgs/include/rigidbody_msgs/rigidbody_msgs/msg/detail
[5.581s] -- Up-to-date: /home/ubuntu/optiAstaRos2_ws/install/rigidbody_msgs/include/rigidbody_msgs/rigidbody_msgs/msg/detail/robot_cmd__type_support.cpp
[5.581s] -- Up-to-date: /home/ubuntu/optiAstaRos2_ws/install/rigidbody_msgs/include/rigidbody_msgs/rigidbody_msgs/msg/detail/rigid_body__rosidl_typesupport_introspection_cpp.hpp
[5.582s] -- Up-to-date: /home/ubuntu/optiAstaRos2_ws/install/rigidbody_msgs/include/rigidbody_msgs/rigidbody_msgs/msg/detail/robot_cmd__rosidl_typesupport_introspection_cpp.hpp
[5.582s] -- Up-to-date: /home/ubuntu/optiAstaRos2_ws/install/rigidbody_msgs/include/rigidbody_msgs/rigidbody_msgs/msg/detail/rigid_body__type_support.cpp
[5.583s] -- Up-to-date: /home/ubuntu/optiAstaRos2_ws/install/rigidbody_msgs/lib/librigidbody_msgs__rosidl_typesupport_introspection_cpp.so
[5.583s] -- Up-to-date: /home/ubuntu/optiAstaRos2_ws/install/rigidbody_msgs/lib/librigidbody_msgs__rosidl_typesupport_cpp.so
[5.583s] -- Up-to-date: /home/ubuntu/optiAstaRos2_ws/install/rigidbody_msgs/share/rigidbody_msgs/environment/pythonpath.sh
[5.584s] -- Up-to-date: /home/ubuntu/optiAstaRos2_ws/install/rigidbody_msgs/share/rigidbody_msgs/environment/pythonpath.dsv
[5.586s] -- Up-to-date: /home/ubuntu/optiAstaRos2_ws/install/rigidbody_msgs/local/lib/python3.10/dist-packages/rigidbody_msgs-0.0.0-py3.10.egg-info
[5.586s] -- Installing: /home/ubuntu/optiAstaRos2_ws/install/rigidbody_msgs/local/lib/python3.10/dist-packages/rigidbody_msgs-0.0.0-py3.10.egg-info/PKG-INFO
[5.587s] -- Installing: /home/ubuntu/optiAstaRos2_ws/install/rigidbody_msgs/local/lib/python3.10/dist-packages/rigidbody_msgs-0.0.0-py3.10.egg-info/top_level.txt
[5.588s] -- Installing: /home/ubuntu/optiAstaRos2_ws/install/rigidbody_msgs/local/lib/python3.10/dist-packages/rigidbody_msgs-0.0.0-py3.10.egg-info/SOURCES.txt
[5.588s] -- Installing: /home/ubuntu/optiAstaRos2_ws/install/rigidbody_msgs/local/lib/python3.10/dist-packages/rigidbody_msgs-0.0.0-py3.10.egg-info/dependency_links.txt
[5.589s] -- Up-to-date: /home/ubuntu/optiAstaRos2_ws/install/rigidbody_msgs/local/lib/python3.10/dist-packages/rigidbody_msgs
[5.590s] -- Up-to-date: /home/ubuntu/optiAstaRos2_ws/install/rigidbody_msgs/local/lib/python3.10/dist-packages/rigidbody_msgs/_rigidbody_msgs_s.ep.rosidl_typesupport_fastrtps_c.c
[5.592s] -- Up-to-date: /home/ubuntu/optiAstaRos2_ws/install/rigidbody_msgs/local/lib/python3.10/dist-packages/rigidbody_msgs/_rigidbody_msgs_s.ep.rosidl_typesupport_introspection_c.c
[5.592s] -- Up-to-date: /home/ubuntu/optiAstaRos2_ws/install/rigidbody_msgs/local/lib/python3.10/dist-packages/rigidbody_msgs/rigidbody_msgs_s__rosidl_typesupport_fastrtps_c.cpython-310-aarch64-linux-gnu.so
[5.593s] -- Up-to-date: /home/ubuntu/optiAstaRos2_ws/install/rigidbody_msgs/local/lib/python3.10/dist-packages/rigidbody_msgs/msg
[5.593s] -- Up-to-date: /home/ubuntu/optiAstaRos2_ws/install/rigidbody_msgs/local/lib/python3.10/dist-packages/rigidbody_msgs/msg/_robot_cmd_s.c
[5.594s] -- Up-to-date: /home/ubuntu/optiAstaRos2_ws/install/rigidbody_msgs/local/lib/python3.10/dist-packages/rigidbody_msgs/msg/_rigid_body_s.c
[5.594s] -- Up-to-date: /home/ubuntu/optiAstaRos2_ws/install/rigidbody_msgs/local/lib/python3.10/dist-packages/rigidbody_msgs/msg/_robot_cmd.py
[5.595s] -- Up-to-date: /home/ubuntu/optiAstaRos2_ws/install/rigidbody_msgs/local/lib/python3.10/dist-packages/rigidbody_msgs/msg/_rigid_body.py
[5.597s] -- Up-to-date: /home/ubuntu/optiAstaRos2_ws/install/rigidbody_msgs/local/lib/python3.10/dist-packages/rigidbody_msgs/msg/__init__.py
[5.597s] -- Up-to-date: /home/ubuntu/optiAstaRos2_ws/install/rigidbody_msgs/local/lib/python3.10/dist-packages/rigidbody_msgs/_rigidbody_msgs_s.ep.rosidl_typesupport_c.c
[5.598s] -- Up-to-date: /home/ubuntu/optiAstaRos2_ws/install/rigidbody_msgs/local/lib/python3.10/dist-packages/rigidbody_msgs/librigidbody_msgs__rosidl_generator_py.so
[5.599s] -- Up-to-date: /home/ubuntu/optiAstaRos2_ws/install/rigidbody_msgs/local/lib/python3.10/dist-packages/rigidbody_msgs/__init__.py
[5.599s] -- Up-to-date: /home/ubuntu/optiAstaRos2_ws/install/rigidbody_msgs/local/lib/python3.10/dist-packages/rigidbody_msgs/rigidbody_msgs_s__rosidl_typesupport_introspection_c.cpython-310-aarch64-linux-gnu.so
[5.600s] -- Up-to-date: /home/ubuntu/optiAstaRos2_ws/install/rigidbody_msgs/local/lib/python3.10/dist-packages/rigidbody_msgs/rigidbody_msgs_s__rosidl_typesupport_c.cpython-310-aarch64-linux-gnu.so
[5.799s] Listing '/home/ubuntu/optiAstaRos2_ws/install/rigidbody_msgs/local/lib/python3.10/dist-packages/rigidbody_msgs'...
[5.801s] Listing '/home/ubuntu/optiAstaRos2_ws/install/rigidbody_msgs/local/lib/python3.10/dist-packages/rigidbody_msgs/msg'...
[5.842s] -- Up-to-date: /home/ubuntu/optiAstaRos2_ws/install/rigidbody_msgs/local/lib/python3.10/dist-packages/rigidbody_msgs/rigidbody_msgs_s__rosidl_typesupport_fastrtps_c.cpython-310-aarch64-linux-gnu.so
[5.845s] -- Up-to-date: /home/ubuntu/optiAstaRos2_ws/install/rigidbody_msgs/local/lib/python3.10/dist-packages/rigidbody_msgs/rigidbody_msgs_s__rosidl_typesupport_introspection_c.cpython-310-aarch64-linux-gnu.so
[5.848s] -- Up-to-date: /home/ubuntu/optiAstaRos2_ws/install/rigidbody_msgs/local/lib/python3.10/dist-packages/rigidbody_msgs/rigidbody_msgs_s__rosidl_typesupport_c.cpython-310-aarch64-linux-gnu.so
[5.850s] -- Up-to-date: /home/ubuntu/optiAstaRos2_ws/install/rigidbody_msgs/lib/librigidbody_msgs__rosidl_generator_py.so
[5.852s] -- Up-to-date: /home/ubuntu/optiAstaRos2_ws/install/rigidbody_msgs/share/rigidbody_msgs/msg/RigidBody.idl
[5.854s] -- Up-to-date: /home/ubuntu/optiAstaRos2_ws/install/rigidbody_msgs/share/rigidbody_msgs/msg/RobotCmd.idl
[5.855s] -- Up-to-date: /home/ubuntu/optiAstaRos2_ws/install/rigidbody_msgs/share/rigidbody_msgs/msg/RigidBody.msg
[5.856s] -- Up-to-date: /home/ubuntu/optiAstaRos2_ws/install/rigidbody_msgs/share/rigidbody_msgs/msg/RobotCmd.msg
[5.857s] -- Up-to-date: /home/ubuntu/optiAstaRos2_ws/install/rigidbody_msgs/share/ament_index/resource_index/package_run_dependencies/rigidbody_msgs
[5.859s] -- Up-to-date: /home/ubuntu/optiAstaRos2_ws/install/rigidbody_msgs/share/ament_index/resource_index/parent_prefix_path/rigidbody_msgs
[5.859s] -- Up-to-date: /home/ubuntu/optiAstaRos2_ws/install/rigidbody_msgs/share/rigidbody_msgs/environment/ament_prefix_path.sh
[5.860s] -- Up-to-date: /home/ubuntu/optiAstaRos2_ws/install/rigidbody_msgs/share/rigidbody_msgs/environment/ament_prefix_path.dsv
[5.862s] -- Up-to-date: /home/ubuntu/optiAstaRos2_ws/install/rigidbody_msgs/share/rigidbody_msgs/environment/path.sh
[5.865s] -- Up-to-date: /home/ubuntu/optiAstaRos2_ws/install/rigidbody_msgs/share/rigidbody_msgs/environment/path.dsv
[5.867s] -- Up-to-date: /home/ubuntu/optiAstaRos2_ws/install/rigidbody_msgs/share/rigidbody_msgs/local_setup.bash
[5.869s] -- Up-to-date: /home/ubuntu/optiAstaRos2_ws/install/rigidbody_msgs/share/rigidbody_msgs/local_setup.sh
[5.872s] -- Up-to-date: /home/ubuntu/optiAstaRos2_ws/install/rigidbody_msgs/share/rigidbody_msgs/local_setup.zsh
[5.875s] -- Up-to-date: /home/ubuntu/optiAstaRos2_ws/install/rigidbody_msgs/share/rigidbody_msgs/local_setup.dsv
[5.877s] -- Installing: /home/ubuntu/optiAstaRos2_ws/install/rigidbody_msgs/share/rigidbody_msgs/package.dsv
[5.881s] -- Up-to-date: /home/ubuntu/optiAstaRos2_ws/install/rigidbody_msgs/share/ament_index/resource_index/packages/rigidbody_msgs
[5.882s] -- Up-to-date: /home/ubuntu/optiAstaRos2_ws/install/rigidbody_msgs/share/rigidbody_msgs/cmake/export_rigidbody_msgs__rosidl_generator_cExport.cmake
[5.882s] -- Up-to-date: /home/ubuntu/optiAstaRos2_ws/install/rigidbody_msgs/share/rigidbody_msgs/cmake/export_rigidbody_msgs__rosidl_generator_cExport-noconfig.cmake
[5.883s] -- Up-to-date: /home/ubuntu/optiAstaRos2_ws/install/rigidbody_msgs/share/rigidbody_msgs/cmake/export_rigidbody_msgs__rosidl_typesupport_fastrtps_cExport.cmake
[5.890s] -- Up-to-date: /home/ubuntu/optiAstaRos2_ws/install/rigidbody_msgs/share/rigidbody_msgs/cmake/export_rigidbody_msgs__rosidl_typesupport_fastrtps_cExport-noconfig.cmake
[5.891s] -- Up-to-date: /home/ubuntu/optiAstaRos2_ws/install/rigidbody_msgs/share/rigidbody_msgs/cmake/export_rigidbody_msgs__rosidl_generator_cppExport.cmake
[5.891s] -- Up-to-date: /home/ubuntu/optiAstaRos2_ws/install/rigidbody_msgs/share/rigidbody_msgs/cmake/export_rigidbody_msgs__rosidl_typesupport_fastrtps_cppExport.cmake
[5.892s] -- Up-to-date: /home/ubuntu/optiAstaRos2_ws/install/rigidbody_msgs/share/rigidbody_msgs/cmake/export_rigidbody_msgs__rosidl_typesupport_fastrtps_cppExport-noconfig.cmake
[5.892s] -- Up-to-date: /home/ubuntu/optiAstaRos2_ws/install/rigidbody_msgs/share/rigidbody_msgs/cmake/rigidbody_msgs__rosidl_typesupport_introspection_cExport.cmake
[5.893s] -- Up-to-date: /home/ubuntu/optiAstaRos2_ws/install/rigidbody_msgs/share/rigidbody_msgs/cmake/rigidbody_msgs__rosidl_typesupport_introspection_cExport-noconfig.cmake
[5.893s] -- Up-to-date: /home/ubuntu/optiAstaRos2_ws/install/rigidbody_msgs/share/rigidbody_msgs/cmake/rigidbody_msgs__rosidl_typesupport_cExport.cmake
[5.894s] -- Up-to-date: /home/ubuntu/optiAstaRos2_ws/install/rigidbody_msgs/share/rigidbody_msgs/cmake/rigidbody_msgs__rosidl_typesupport_cExport-noconfig.cmake
[5.894s] -- Up-to-date: /home/ubuntu/optiAstaRos2_ws/install/rigidbody_msgs/share/rigidbody_msgs/cmake/rigidbody_msgs__rosidl_typesupport_introspection_cppExport.cmake
[5.895s] -- Up-to-date: /home/ubuntu/optiAstaRos2_ws/install/rigidbody_msgs/share/rigidbody_msgs/cmake/rigidbody_msgs__rosidl_typesupport_introspection_cppExport-noconfig.cmake
[5.895s] -- Up-to-date: /home/ubuntu/optiAstaRos2_ws/install/rigidbody_msgs/share/rigidbody_msgs/cmake/rigidbody_msgs__rosidl_typesupport_cppExport.cmake
[5.895s] -- Up-to-date: /home/ubuntu/optiAstaRos2_ws/install/rigidbody_msgs/share/rigidbody_msgs/cmake/rigidbody_msgs__rosidl_typesupport_cppExport-noconfig.cmake
[5.896s] -- Up-to-date: /home/ubuntu/optiAstaRos2_ws/install/rigidbody_msgs/share/rigidbody_msgs/cmake/export_rigidbody_msgs__rosidl_generator_pyExport.cmake
[5.897s] -- Up-to-date: /home/ubuntu/optiAstaRos2_ws/install/rigidbody_msgs/share/rigidbody_msgs/cmake/export_rigidbody_msgs__rosidl_generator_pyExport-noconfig.cmake
[5.897s] -- Up-to-date: /home/ubuntu/optiAstaRos2_ws/install/rigidbody_msgs/share/rigidbody_msgs/cmake/rosidl_cmake-extras.cmake
[5.898s] -- Up-to-date: /home/ubuntu/optiAstaRos2_ws/install/rigidbody_msgs/share/rigidbody_msgs/cmake/ament_cmake_export_dependencies-extras.cmake
[5.898s] -- Up-to-date: /home/ubuntu/optiAstaRos2_ws/install/rigidbody_msgs/share/rigidbody_msgs/cmake/ament_cmake_export_include_directories-extras.cmake
[5.899s] -- Up-to-date: /home/ubuntu/optiAstaRos2_ws/install/rigidbody_msgs/share/rigidbody_msgs/cmake/ament_cmake_export_libraries-extras.cmake
[5.900s] -- Up-to-date: /home/ubuntu/optiAstaRos2_ws/install/rigidbody_msgs/share/rigidbody_msgs/cmake/ament_cmake_export_targets-extras.cmake
[5.900s] -- Up-to-date: /home/ubuntu/optiAstaRos2_ws/install/rigidbody_msgs/share/rigidbody_msgs/cmake/rosidl_cmake_export_typesupport_targets-extras.cmake
[5.901s] -- Up-to-date: /home/ubuntu/optiAstaRos2_ws/install/rigidbody_msgs/share/rigidbody_msgs/cmake/rosidl_cmake_export_typesupport_libraries-extras.cmake
[5.901s] -- Up-to-date: /home/ubuntu/optiAstaRos2_ws/install/rigidbody_msgs/share/rigidbody_msgs/cmake/rigidbody_msgsConfig.cmake
[5.913s] -- Up-to-date: /home/ubuntu/optiAstaRos2_ws/install/rigidbody_msgs/share/rigidbody_msgs/cmake/rigidbody_msgsConfig-version.cmake
[5.937s] -- Up-to-date: /home/ubuntu/optiAstaRos2_ws/install/rigidbody_msgs/share/rigidbody_msgs/package.xml
[5.938s] Invoked command in '/home/ubuntu/optiAstaRos2_ws/build/rigidbody_msgs' returned '0': CMAKE_PREFIX_PATH=${CMAKE_PREFIX_PATH}:/home/ubuntu/optiAstaRos2_ws/install/optiastaros2:/opt/ros/humble /usr/bin/cmake --install /home/ubuntu/optiAstaRos2_ws/build/rigidbody_msgs
