[1.899s] [34mcolcon[0m [1;30mDEBUG[0m [32mCommand line arguments: ['/usr/bin/colcon', 'build'][0m
[1.900s] [34mcolcon[0m [1;30mDEBUG[0m [32mParsed command line arguments: Namespace(log_base=None, log_level=None, verb_name='build', build_base='build', install_base='install', merge_install=False, symlink_install=False, test_result_base=None, continue_on_error=False, executor='parallel', parallel_workers=4, event_handlers=None, ignore_user_meta=False, metas=['./colcon.meta'], base_paths=['.'], packages_ignore=None, packages_ignore_regex=None, paths=None, packages_up_to=None, packages_up_to_regex=None, packages_above=None, packages_above_and_dependencies=None, packages_above_depth=None, packages_select_by_dep=None, packages_skip_by_dep=None, packages_skip_up_to=None, packages_select_build_failed=False, packages_skip_build_finished=False, packages_select_test_failures=False, packages_skip_test_passed=False, packages_select=None, packages_skip=None, packages_select_regex=None, packages_skip_regex=None, packages_start=None, packages_end=None, allow_overriding=[], cmake_args=None, cmake_target=None, cmake_target_skip_unavailable=False, cmake_clean_cache=False, cmake_clean_first=False, cmake_force_configure=False, ament_cmake_args=None, catkin_cmake_args=None, catkin_skip_building_tests=False, verb_parser=<colcon_defaults.argument_parser.defaults.DefaultArgumentsDecorator object at 0xffffb4881420>, verb_extension=<colcon_core.verb.build.BuildVerb object at 0xffffb52dfac0>, main=<bound method BuildVerb.main of <colcon_core.verb.build.BuildVerb object at 0xffffb52dfac0>>)[0m
[2.026s] [34mcolcon.colcon_core.package_discovery[0m [1;30mLevel 1[0m discover_packages(colcon_meta) check parameters
[2.026s] [34mcolcon.colcon_core.package_discovery[0m [1;30mLevel 1[0m discover_packages(recursive) check parameters
[2.026s] [34mcolcon.colcon_core.package_discovery[0m [1;30mLevel 1[0m discover_packages(ignore) check parameters
[2.027s] [34mcolcon.colcon_core.package_discovery[0m [1;30mLevel 1[0m discover_packages(path) check parameters
[2.027s] [34mcolcon.colcon_core.package_discovery[0m [1;30mLevel 1[0m discover_packages(colcon_meta) discover
[2.067s] [34mcolcon.colcon_core.package_discovery[0m [1;30mLevel 1[0m discover_packages(recursive) discover
[2.077s] [34mcolcon.colcon_core.package_discovery[0m [1;30mINFO[0m Crawling recursively for packages in '/home/ubuntu/optiAstaRos2_ws'
[2.078s] [34mcolcon.colcon_core.package_identification[0m [1;30mLevel 1[0m _identify(.) by extensions ['ignore', 'ignore_ament_install']
[2.079s] [34mcolcon.colcon_core.package_identification[0m [1;30mLevel 1[0m _identify(.) by extension 'ignore'
[2.079s] [34mcolcon.colcon_core.package_identification[0m [1;30mLevel 1[0m _identify(.) by extension 'ignore_ament_install'
[2.080s] [34mcolcon.colcon_core.package_identification[0m [1;30mLevel 1[0m _identify(.) by extensions ['colcon_pkg']
[2.080s] [34mcolcon.colcon_core.package_identification[0m [1;30mLevel 1[0m _identify(.) by extension 'colcon_pkg'
[2.080s] [34mcolcon.colcon_core.package_identification[0m [1;30mLevel 1[0m _identify(.) by extensions ['colcon_meta']
[2.081s] [34mcolcon.colcon_core.package_identification[0m [1;30mLevel 1[0m _identify(.) by extension 'colcon_meta'
[2.081s] [34mcolcon.colcon_core.package_identification[0m [1;30mLevel 1[0m _identify(.) by extensions ['ros']
[2.081s] [34mcolcon.colcon_core.package_identification[0m [1;30mLevel 1[0m _identify(.) by extension 'ros'
[2.135s] [34mcolcon.colcon_core.package_identification[0m [1;30mLevel 1[0m _identify(.) by extensions ['cmake', 'python']
[2.135s] [34mcolcon.colcon_core.package_identification[0m [1;30mLevel 1[0m _identify(.) by extension 'cmake'
[2.136s] [34mcolcon.colcon_core.package_identification[0m [1;30mLevel 1[0m _identify(.) by extension 'python'
[2.136s] [34mcolcon.colcon_core.package_identification[0m [1;30mLevel 1[0m _identify(.) by extensions ['python_setup_py']
[2.136s] [34mcolcon.colcon_core.package_identification[0m [1;30mLevel 1[0m _identify(.) by extension 'python_setup_py'
[2.137s] [34mcolcon.colcon_core.package_identification[0m [1;30mLevel 1[0m _identify(build) by extensions ['ignore', 'ignore_ament_install']
[2.138s] [34mcolcon.colcon_core.package_identification[0m [1;30mLevel 1[0m _identify(build) by extension 'ignore'
[2.138s] [34mcolcon.colcon_core.package_identification[0m [1;30mLevel 1[0m _identify(build) ignored
[2.139s] [34mcolcon.colcon_core.package_identification[0m [1;30mLevel 1[0m _identify(install) by extensions ['ignore', 'ignore_ament_install']
[2.139s] [34mcolcon.colcon_core.package_identification[0m [1;30mLevel 1[0m _identify(install) by extension 'ignore'
[2.139s] [34mcolcon.colcon_core.package_identification[0m [1;30mLevel 1[0m _identify(install) ignored
[2.141s] [34mcolcon.colcon_core.package_identification[0m [1;30mLevel 1[0m _identify(log) by extensions ['ignore', 'ignore_ament_install']
[2.141s] [34mcolcon.colcon_core.package_identification[0m [1;30mLevel 1[0m _identify(log) by extension 'ignore'
[2.142s] [34mcolcon.colcon_core.package_identification[0m [1;30mLevel 1[0m _identify(log) ignored
[2.142s] [34mcolcon.colcon_core.package_identification[0m [1;30mLevel 1[0m _identify(src) by extensions ['ignore', 'ignore_ament_install']
[2.143s] [34mcolcon.colcon_core.package_identification[0m [1;30mLevel 1[0m _identify(src) by extension 'ignore'
[2.143s] [34mcolcon.colcon_core.package_identification[0m [1;30mLevel 1[0m _identify(src) by extension 'ignore_ament_install'
[2.143s] [34mcolcon.colcon_core.package_identification[0m [1;30mLevel 1[0m _identify(src) by extensions ['colcon_pkg']
[2.144s] [34mcolcon.colcon_core.package_identification[0m [1;30mLevel 1[0m _identify(src) by extension 'colcon_pkg'
[2.144s] [34mcolcon.colcon_core.package_identification[0m [1;30mLevel 1[0m _identify(src) by extensions ['colcon_meta']
[2.144s] [34mcolcon.colcon_core.package_identification[0m [1;30mLevel 1[0m _identify(src) by extension 'colcon_meta'
[2.144s] [34mcolcon.colcon_core.package_identification[0m [1;30mLevel 1[0m _identify(src) by extensions ['ros']
[2.144s] [34mcolcon.colcon_core.package_identification[0m [1;30mLevel 1[0m _identify(src) by extension 'ros'
[2.145s] [34mcolcon.colcon_core.package_identification[0m [1;30mLevel 1[0m _identify(src) by extensions ['cmake', 'python']
[2.145s] [34mcolcon.colcon_core.package_identification[0m [1;30mLevel 1[0m _identify(src) by extension 'cmake'
[2.145s] [34mcolcon.colcon_core.package_identification[0m [1;30mLevel 1[0m _identify(src) by extension 'python'
[2.145s] [34mcolcon.colcon_core.package_identification[0m [1;30mLevel 1[0m _identify(src) by extensions ['python_setup_py']
[2.146s] [34mcolcon.colcon_core.package_identification[0m [1;30mLevel 1[0m _identify(src) by extension 'python_setup_py'
[2.146s] [34mcolcon.colcon_core.package_identification[0m [1;30mLevel 1[0m _identify(src/optiastaros2) by extensions ['ignore', 'ignore_ament_install']
[2.147s] [34mcolcon.colcon_core.package_identification[0m [1;30mLevel 1[0m _identify(src/optiastaros2) by extension 'ignore'
[2.147s] [34mcolcon.colcon_core.package_identification[0m [1;30mLevel 1[0m _identify(src/optiastaros2) by extension 'ignore_ament_install'
[2.147s] [34mcolcon.colcon_core.package_identification[0m [1;30mLevel 1[0m _identify(src/optiastaros2) by extensions ['colcon_pkg']
[2.148s] [34mcolcon.colcon_core.package_identification[0m [1;30mLevel 1[0m _identify(src/optiastaros2) by extension 'colcon_pkg'
[2.148s] [34mcolcon.colcon_core.package_identification[0m [1;30mLevel 1[0m _identify(src/optiastaros2) by extensions ['colcon_meta']
[2.148s] [34mcolcon.colcon_core.package_identification[0m [1;30mLevel 1[0m _identify(src/optiastaros2) by extension 'colcon_meta'
[2.148s] [34mcolcon.colcon_core.package_identification[0m [1;30mLevel 1[0m _identify(src/optiastaros2) by extensions ['ros']
[2.149s] [34mcolcon.colcon_core.package_identification[0m [1;30mLevel 1[0m _identify(src/optiastaros2) by extension 'ros'
[2.160s] [34mcolcon.colcon_core.package_identification[0m [1;30mDEBUG[0m [32mPackage 'src/optiastaros2' with type 'ros.ament_python' and name 'optiastaros2'[0m
[2.161s] [34mcolcon.colcon_core.package_identification[0m [1;30mLevel 1[0m _identify(src/rigidbody_msgs) by extensions ['ignore', 'ignore_ament_install']
[2.162s] [34mcolcon.colcon_core.package_identification[0m [1;30mLevel 1[0m _identify(src/rigidbody_msgs) by extension 'ignore'
[2.162s] [34mcolcon.colcon_core.package_identification[0m [1;30mLevel 1[0m _identify(src/rigidbody_msgs) by extension 'ignore_ament_install'
[2.162s] [34mcolcon.colcon_core.package_identification[0m [1;30mLevel 1[0m _identify(src/rigidbody_msgs) by extensions ['colcon_pkg']
[2.163s] [34mcolcon.colcon_core.package_identification[0m [1;30mLevel 1[0m _identify(src/rigidbody_msgs) by extension 'colcon_pkg'
[2.163s] [34mcolcon.colcon_core.package_identification[0m [1;30mLevel 1[0m _identify(src/rigidbody_msgs) by extensions ['colcon_meta']
[2.163s] [34mcolcon.colcon_core.package_identification[0m [1;30mLevel 1[0m _identify(src/rigidbody_msgs) by extension 'colcon_meta'
[2.164s] [34mcolcon.colcon_core.package_identification[0m [1;30mLevel 1[0m _identify(src/rigidbody_msgs) by extensions ['ros']
[2.164s] [34mcolcon.colcon_core.package_identification[0m [1;30mLevel 1[0m _identify(src/rigidbody_msgs) by extension 'ros'
[2.167s] [34mcolcon.colcon_core.package_identification[0m [1;30mDEBUG[0m [32mPackage 'src/rigidbody_msgs' with type 'ros.ament_cmake' and name 'rigidbody_msgs'[0m
[2.167s] [34mcolcon.colcon_core.package_discovery[0m [1;30mLevel 1[0m discover_packages(recursive) using defaults
[2.167s] [34mcolcon.colcon_core.package_discovery[0m [1;30mLevel 1[0m discover_packages(ignore) discover
[2.167s] [34mcolcon.colcon_core.package_discovery[0m [1;30mLevel 1[0m discover_packages(ignore) using defaults
[2.168s] [34mcolcon.colcon_core.package_discovery[0m [1;30mLevel 1[0m discover_packages(path) discover
[2.168s] [34mcolcon.colcon_core.package_discovery[0m [1;30mLevel 1[0m discover_packages(path) using defaults
[2.261s] [34mcolcon.colcon_core.package_discovery[0m [1;30mLevel 1[0m discover_packages(prefix_path) check parameters
[2.261s] [34mcolcon.colcon_core.package_discovery[0m [1;30mLevel 1[0m discover_packages(prefix_path) discover
[2.276s] [34mcolcon.colcon_installed_package_information.package_discovery[0m [1;30mDEBUG[0m [32mFound 3 installed packages in /home/ubuntu/optiAstaRos2_ws/install[0m
[2.288s] [34mcolcon.colcon_installed_package_information.package_discovery[0m [1;30mDEBUG[0m [32mFound 270 installed packages in /opt/ros/humble[0m
[2.295s] [34mcolcon.colcon_core.package_discovery[0m [1;30mLevel 1[0m discover_packages(prefix_path) using defaults
[2.630s] [34mcolcon.colcon_core.verb[0m [1;30mLevel 5[0m set package 'rigidbody_msgs' build argument 'cmake_args' from command line to 'None'
[2.630s] [34mcolcon.colcon_core.verb[0m [1;30mLevel 5[0m set package 'rigidbody_msgs' build argument 'cmake_target' from command line to 'None'
[2.630s] [34mcolcon.colcon_core.verb[0m [1;30mLevel 5[0m set package 'rigidbody_msgs' build argument 'cmake_target_skip_unavailable' from command line to 'False'
[2.630s] [34mcolcon.colcon_core.verb[0m [1;30mLevel 5[0m set package 'rigidbody_msgs' build argument 'cmake_clean_cache' from command line to 'False'
[2.630s] [34mcolcon.colcon_core.verb[0m [1;30mLevel 5[0m set package 'rigidbody_msgs' build argument 'cmake_clean_first' from command line to 'False'
[2.631s] [34mcolcon.colcon_core.verb[0m [1;30mLevel 5[0m set package 'rigidbody_msgs' build argument 'cmake_force_configure' from command line to 'False'
[2.631s] [34mcolcon.colcon_core.verb[0m [1;30mLevel 5[0m set package 'rigidbody_msgs' build argument 'ament_cmake_args' from command line to 'None'
[2.631s] [34mcolcon.colcon_core.verb[0m [1;30mLevel 5[0m set package 'rigidbody_msgs' build argument 'catkin_cmake_args' from command line to 'None'
[2.631s] [34mcolcon.colcon_core.verb[0m [1;30mLevel 5[0m set package 'rigidbody_msgs' build argument 'catkin_skip_building_tests' from command line to 'False'
[2.631s] [34mcolcon.colcon_core.verb[0m [1;30mDEBUG[0m [32mBuilding package 'rigidbody_msgs' with the following arguments: {'ament_cmake_args': None, 'build_base': '/home/ubuntu/optiAstaRos2_ws/build/rigidbody_msgs', 'catkin_cmake_args': None, 'catkin_skip_building_tests': False, 'cmake_args': None, 'cmake_clean_cache': False, 'cmake_clean_first': False, 'cmake_force_configure': False, 'cmake_target': None, 'cmake_target_skip_unavailable': False, 'install_base': '/home/ubuntu/optiAstaRos2_ws/install/rigidbody_msgs', 'merge_install': False, 'path': '/home/ubuntu/optiAstaRos2_ws/src/rigidbody_msgs', 'symlink_install': False, 'test_result_base': None}[0m
[2.636s] [34mcolcon.colcon_core.verb[0m [1;30mLevel 5[0m set package 'optiastaros2' build argument 'cmake_args' from command line to 'None'
[2.636s] [34mcolcon.colcon_core.verb[0m [1;30mLevel 5[0m set package 'optiastaros2' build argument 'cmake_target' from command line to 'None'
[2.636s] [34mcolcon.colcon_core.verb[0m [1;30mLevel 5[0m set package 'optiastaros2' build argument 'cmake_target_skip_unavailable' from command line to 'False'
[2.637s] [34mcolcon.colcon_core.verb[0m [1;30mLevel 5[0m set package 'optiastaros2' build argument 'cmake_clean_cache' from command line to 'False'
[2.637s] [34mcolcon.colcon_core.verb[0m [1;30mLevel 5[0m set package 'optiastaros2' build argument 'cmake_clean_first' from command line to 'False'
[2.637s] [34mcolcon.colcon_core.verb[0m [1;30mLevel 5[0m set package 'optiastaros2' build argument 'cmake_force_configure' from command line to 'False'
[2.637s] [34mcolcon.colcon_core.verb[0m [1;30mLevel 5[0m set package 'optiastaros2' build argument 'ament_cmake_args' from command line to 'None'
[2.637s] [34mcolcon.colcon_core.verb[0m [1;30mLevel 5[0m set package 'optiastaros2' build argument 'catkin_cmake_args' from command line to 'None'
[2.637s] [34mcolcon.colcon_core.verb[0m [1;30mLevel 5[0m set package 'optiastaros2' build argument 'catkin_skip_building_tests' from command line to 'False'
[2.637s] [34mcolcon.colcon_core.verb[0m [1;30mDEBUG[0m [32mBuilding package 'optiastaros2' with the following arguments: {'ament_cmake_args': None, 'build_base': '/home/ubuntu/optiAstaRos2_ws/build/optiastaros2', 'catkin_cmake_args': None, 'catkin_skip_building_tests': False, 'cmake_args': None, 'cmake_clean_cache': False, 'cmake_clean_first': False, 'cmake_force_configure': False, 'cmake_target': None, 'cmake_target_skip_unavailable': False, 'install_base': '/home/ubuntu/optiAstaRos2_ws/install/optiastaros2', 'merge_install': False, 'path': '/home/ubuntu/optiAstaRos2_ws/src/optiastaros2', 'symlink_install': False, 'test_result_base': None}[0m
[2.641s] [34mcolcon.colcon_core.executor[0m [1;30mINFO[0m Executing jobs using 'parallel' executor
[2.658s] [34mcolcon.colcon_parallel_executor.executor.parallel[0m [1;30mDEBUG[0m [32mrun_until_complete[0m
[2.659s] [34mcolcon.colcon_ros.task.ament_cmake.build[0m [1;30mINFO[0m Building ROS package in '/home/ubuntu/optiAstaRos2_ws/src/rigidbody_msgs' with build type 'ament_cmake'
[2.659s] [34mcolcon.colcon_cmake.task.cmake.build[0m [1;30mINFO[0m Building CMake package in '/home/ubuntu/optiAstaRos2_ws/src/rigidbody_msgs'
[2.682s] [34mcolcon.colcon_core.plugin_system[0m [1;30mINFO[0m Skipping extension 'colcon_core.shell.bat': Not used on non-Windows systems
[2.683s] [34mcolcon.colcon_core.shell[0m [1;30mINFO[0m Skip shell extension 'powershell' for command environment: Not usable outside of PowerShell
[2.684s] [34mcolcon.colcon_core.shell[0m [1;30mDEBUG[0m [32mSkip shell extension 'dsv' for command environment[0m
[2.734s] [34mcolcon.colcon_core.event_handler.log_command[0m [1;30mDEBUG[0m [32mInvoking command in '/home/ubuntu/optiAstaRos2_ws/build/rigidbody_msgs': CMAKE_PREFIX_PATH=${CMAKE_PREFIX_PATH}:/home/ubuntu/optiAstaRos2_ws/install/optiastaros2:/opt/ros/humble /usr/bin/cmake --build /home/ubuntu/optiAstaRos2_ws/build/rigidbody_msgs -- -j4 -l4[0m
[6.353s] [34mcolcon.colcon_core.event_handler.log_command[0m [1;30mDEBUG[0m [32mInvoked command in '/home/ubuntu/optiAstaRos2_ws/build/rigidbody_msgs' returned '0': CMAKE_PREFIX_PATH=${CMAKE_PREFIX_PATH}:/home/ubuntu/optiAstaRos2_ws/install/optiastaros2:/opt/ros/humble /usr/bin/cmake --build /home/ubuntu/optiAstaRos2_ws/build/rigidbody_msgs -- -j4 -l4[0m
[7.005s] [34mcolcon.colcon_core.event_handler.log_command[0m [1;30mDEBUG[0m [32mInvoking command in '/home/ubuntu/optiAstaRos2_ws/build/rigidbody_msgs': CMAKE_PREFIX_PATH=${CMAKE_PREFIX_PATH}:/home/ubuntu/optiAstaRos2_ws/install/optiastaros2:/opt/ros/humble /usr/bin/cmake --install /home/ubuntu/optiAstaRos2_ws/build/rigidbody_msgs[0m
[7.374s] [34mcolcon.colcon_core.environment[0m [1;30mLevel 1[0m create_environment_scripts_only(rigidbody_msgs)
[7.387s] [34mcolcon.colcon_core.event_handler.log_command[0m [1;30mDEBUG[0m [32mInvoked command in '/home/ubuntu/optiAstaRos2_ws/build/rigidbody_msgs' returned '0': CMAKE_PREFIX_PATH=${CMAKE_PREFIX_PATH}:/home/ubuntu/optiAstaRos2_ws/install/optiastaros2:/opt/ros/humble /usr/bin/cmake --install /home/ubuntu/optiAstaRos2_ws/build/rigidbody_msgs[0m
[7.401s] [34mcolcon.colcon_core.environment[0m [1;30mLevel 1[0m checking '/home/ubuntu/optiAstaRos2_ws/install/rigidbody_msgs' for CMake module files
[7.406s] [34mcolcon.colcon_core.environment[0m [1;30mLevel 1[0m checking '/home/ubuntu/optiAstaRos2_ws/install/rigidbody_msgs' for CMake config files
[7.408s] [34mcolcon.colcon_core.shell[0m [1;30mLevel 1[0m create_environment_hook('rigidbody_msgs', 'cmake_prefix_path')
[7.414s] [34mcolcon.colcon_core.shell[0m [1;30mINFO[0m Creating environment hook '/home/ubuntu/optiAstaRos2_ws/install/rigidbody_msgs/share/rigidbody_msgs/hook/cmake_prefix_path.ps1'
[7.417s] [34mcolcon.colcon_core.shell[0m [1;30mINFO[0m Creating environment descriptor '/home/ubuntu/optiAstaRos2_ws/install/rigidbody_msgs/share/rigidbody_msgs/hook/cmake_prefix_path.dsv'
[7.419s] [34mcolcon.colcon_core.shell[0m [1;30mINFO[0m Creating environment hook '/home/ubuntu/optiAstaRos2_ws/install/rigidbody_msgs/share/rigidbody_msgs/hook/cmake_prefix_path.sh'
[7.424s] [34mcolcon.colcon_core.environment[0m [1;30mLevel 1[0m checking '/home/ubuntu/optiAstaRos2_ws/install/rigidbody_msgs/lib'
[7.425s] [34mcolcon.colcon_core.shell[0m [1;30mLevel 1[0m create_environment_hook('rigidbody_msgs', 'ld_library_path_lib')
[7.430s] [34mcolcon.colcon_core.shell[0m [1;30mINFO[0m Creating environment hook '/home/ubuntu/optiAstaRos2_ws/install/rigidbody_msgs/share/rigidbody_msgs/hook/ld_library_path_lib.ps1'
[7.433s] [34mcolcon.colcon_core.shell[0m [1;30mINFO[0m Creating environment descriptor '/home/ubuntu/optiAstaRos2_ws/install/rigidbody_msgs/share/rigidbody_msgs/hook/ld_library_path_lib.dsv'
[7.435s] [34mcolcon.colcon_core.shell[0m [1;30mINFO[0m Creating environment hook '/home/ubuntu/optiAstaRos2_ws/install/rigidbody_msgs/share/rigidbody_msgs/hook/ld_library_path_lib.sh'
[7.438s] [34mcolcon.colcon_core.environment[0m [1;30mLevel 1[0m checking '/home/ubuntu/optiAstaRos2_ws/install/rigidbody_msgs/bin'
[7.438s] [34mcolcon.colcon_core.environment[0m [1;30mLevel 1[0m checking '/home/ubuntu/optiAstaRos2_ws/install/rigidbody_msgs/lib/pkgconfig/rigidbody_msgs.pc'
[7.439s] [34mcolcon.colcon_core.environment[0m [1;30mLevel 1[0m checking '/home/ubuntu/optiAstaRos2_ws/install/rigidbody_msgs/lib/python3.10/site-packages'
[7.440s] [34mcolcon.colcon_core.environment[0m [1;30mLevel 1[0m checking '/home/ubuntu/optiAstaRos2_ws/install/rigidbody_msgs/bin'
[7.447s] [34mcolcon.colcon_core.shell[0m [1;30mINFO[0m Creating package script '/home/ubuntu/optiAstaRos2_ws/install/rigidbody_msgs/share/rigidbody_msgs/package.ps1'
[7.451s] [34mcolcon.colcon_core.shell[0m [1;30mINFO[0m Creating package descriptor '/home/ubuntu/optiAstaRos2_ws/install/rigidbody_msgs/share/rigidbody_msgs/package.dsv'
[7.455s] [34mcolcon.colcon_core.shell[0m [1;30mINFO[0m Creating package script '/home/ubuntu/optiAstaRos2_ws/install/rigidbody_msgs/share/rigidbody_msgs/package.sh'
[7.459s] [34mcolcon.colcon_core.shell[0m [1;30mINFO[0m Creating package script '/home/ubuntu/optiAstaRos2_ws/install/rigidbody_msgs/share/rigidbody_msgs/package.bash'
[7.462s] [34mcolcon.colcon_core.shell[0m [1;30mINFO[0m Creating package script '/home/ubuntu/optiAstaRos2_ws/install/rigidbody_msgs/share/rigidbody_msgs/package.zsh'
[7.466s] [34mcolcon.colcon_core.environment[0m [1;30mLevel 1[0m create_file_with_runtime_dependencies(/home/ubuntu/optiAstaRos2_ws/install/rigidbody_msgs/share/colcon-core/packages/rigidbody_msgs)
[8.073s] [34mcolcon.colcon_core.environment[0m [1;30mLevel 1[0m create_environment_scripts_only(rigidbody_msgs)
[8.084s] [34mcolcon.colcon_core.environment[0m [1;30mLevel 1[0m checking '/home/ubuntu/optiAstaRos2_ws/install/rigidbody_msgs' for CMake module files
[8.089s] [34mcolcon.colcon_core.environment[0m [1;30mLevel 1[0m checking '/home/ubuntu/optiAstaRos2_ws/install/rigidbody_msgs' for CMake config files
[8.091s] [34mcolcon.colcon_core.shell[0m [1;30mLevel 1[0m create_environment_hook('rigidbody_msgs', 'cmake_prefix_path')
[8.098s] [34mcolcon.colcon_core.shell[0m [1;30mINFO[0m Creating environment hook '/home/ubuntu/optiAstaRos2_ws/install/rigidbody_msgs/share/rigidbody_msgs/hook/cmake_prefix_path.ps1'
[8.101s] [34mcolcon.colcon_core.shell[0m [1;30mINFO[0m Creating environment descriptor '/home/ubuntu/optiAstaRos2_ws/install/rigidbody_msgs/share/rigidbody_msgs/hook/cmake_prefix_path.dsv'
[8.103s] [34mcolcon.colcon_core.shell[0m [1;30mINFO[0m Creating environment hook '/home/ubuntu/optiAstaRos2_ws/install/rigidbody_msgs/share/rigidbody_msgs/hook/cmake_prefix_path.sh'
[8.107s] [34mcolcon.colcon_core.environment[0m [1;30mLevel 1[0m checking '/home/ubuntu/optiAstaRos2_ws/install/rigidbody_msgs/lib'
[8.107s] [34mcolcon.colcon_core.shell[0m [1;30mLevel 1[0m create_environment_hook('rigidbody_msgs', 'ld_library_path_lib')
[8.113s] [34mcolcon.colcon_core.shell[0m [1;30mINFO[0m Creating environment hook '/home/ubuntu/optiAstaRos2_ws/install/rigidbody_msgs/share/rigidbody_msgs/hook/ld_library_path_lib.ps1'
[8.115s] [34mcolcon.colcon_core.shell[0m [1;30mINFO[0m Creating environment descriptor '/home/ubuntu/optiAstaRos2_ws/install/rigidbody_msgs/share/rigidbody_msgs/hook/ld_library_path_lib.dsv'
[8.117s] [34mcolcon.colcon_core.shell[0m [1;30mINFO[0m Creating environment hook '/home/ubuntu/optiAstaRos2_ws/install/rigidbody_msgs/share/rigidbody_msgs/hook/ld_library_path_lib.sh'
[8.119s] [34mcolcon.colcon_core.environment[0m [1;30mLevel 1[0m checking '/home/ubuntu/optiAstaRos2_ws/install/rigidbody_msgs/bin'
[8.120s] [34mcolcon.colcon_core.environment[0m [1;30mLevel 1[0m checking '/home/ubuntu/optiAstaRos2_ws/install/rigidbody_msgs/lib/pkgconfig/rigidbody_msgs.pc'
[8.121s] [34mcolcon.colcon_core.environment[0m [1;30mLevel 1[0m checking '/home/ubuntu/optiAstaRos2_ws/install/rigidbody_msgs/lib/python3.10/site-packages'
[8.122s] [34mcolcon.colcon_core.environment[0m [1;30mLevel 1[0m checking '/home/ubuntu/optiAstaRos2_ws/install/rigidbody_msgs/bin'
[8.128s] [34mcolcon.colcon_core.shell[0m [1;30mINFO[0m Creating package script '/home/ubuntu/optiAstaRos2_ws/install/rigidbody_msgs/share/rigidbody_msgs/package.ps1'
[8.131s] [34mcolcon.colcon_core.shell[0m [1;30mINFO[0m Creating package descriptor '/home/ubuntu/optiAstaRos2_ws/install/rigidbody_msgs/share/rigidbody_msgs/package.dsv'
[8.134s] [34mcolcon.colcon_core.shell[0m [1;30mINFO[0m Creating package script '/home/ubuntu/optiAstaRos2_ws/install/rigidbody_msgs/share/rigidbody_msgs/package.sh'
[8.137s] [34mcolcon.colcon_core.shell[0m [1;30mINFO[0m Creating package script '/home/ubuntu/optiAstaRos2_ws/install/rigidbody_msgs/share/rigidbody_msgs/package.bash'
[8.139s] [34mcolcon.colcon_core.shell[0m [1;30mINFO[0m Creating package script '/home/ubuntu/optiAstaRos2_ws/install/rigidbody_msgs/share/rigidbody_msgs/package.zsh'
[8.142s] [34mcolcon.colcon_core.environment[0m [1;30mLevel 1[0m create_file_with_runtime_dependencies(/home/ubuntu/optiAstaRos2_ws/install/rigidbody_msgs/share/colcon-core/packages/rigidbody_msgs)
[8.144s] [34mcolcon.colcon_ros.task.ament_python.build[0m [1;30mINFO[0m Building ROS package in '/home/ubuntu/optiAstaRos2_ws/src/optiastaros2' with build type 'ament_python'
[8.145s] [34mcolcon.colcon_core.shell[0m [1;30mLevel 1[0m create_environment_hook('optiastaros2', 'ament_prefix_path')
[8.153s] [34mcolcon.colcon_core.shell[0m [1;30mINFO[0m Creating environment hook '/home/ubuntu/optiAstaRos2_ws/install/optiastaros2/share/optiastaros2/hook/ament_prefix_path.ps1'
[8.155s] [34mcolcon.colcon_core.shell[0m [1;30mINFO[0m Creating environment descriptor '/home/ubuntu/optiAstaRos2_ws/install/optiastaros2/share/optiastaros2/hook/ament_prefix_path.dsv'
[8.158s] [34mcolcon.colcon_core.shell[0m [1;30mINFO[0m Creating environment hook '/home/ubuntu/optiAstaRos2_ws/install/optiastaros2/share/optiastaros2/hook/ament_prefix_path.sh'
[8.167s] [34mcolcon.colcon_core.shell[0m [1;30mINFO[0m Skip shell extension 'powershell' for command environment: Not usable outside of PowerShell
[8.167s] [34mcolcon.colcon_core.shell[0m [1;30mDEBUG[0m [32mSkip shell extension 'dsv' for command environment[0m
[9.677s] [34mcolcon.colcon_core.task.python.build[0m [1;30mINFO[0m Building Python package in '/home/ubuntu/optiAstaRos2_ws/src/optiastaros2'
[9.684s] [34mcolcon.colcon_core.shell[0m [1;30mINFO[0m Skip shell extension 'powershell' for command environment: Not usable outside of PowerShell
[9.684s] [34mcolcon.colcon_core.shell[0m [1;30mDEBUG[0m [32mSkip shell extension 'dsv' for command environment[0m
[11.564s] [34mcolcon.colcon_core.event_handler.log_command[0m [1;30mDEBUG[0m [32mInvoking command in '/home/ubuntu/optiAstaRos2_ws/src/optiastaros2': PYTHONPATH=/home/ubuntu/optiAstaRos2_ws/build/optiastaros2/prefix_override:/home/ubuntu/optiAstaRos2_ws/install/optiastaros2/lib/python3.10/site-packages:${PYTHONPATH} /usr/bin/python3 setup.py egg_info --egg-base ../../build/optiastaros2 build --build-base /home/ubuntu/optiAstaRos2_ws/build/optiastaros2/build install --record /home/ubuntu/optiAstaRos2_ws/build/optiastaros2/install.log --single-version-externally-managed[0m
[13.278s] [34mcolcon.colcon_core.environment[0m [1;30mLevel 1[0m checking '/home/ubuntu/optiAstaRos2_ws/install/optiastaros2' for CMake module files
[13.281s] [34mcolcon.colcon_core.environment[0m [1;30mLevel 1[0m checking '/home/ubuntu/optiAstaRos2_ws/install/optiastaros2' for CMake config files
[13.285s] [34mcolcon.colcon_core.event_handler.log_command[0m [1;30mDEBUG[0m [32mInvoked command in '/home/ubuntu/optiAstaRos2_ws/src/optiastaros2' returned '0': PYTHONPATH=/home/ubuntu/optiAstaRos2_ws/build/optiastaros2/prefix_override:/home/ubuntu/optiAstaRos2_ws/install/optiastaros2/lib/python3.10/site-packages:${PYTHONPATH} /usr/bin/python3 setup.py egg_info --egg-base ../../build/optiastaros2 build --build-base /home/ubuntu/optiAstaRos2_ws/build/optiastaros2/build install --record /home/ubuntu/optiAstaRos2_ws/build/optiastaros2/install.log --single-version-externally-managed[0m
[13.288s] [34mcolcon.colcon_core.environment[0m [1;30mLevel 1[0m checking '/home/ubuntu/optiAstaRos2_ws/install/optiastaros2/lib'
[13.289s] [34mcolcon.colcon_core.environment[0m [1;30mLevel 1[0m checking '/home/ubuntu/optiAstaRos2_ws/install/optiastaros2/bin'
[13.290s] [34mcolcon.colcon_core.environment[0m [1;30mLevel 1[0m checking '/home/ubuntu/optiAstaRos2_ws/install/optiastaros2/lib/pkgconfig/optiastaros2.pc'
[13.291s] [34mcolcon.colcon_core.environment[0m [1;30mLevel 1[0m checking '/home/ubuntu/optiAstaRos2_ws/install/optiastaros2/lib/python3.10/site-packages'
[13.294s] [34mcolcon.colcon_core.shell[0m [1;30mLevel 1[0m create_environment_hook('optiastaros2', 'pythonpath')
[13.303s] [34mcolcon.colcon_core.shell[0m [1;30mINFO[0m Creating environment hook '/home/ubuntu/optiAstaRos2_ws/install/optiastaros2/share/optiastaros2/hook/pythonpath.ps1'
[13.305s] [34mcolcon.colcon_core.shell[0m [1;30mINFO[0m Creating environment descriptor '/home/ubuntu/optiAstaRos2_ws/install/optiastaros2/share/optiastaros2/hook/pythonpath.dsv'
[13.307s] [34mcolcon.colcon_core.shell[0m [1;30mINFO[0m Creating environment hook '/home/ubuntu/optiAstaRos2_ws/install/optiastaros2/share/optiastaros2/hook/pythonpath.sh'
[13.311s] [34mcolcon.colcon_core.environment[0m [1;30mLevel 1[0m checking '/home/ubuntu/optiAstaRos2_ws/install/optiastaros2/bin'
[13.312s] [34mcolcon.colcon_core.environment[0m [1;30mLevel 1[0m create_environment_scripts_only(optiastaros2)
[13.320s] [34mcolcon.colcon_core.shell[0m [1;30mINFO[0m Creating package script '/home/ubuntu/optiAstaRos2_ws/install/optiastaros2/share/optiastaros2/package.ps1'
[13.323s] [34mcolcon.colcon_core.shell[0m [1;30mINFO[0m Creating package descriptor '/home/ubuntu/optiAstaRos2_ws/install/optiastaros2/share/optiastaros2/package.dsv'
[13.325s] [34mcolcon.colcon_core.shell[0m [1;30mINFO[0m Creating package script '/home/ubuntu/optiAstaRos2_ws/install/optiastaros2/share/optiastaros2/package.sh'
[13.329s] [34mcolcon.colcon_core.shell[0m [1;30mINFO[0m Creating package script '/home/ubuntu/optiAstaRos2_ws/install/optiastaros2/share/optiastaros2/package.bash'
[13.331s] [34mcolcon.colcon_core.shell[0m [1;30mINFO[0m Creating package script '/home/ubuntu/optiAstaRos2_ws/install/optiastaros2/share/optiastaros2/package.zsh'
[13.333s] [34mcolcon.colcon_core.environment[0m [1;30mLevel 1[0m create_file_with_runtime_dependencies(/home/ubuntu/optiAstaRos2_ws/install/optiastaros2/share/colcon-core/packages/optiastaros2)
[13.335s] [34mcolcon.colcon_parallel_executor.executor.parallel[0m [1;30mDEBUG[0m [32mclosing loop[0m
[13.338s] [34mcolcon.colcon_parallel_executor.executor.parallel[0m [1;30mDEBUG[0m [32mloop closed[0m
[13.338s] [34mcolcon.colcon_parallel_executor.executor.parallel[0m [1;30mDEBUG[0m [32mrun_until_complete finished with '0'[0m
[13.339s] [34mcolcon.colcon_core.event_reactor[0m [1;30mDEBUG[0m [32mjoining thread[0m
[13.376s] [34mcolcon.colcon_core.plugin_system[0m [1;30mINFO[0m Skipping extension 'colcon_notification.desktop_notification.terminal_notifier': Not used on non-Darwin systems
[13.376s] [34mcolcon.colcon_core.plugin_system[0m [1;30mINFO[0m Skipping extension 'colcon_notification.desktop_notification.win32': Not used on non-Windows systems
[13.376s] [34mcolcon.colcon_notification.desktop_notification[0m [1;30mINFO[0m Sending desktop notification using 'notify2'
[13.441s] [34mcolcon.colcon_core.event_reactor[0m [1;30mDEBUG[0m [32mjoined thread[0m
[13.447s] [34mcolcon.colcon_core.shell[0m [1;30mINFO[0m Creating prefix script '/home/ubuntu/optiAstaRos2_ws/install/local_setup.ps1'
[13.452s] [34mcolcon.colcon_core.shell[0m [1;30mINFO[0m Creating prefix util module '/home/ubuntu/optiAstaRos2_ws/install/_local_setup_util_ps1.py'
[13.458s] [34mcolcon.colcon_core.shell[0m [1;30mINFO[0m Creating prefix chain script '/home/ubuntu/optiAstaRos2_ws/install/setup.ps1'
[13.465s] [34mcolcon.colcon_core.shell[0m [1;30mINFO[0m Creating prefix script '/home/ubuntu/optiAstaRos2_ws/install/local_setup.sh'
[13.468s] [34mcolcon.colcon_core.shell[0m [1;30mINFO[0m Creating prefix util module '/home/ubuntu/optiAstaRos2_ws/install/_local_setup_util_sh.py'
[13.471s] [34mcolcon.colcon_core.shell[0m [1;30mINFO[0m Creating prefix chain script '/home/ubuntu/optiAstaRos2_ws/install/setup.sh'
[13.478s] [34mcolcon.colcon_core.shell[0m [1;30mINFO[0m Creating prefix script '/home/ubuntu/optiAstaRos2_ws/install/local_setup.bash'
[13.481s] [34mcolcon.colcon_core.shell[0m [1;30mINFO[0m Creating prefix chain script '/home/ubuntu/optiAstaRos2_ws/install/setup.bash'
[13.489s] [34mcolcon.colcon_core.shell[0m [1;30mINFO[0m Creating prefix script '/home/ubuntu/optiAstaRos2_ws/install/local_setup.zsh'
[13.491s] [34mcolcon.colcon_core.shell[0m [1;30mINFO[0m Creating prefix chain script '/home/ubuntu/optiAstaRos2_ws/install/setup.zsh'
