[3.933s] Invoking command in '/home/ubuntu/optiAstaRos2_ws/src/optiastaros2': PYTHONPATH=/home/ubuntu/optiAstaRos2_ws/build/optiastaros2/prefix_override:/home/ubuntu/optiAstaRos2_ws/install/optiastaros2/lib/python3.10/site-packages:${PYTHONPATH} /usr/bin/python3 setup.py egg_info --egg-base ../../build/optiastaros2 build --build-base /home/ubuntu/optiAstaRos2_ws/build/optiastaros2/build install --record /home/ubuntu/optiAstaRos2_ws/build/optiastaros2/install.log --single-version-externally-managed
[5.554s] running egg_info
[5.558s] writing ../../build/optiastaros2/optiastaros2.egg-info/PKG-INFO
[5.559s] writing dependency_links to ../../build/optiastaros2/optiastaros2.egg-info/dependency_links.txt
[5.560s] writing entry points to ../../build/optiastaros2/optiastaros2.egg-info/entry_points.txt
[5.561s] writing requirements to ../../build/optiastaros2/optiastaros2.egg-info/requires.txt
[5.562s] writing top-level names to ../../build/optiastaros2/optiastaros2.egg-info/top_level.txt
[5.574s] reading manifest file '../../build/optiastaros2/optiastaros2.egg-info/SOURCES.txt'
[5.579s] writing manifest file '../../build/optiastaros2/optiastaros2.egg-info/SOURCES.txt'
[5.579s] running build
[5.580s] running build_py
[5.581s] copying optiastaros2/controller_node.py -> /home/ubuntu/optiAstaRos2_ws/build/optiastaros2/build/lib/optiastaros2
[5.584s] running install
[5.586s] /usr/lib/python3/dist-packages/setuptools/command/install.py:34: SetuptoolsDeprecationWarning: setup.py install is deprecated. Use build and pip and other standards-based tools.
[5.587s]   warnings.warn(
[5.587s] running install_lib
[5.591s] copying /home/ubuntu/optiAstaRos2_ws/build/optiastaros2/build/lib/optiastaros2/controller_node.py -> /home/ubuntu/optiAstaRos2_ws/install/optiastaros2/lib/python3.10/site-packages/optiastaros2
[5.595s] byte-compiling /home/ubuntu/optiAstaRos2_ws/install/optiastaros2/lib/python3.10/site-packages/optiastaros2/controller_node.py to controller_node.cpython-310.pyc
[5.600s] running install_data
[5.604s] running install_egg_info
[5.613s] removing '/home/ubuntu/optiAstaRos2_ws/install/optiastaros2/lib/python3.10/site-packages/optiastaros2-0.0.0-py3.10.egg-info' (and everything under it)
[5.616s] Copying ../../build/optiastaros2/optiastaros2.egg-info to /home/ubuntu/optiAstaRos2_ws/install/optiastaros2/lib/python3.10/site-packages/optiastaros2-0.0.0-py3.10.egg-info
[5.624s] running install_scripts
[5.733s] Installing controller_node script to /home/ubuntu/optiAstaRos2_ws/install/optiastaros2/lib/optiastaros2
[5.735s] Installing pubdata_node script to /home/ubuntu/optiAstaRos2_ws/install/optiastaros2/lib/optiastaros2
[5.737s] writing list of installed files to '/home/ubuntu/optiAstaRos2_ws/build/optiastaros2/install.log'
[5.908s] Invoked command in '/home/ubuntu/optiAstaRos2_ws/src/optiastaros2' returned '0': PYTHONPATH=/home/ubuntu/optiAstaRos2_ws/build/optiastaros2/prefix_override:/home/ubuntu/optiAstaRos2_ws/install/optiastaros2/lib/python3.10/site-packages:${PYTHONPATH} /usr/bin/python3 setup.py egg_info --egg-base ../../build/optiastaros2 build --build-base /home/ubuntu/optiAstaRos2_ws/build/optiastaros2/build install --record /home/ubuntu/optiAstaRos2_ws/build/optiastaros2/install.log --single-version-externally-managed
