[2.958s] [34mcolcon[0m [1;30mDEBUG[0m [32mCommand line arguments: ['/usr/bin/colcon', 'build'][0m
[2.959s] [34mcolcon[0m [1;30mDEBUG[0m [32mParsed command line arguments: Namespace(log_base=None, log_level=None, verb_name='build', build_base='build', install_base='install', merge_install=False, symlink_install=False, test_result_base=None, continue_on_error=False, executor='parallel', parallel_workers=4, event_handlers=None, ignore_user_meta=False, metas=['./colcon.meta'], base_paths=['.'], packages_ignore=None, packages_ignore_regex=None, paths=None, packages_up_to=None, packages_up_to_regex=None, packages_above=None, packages_above_and_dependencies=None, packages_above_depth=None, packages_select_by_dep=None, packages_skip_by_dep=None, packages_skip_up_to=None, packages_select_build_failed=False, packages_skip_build_finished=False, packages_select_test_failures=False, packages_skip_test_passed=False, packages_select=None, packages_skip=None, packages_select_regex=None, packages_skip_regex=None, packages_start=None, packages_end=None, allow_overriding=[], cmake_args=None, cmake_target=None, cmake_target_skip_unavailable=False, cmake_clean_cache=False, cmake_clean_first=False, cmake_force_configure=False, ament_cmake_args=None, catkin_cmake_args=None, catkin_skip_building_tests=False, verb_parser=<colcon_defaults.argument_parser.defaults.DefaultArgumentsDecorator object at 0xffff9e3e2a10>, verb_extension=<colcon_core.verb.build.BuildVerb object at 0xffff9ee6d330>, main=<bound method BuildVerb.main of <colcon_core.verb.build.BuildVerb object at 0xffff9ee6d330>>)[0m
[3.187s] [34mcolcon.colcon_core.package_discovery[0m [1;30mLevel 1[0m discover_packages(colcon_meta) check parameters
[3.188s] [34mcolcon.colcon_core.package_discovery[0m [1;30mLevel 1[0m discover_packages(recursive) check parameters
[3.188s] [34mcolcon.colcon_core.package_discovery[0m [1;30mLevel 1[0m discover_packages(ignore) check parameters
[3.188s] [34mcolcon.colcon_core.package_discovery[0m [1;30mLevel 1[0m discover_packages(path) check parameters
[3.188s] [34mcolcon.colcon_core.package_discovery[0m [1;30mLevel 1[0m discover_packages(colcon_meta) discover
[3.220s] [34mcolcon.colcon_core.package_discovery[0m [1;30mLevel 1[0m discover_packages(recursive) discover
[3.220s] [34mcolcon.colcon_core.package_discovery[0m [1;30mINFO[0m Crawling recursively for packages in '/home/ubuntu/optiAstaRos2_ws'
[3.221s] [34mcolcon.colcon_core.package_identification[0m [1;30mLevel 1[0m _identify(.) by extensions ['ignore', 'ignore_ament_install']
[3.221s] [34mcolcon.colcon_core.package_identification[0m [1;30mLevel 1[0m _identify(.) by extension 'ignore'
[3.222s] [34mcolcon.colcon_core.package_identification[0m [1;30mLevel 1[0m _identify(.) by extension 'ignore_ament_install'
[3.222s] [34mcolcon.colcon_core.package_identification[0m [1;30mLevel 1[0m _identify(.) by extensions ['colcon_pkg']
[3.222s] [34mcolcon.colcon_core.package_identification[0m [1;30mLevel 1[0m _identify(.) by extension 'colcon_pkg'
[3.222s] [34mcolcon.colcon_core.package_identification[0m [1;30mLevel 1[0m _identify(.) by extensions ['colcon_meta']
[3.222s] [34mcolcon.colcon_core.package_identification[0m [1;30mLevel 1[0m _identify(.) by extension 'colcon_meta'
[3.223s] [34mcolcon.colcon_core.package_identification[0m [1;30mLevel 1[0m _identify(.) by extensions ['ros']
[3.223s] [34mcolcon.colcon_core.package_identification[0m [1;30mLevel 1[0m _identify(.) by extension 'ros'
[3.300s] [34mcolcon.colcon_core.package_identification[0m [1;30mLevel 1[0m _identify(.) by extensions ['cmake', 'python']
[3.300s] [34mcolcon.colcon_core.package_identification[0m [1;30mLevel 1[0m _identify(.) by extension 'cmake'
[3.301s] [34mcolcon.colcon_core.package_identification[0m [1;30mLevel 1[0m _identify(.) by extension 'python'
[3.301s] [34mcolcon.colcon_core.package_identification[0m [1;30mLevel 1[0m _identify(.) by extensions ['python_setup_py']
[3.301s] [34mcolcon.colcon_core.package_identification[0m [1;30mLevel 1[0m _identify(.) by extension 'python_setup_py'
[3.302s] [34mcolcon.colcon_core.package_identification[0m [1;30mLevel 1[0m _identify(build) by extensions ['ignore', 'ignore_ament_install']
[3.302s] [34mcolcon.colcon_core.package_identification[0m [1;30mLevel 1[0m _identify(build) by extension 'ignore'
[3.302s] [34mcolcon.colcon_core.package_identification[0m [1;30mLevel 1[0m _identify(build) ignored
[3.303s] [34mcolcon.colcon_core.package_identification[0m [1;30mLevel 1[0m _identify(install) by extensions ['ignore', 'ignore_ament_install']
[3.303s] [34mcolcon.colcon_core.package_identification[0m [1;30mLevel 1[0m _identify(install) by extension 'ignore'
[3.303s] [34mcolcon.colcon_core.package_identification[0m [1;30mLevel 1[0m _identify(install) ignored
[3.304s] [34mcolcon.colcon_core.package_identification[0m [1;30mLevel 1[0m _identify(log) by extensions ['ignore', 'ignore_ament_install']
[3.304s] [34mcolcon.colcon_core.package_identification[0m [1;30mLevel 1[0m _identify(log) by extension 'ignore'
[3.304s] [34mcolcon.colcon_core.package_identification[0m [1;30mLevel 1[0m _identify(log) ignored
[3.305s] [34mcolcon.colcon_core.package_identification[0m [1;30mLevel 1[0m _identify(src) by extensions ['ignore', 'ignore_ament_install']
[3.305s] [34mcolcon.colcon_core.package_identification[0m [1;30mLevel 1[0m _identify(src) by extension 'ignore'
[3.305s] [34mcolcon.colcon_core.package_identification[0m [1;30mLevel 1[0m _identify(src) by extension 'ignore_ament_install'
[3.305s] [34mcolcon.colcon_core.package_identification[0m [1;30mLevel 1[0m _identify(src) by extensions ['colcon_pkg']
[3.305s] [34mcolcon.colcon_core.package_identification[0m [1;30mLevel 1[0m _identify(src) by extension 'colcon_pkg'
[3.306s] [34mcolcon.colcon_core.package_identification[0m [1;30mLevel 1[0m _identify(src) by extensions ['colcon_meta']
[3.306s] [34mcolcon.colcon_core.package_identification[0m [1;30mLevel 1[0m _identify(src) by extension 'colcon_meta'
[3.306s] [34mcolcon.colcon_core.package_identification[0m [1;30mLevel 1[0m _identify(src) by extensions ['ros']
[3.306s] [34mcolcon.colcon_core.package_identification[0m [1;30mLevel 1[0m _identify(src) by extension 'ros'
[3.306s] [34mcolcon.colcon_core.package_identification[0m [1;30mLevel 1[0m _identify(src) by extensions ['cmake', 'python']
[3.306s] [34mcolcon.colcon_core.package_identification[0m [1;30mLevel 1[0m _identify(src) by extension 'cmake'
[3.307s] [34mcolcon.colcon_core.package_identification[0m [1;30mLevel 1[0m _identify(src) by extension 'python'
[3.307s] [34mcolcon.colcon_core.package_identification[0m [1;30mLevel 1[0m _identify(src) by extensions ['python_setup_py']
[3.307s] [34mcolcon.colcon_core.package_identification[0m [1;30mLevel 1[0m _identify(src) by extension 'python_setup_py'
[3.307s] [34mcolcon.colcon_core.package_identification[0m [1;30mLevel 1[0m _identify(src/optiastaros2) by extensions ['ignore', 'ignore_ament_install']
[3.308s] [34mcolcon.colcon_core.package_identification[0m [1;30mLevel 1[0m _identify(src/optiastaros2) by extension 'ignore'
[3.308s] [34mcolcon.colcon_core.package_identification[0m [1;30mLevel 1[0m _identify(src/optiastaros2) by extension 'ignore_ament_install'
[3.308s] [34mcolcon.colcon_core.package_identification[0m [1;30mLevel 1[0m _identify(src/optiastaros2) by extensions ['colcon_pkg']
[3.308s] [34mcolcon.colcon_core.package_identification[0m [1;30mLevel 1[0m _identify(src/optiastaros2) by extension 'colcon_pkg'
[3.308s] [34mcolcon.colcon_core.package_identification[0m [1;30mLevel 1[0m _identify(src/optiastaros2) by extensions ['colcon_meta']
[3.308s] [34mcolcon.colcon_core.package_identification[0m [1;30mLevel 1[0m _identify(src/optiastaros2) by extension 'colcon_meta'
[3.309s] [34mcolcon.colcon_core.package_identification[0m [1;30mLevel 1[0m _identify(src/optiastaros2) by extensions ['ros']
[3.309s] [34mcolcon.colcon_core.package_identification[0m [1;30mLevel 1[0m _identify(src/optiastaros2) by extension 'ros'
[3.328s] [34mcolcon.colcon_core.package_identification[0m [1;30mDEBUG[0m [32mPackage 'src/optiastaros2' with type 'ros.ament_python' and name 'optiastaros2'[0m
[3.329s] [34mcolcon.colcon_core.package_identification[0m [1;30mLevel 1[0m _identify(src/rigidbody_msgs) by extensions ['ignore', 'ignore_ament_install']
[3.329s] [34mcolcon.colcon_core.package_identification[0m [1;30mLevel 1[0m _identify(src/rigidbody_msgs) by extension 'ignore'
[3.330s] [34mcolcon.colcon_core.package_identification[0m [1;30mLevel 1[0m _identify(src/rigidbody_msgs) by extension 'ignore_ament_install'
[3.330s] [34mcolcon.colcon_core.package_identification[0m [1;30mLevel 1[0m _identify(src/rigidbody_msgs) by extensions ['colcon_pkg']
[3.330s] [34mcolcon.colcon_core.package_identification[0m [1;30mLevel 1[0m _identify(src/rigidbody_msgs) by extension 'colcon_pkg'
[3.331s] [34mcolcon.colcon_core.package_identification[0m [1;30mLevel 1[0m _identify(src/rigidbody_msgs) by extensions ['colcon_meta']
[3.331s] [34mcolcon.colcon_core.package_identification[0m [1;30mLevel 1[0m _identify(src/rigidbody_msgs) by extension 'colcon_meta'
[3.331s] [34mcolcon.colcon_core.package_identification[0m [1;30mLevel 1[0m _identify(src/rigidbody_msgs) by extensions ['ros']
[3.331s] [34mcolcon.colcon_core.package_identification[0m [1;30mLevel 1[0m _identify(src/rigidbody_msgs) by extension 'ros'
[3.337s] [34mcolcon.colcon_core.package_identification[0m [1;30mDEBUG[0m [32mPackage 'src/rigidbody_msgs' with type 'ros.ament_cmake' and name 'rigidbody_msgs'[0m
[3.337s] [34mcolcon.colcon_core.package_discovery[0m [1;30mLevel 1[0m discover_packages(recursive) using defaults
[3.338s] [34mcolcon.colcon_core.package_discovery[0m [1;30mLevel 1[0m discover_packages(ignore) discover
[3.338s] [34mcolcon.colcon_core.package_discovery[0m [1;30mLevel 1[0m discover_packages(ignore) using defaults
[3.338s] [34mcolcon.colcon_core.package_discovery[0m [1;30mLevel 1[0m discover_packages(path) discover
[3.338s] [34mcolcon.colcon_core.package_discovery[0m [1;30mLevel 1[0m discover_packages(path) using defaults
[3.464s] [34mcolcon.colcon_core.package_discovery[0m [1;30mLevel 1[0m discover_packages(prefix_path) check parameters
[3.465s] [34mcolcon.colcon_core.package_discovery[0m [1;30mLevel 1[0m discover_packages(prefix_path) discover
[3.492s] [34mcolcon.colcon_installed_package_information.package_discovery[0m [1;30mDEBUG[0m [32mFound 270 installed packages in /opt/ros/humble[0m
[3.499s] [34mcolcon.colcon_core.package_discovery[0m [1;30mLevel 1[0m discover_packages(prefix_path) using defaults
[3.796s] [34mcolcon.colcon_core.verb[0m [1;30mLevel 5[0m set package 'rigidbody_msgs' build argument 'cmake_args' from command line to 'None'
[3.796s] [34mcolcon.colcon_core.verb[0m [1;30mLevel 5[0m set package 'rigidbody_msgs' build argument 'cmake_target' from command line to 'None'
[3.796s] [34mcolcon.colcon_core.verb[0m [1;30mLevel 5[0m set package 'rigidbody_msgs' build argument 'cmake_target_skip_unavailable' from command line to 'False'
[3.796s] [34mcolcon.colcon_core.verb[0m [1;30mLevel 5[0m set package 'rigidbody_msgs' build argument 'cmake_clean_cache' from command line to 'False'
[3.796s] [34mcolcon.colcon_core.verb[0m [1;30mLevel 5[0m set package 'rigidbody_msgs' build argument 'cmake_clean_first' from command line to 'False'
[3.797s] [34mcolcon.colcon_core.verb[0m [1;30mLevel 5[0m set package 'rigidbody_msgs' build argument 'cmake_force_configure' from command line to 'False'
[3.797s] [34mcolcon.colcon_core.verb[0m [1;30mLevel 5[0m set package 'rigidbody_msgs' build argument 'ament_cmake_args' from command line to 'None'
[3.797s] [34mcolcon.colcon_core.verb[0m [1;30mLevel 5[0m set package 'rigidbody_msgs' build argument 'catkin_cmake_args' from command line to 'None'
[3.797s] [34mcolcon.colcon_core.verb[0m [1;30mLevel 5[0m set package 'rigidbody_msgs' build argument 'catkin_skip_building_tests' from command line to 'False'
[3.797s] [34mcolcon.colcon_core.verb[0m [1;30mDEBUG[0m [32mBuilding package 'rigidbody_msgs' with the following arguments: {'ament_cmake_args': None, 'build_base': '/home/ubuntu/optiAstaRos2_ws/build/rigidbody_msgs', 'catkin_cmake_args': None, 'catkin_skip_building_tests': False, 'cmake_args': None, 'cmake_clean_cache': False, 'cmake_clean_first': False, 'cmake_force_configure': False, 'cmake_target': None, 'cmake_target_skip_unavailable': False, 'install_base': '/home/ubuntu/optiAstaRos2_ws/install/rigidbody_msgs', 'merge_install': False, 'path': '/home/ubuntu/optiAstaRos2_ws/src/rigidbody_msgs', 'symlink_install': False, 'test_result_base': None}[0m
[3.801s] [34mcolcon.colcon_core.verb[0m [1;30mLevel 5[0m set package 'optiastaros2' build argument 'cmake_args' from command line to 'None'
[3.802s] [34mcolcon.colcon_core.verb[0m [1;30mLevel 5[0m set package 'optiastaros2' build argument 'cmake_target' from command line to 'None'
[3.802s] [34mcolcon.colcon_core.verb[0m [1;30mLevel 5[0m set package 'optiastaros2' build argument 'cmake_target_skip_unavailable' from command line to 'False'
[3.802s] [34mcolcon.colcon_core.verb[0m [1;30mLevel 5[0m set package 'optiastaros2' build argument 'cmake_clean_cache' from command line to 'False'
[3.802s] [34mcolcon.colcon_core.verb[0m [1;30mLevel 5[0m set package 'optiastaros2' build argument 'cmake_clean_first' from command line to 'False'
[3.802s] [34mcolcon.colcon_core.verb[0m [1;30mLevel 5[0m set package 'optiastaros2' build argument 'cmake_force_configure' from command line to 'False'
[3.802s] [34mcolcon.colcon_core.verb[0m [1;30mLevel 5[0m set package 'optiastaros2' build argument 'ament_cmake_args' from command line to 'None'
[3.802s] [34mcolcon.colcon_core.verb[0m [1;30mLevel 5[0m set package 'optiastaros2' build argument 'catkin_cmake_args' from command line to 'None'
[3.802s] [34mcolcon.colcon_core.verb[0m [1;30mLevel 5[0m set package 'optiastaros2' build argument 'catkin_skip_building_tests' from command line to 'False'
[3.803s] [34mcolcon.colcon_core.verb[0m [1;30mDEBUG[0m [32mBuilding package 'optiastaros2' with the following arguments: {'ament_cmake_args': None, 'build_base': '/home/ubuntu/optiAstaRos2_ws/build/optiastaros2', 'catkin_cmake_args': None, 'catkin_skip_building_tests': False, 'cmake_args': None, 'cmake_clean_cache': False, 'cmake_clean_first': False, 'cmake_force_configure': False, 'cmake_target': None, 'cmake_target_skip_unavailable': False, 'install_base': '/home/ubuntu/optiAstaRos2_ws/install/optiastaros2', 'merge_install': False, 'path': '/home/ubuntu/optiAstaRos2_ws/src/optiastaros2', 'symlink_install': False, 'test_result_base': None}[0m
[3.805s] [34mcolcon.colcon_core.executor[0m [1;30mINFO[0m Executing jobs using 'parallel' executor
[3.822s] [34mcolcon.colcon_parallel_executor.executor.parallel[0m [1;30mDEBUG[0m [32mrun_until_complete[0m
[3.823s] [34mcolcon.colcon_ros.task.ament_cmake.build[0m [1;30mINFO[0m Building ROS package in '/home/ubuntu/optiAstaRos2_ws/src/rigidbody_msgs' with build type 'ament_cmake'
[3.823s] [34mcolcon.colcon_cmake.task.cmake.build[0m [1;30mINFO[0m Building CMake package in '/home/ubuntu/optiAstaRos2_ws/src/rigidbody_msgs'
[3.864s] [34mcolcon.colcon_core.plugin_system[0m [1;30mINFO[0m Skipping extension 'colcon_core.shell.bat': Not used on non-Windows systems
[3.865s] [34mcolcon.colcon_core.shell[0m [1;30mINFO[0m Skip shell extension 'powershell' for command environment: Not usable outside of PowerShell
[3.866s] [34mcolcon.colcon_core.shell[0m [1;30mDEBUG[0m [32mSkip shell extension 'dsv' for command environment[0m
[3.915s] [34mcolcon.colcon_core.event_handler.log_command[0m [1;30mDEBUG[0m [32mInvoking command in '/home/ubuntu/optiAstaRos2_ws/build/rigidbody_msgs': CMAKE_PREFIX_PATH=/opt/ros/humble /usr/bin/cmake --build /home/ubuntu/optiAstaRos2_ws/build/rigidbody_msgs -- -j4 -l4[0m
[6.419s] [34mcolcon.colcon_core.event_handler.log_command[0m [1;30mDEBUG[0m [32mInvoked command in '/home/ubuntu/optiAstaRos2_ws/build/rigidbody_msgs' returned '0': CMAKE_PREFIX_PATH=/opt/ros/humble /usr/bin/cmake --build /home/ubuntu/optiAstaRos2_ws/build/rigidbody_msgs -- -j4 -l4[0m
[6.800s] [34mcolcon.colcon_core.event_handler.log_command[0m [1;30mDEBUG[0m [32mInvoking command in '/home/ubuntu/optiAstaRos2_ws/build/rigidbody_msgs': CMAKE_PREFIX_PATH=/opt/ros/humble /usr/bin/cmake --install /home/ubuntu/optiAstaRos2_ws/build/rigidbody_msgs[0m
[7.116s] [34mcolcon.colcon_core.environment[0m [1;30mLevel 1[0m create_environment_scripts_only(rigidbody_msgs)
[7.120s] [34mcolcon.colcon_core.event_handler.log_command[0m [1;30mDEBUG[0m [32mInvoked command in '/home/ubuntu/optiAstaRos2_ws/build/rigidbody_msgs' returned '0': CMAKE_PREFIX_PATH=/opt/ros/humble /usr/bin/cmake --install /home/ubuntu/optiAstaRos2_ws/build/rigidbody_msgs[0m
[7.159s] [34mcolcon.colcon_core.environment[0m [1;30mLevel 1[0m checking '/home/ubuntu/optiAstaRos2_ws/install/rigidbody_msgs' for CMake module files
[7.165s] [34mcolcon.colcon_core.environment[0m [1;30mLevel 1[0m checking '/home/ubuntu/optiAstaRos2_ws/install/rigidbody_msgs' for CMake config files
[7.167s] [34mcolcon.colcon_core.shell[0m [1;30mLevel 1[0m create_environment_hook('rigidbody_msgs', 'cmake_prefix_path')
[7.172s] [34mcolcon.colcon_core.shell[0m [1;30mINFO[0m Creating environment hook '/home/ubuntu/optiAstaRos2_ws/install/rigidbody_msgs/share/rigidbody_msgs/hook/cmake_prefix_path.ps1'
[7.179s] [34mcolcon.colcon_core.shell[0m [1;30mINFO[0m Creating environment descriptor '/home/ubuntu/optiAstaRos2_ws/install/rigidbody_msgs/share/rigidbody_msgs/hook/cmake_prefix_path.dsv'
[7.184s] [34mcolcon.colcon_core.shell[0m [1;30mINFO[0m Creating environment hook '/home/ubuntu/optiAstaRos2_ws/install/rigidbody_msgs/share/rigidbody_msgs/hook/cmake_prefix_path.sh'
[7.188s] [34mcolcon.colcon_core.environment[0m [1;30mLevel 1[0m checking '/home/ubuntu/optiAstaRos2_ws/install/rigidbody_msgs/lib'
[7.189s] [34mcolcon.colcon_core.shell[0m [1;30mLevel 1[0m create_environment_hook('rigidbody_msgs', 'ld_library_path_lib')
[7.195s] [34mcolcon.colcon_core.shell[0m [1;30mINFO[0m Creating environment hook '/home/ubuntu/optiAstaRos2_ws/install/rigidbody_msgs/share/rigidbody_msgs/hook/ld_library_path_lib.ps1'
[7.197s] [34mcolcon.colcon_core.shell[0m [1;30mINFO[0m Creating environment descriptor '/home/ubuntu/optiAstaRos2_ws/install/rigidbody_msgs/share/rigidbody_msgs/hook/ld_library_path_lib.dsv'
[7.199s] [34mcolcon.colcon_core.shell[0m [1;30mINFO[0m Creating environment hook '/home/ubuntu/optiAstaRos2_ws/install/rigidbody_msgs/share/rigidbody_msgs/hook/ld_library_path_lib.sh'
[7.201s] [34mcolcon.colcon_core.environment[0m [1;30mLevel 1[0m checking '/home/ubuntu/optiAstaRos2_ws/install/rigidbody_msgs/bin'
[7.201s] [34mcolcon.colcon_core.environment[0m [1;30mLevel 1[0m checking '/home/ubuntu/optiAstaRos2_ws/install/rigidbody_msgs/lib/pkgconfig/rigidbody_msgs.pc'
[7.202s] [34mcolcon.colcon_core.environment[0m [1;30mLevel 1[0m checking '/home/ubuntu/optiAstaRos2_ws/install/rigidbody_msgs/lib/python3.10/site-packages'
[7.203s] [34mcolcon.colcon_core.environment[0m [1;30mLevel 1[0m checking '/home/ubuntu/optiAstaRos2_ws/install/rigidbody_msgs/bin'
[7.208s] [34mcolcon.colcon_core.shell[0m [1;30mINFO[0m Creating package script '/home/ubuntu/optiAstaRos2_ws/install/rigidbody_msgs/share/rigidbody_msgs/package.ps1'
[7.213s] [34mcolcon.colcon_core.shell[0m [1;30mINFO[0m Creating package descriptor '/home/ubuntu/optiAstaRos2_ws/install/rigidbody_msgs/share/rigidbody_msgs/package.dsv'
[7.216s] [34mcolcon.colcon_core.shell[0m [1;30mINFO[0m Creating package script '/home/ubuntu/optiAstaRos2_ws/install/rigidbody_msgs/share/rigidbody_msgs/package.sh'
[7.220s] [34mcolcon.colcon_core.shell[0m [1;30mINFO[0m Creating package script '/home/ubuntu/optiAstaRos2_ws/install/rigidbody_msgs/share/rigidbody_msgs/package.bash'
[7.225s] [34mcolcon.colcon_core.shell[0m [1;30mINFO[0m Creating package script '/home/ubuntu/optiAstaRos2_ws/install/rigidbody_msgs/share/rigidbody_msgs/package.zsh'
[7.229s] [34mcolcon.colcon_core.environment[0m [1;30mLevel 1[0m create_file_with_runtime_dependencies(/home/ubuntu/optiAstaRos2_ws/install/rigidbody_msgs/share/colcon-core/packages/rigidbody_msgs)
[7.547s] [34mcolcon.colcon_core.environment[0m [1;30mLevel 1[0m create_environment_scripts_only(rigidbody_msgs)
[7.557s] [34mcolcon.colcon_core.environment[0m [1;30mLevel 1[0m checking '/home/ubuntu/optiAstaRos2_ws/install/rigidbody_msgs' for CMake module files
[7.561s] [34mcolcon.colcon_core.environment[0m [1;30mLevel 1[0m checking '/home/ubuntu/optiAstaRos2_ws/install/rigidbody_msgs' for CMake config files
[7.563s] [34mcolcon.colcon_core.shell[0m [1;30mLevel 1[0m create_environment_hook('rigidbody_msgs', 'cmake_prefix_path')
[7.568s] [34mcolcon.colcon_core.shell[0m [1;30mINFO[0m Creating environment hook '/home/ubuntu/optiAstaRos2_ws/install/rigidbody_msgs/share/rigidbody_msgs/hook/cmake_prefix_path.ps1'
[7.570s] [34mcolcon.colcon_core.shell[0m [1;30mINFO[0m Creating environment descriptor '/home/ubuntu/optiAstaRos2_ws/install/rigidbody_msgs/share/rigidbody_msgs/hook/cmake_prefix_path.dsv'
[7.572s] [34mcolcon.colcon_core.shell[0m [1;30mINFO[0m Creating environment hook '/home/ubuntu/optiAstaRos2_ws/install/rigidbody_msgs/share/rigidbody_msgs/hook/cmake_prefix_path.sh'
[7.574s] [34mcolcon.colcon_core.environment[0m [1;30mLevel 1[0m checking '/home/ubuntu/optiAstaRos2_ws/install/rigidbody_msgs/lib'
[7.575s] [34mcolcon.colcon_core.shell[0m [1;30mLevel 1[0m create_environment_hook('rigidbody_msgs', 'ld_library_path_lib')
[7.579s] [34mcolcon.colcon_core.shell[0m [1;30mINFO[0m Creating environment hook '/home/ubuntu/optiAstaRos2_ws/install/rigidbody_msgs/share/rigidbody_msgs/hook/ld_library_path_lib.ps1'
[7.581s] [34mcolcon.colcon_core.shell[0m [1;30mINFO[0m Creating environment descriptor '/home/ubuntu/optiAstaRos2_ws/install/rigidbody_msgs/share/rigidbody_msgs/hook/ld_library_path_lib.dsv'
[7.583s] [34mcolcon.colcon_core.shell[0m [1;30mINFO[0m Creating environment hook '/home/ubuntu/optiAstaRos2_ws/install/rigidbody_msgs/share/rigidbody_msgs/hook/ld_library_path_lib.sh'
[7.585s] [34mcolcon.colcon_core.environment[0m [1;30mLevel 1[0m checking '/home/ubuntu/optiAstaRos2_ws/install/rigidbody_msgs/bin'
[7.585s] [34mcolcon.colcon_core.environment[0m [1;30mLevel 1[0m checking '/home/ubuntu/optiAstaRos2_ws/install/rigidbody_msgs/lib/pkgconfig/rigidbody_msgs.pc'
[7.586s] [34mcolcon.colcon_core.environment[0m [1;30mLevel 1[0m checking '/home/ubuntu/optiAstaRos2_ws/install/rigidbody_msgs/lib/python3.10/site-packages'
[7.587s] [34mcolcon.colcon_core.environment[0m [1;30mLevel 1[0m checking '/home/ubuntu/optiAstaRos2_ws/install/rigidbody_msgs/bin'
[7.592s] [34mcolcon.colcon_core.shell[0m [1;30mINFO[0m Creating package script '/home/ubuntu/optiAstaRos2_ws/install/rigidbody_msgs/share/rigidbody_msgs/package.ps1'
[7.594s] [34mcolcon.colcon_core.shell[0m [1;30mINFO[0m Creating package descriptor '/home/ubuntu/optiAstaRos2_ws/install/rigidbody_msgs/share/rigidbody_msgs/package.dsv'
[7.597s] [34mcolcon.colcon_core.shell[0m [1;30mINFO[0m Creating package script '/home/ubuntu/optiAstaRos2_ws/install/rigidbody_msgs/share/rigidbody_msgs/package.sh'
[7.599s] [34mcolcon.colcon_core.shell[0m [1;30mINFO[0m Creating package script '/home/ubuntu/optiAstaRos2_ws/install/rigidbody_msgs/share/rigidbody_msgs/package.bash'
[7.601s] [34mcolcon.colcon_core.shell[0m [1;30mINFO[0m Creating package script '/home/ubuntu/optiAstaRos2_ws/install/rigidbody_msgs/share/rigidbody_msgs/package.zsh'
[7.603s] [34mcolcon.colcon_core.environment[0m [1;30mLevel 1[0m create_file_with_runtime_dependencies(/home/ubuntu/optiAstaRos2_ws/install/rigidbody_msgs/share/colcon-core/packages/rigidbody_msgs)
[7.604s] [34mcolcon.colcon_ros.task.ament_python.build[0m [1;30mINFO[0m Building ROS package in '/home/ubuntu/optiAstaRos2_ws/src/optiastaros2' with build type 'ament_python'
[7.605s] [34mcolcon.colcon_core.shell[0m [1;30mLevel 1[0m create_environment_hook('optiastaros2', 'ament_prefix_path')
[7.609s] [34mcolcon.colcon_core.shell[0m [1;30mINFO[0m Creating environment hook '/home/ubuntu/optiAstaRos2_ws/install/optiastaros2/share/optiastaros2/hook/ament_prefix_path.ps1'
[7.612s] [34mcolcon.colcon_core.shell[0m [1;30mINFO[0m Creating environment descriptor '/home/ubuntu/optiAstaRos2_ws/install/optiastaros2/share/optiastaros2/hook/ament_prefix_path.dsv'
[7.614s] [34mcolcon.colcon_core.shell[0m [1;30mINFO[0m Creating environment hook '/home/ubuntu/optiAstaRos2_ws/install/optiastaros2/share/optiastaros2/hook/ament_prefix_path.sh'
[7.621s] [34mcolcon.colcon_core.shell[0m [1;30mINFO[0m Skip shell extension 'powershell' for command environment: Not usable outside of PowerShell
[7.621s] [34mcolcon.colcon_core.shell[0m [1;30mDEBUG[0m [32mSkip shell extension 'dsv' for command environment[0m
[8.741s] [34mcolcon.colcon_core.task.python.build[0m [1;30mINFO[0m Building Python package in '/home/ubuntu/optiAstaRos2_ws/src/optiastaros2'
[8.746s] [34mcolcon.colcon_core.shell[0m [1;30mINFO[0m Skip shell extension 'powershell' for command environment: Not usable outside of PowerShell
[8.746s] [34mcolcon.colcon_core.shell[0m [1;30mDEBUG[0m [32mSkip shell extension 'dsv' for command environment[0m
[10.489s] [34mcolcon.colcon_core.event_handler.log_command[0m [1;30mDEBUG[0m [32mInvoking command in '/home/ubuntu/optiAstaRos2_ws/src/optiastaros2': AMENT_PREFIX_PATH=/home/ubuntu/optiAstaRos2_ws/install/rigidbody_msgs:${AMENT_PREFIX_PATH} CMAKE_PREFIX_PATH=/home/ubuntu/optiAstaRos2_ws/install/rigidbody_msgs LD_LIBRARY_PATH=/home/ubuntu/optiAstaRos2_ws/install/rigidbody_msgs/lib:${LD_LIBRARY_PATH} PYTHONPATH=/home/ubuntu/optiAstaRos2_ws/build/optiastaros2/prefix_override:/home/ubuntu/optiAstaRos2_ws/install/optiastaros2/lib/python3.10/site-packages:/home/ubuntu/optiAstaRos2_ws/install/rigidbody_msgs/local/lib/python3.10/dist-packages:${PYTHONPATH} /usr/bin/python3 setup.py egg_info --egg-base ../../build/optiastaros2 build --build-base /home/ubuntu/optiAstaRos2_ws/build/optiastaros2/build install --record /home/ubuntu/optiAstaRos2_ws/build/optiastaros2/install.log --single-version-externally-managed[0m
[11.764s] [34mcolcon.colcon_core.environment[0m [1;30mLevel 1[0m checking '/home/ubuntu/optiAstaRos2_ws/install/optiastaros2' for CMake module files
[11.767s] [34mcolcon.colcon_core.event_handler.log_command[0m [1;30mDEBUG[0m [32mInvoked command in '/home/ubuntu/optiAstaRos2_ws/src/optiastaros2' returned '0': AMENT_PREFIX_PATH=/home/ubuntu/optiAstaRos2_ws/install/rigidbody_msgs:${AMENT_PREFIX_PATH} CMAKE_PREFIX_PATH=/home/ubuntu/optiAstaRos2_ws/install/rigidbody_msgs LD_LIBRARY_PATH=/home/ubuntu/optiAstaRos2_ws/install/rigidbody_msgs/lib:${LD_LIBRARY_PATH} PYTHONPATH=/home/ubuntu/optiAstaRos2_ws/build/optiastaros2/prefix_override:/home/ubuntu/optiAstaRos2_ws/install/optiastaros2/lib/python3.10/site-packages:/home/ubuntu/optiAstaRos2_ws/install/rigidbody_msgs/local/lib/python3.10/dist-packages:${PYTHONPATH} /usr/bin/python3 setup.py egg_info --egg-base ../../build/optiastaros2 build --build-base /home/ubuntu/optiAstaRos2_ws/build/optiastaros2/build install --record /home/ubuntu/optiAstaRos2_ws/build/optiastaros2/install.log --single-version-externally-managed[0m
[11.769s] [34mcolcon.colcon_core.environment[0m [1;30mLevel 1[0m checking '/home/ubuntu/optiAstaRos2_ws/install/optiastaros2' for CMake config files
[11.774s] [34mcolcon.colcon_core.environment[0m [1;30mLevel 1[0m checking '/home/ubuntu/optiAstaRos2_ws/install/optiastaros2/lib'
[11.775s] [34mcolcon.colcon_core.environment[0m [1;30mLevel 1[0m checking '/home/ubuntu/optiAstaRos2_ws/install/optiastaros2/bin'
[11.775s] [34mcolcon.colcon_core.environment[0m [1;30mLevel 1[0m checking '/home/ubuntu/optiAstaRos2_ws/install/optiastaros2/lib/pkgconfig/optiastaros2.pc'
[11.777s] [34mcolcon.colcon_core.environment[0m [1;30mLevel 1[0m checking '/home/ubuntu/optiAstaRos2_ws/install/optiastaros2/lib/python3.10/site-packages'
[11.777s] [34mcolcon.colcon_core.shell[0m [1;30mLevel 1[0m create_environment_hook('optiastaros2', 'pythonpath')
[11.782s] [34mcolcon.colcon_core.shell[0m [1;30mINFO[0m Creating environment hook '/home/ubuntu/optiAstaRos2_ws/install/optiastaros2/share/optiastaros2/hook/pythonpath.ps1'
[11.784s] [34mcolcon.colcon_core.shell[0m [1;30mINFO[0m Creating environment descriptor '/home/ubuntu/optiAstaRos2_ws/install/optiastaros2/share/optiastaros2/hook/pythonpath.dsv'
[11.786s] [34mcolcon.colcon_core.shell[0m [1;30mINFO[0m Creating environment hook '/home/ubuntu/optiAstaRos2_ws/install/optiastaros2/share/optiastaros2/hook/pythonpath.sh'
[11.789s] [34mcolcon.colcon_core.environment[0m [1;30mLevel 1[0m checking '/home/ubuntu/optiAstaRos2_ws/install/optiastaros2/bin'
[11.789s] [34mcolcon.colcon_core.environment[0m [1;30mLevel 1[0m create_environment_scripts_only(optiastaros2)
[11.794s] [34mcolcon.colcon_core.shell[0m [1;30mINFO[0m Creating package script '/home/ubuntu/optiAstaRos2_ws/install/optiastaros2/share/optiastaros2/package.ps1'
[11.796s] [34mcolcon.colcon_core.shell[0m [1;30mINFO[0m Creating package descriptor '/home/ubuntu/optiAstaRos2_ws/install/optiastaros2/share/optiastaros2/package.dsv'
[11.798s] [34mcolcon.colcon_core.shell[0m [1;30mINFO[0m Creating package script '/home/ubuntu/optiAstaRos2_ws/install/optiastaros2/share/optiastaros2/package.sh'
[11.801s] [34mcolcon.colcon_core.shell[0m [1;30mINFO[0m Creating package script '/home/ubuntu/optiAstaRos2_ws/install/optiastaros2/share/optiastaros2/package.bash'
[11.802s] [34mcolcon.colcon_core.shell[0m [1;30mINFO[0m Creating package script '/home/ubuntu/optiAstaRos2_ws/install/optiastaros2/share/optiastaros2/package.zsh'
[11.804s] [34mcolcon.colcon_core.environment[0m [1;30mLevel 1[0m create_file_with_runtime_dependencies(/home/ubuntu/optiAstaRos2_ws/install/optiastaros2/share/colcon-core/packages/optiastaros2)
[11.805s] [34mcolcon.colcon_parallel_executor.executor.parallel[0m [1;30mDEBUG[0m [32mclosing loop[0m
[11.806s] [34mcolcon.colcon_parallel_executor.executor.parallel[0m [1;30mDEBUG[0m [32mloop closed[0m
[11.807s] [34mcolcon.colcon_parallel_executor.executor.parallel[0m [1;30mDEBUG[0m [32mrun_until_complete finished with '0'[0m
[11.807s] [34mcolcon.colcon_core.event_reactor[0m [1;30mDEBUG[0m [32mjoining thread[0m
[11.842s] [34mcolcon.colcon_core.plugin_system[0m [1;30mINFO[0m Skipping extension 'colcon_notification.desktop_notification.terminal_notifier': Not used on non-Darwin systems
[11.843s] [34mcolcon.colcon_core.plugin_system[0m [1;30mINFO[0m Skipping extension 'colcon_notification.desktop_notification.win32': Not used on non-Windows systems
[11.843s] [34mcolcon.colcon_notification.desktop_notification[0m [1;30mINFO[0m Sending desktop notification using 'notify2'
[11.849s] [34mcolcon.colcon_notification.desktop_notification.notify2[0m [1;30mDEBUG[0m [32mFailed to initialize notify2: org.freedesktop.DBus.Error.ServiceUnknown: The name org.freedesktop.Notifications was not provided by any .service files[0m
[11.850s] [34mcolcon.colcon_core.event_reactor[0m [1;30mDEBUG[0m [32mjoined thread[0m
[11.856s] [34mcolcon.colcon_core.shell[0m [1;30mINFO[0m Creating prefix script '/home/ubuntu/optiAstaRos2_ws/install/local_setup.ps1'
[11.864s] [34mcolcon.colcon_core.shell[0m [1;30mINFO[0m Creating prefix util module '/home/ubuntu/optiAstaRos2_ws/install/_local_setup_util_ps1.py'
[11.873s] [34mcolcon.colcon_core.shell[0m [1;30mINFO[0m Creating prefix chain script '/home/ubuntu/optiAstaRos2_ws/install/setup.ps1'
[11.881s] [34mcolcon.colcon_core.shell[0m [1;30mINFO[0m Creating prefix script '/home/ubuntu/optiAstaRos2_ws/install/local_setup.sh'
[11.884s] [34mcolcon.colcon_core.shell[0m [1;30mINFO[0m Creating prefix util module '/home/ubuntu/optiAstaRos2_ws/install/_local_setup_util_sh.py'
[11.887s] [34mcolcon.colcon_core.shell[0m [1;30mINFO[0m Creating prefix chain script '/home/ubuntu/optiAstaRos2_ws/install/setup.sh'
[11.893s] [34mcolcon.colcon_core.shell[0m [1;30mINFO[0m Creating prefix script '/home/ubuntu/optiAstaRos2_ws/install/local_setup.bash'
[11.897s] [34mcolcon.colcon_core.shell[0m [1;30mINFO[0m Creating prefix chain script '/home/ubuntu/optiAstaRos2_ws/install/setup.bash'
[11.902s] [34mcolcon.colcon_core.shell[0m [1;30mINFO[0m Creating prefix script '/home/ubuntu/optiAstaRos2_ws/install/local_setup.zsh'
[11.905s] [34mcolcon.colcon_core.shell[0m [1;30mINFO[0m Creating prefix chain script '/home/ubuntu/optiAstaRos2_ws/install/setup.zsh'
