[2.604s] Invoking command in '/home/ubuntu/optiAstaRos2_ws/src/optiastaros2': PYTHONPATH=/home/ubuntu/optiAstaRos2_ws/build/optiastaros2/prefix_override:/home/ubuntu/optiAstaRos2_ws/install/optiastaros2/lib/python3.10/site-packages:${PYTHONPATH} /usr/bin/python3 setup.py egg_info --egg-base ../../build/optiastaros2 build --build-base /home/ubuntu/optiAstaRos2_ws/build/optiastaros2/build install --record /home/ubuntu/optiAstaRos2_ws/build/optiastaros2/install.log --single-version-externally-managed
[3.611s] running egg_info
[3.613s] writing ../../build/optiastaros2/optiastaros2.egg-info/PKG-INFO
[3.614s] writing dependency_links to ../../build/optiastaros2/optiastaros2.egg-info/dependency_links.txt
[3.615s] writing entry points to ../../build/optiastaros2/optiastaros2.egg-info/entry_points.txt
[3.616s] writing requirements to ../../build/optiastaros2/optiastaros2.egg-info/requires.txt
[3.617s] writing top-level names to ../../build/optiastaros2/optiastaros2.egg-info/top_level.txt
[3.625s] reading manifest file '../../build/optiastaros2/optiastaros2.egg-info/SOURCES.txt'
[3.629s] writing manifest file '../../build/optiastaros2/optiastaros2.egg-info/SOURCES.txt'
[3.630s] running build
[3.630s] running build_py
[3.633s] running install
[3.633s] /usr/lib/python3/dist-packages/setuptools/command/install.py:34: SetuptoolsDeprecationWarning: setup.py install is deprecated. Use build and pip and other standards-based tools.
[3.634s]   warnings.warn(
[3.635s] running install_lib
[3.641s] running install_data
[3.644s] running install_egg_info
[3.650s] removing '/home/ubuntu/optiAstaRos2_ws/install/optiastaros2/lib/python3.10/site-packages/optiastaros2-0.0.0-py3.10.egg-info' (and everything under it)
[3.652s] Copying ../../build/optiastaros2/optiastaros2.egg-info to /home/ubuntu/optiAstaRos2_ws/install/optiastaros2/lib/python3.10/site-packages/optiastaros2-0.0.0-py3.10.egg-info
[3.657s] running install_scripts
[3.735s] Installing controller_node script to /home/ubuntu/optiAstaRos2_ws/install/optiastaros2/lib/optiastaros2
[3.736s] Installing pubdata_node script to /home/ubuntu/optiAstaRos2_ws/install/optiastaros2/lib/optiastaros2
[3.738s] writing list of installed files to '/home/ubuntu/optiAstaRos2_ws/build/optiastaros2/install.log'
[3.861s] Invoked command in '/home/ubuntu/optiAstaRos2_ws/src/optiastaros2' returned '0': PYTHONPATH=/home/ubuntu/optiAstaRos2_ws/build/optiastaros2/prefix_override:/home/ubuntu/optiAstaRos2_ws/install/optiastaros2/lib/python3.10/site-packages:${PYTHONPATH} /usr/bin/python3 setup.py egg_info --egg-base ../../build/optiastaros2 build --build-base /home/ubuntu/optiAstaRos2_ws/build/optiastaros2/build install --record /home/ubuntu/optiAstaRos2_ws/build/optiastaros2/install.log --single-version-externally-managed
