[3.417s] Invoking command in '/home/ubuntu/optiAstaRos2_ws/src/optiastaros2': PYTHONPATH=/home/ubuntu/optiAstaRos2_ws/build/optiastaros2/prefix_override:/home/ubuntu/optiAstaRos2_ws/install/optiastaros2/lib/python3.10/site-packages:${PYTHONPATH} /usr/bin/python3 setup.py egg_info --egg-base ../../build/optiastaros2 build --build-base /home/ubuntu/optiAstaRos2_ws/build/optiastaros2/build install --record /home/ubuntu/optiAstaRos2_ws/build/optiastaros2/install.log --single-version-externally-managed
[4.815s] running egg_info
[4.819s] writing ../../build/optiastaros2/optiastaros2.egg-info/PKG-INFO
[4.820s] writing dependency_links to ../../build/optiastaros2/optiastaros2.egg-info/dependency_links.txt
[4.821s] writing entry points to ../../build/optiastaros2/optiastaros2.egg-info/entry_points.txt
[4.822s] writing requirements to ../../build/optiastaros2/optiastaros2.egg-info/requires.txt
[4.823s] writing top-level names to ../../build/optiastaros2/optiastaros2.egg-info/top_level.txt
[4.833s] reading manifest file '../../build/optiastaros2/optiastaros2.egg-info/SOURCES.txt'
[4.838s] writing manifest file '../../build/optiastaros2/optiastaros2.egg-info/SOURCES.txt'
[4.839s] running build
[4.840s] running build_py
[4.841s] copying optiastaros2/purePursuit.py -> /home/ubuntu/optiAstaRos2_ws/build/optiastaros2/build/lib/optiastaros2
[4.844s] running install
[4.844s] /usr/lib/python3/dist-packages/setuptools/command/install.py:34: SetuptoolsDeprecationWarning: setup.py install is deprecated. Use build and pip and other standards-based tools.
[4.845s]   warnings.warn(
[4.846s] running install_lib
[4.850s] copying /home/ubuntu/optiAstaRos2_ws/build/optiastaros2/build/lib/optiastaros2/purePursuit.py -> /home/ubuntu/optiAstaRos2_ws/install/optiastaros2/lib/python3.10/site-packages/optiastaros2
[4.854s] byte-compiling /home/ubuntu/optiAstaRos2_ws/install/optiastaros2/lib/python3.10/site-packages/optiastaros2/purePursuit.py to purePursuit.cpython-310.pyc
[4.859s] running install_data
[4.862s] copying optiastaros2/purePursuit.py -> /home/ubuntu/optiAstaRos2_ws/install/optiastaros2/lib/optiastaros2
[4.864s] running install_egg_info
[4.871s] removing '/home/ubuntu/optiAstaRos2_ws/install/optiastaros2/lib/python3.10/site-packages/optiastaros2-0.0.0-py3.10.egg-info' (and everything under it)
[4.874s] Copying ../../build/optiastaros2/optiastaros2.egg-info to /home/ubuntu/optiAstaRos2_ws/install/optiastaros2/lib/python3.10/site-packages/optiastaros2-0.0.0-py3.10.egg-info
[4.881s] running install_scripts
[4.975s] Installing controller_node script to /home/ubuntu/optiAstaRos2_ws/install/optiastaros2/lib/optiastaros2
[4.976s] Installing pubdata_node script to /home/ubuntu/optiAstaRos2_ws/install/optiastaros2/lib/optiastaros2
[4.979s] writing list of installed files to '/home/ubuntu/optiAstaRos2_ws/build/optiastaros2/install.log'
[5.138s] Invoked command in '/home/ubuntu/optiAstaRos2_ws/src/optiastaros2' returned '0': PYTHONPATH=/home/ubuntu/optiAstaRos2_ws/build/optiastaros2/prefix_override:/home/ubuntu/optiAstaRos2_ws/install/optiastaros2/lib/python3.10/site-packages:${PYTHONPATH} /usr/bin/python3 setup.py egg_info --egg-base ../../build/optiastaros2 build --build-base /home/ubuntu/optiAstaRos2_ws/build/optiastaros2/build install --record /home/ubuntu/optiAstaRos2_ws/build/optiastaros2/install.log --single-version-externally-managed
