[2.951s] [34mcolcon[0m [1;30mDEBUG[0m [32mCommand line arguments: ['/usr/bin/colcon', 'build'][0m
[2.951s] [34mcolcon[0m [1;30mDEBUG[0m [32mParsed command line arguments: Namespace(log_base=None, log_level=None, verb_name='build', build_base='build', install_base='install', merge_install=False, symlink_install=False, test_result_base=None, continue_on_error=False, executor='parallel', parallel_workers=4, event_handlers=None, ignore_user_meta=False, metas=['./colcon.meta'], base_paths=['.'], packages_ignore=None, packages_ignore_regex=None, paths=None, packages_up_to=None, packages_up_to_regex=None, packages_above=None, packages_above_and_dependencies=None, packages_above_depth=None, packages_select_by_dep=None, packages_skip_by_dep=None, packages_skip_up_to=None, packages_select_build_failed=False, packages_skip_build_finished=False, packages_select_test_failures=False, packages_skip_test_passed=False, packages_select=None, packages_skip=None, packages_select_regex=None, packages_skip_regex=None, packages_start=None, packages_end=None, allow_overriding=[], cmake_args=None, cmake_target=None, cmake_target_skip_unavailable=False, cmake_clean_cache=False, cmake_clean_first=False, cmake_force_configure=False, ament_cmake_args=None, catkin_cmake_args=None, catkin_skip_building_tests=False, verb_parser=<colcon_defaults.argument_parser.defaults.DefaultArgumentsDecorator object at 0xffffad462560>, verb_extension=<colcon_core.verb.build.BuildVerb object at 0xffffadebf3d0>, main=<bound method BuildVerb.main of <colcon_core.verb.build.BuildVerb object at 0xffffadebf3d0>>)[0m
[3.182s] [34mcolcon.colcon_core.package_discovery[0m [1;30mLevel 1[0m discover_packages(colcon_meta) check parameters
[3.182s] [34mcolcon.colcon_core.package_discovery[0m [1;30mLevel 1[0m discover_packages(recursive) check parameters
[3.182s] [34mcolcon.colcon_core.package_discovery[0m [1;30mLevel 1[0m discover_packages(ignore) check parameters
[3.182s] [34mcolcon.colcon_core.package_discovery[0m [1;30mLevel 1[0m discover_packages(path) check parameters
[3.183s] [34mcolcon.colcon_core.package_discovery[0m [1;30mLevel 1[0m discover_packages(colcon_meta) discover
[3.215s] [34mcolcon.colcon_core.package_discovery[0m [1;30mLevel 1[0m discover_packages(recursive) discover
[3.215s] [34mcolcon.colcon_core.package_discovery[0m [1;30mINFO[0m Crawling recursively for packages in '/home/ubuntu/optiAstaRos2_ws'
[3.216s] [34mcolcon.colcon_core.package_identification[0m [1;30mLevel 1[0m _identify(.) by extensions ['ignore', 'ignore_ament_install']
[3.216s] [34mcolcon.colcon_core.package_identification[0m [1;30mLevel 1[0m _identify(.) by extension 'ignore'
[3.216s] [34mcolcon.colcon_core.package_identification[0m [1;30mLevel 1[0m _identify(.) by extension 'ignore_ament_install'
[3.217s] [34mcolcon.colcon_core.package_identification[0m [1;30mLevel 1[0m _identify(.) by extensions ['colcon_pkg']
[3.217s] [34mcolcon.colcon_core.package_identification[0m [1;30mLevel 1[0m _identify(.) by extension 'colcon_pkg'
[3.217s] [34mcolcon.colcon_core.package_identification[0m [1;30mLevel 1[0m _identify(.) by extensions ['colcon_meta']
[3.217s] [34mcolcon.colcon_core.package_identification[0m [1;30mLevel 1[0m _identify(.) by extension 'colcon_meta'
[3.217s] [34mcolcon.colcon_core.package_identification[0m [1;30mLevel 1[0m _identify(.) by extensions ['ros']
[3.217s] [34mcolcon.colcon_core.package_identification[0m [1;30mLevel 1[0m _identify(.) by extension 'ros'
[3.289s] [34mcolcon.colcon_core.package_identification[0m [1;30mLevel 1[0m _identify(.) by extensions ['cmake', 'python']
[3.290s] [34mcolcon.colcon_core.package_identification[0m [1;30mLevel 1[0m _identify(.) by extension 'cmake'
[3.290s] [34mcolcon.colcon_core.package_identification[0m [1;30mLevel 1[0m _identify(.) by extension 'python'
[3.290s] [34mcolcon.colcon_core.package_identification[0m [1;30mLevel 1[0m _identify(.) by extensions ['python_setup_py']
[3.290s] [34mcolcon.colcon_core.package_identification[0m [1;30mLevel 1[0m _identify(.) by extension 'python_setup_py'
[3.291s] [34mcolcon.colcon_core.package_identification[0m [1;30mLevel 1[0m _identify(build) by extensions ['ignore', 'ignore_ament_install']
[3.291s] [34mcolcon.colcon_core.package_identification[0m [1;30mLevel 1[0m _identify(build) by extension 'ignore'
[3.291s] [34mcolcon.colcon_core.package_identification[0m [1;30mLevel 1[0m _identify(build) ignored
[3.292s] [34mcolcon.colcon_core.package_identification[0m [1;30mLevel 1[0m _identify(install) by extensions ['ignore', 'ignore_ament_install']
[3.292s] [34mcolcon.colcon_core.package_identification[0m [1;30mLevel 1[0m _identify(install) by extension 'ignore'
[3.292s] [34mcolcon.colcon_core.package_identification[0m [1;30mLevel 1[0m _identify(install) ignored
[3.294s] [34mcolcon.colcon_core.package_identification[0m [1;30mLevel 1[0m _identify(log) by extensions ['ignore', 'ignore_ament_install']
[3.294s] [34mcolcon.colcon_core.package_identification[0m [1;30mLevel 1[0m _identify(log) by extension 'ignore'
[3.294s] [34mcolcon.colcon_core.package_identification[0m [1;30mLevel 1[0m _identify(log) ignored
[3.294s] [34mcolcon.colcon_core.package_identification[0m [1;30mLevel 1[0m _identify(src) by extensions ['ignore', 'ignore_ament_install']
[3.295s] [34mcolcon.colcon_core.package_identification[0m [1;30mLevel 1[0m _identify(src) by extension 'ignore'
[3.295s] [34mcolcon.colcon_core.package_identification[0m [1;30mLevel 1[0m _identify(src) by extension 'ignore_ament_install'
[3.295s] [34mcolcon.colcon_core.package_identification[0m [1;30mLevel 1[0m _identify(src) by extensions ['colcon_pkg']
[3.295s] [34mcolcon.colcon_core.package_identification[0m [1;30mLevel 1[0m _identify(src) by extension 'colcon_pkg'
[3.296s] [34mcolcon.colcon_core.package_identification[0m [1;30mLevel 1[0m _identify(src) by extensions ['colcon_meta']
[3.296s] [34mcolcon.colcon_core.package_identification[0m [1;30mLevel 1[0m _identify(src) by extension 'colcon_meta'
[3.296s] [34mcolcon.colcon_core.package_identification[0m [1;30mLevel 1[0m _identify(src) by extensions ['ros']
[3.296s] [34mcolcon.colcon_core.package_identification[0m [1;30mLevel 1[0m _identify(src) by extension 'ros'
[3.296s] [34mcolcon.colcon_core.package_identification[0m [1;30mLevel 1[0m _identify(src) by extensions ['cmake', 'python']
[3.296s] [34mcolcon.colcon_core.package_identification[0m [1;30mLevel 1[0m _identify(src) by extension 'cmake'
[3.297s] [34mcolcon.colcon_core.package_identification[0m [1;30mLevel 1[0m _identify(src) by extension 'python'
[3.297s] [34mcolcon.colcon_core.package_identification[0m [1;30mLevel 1[0m _identify(src) by extensions ['python_setup_py']
[3.297s] [34mcolcon.colcon_core.package_identification[0m [1;30mLevel 1[0m _identify(src) by extension 'python_setup_py'
[3.297s] [34mcolcon.colcon_core.package_identification[0m [1;30mLevel 1[0m _identify(src/optiastaros2) by extensions ['ignore', 'ignore_ament_install']
[3.298s] [34mcolcon.colcon_core.package_identification[0m [1;30mLevel 1[0m _identify(src/optiastaros2) by extension 'ignore'
[3.298s] [34mcolcon.colcon_core.package_identification[0m [1;30mLevel 1[0m _identify(src/optiastaros2) by extension 'ignore_ament_install'
[3.298s] [34mcolcon.colcon_core.package_identification[0m [1;30mLevel 1[0m _identify(src/optiastaros2) by extensions ['colcon_pkg']
[3.298s] [34mcolcon.colcon_core.package_identification[0m [1;30mLevel 1[0m _identify(src/optiastaros2) by extension 'colcon_pkg'
[3.298s] [34mcolcon.colcon_core.package_identification[0m [1;30mLevel 1[0m _identify(src/optiastaros2) by extensions ['colcon_meta']
[3.299s] [34mcolcon.colcon_core.package_identification[0m [1;30mLevel 1[0m _identify(src/optiastaros2) by extension 'colcon_meta'
[3.299s] [34mcolcon.colcon_core.package_identification[0m [1;30mLevel 1[0m _identify(src/optiastaros2) by extensions ['ros']
[3.299s] [34mcolcon.colcon_core.package_identification[0m [1;30mLevel 1[0m _identify(src/optiastaros2) by extension 'ros'
[3.318s] [34mcolcon.colcon_core.package_identification[0m [1;30mDEBUG[0m [32mPackage 'src/optiastaros2' with type 'ros.ament_python' and name 'optiastaros2'[0m
[3.319s] [34mcolcon.colcon_core.package_identification[0m [1;30mLevel 1[0m _identify(src/rigidbody_msgs) by extensions ['ignore', 'ignore_ament_install']
[3.320s] [34mcolcon.colcon_core.package_identification[0m [1;30mLevel 1[0m _identify(src/rigidbody_msgs) by extension 'ignore'
[3.320s] [34mcolcon.colcon_core.package_identification[0m [1;30mLevel 1[0m _identify(src/rigidbody_msgs) by extension 'ignore_ament_install'
[3.321s] [34mcolcon.colcon_core.package_identification[0m [1;30mLevel 1[0m _identify(src/rigidbody_msgs) by extensions ['colcon_pkg']
[3.321s] [34mcolcon.colcon_core.package_identification[0m [1;30mLevel 1[0m _identify(src/rigidbody_msgs) by extension 'colcon_pkg'
[3.321s] [34mcolcon.colcon_core.package_identification[0m [1;30mLevel 1[0m _identify(src/rigidbody_msgs) by extensions ['colcon_meta']
[3.321s] [34mcolcon.colcon_core.package_identification[0m [1;30mLevel 1[0m _identify(src/rigidbody_msgs) by extension 'colcon_meta'
[3.322s] [34mcolcon.colcon_core.package_identification[0m [1;30mLevel 1[0m _identify(src/rigidbody_msgs) by extensions ['ros']
[3.322s] [34mcolcon.colcon_core.package_identification[0m [1;30mLevel 1[0m _identify(src/rigidbody_msgs) by extension 'ros'
[3.327s] [34mcolcon.colcon_core.package_identification[0m [1;30mDEBUG[0m [32mPackage 'src/rigidbody_msgs' with type 'ros.ament_cmake' and name 'rigidbody_msgs'[0m
[3.328s] [34mcolcon.colcon_core.package_discovery[0m [1;30mLevel 1[0m discover_packages(recursive) using defaults
[3.328s] [34mcolcon.colcon_core.package_discovery[0m [1;30mLevel 1[0m discover_packages(ignore) discover
[3.328s] [34mcolcon.colcon_core.package_discovery[0m [1;30mLevel 1[0m discover_packages(ignore) using defaults
[3.328s] [34mcolcon.colcon_core.package_discovery[0m [1;30mLevel 1[0m discover_packages(path) discover
[3.328s] [34mcolcon.colcon_core.package_discovery[0m [1;30mLevel 1[0m discover_packages(path) using defaults
[3.461s] [34mcolcon.colcon_core.package_discovery[0m [1;30mLevel 1[0m discover_packages(prefix_path) check parameters
[3.461s] [34mcolcon.colcon_core.package_discovery[0m [1;30mLevel 1[0m discover_packages(prefix_path) discover
[3.488s] [34mcolcon.colcon_installed_package_information.package_discovery[0m [1;30mDEBUG[0m [32mFound 270 installed packages in /opt/ros/humble[0m
[3.495s] [34mcolcon.colcon_core.package_discovery[0m [1;30mLevel 1[0m discover_packages(prefix_path) using defaults
[3.760s] [34mcolcon.colcon_core.verb[0m [1;30mLevel 5[0m set package 'rigidbody_msgs' build argument 'cmake_args' from command line to 'None'
[3.760s] [34mcolcon.colcon_core.verb[0m [1;30mLevel 5[0m set package 'rigidbody_msgs' build argument 'cmake_target' from command line to 'None'
[3.760s] [34mcolcon.colcon_core.verb[0m [1;30mLevel 5[0m set package 'rigidbody_msgs' build argument 'cmake_target_skip_unavailable' from command line to 'False'
[3.761s] [34mcolcon.colcon_core.verb[0m [1;30mLevel 5[0m set package 'rigidbody_msgs' build argument 'cmake_clean_cache' from command line to 'False'
[3.761s] [34mcolcon.colcon_core.verb[0m [1;30mLevel 5[0m set package 'rigidbody_msgs' build argument 'cmake_clean_first' from command line to 'False'
[3.761s] [34mcolcon.colcon_core.verb[0m [1;30mLevel 5[0m set package 'rigidbody_msgs' build argument 'cmake_force_configure' from command line to 'False'
[3.761s] [34mcolcon.colcon_core.verb[0m [1;30mLevel 5[0m set package 'rigidbody_msgs' build argument 'ament_cmake_args' from command line to 'None'
[3.761s] [34mcolcon.colcon_core.verb[0m [1;30mLevel 5[0m set package 'rigidbody_msgs' build argument 'catkin_cmake_args' from command line to 'None'
[3.761s] [34mcolcon.colcon_core.verb[0m [1;30mLevel 5[0m set package 'rigidbody_msgs' build argument 'catkin_skip_building_tests' from command line to 'False'
[3.761s] [34mcolcon.colcon_core.verb[0m [1;30mDEBUG[0m [32mBuilding package 'rigidbody_msgs' with the following arguments: {'ament_cmake_args': None, 'build_base': '/home/ubuntu/optiAstaRos2_ws/build/rigidbody_msgs', 'catkin_cmake_args': None, 'catkin_skip_building_tests': False, 'cmake_args': None, 'cmake_clean_cache': False, 'cmake_clean_first': False, 'cmake_force_configure': False, 'cmake_target': None, 'cmake_target_skip_unavailable': False, 'install_base': '/home/ubuntu/optiAstaRos2_ws/install/rigidbody_msgs', 'merge_install': False, 'path': '/home/ubuntu/optiAstaRos2_ws/src/rigidbody_msgs', 'symlink_install': False, 'test_result_base': None}[0m
[3.765s] [34mcolcon.colcon_core.verb[0m [1;30mLevel 5[0m set package 'optiastaros2' build argument 'cmake_args' from command line to 'None'
[3.766s] [34mcolcon.colcon_core.verb[0m [1;30mLevel 5[0m set package 'optiastaros2' build argument 'cmake_target' from command line to 'None'
[3.766s] [34mcolcon.colcon_core.verb[0m [1;30mLevel 5[0m set package 'optiastaros2' build argument 'cmake_target_skip_unavailable' from command line to 'False'
[3.766s] [34mcolcon.colcon_core.verb[0m [1;30mLevel 5[0m set package 'optiastaros2' build argument 'cmake_clean_cache' from command line to 'False'
[3.766s] [34mcolcon.colcon_core.verb[0m [1;30mLevel 5[0m set package 'optiastaros2' build argument 'cmake_clean_first' from command line to 'False'
[3.766s] [34mcolcon.colcon_core.verb[0m [1;30mLevel 5[0m set package 'optiastaros2' build argument 'cmake_force_configure' from command line to 'False'
[3.766s] [34mcolcon.colcon_core.verb[0m [1;30mLevel 5[0m set package 'optiastaros2' build argument 'ament_cmake_args' from command line to 'None'
[3.766s] [34mcolcon.colcon_core.verb[0m [1;30mLevel 5[0m set package 'optiastaros2' build argument 'catkin_cmake_args' from command line to 'None'
[3.766s] [34mcolcon.colcon_core.verb[0m [1;30mLevel 5[0m set package 'optiastaros2' build argument 'catkin_skip_building_tests' from command line to 'False'
[3.766s] [34mcolcon.colcon_core.verb[0m [1;30mDEBUG[0m [32mBuilding package 'optiastaros2' with the following arguments: {'ament_cmake_args': None, 'build_base': '/home/ubuntu/optiAstaRos2_ws/build/optiastaros2', 'catkin_cmake_args': None, 'catkin_skip_building_tests': False, 'cmake_args': None, 'cmake_clean_cache': False, 'cmake_clean_first': False, 'cmake_force_configure': False, 'cmake_target': None, 'cmake_target_skip_unavailable': False, 'install_base': '/home/ubuntu/optiAstaRos2_ws/install/optiastaros2', 'merge_install': False, 'path': '/home/ubuntu/optiAstaRos2_ws/src/optiastaros2', 'symlink_install': False, 'test_result_base': None}[0m
[3.769s] [34mcolcon.colcon_core.executor[0m [1;30mINFO[0m Executing jobs using 'parallel' executor
[3.783s] [34mcolcon.colcon_parallel_executor.executor.parallel[0m [1;30mDEBUG[0m [32mrun_until_complete[0m
[3.785s] [34mcolcon.colcon_ros.task.ament_cmake.build[0m [1;30mINFO[0m Building ROS package in '/home/ubuntu/optiAstaRos2_ws/src/rigidbody_msgs' with build type 'ament_cmake'
[3.785s] [34mcolcon.colcon_cmake.task.cmake.build[0m [1;30mINFO[0m Building CMake package in '/home/ubuntu/optiAstaRos2_ws/src/rigidbody_msgs'
[3.824s] [34mcolcon.colcon_core.plugin_system[0m [1;30mINFO[0m Skipping extension 'colcon_core.shell.bat': Not used on non-Windows systems
[3.825s] [34mcolcon.colcon_core.shell[0m [1;30mINFO[0m Skip shell extension 'powershell' for command environment: Not usable outside of PowerShell
[3.825s] [34mcolcon.colcon_core.shell[0m [1;30mDEBUG[0m [32mSkip shell extension 'dsv' for command environment[0m
[3.875s] [34mcolcon.colcon_core.event_handler.log_command[0m [1;30mDEBUG[0m [32mInvoking command in '/home/ubuntu/optiAstaRos2_ws/build/rigidbody_msgs': CMAKE_PREFIX_PATH=/opt/ros/humble /usr/bin/cmake --build /home/ubuntu/optiAstaRos2_ws/build/rigidbody_msgs -- -j4 -l4[0m
[5.988s] [34mcolcon.colcon_core.event_handler.log_command[0m [1;30mDEBUG[0m [32mInvoked command in '/home/ubuntu/optiAstaRos2_ws/build/rigidbody_msgs' returned '0': CMAKE_PREFIX_PATH=/opt/ros/humble /usr/bin/cmake --build /home/ubuntu/optiAstaRos2_ws/build/rigidbody_msgs -- -j4 -l4[0m
[6.456s] [34mcolcon.colcon_core.event_handler.log_command[0m [1;30mDEBUG[0m [32mInvoking command in '/home/ubuntu/optiAstaRos2_ws/build/rigidbody_msgs': CMAKE_PREFIX_PATH=/opt/ros/humble /usr/bin/cmake --install /home/ubuntu/optiAstaRos2_ws/build/rigidbody_msgs[0m
[6.798s] [34mcolcon.colcon_core.environment[0m [1;30mLevel 1[0m create_environment_scripts_only(rigidbody_msgs)
[6.802s] [34mcolcon.colcon_core.event_handler.log_command[0m [1;30mDEBUG[0m [32mInvoked command in '/home/ubuntu/optiAstaRos2_ws/build/rigidbody_msgs' returned '0': CMAKE_PREFIX_PATH=/opt/ros/humble /usr/bin/cmake --install /home/ubuntu/optiAstaRos2_ws/build/rigidbody_msgs[0m
[6.839s] [34mcolcon.colcon_core.environment[0m [1;30mLevel 1[0m checking '/home/ubuntu/optiAstaRos2_ws/install/rigidbody_msgs' for CMake module files
[6.845s] [34mcolcon.colcon_core.environment[0m [1;30mLevel 1[0m checking '/home/ubuntu/optiAstaRos2_ws/install/rigidbody_msgs' for CMake config files
[6.847s] [34mcolcon.colcon_core.shell[0m [1;30mLevel 1[0m create_environment_hook('rigidbody_msgs', 'cmake_prefix_path')
[6.853s] [34mcolcon.colcon_core.shell[0m [1;30mINFO[0m Creating environment hook '/home/ubuntu/optiAstaRos2_ws/install/rigidbody_msgs/share/rigidbody_msgs/hook/cmake_prefix_path.ps1'
[6.860s] [34mcolcon.colcon_core.shell[0m [1;30mINFO[0m Creating environment descriptor '/home/ubuntu/optiAstaRos2_ws/install/rigidbody_msgs/share/rigidbody_msgs/hook/cmake_prefix_path.dsv'
[6.864s] [34mcolcon.colcon_core.shell[0m [1;30mINFO[0m Creating environment hook '/home/ubuntu/optiAstaRos2_ws/install/rigidbody_msgs/share/rigidbody_msgs/hook/cmake_prefix_path.sh'
[6.869s] [34mcolcon.colcon_core.environment[0m [1;30mLevel 1[0m checking '/home/ubuntu/optiAstaRos2_ws/install/rigidbody_msgs/lib'
[6.871s] [34mcolcon.colcon_core.shell[0m [1;30mLevel 1[0m create_environment_hook('rigidbody_msgs', 'ld_library_path_lib')
[6.878s] [34mcolcon.colcon_core.shell[0m [1;30mINFO[0m Creating environment hook '/home/ubuntu/optiAstaRos2_ws/install/rigidbody_msgs/share/rigidbody_msgs/hook/ld_library_path_lib.ps1'
[6.880s] [34mcolcon.colcon_core.shell[0m [1;30mINFO[0m Creating environment descriptor '/home/ubuntu/optiAstaRos2_ws/install/rigidbody_msgs/share/rigidbody_msgs/hook/ld_library_path_lib.dsv'
[6.882s] [34mcolcon.colcon_core.shell[0m [1;30mINFO[0m Creating environment hook '/home/ubuntu/optiAstaRos2_ws/install/rigidbody_msgs/share/rigidbody_msgs/hook/ld_library_path_lib.sh'
[6.883s] [34mcolcon.colcon_core.environment[0m [1;30mLevel 1[0m checking '/home/ubuntu/optiAstaRos2_ws/install/rigidbody_msgs/bin'
[6.884s] [34mcolcon.colcon_core.environment[0m [1;30mLevel 1[0m checking '/home/ubuntu/optiAstaRos2_ws/install/rigidbody_msgs/lib/pkgconfig/rigidbody_msgs.pc'
[6.885s] [34mcolcon.colcon_core.environment[0m [1;30mLevel 1[0m checking '/home/ubuntu/optiAstaRos2_ws/install/rigidbody_msgs/lib/python3.10/site-packages'
[6.886s] [34mcolcon.colcon_core.environment[0m [1;30mLevel 1[0m checking '/home/ubuntu/optiAstaRos2_ws/install/rigidbody_msgs/bin'
[6.891s] [34mcolcon.colcon_core.shell[0m [1;30mINFO[0m Creating package script '/home/ubuntu/optiAstaRos2_ws/install/rigidbody_msgs/share/rigidbody_msgs/package.ps1'
[6.898s] [34mcolcon.colcon_core.shell[0m [1;30mINFO[0m Creating package descriptor '/home/ubuntu/optiAstaRos2_ws/install/rigidbody_msgs/share/rigidbody_msgs/package.dsv'
[6.902s] [34mcolcon.colcon_core.shell[0m [1;30mINFO[0m Creating package script '/home/ubuntu/optiAstaRos2_ws/install/rigidbody_msgs/share/rigidbody_msgs/package.sh'
[6.908s] [34mcolcon.colcon_core.shell[0m [1;30mINFO[0m Creating package script '/home/ubuntu/optiAstaRos2_ws/install/rigidbody_msgs/share/rigidbody_msgs/package.bash'
[6.913s] [34mcolcon.colcon_core.shell[0m [1;30mINFO[0m Creating package script '/home/ubuntu/optiAstaRos2_ws/install/rigidbody_msgs/share/rigidbody_msgs/package.zsh'
[6.918s] [34mcolcon.colcon_core.environment[0m [1;30mLevel 1[0m create_file_with_runtime_dependencies(/home/ubuntu/optiAstaRos2_ws/install/rigidbody_msgs/share/colcon-core/packages/rigidbody_msgs)
[7.332s] [34mcolcon.colcon_core.environment[0m [1;30mLevel 1[0m create_environment_scripts_only(rigidbody_msgs)
[7.339s] [34mcolcon.colcon_core.environment[0m [1;30mLevel 1[0m checking '/home/ubuntu/optiAstaRos2_ws/install/rigidbody_msgs' for CMake module files
[7.343s] [34mcolcon.colcon_core.environment[0m [1;30mLevel 1[0m checking '/home/ubuntu/optiAstaRos2_ws/install/rigidbody_msgs' for CMake config files
[7.345s] [34mcolcon.colcon_core.shell[0m [1;30mLevel 1[0m create_environment_hook('rigidbody_msgs', 'cmake_prefix_path')
[7.350s] [34mcolcon.colcon_core.shell[0m [1;30mINFO[0m Creating environment hook '/home/ubuntu/optiAstaRos2_ws/install/rigidbody_msgs/share/rigidbody_msgs/hook/cmake_prefix_path.ps1'
[7.352s] [34mcolcon.colcon_core.shell[0m [1;30mINFO[0m Creating environment descriptor '/home/ubuntu/optiAstaRos2_ws/install/rigidbody_msgs/share/rigidbody_msgs/hook/cmake_prefix_path.dsv'
[7.354s] [34mcolcon.colcon_core.shell[0m [1;30mINFO[0m Creating environment hook '/home/ubuntu/optiAstaRos2_ws/install/rigidbody_msgs/share/rigidbody_msgs/hook/cmake_prefix_path.sh'
[7.356s] [34mcolcon.colcon_core.environment[0m [1;30mLevel 1[0m checking '/home/ubuntu/optiAstaRos2_ws/install/rigidbody_msgs/lib'
[7.357s] [34mcolcon.colcon_core.shell[0m [1;30mLevel 1[0m create_environment_hook('rigidbody_msgs', 'ld_library_path_lib')
[7.362s] [34mcolcon.colcon_core.shell[0m [1;30mINFO[0m Creating environment hook '/home/ubuntu/optiAstaRos2_ws/install/rigidbody_msgs/share/rigidbody_msgs/hook/ld_library_path_lib.ps1'
[7.364s] [34mcolcon.colcon_core.shell[0m [1;30mINFO[0m Creating environment descriptor '/home/ubuntu/optiAstaRos2_ws/install/rigidbody_msgs/share/rigidbody_msgs/hook/ld_library_path_lib.dsv'
[7.365s] [34mcolcon.colcon_core.shell[0m [1;30mINFO[0m Creating environment hook '/home/ubuntu/optiAstaRos2_ws/install/rigidbody_msgs/share/rigidbody_msgs/hook/ld_library_path_lib.sh'
[7.367s] [34mcolcon.colcon_core.environment[0m [1;30mLevel 1[0m checking '/home/ubuntu/optiAstaRos2_ws/install/rigidbody_msgs/bin'
[7.367s] [34mcolcon.colcon_core.environment[0m [1;30mLevel 1[0m checking '/home/ubuntu/optiAstaRos2_ws/install/rigidbody_msgs/lib/pkgconfig/rigidbody_msgs.pc'
[7.368s] [34mcolcon.colcon_core.environment[0m [1;30mLevel 1[0m checking '/home/ubuntu/optiAstaRos2_ws/install/rigidbody_msgs/lib/python3.10/site-packages'
[7.369s] [34mcolcon.colcon_core.environment[0m [1;30mLevel 1[0m checking '/home/ubuntu/optiAstaRos2_ws/install/rigidbody_msgs/bin'
[7.374s] [34mcolcon.colcon_core.shell[0m [1;30mINFO[0m Creating package script '/home/ubuntu/optiAstaRos2_ws/install/rigidbody_msgs/share/rigidbody_msgs/package.ps1'
[7.377s] [34mcolcon.colcon_core.shell[0m [1;30mINFO[0m Creating package descriptor '/home/ubuntu/optiAstaRos2_ws/install/rigidbody_msgs/share/rigidbody_msgs/package.dsv'
[7.379s] [34mcolcon.colcon_core.shell[0m [1;30mINFO[0m Creating package script '/home/ubuntu/optiAstaRos2_ws/install/rigidbody_msgs/share/rigidbody_msgs/package.sh'
[7.381s] [34mcolcon.colcon_core.shell[0m [1;30mINFO[0m Creating package script '/home/ubuntu/optiAstaRos2_ws/install/rigidbody_msgs/share/rigidbody_msgs/package.bash'
[7.383s] [34mcolcon.colcon_core.shell[0m [1;30mINFO[0m Creating package script '/home/ubuntu/optiAstaRos2_ws/install/rigidbody_msgs/share/rigidbody_msgs/package.zsh'
[7.385s] [34mcolcon.colcon_core.environment[0m [1;30mLevel 1[0m create_file_with_runtime_dependencies(/home/ubuntu/optiAstaRos2_ws/install/rigidbody_msgs/share/colcon-core/packages/rigidbody_msgs)
[7.387s] [34mcolcon.colcon_ros.task.ament_python.build[0m [1;30mINFO[0m Building ROS package in '/home/ubuntu/optiAstaRos2_ws/src/optiastaros2' with build type 'ament_python'
[7.387s] [34mcolcon.colcon_core.shell[0m [1;30mLevel 1[0m create_environment_hook('optiastaros2', 'ament_prefix_path')
[7.392s] [34mcolcon.colcon_core.shell[0m [1;30mINFO[0m Creating environment hook '/home/ubuntu/optiAstaRos2_ws/install/optiastaros2/share/optiastaros2/hook/ament_prefix_path.ps1'
[7.395s] [34mcolcon.colcon_core.shell[0m [1;30mINFO[0m Creating environment descriptor '/home/ubuntu/optiAstaRos2_ws/install/optiastaros2/share/optiastaros2/hook/ament_prefix_path.dsv'
[7.397s] [34mcolcon.colcon_core.shell[0m [1;30mINFO[0m Creating environment hook '/home/ubuntu/optiAstaRos2_ws/install/optiastaros2/share/optiastaros2/hook/ament_prefix_path.sh'
[7.404s] [34mcolcon.colcon_core.shell[0m [1;30mINFO[0m Skip shell extension 'powershell' for command environment: Not usable outside of PowerShell
[7.404s] [34mcolcon.colcon_core.shell[0m [1;30mDEBUG[0m [32mSkip shell extension 'dsv' for command environment[0m
[8.532s] [34mcolcon.colcon_core.task.python.build[0m [1;30mINFO[0m Building Python package in '/home/ubuntu/optiAstaRos2_ws/src/optiastaros2'
[8.537s] [34mcolcon.colcon_core.shell[0m [1;30mINFO[0m Skip shell extension 'powershell' for command environment: Not usable outside of PowerShell
[8.537s] [34mcolcon.colcon_core.shell[0m [1;30mDEBUG[0m [32mSkip shell extension 'dsv' for command environment[0m
[10.175s] [34mcolcon.colcon_core.event_handler.log_command[0m [1;30mDEBUG[0m [32mInvoking command in '/home/ubuntu/optiAstaRos2_ws/src/optiastaros2': AMENT_PREFIX_PATH=/home/ubuntu/optiAstaRos2_ws/install/rigidbody_msgs:${AMENT_PREFIX_PATH} CMAKE_PREFIX_PATH=/home/ubuntu/optiAstaRos2_ws/install/rigidbody_msgs LD_LIBRARY_PATH=/home/ubuntu/optiAstaRos2_ws/install/rigidbody_msgs/lib:${LD_LIBRARY_PATH} PYTHONPATH=/home/ubuntu/optiAstaRos2_ws/build/optiastaros2/prefix_override:/home/ubuntu/optiAstaRos2_ws/install/optiastaros2/lib/python3.10/site-packages:/home/ubuntu/optiAstaRos2_ws/install/rigidbody_msgs/local/lib/python3.10/dist-packages:${PYTHONPATH} /usr/bin/python3 setup.py egg_info --egg-base ../../build/optiastaros2 build --build-base /home/ubuntu/optiAstaRos2_ws/build/optiastaros2/build install --record /home/ubuntu/optiAstaRos2_ws/build/optiastaros2/install.log --single-version-externally-managed[0m
[11.490s] [34mcolcon.colcon_core.environment[0m [1;30mLevel 1[0m checking '/home/ubuntu/optiAstaRos2_ws/install/optiastaros2' for CMake module files
[11.492s] [34mcolcon.colcon_core.event_handler.log_command[0m [1;30mDEBUG[0m [32mInvoked command in '/home/ubuntu/optiAstaRos2_ws/src/optiastaros2' returned '0': AMENT_PREFIX_PATH=/home/ubuntu/optiAstaRos2_ws/install/rigidbody_msgs:${AMENT_PREFIX_PATH} CMAKE_PREFIX_PATH=/home/ubuntu/optiAstaRos2_ws/install/rigidbody_msgs LD_LIBRARY_PATH=/home/ubuntu/optiAstaRos2_ws/install/rigidbody_msgs/lib:${LD_LIBRARY_PATH} PYTHONPATH=/home/ubuntu/optiAstaRos2_ws/build/optiastaros2/prefix_override:/home/ubuntu/optiAstaRos2_ws/install/optiastaros2/lib/python3.10/site-packages:/home/ubuntu/optiAstaRos2_ws/install/rigidbody_msgs/local/lib/python3.10/dist-packages:${PYTHONPATH} /usr/bin/python3 setup.py egg_info --egg-base ../../build/optiastaros2 build --build-base /home/ubuntu/optiAstaRos2_ws/build/optiastaros2/build install --record /home/ubuntu/optiAstaRos2_ws/build/optiastaros2/install.log --single-version-externally-managed[0m
[11.494s] [34mcolcon.colcon_core.environment[0m [1;30mLevel 1[0m checking '/home/ubuntu/optiAstaRos2_ws/install/optiastaros2' for CMake config files
[11.498s] [34mcolcon.colcon_core.environment[0m [1;30mLevel 1[0m checking '/home/ubuntu/optiAstaRos2_ws/install/optiastaros2/lib'
[11.498s] [34mcolcon.colcon_core.environment[0m [1;30mLevel 1[0m checking '/home/ubuntu/optiAstaRos2_ws/install/optiastaros2/bin'
[11.499s] [34mcolcon.colcon_core.environment[0m [1;30mLevel 1[0m checking '/home/ubuntu/optiAstaRos2_ws/install/optiastaros2/lib/pkgconfig/optiastaros2.pc'
[11.500s] [34mcolcon.colcon_core.environment[0m [1;30mLevel 1[0m checking '/home/ubuntu/optiAstaRos2_ws/install/optiastaros2/lib/python3.10/site-packages'
[11.500s] [34mcolcon.colcon_core.shell[0m [1;30mLevel 1[0m create_environment_hook('optiastaros2', 'pythonpath')
[11.505s] [34mcolcon.colcon_core.shell[0m [1;30mINFO[0m Creating environment hook '/home/ubuntu/optiAstaRos2_ws/install/optiastaros2/share/optiastaros2/hook/pythonpath.ps1'
[11.507s] [34mcolcon.colcon_core.shell[0m [1;30mINFO[0m Creating environment descriptor '/home/ubuntu/optiAstaRos2_ws/install/optiastaros2/share/optiastaros2/hook/pythonpath.dsv'
[11.508s] [34mcolcon.colcon_core.shell[0m [1;30mINFO[0m Creating environment hook '/home/ubuntu/optiAstaRos2_ws/install/optiastaros2/share/optiastaros2/hook/pythonpath.sh'
[11.511s] [34mcolcon.colcon_core.environment[0m [1;30mLevel 1[0m checking '/home/ubuntu/optiAstaRos2_ws/install/optiastaros2/bin'
[11.511s] [34mcolcon.colcon_core.environment[0m [1;30mLevel 1[0m create_environment_scripts_only(optiastaros2)
[11.517s] [34mcolcon.colcon_core.shell[0m [1;30mINFO[0m Creating package script '/home/ubuntu/optiAstaRos2_ws/install/optiastaros2/share/optiastaros2/package.ps1'
[11.519s] [34mcolcon.colcon_core.shell[0m [1;30mINFO[0m Creating package descriptor '/home/ubuntu/optiAstaRos2_ws/install/optiastaros2/share/optiastaros2/package.dsv'
[11.521s] [34mcolcon.colcon_core.shell[0m [1;30mINFO[0m Creating package script '/home/ubuntu/optiAstaRos2_ws/install/optiastaros2/share/optiastaros2/package.sh'
[11.523s] [34mcolcon.colcon_core.shell[0m [1;30mINFO[0m Creating package script '/home/ubuntu/optiAstaRos2_ws/install/optiastaros2/share/optiastaros2/package.bash'
[11.525s] [34mcolcon.colcon_core.shell[0m [1;30mINFO[0m Creating package script '/home/ubuntu/optiAstaRos2_ws/install/optiastaros2/share/optiastaros2/package.zsh'
[11.526s] [34mcolcon.colcon_core.environment[0m [1;30mLevel 1[0m create_file_with_runtime_dependencies(/home/ubuntu/optiAstaRos2_ws/install/optiastaros2/share/colcon-core/packages/optiastaros2)
[11.527s] [34mcolcon.colcon_parallel_executor.executor.parallel[0m [1;30mDEBUG[0m [32mclosing loop[0m
[11.529s] [34mcolcon.colcon_parallel_executor.executor.parallel[0m [1;30mDEBUG[0m [32mloop closed[0m
[11.529s] [34mcolcon.colcon_parallel_executor.executor.parallel[0m [1;30mDEBUG[0m [32mrun_until_complete finished with '0'[0m
[11.530s] [34mcolcon.colcon_core.event_reactor[0m [1;30mDEBUG[0m [32mjoining thread[0m
[11.565s] [34mcolcon.colcon_core.plugin_system[0m [1;30mINFO[0m Skipping extension 'colcon_notification.desktop_notification.terminal_notifier': Not used on non-Darwin systems
[11.565s] [34mcolcon.colcon_core.plugin_system[0m [1;30mINFO[0m Skipping extension 'colcon_notification.desktop_notification.win32': Not used on non-Windows systems
[11.565s] [34mcolcon.colcon_notification.desktop_notification[0m [1;30mINFO[0m Sending desktop notification using 'notify2'
[11.627s] [34mcolcon.colcon_core.event_reactor[0m [1;30mDEBUG[0m [32mjoined thread[0m
[11.633s] [34mcolcon.colcon_core.shell[0m [1;30mINFO[0m Creating prefix script '/home/ubuntu/optiAstaRos2_ws/install/local_setup.ps1'
[11.640s] [34mcolcon.colcon_core.shell[0m [1;30mINFO[0m Creating prefix util module '/home/ubuntu/optiAstaRos2_ws/install/_local_setup_util_ps1.py'
[11.650s] [34mcolcon.colcon_core.shell[0m [1;30mINFO[0m Creating prefix chain script '/home/ubuntu/optiAstaRos2_ws/install/setup.ps1'
[11.658s] [34mcolcon.colcon_core.shell[0m [1;30mINFO[0m Creating prefix script '/home/ubuntu/optiAstaRos2_ws/install/local_setup.sh'
[11.662s] [34mcolcon.colcon_core.shell[0m [1;30mINFO[0m Creating prefix util module '/home/ubuntu/optiAstaRos2_ws/install/_local_setup_util_sh.py'
[11.664s] [34mcolcon.colcon_core.shell[0m [1;30mINFO[0m Creating prefix chain script '/home/ubuntu/optiAstaRos2_ws/install/setup.sh'
[11.672s] [34mcolcon.colcon_core.shell[0m [1;30mINFO[0m Creating prefix script '/home/ubuntu/optiAstaRos2_ws/install/local_setup.bash'
[11.675s] [34mcolcon.colcon_core.shell[0m [1;30mINFO[0m Creating prefix chain script '/home/ubuntu/optiAstaRos2_ws/install/setup.bash'
[11.681s] [34mcolcon.colcon_core.shell[0m [1;30mINFO[0m Creating prefix script '/home/ubuntu/optiAstaRos2_ws/install/local_setup.zsh'
[11.684s] [34mcolcon.colcon_core.shell[0m [1;30mINFO[0m Creating prefix chain script '/home/ubuntu/optiAstaRos2_ws/install/setup.zsh'
