[2.584s] Invoking command in '/home/ubuntu/optiAstaRos2_ws/src/optiastaros2': PYTHONPATH=/home/ubuntu/optiAstaRos2_ws/build/optiastaros2/prefix_override:/home/ubuntu/optiAstaRos2_ws/install/optiastaros2/lib/python3.10/site-packages:${PYTHONPATH} /usr/bin/python3 setup.py egg_info --egg-base ../../build/optiastaros2 build --build-base /home/ubuntu/optiAstaRos2_ws/build/optiastaros2/build install --record /home/ubuntu/optiAstaRos2_ws/build/optiastaros2/install.log --single-version-externally-managed
[3.599s] running egg_info
[3.601s] writing ../../build/optiastaros2/optiastaros2.egg-info/PKG-INFO
[3.603s] writing dependency_links to ../../build/optiastaros2/optiastaros2.egg-info/dependency_links.txt
[3.603s] writing entry points to ../../build/optiastaros2/optiastaros2.egg-info/entry_points.txt
[3.604s] writing requirements to ../../build/optiastaros2/optiastaros2.egg-info/requires.txt
[3.605s] writing top-level names to ../../build/optiastaros2/optiastaros2.egg-info/top_level.txt
[3.614s] reading manifest file '../../build/optiastaros2/optiastaros2.egg-info/SOURCES.txt'
[3.618s] writing manifest file '../../build/optiastaros2/optiastaros2.egg-info/SOURCES.txt'
[3.618s] running build
[3.619s] running build_py
[3.620s] copying optiastaros2/controller_node.py -> /home/ubuntu/optiAstaRos2_ws/build/optiastaros2/build/lib/optiastaros2
[3.622s] running install
[3.623s] /usr/lib/python3/dist-packages/setuptools/command/install.py:34: SetuptoolsDeprecationWarning: setup.py install is deprecated. Use build and pip and other standards-based tools.
[3.623s]   warnings.warn(
[3.624s] running install_lib
[3.628s] copying /home/ubuntu/optiAstaRos2_ws/build/optiastaros2/build/lib/optiastaros2/controller_node.py -> /home/ubuntu/optiAstaRos2_ws/install/optiastaros2/lib/python3.10/site-packages/optiastaros2
[3.631s] byte-compiling /home/ubuntu/optiAstaRos2_ws/install/optiastaros2/lib/python3.10/site-packages/optiastaros2/controller_node.py to controller_node.cpython-310.pyc
[3.635s] running install_data
[3.638s] running install_egg_info
[3.644s] removing '/home/ubuntu/optiAstaRos2_ws/install/optiastaros2/lib/python3.10/site-packages/optiastaros2-0.0.0-py3.10.egg-info' (and everything under it)
[3.646s] Copying ../../build/optiastaros2/optiastaros2.egg-info to /home/ubuntu/optiAstaRos2_ws/install/optiastaros2/lib/python3.10/site-packages/optiastaros2-0.0.0-py3.10.egg-info
[3.651s] running install_scripts
[3.729s] Installing controller_node script to /home/ubuntu/optiAstaRos2_ws/install/optiastaros2/lib/optiastaros2
[3.730s] Installing pubdata_node script to /home/ubuntu/optiAstaRos2_ws/install/optiastaros2/lib/optiastaros2
[3.732s] writing list of installed files to '/home/ubuntu/optiAstaRos2_ws/build/optiastaros2/install.log'
[3.855s] Invoked command in '/home/ubuntu/optiAstaRos2_ws/src/optiastaros2' returned '0': PYTHONPATH=/home/ubuntu/optiAstaRos2_ws/build/optiastaros2/prefix_override:/home/ubuntu/optiAstaRos2_ws/install/optiastaros2/lib/python3.10/site-packages:${PYTHONPATH} /usr/bin/python3 setup.py egg_info --egg-base ../../build/optiastaros2 build --build-base /home/ubuntu/optiAstaRos2_ws/build/optiastaros2/build install --record /home/ubuntu/optiAstaRos2_ws/build/optiastaros2/install.log --single-version-externally-managed
