[2.126s] [34mcolcon[0m [1;30mDEBUG[0m [32mCommand line arguments: ['/usr/bin/colcon', 'build'][0m
[2.126s] [34mcolcon[0m [1;30mDEBUG[0m [32mParsed command line arguments: Namespace(log_base=None, log_level=None, verb_name='build', build_base='build', install_base='install', merge_install=False, symlink_install=False, test_result_base=None, continue_on_error=False, executor='parallel', parallel_workers=4, event_handlers=None, ignore_user_meta=False, metas=['./colcon.meta'], base_paths=['.'], packages_ignore=None, packages_ignore_regex=None, paths=None, packages_up_to=None, packages_up_to_regex=None, packages_above=None, packages_above_and_dependencies=None, packages_above_depth=None, packages_select_by_dep=None, packages_skip_by_dep=None, packages_skip_up_to=None, packages_select_build_failed=False, packages_skip_build_finished=False, packages_select_test_failures=False, packages_skip_test_passed=False, packages_select=None, packages_skip=None, packages_select_regex=None, packages_skip_regex=None, packages_start=None, packages_end=None, allow_overriding=[], cmake_args=None, cmake_target=None, cmake_target_skip_unavailable=False, cmake_clean_cache=False, cmake_clean_first=False, cmake_force_configure=False, ament_cmake_args=None, catkin_cmake_args=None, catkin_skip_building_tests=False, verb_parser=<colcon_defaults.argument_parser.defaults.DefaultArgumentsDecorator object at 0xffffae661510>, verb_extension=<colcon_core.verb.build.BuildVerb object at 0xffffaf0bd390>, main=<bound method BuildVerb.main of <colcon_core.verb.build.BuildVerb object at 0xffffaf0bd390>>)[0m
[2.349s] [34mcolcon.colcon_core.package_discovery[0m [1;30mLevel 1[0m discover_packages(colcon_meta) check parameters
[2.350s] [34mcolcon.colcon_core.package_discovery[0m [1;30mLevel 1[0m discover_packages(recursive) check parameters
[2.350s] [34mcolcon.colcon_core.package_discovery[0m [1;30mLevel 1[0m discover_packages(ignore) check parameters
[2.350s] [34mcolcon.colcon_core.package_discovery[0m [1;30mLevel 1[0m discover_packages(path) check parameters
[2.350s] [34mcolcon.colcon_core.package_discovery[0m [1;30mLevel 1[0m discover_packages(colcon_meta) discover
[2.382s] [34mcolcon.colcon_core.package_discovery[0m [1;30mLevel 1[0m discover_packages(recursive) discover
[2.383s] [34mcolcon.colcon_core.package_discovery[0m [1;30mINFO[0m Crawling recursively for packages in '/home/ubuntu/optiAstaRos2_ws'
[2.383s] [34mcolcon.colcon_core.package_identification[0m [1;30mLevel 1[0m _identify(.) by extensions ['ignore', 'ignore_ament_install']
[2.384s] [34mcolcon.colcon_core.package_identification[0m [1;30mLevel 1[0m _identify(.) by extension 'ignore'
[2.384s] [34mcolcon.colcon_core.package_identification[0m [1;30mLevel 1[0m _identify(.) by extension 'ignore_ament_install'
[2.384s] [34mcolcon.colcon_core.package_identification[0m [1;30mLevel 1[0m _identify(.) by extensions ['colcon_pkg']
[2.384s] [34mcolcon.colcon_core.package_identification[0m [1;30mLevel 1[0m _identify(.) by extension 'colcon_pkg'
[2.384s] [34mcolcon.colcon_core.package_identification[0m [1;30mLevel 1[0m _identify(.) by extensions ['colcon_meta']
[2.384s] [34mcolcon.colcon_core.package_identification[0m [1;30mLevel 1[0m _identify(.) by extension 'colcon_meta'
[2.385s] [34mcolcon.colcon_core.package_identification[0m [1;30mLevel 1[0m _identify(.) by extensions ['ros']
[2.385s] [34mcolcon.colcon_core.package_identification[0m [1;30mLevel 1[0m _identify(.) by extension 'ros'
[2.456s] [34mcolcon.colcon_core.package_identification[0m [1;30mLevel 1[0m _identify(.) by extensions ['cmake', 'python']
[2.456s] [34mcolcon.colcon_core.package_identification[0m [1;30mLevel 1[0m _identify(.) by extension 'cmake'
[2.456s] [34mcolcon.colcon_core.package_identification[0m [1;30mLevel 1[0m _identify(.) by extension 'python'
[2.456s] [34mcolcon.colcon_core.package_identification[0m [1;30mLevel 1[0m _identify(.) by extensions ['python_setup_py']
[2.457s] [34mcolcon.colcon_core.package_identification[0m [1;30mLevel 1[0m _identify(.) by extension 'python_setup_py'
[2.457s] [34mcolcon.colcon_core.package_identification[0m [1;30mLevel 1[0m _identify(build) by extensions ['ignore', 'ignore_ament_install']
[2.458s] [34mcolcon.colcon_core.package_identification[0m [1;30mLevel 1[0m _identify(build) by extension 'ignore'
[2.458s] [34mcolcon.colcon_core.package_identification[0m [1;30mLevel 1[0m _identify(build) ignored
[2.458s] [34mcolcon.colcon_core.package_identification[0m [1;30mLevel 1[0m _identify(install) by extensions ['ignore', 'ignore_ament_install']
[2.459s] [34mcolcon.colcon_core.package_identification[0m [1;30mLevel 1[0m _identify(install) by extension 'ignore'
[2.459s] [34mcolcon.colcon_core.package_identification[0m [1;30mLevel 1[0m _identify(install) ignored
[2.460s] [34mcolcon.colcon_core.package_identification[0m [1;30mLevel 1[0m _identify(log) by extensions ['ignore', 'ignore_ament_install']
[2.460s] [34mcolcon.colcon_core.package_identification[0m [1;30mLevel 1[0m _identify(log) by extension 'ignore'
[2.461s] [34mcolcon.colcon_core.package_identification[0m [1;30mLevel 1[0m _identify(log) ignored
[2.461s] [34mcolcon.colcon_core.package_identification[0m [1;30mLevel 1[0m _identify(src) by extensions ['ignore', 'ignore_ament_install']
[2.461s] [34mcolcon.colcon_core.package_identification[0m [1;30mLevel 1[0m _identify(src) by extension 'ignore'
[2.461s] [34mcolcon.colcon_core.package_identification[0m [1;30mLevel 1[0m _identify(src) by extension 'ignore_ament_install'
[2.462s] [34mcolcon.colcon_core.package_identification[0m [1;30mLevel 1[0m _identify(src) by extensions ['colcon_pkg']
[2.462s] [34mcolcon.colcon_core.package_identification[0m [1;30mLevel 1[0m _identify(src) by extension 'colcon_pkg'
[2.462s] [34mcolcon.colcon_core.package_identification[0m [1;30mLevel 1[0m _identify(src) by extensions ['colcon_meta']
[2.462s] [34mcolcon.colcon_core.package_identification[0m [1;30mLevel 1[0m _identify(src) by extension 'colcon_meta'
[2.462s] [34mcolcon.colcon_core.package_identification[0m [1;30mLevel 1[0m _identify(src) by extensions ['ros']
[2.462s] [34mcolcon.colcon_core.package_identification[0m [1;30mLevel 1[0m _identify(src) by extension 'ros'
[2.463s] [34mcolcon.colcon_core.package_identification[0m [1;30mLevel 1[0m _identify(src) by extensions ['cmake', 'python']
[2.463s] [34mcolcon.colcon_core.package_identification[0m [1;30mLevel 1[0m _identify(src) by extension 'cmake'
[2.463s] [34mcolcon.colcon_core.package_identification[0m [1;30mLevel 1[0m _identify(src) by extension 'python'
[2.463s] [34mcolcon.colcon_core.package_identification[0m [1;30mLevel 1[0m _identify(src) by extensions ['python_setup_py']
[2.463s] [34mcolcon.colcon_core.package_identification[0m [1;30mLevel 1[0m _identify(src) by extension 'python_setup_py'
[2.464s] [34mcolcon.colcon_core.package_identification[0m [1;30mLevel 1[0m _identify(src/optiastaros2) by extensions ['ignore', 'ignore_ament_install']
[2.464s] [34mcolcon.colcon_core.package_identification[0m [1;30mLevel 1[0m _identify(src/optiastaros2) by extension 'ignore'
[2.464s] [34mcolcon.colcon_core.package_identification[0m [1;30mLevel 1[0m _identify(src/optiastaros2) by extension 'ignore_ament_install'
[2.465s] [34mcolcon.colcon_core.package_identification[0m [1;30mLevel 1[0m _identify(src/optiastaros2) by extensions ['colcon_pkg']
[2.465s] [34mcolcon.colcon_core.package_identification[0m [1;30mLevel 1[0m _identify(src/optiastaros2) by extension 'colcon_pkg'
[2.465s] [34mcolcon.colcon_core.package_identification[0m [1;30mLevel 1[0m _identify(src/optiastaros2) by extensions ['colcon_meta']
[2.465s] [34mcolcon.colcon_core.package_identification[0m [1;30mLevel 1[0m _identify(src/optiastaros2) by extension 'colcon_meta'
[2.465s] [34mcolcon.colcon_core.package_identification[0m [1;30mLevel 1[0m _identify(src/optiastaros2) by extensions ['ros']
[2.465s] [34mcolcon.colcon_core.package_identification[0m [1;30mLevel 1[0m _identify(src/optiastaros2) by extension 'ros'
[2.485s] [34mcolcon.colcon_core.package_identification[0m [1;30mDEBUG[0m [32mPackage 'src/optiastaros2' with type 'ros.ament_python' and name 'optiastaros2'[0m
[2.486s] [34mcolcon.colcon_core.package_identification[0m [1;30mLevel 1[0m _identify(src/rigidbody_msgs) by extensions ['ignore', 'ignore_ament_install']
[2.486s] [34mcolcon.colcon_core.package_identification[0m [1;30mLevel 1[0m _identify(src/rigidbody_msgs) by extension 'ignore'
[2.487s] [34mcolcon.colcon_core.package_identification[0m [1;30mLevel 1[0m _identify(src/rigidbody_msgs) by extension 'ignore_ament_install'
[2.487s] [34mcolcon.colcon_core.package_identification[0m [1;30mLevel 1[0m _identify(src/rigidbody_msgs) by extensions ['colcon_pkg']
[2.487s] [34mcolcon.colcon_core.package_identification[0m [1;30mLevel 1[0m _identify(src/rigidbody_msgs) by extension 'colcon_pkg'
[2.487s] [34mcolcon.colcon_core.package_identification[0m [1;30mLevel 1[0m _identify(src/rigidbody_msgs) by extensions ['colcon_meta']
[2.488s] [34mcolcon.colcon_core.package_identification[0m [1;30mLevel 1[0m _identify(src/rigidbody_msgs) by extension 'colcon_meta'
[2.488s] [34mcolcon.colcon_core.package_identification[0m [1;30mLevel 1[0m _identify(src/rigidbody_msgs) by extensions ['ros']
[2.488s] [34mcolcon.colcon_core.package_identification[0m [1;30mLevel 1[0m _identify(src/rigidbody_msgs) by extension 'ros'
[2.493s] [34mcolcon.colcon_core.package_identification[0m [1;30mDEBUG[0m [32mPackage 'src/rigidbody_msgs' with type 'ros.ament_cmake' and name 'rigidbody_msgs'[0m
[2.494s] [34mcolcon.colcon_core.package_discovery[0m [1;30mLevel 1[0m discover_packages(recursive) using defaults
[2.494s] [34mcolcon.colcon_core.package_discovery[0m [1;30mLevel 1[0m discover_packages(ignore) discover
[2.494s] [34mcolcon.colcon_core.package_discovery[0m [1;30mLevel 1[0m discover_packages(ignore) using defaults
[2.494s] [34mcolcon.colcon_core.package_discovery[0m [1;30mLevel 1[0m discover_packages(path) discover
[2.494s] [34mcolcon.colcon_core.package_discovery[0m [1;30mLevel 1[0m discover_packages(path) using defaults
[2.620s] [34mcolcon.colcon_core.package_discovery[0m [1;30mLevel 1[0m discover_packages(prefix_path) check parameters
[2.620s] [34mcolcon.colcon_core.package_discovery[0m [1;30mLevel 1[0m discover_packages(prefix_path) discover
[2.640s] [34mcolcon.colcon_installed_package_information.package_discovery[0m [1;30mDEBUG[0m [32mFound 3 installed packages in /home/ubuntu/optiAstaRos2_ws/install[0m
[2.652s] [34mcolcon.colcon_installed_package_information.package_discovery[0m [1;30mDEBUG[0m [32mFound 270 installed packages in /opt/ros/humble[0m
[2.659s] [34mcolcon.colcon_core.package_discovery[0m [1;30mLevel 1[0m discover_packages(prefix_path) using defaults
[2.923s] [34mcolcon.colcon_core.verb[0m [1;30mLevel 5[0m set package 'rigidbody_msgs' build argument 'cmake_args' from command line to 'None'
[2.923s] [34mcolcon.colcon_core.verb[0m [1;30mLevel 5[0m set package 'rigidbody_msgs' build argument 'cmake_target' from command line to 'None'
[2.923s] [34mcolcon.colcon_core.verb[0m [1;30mLevel 5[0m set package 'rigidbody_msgs' build argument 'cmake_target_skip_unavailable' from command line to 'False'
[2.923s] [34mcolcon.colcon_core.verb[0m [1;30mLevel 5[0m set package 'rigidbody_msgs' build argument 'cmake_clean_cache' from command line to 'False'
[2.924s] [34mcolcon.colcon_core.verb[0m [1;30mLevel 5[0m set package 'rigidbody_msgs' build argument 'cmake_clean_first' from command line to 'False'
[2.924s] [34mcolcon.colcon_core.verb[0m [1;30mLevel 5[0m set package 'rigidbody_msgs' build argument 'cmake_force_configure' from command line to 'False'
[2.924s] [34mcolcon.colcon_core.verb[0m [1;30mLevel 5[0m set package 'rigidbody_msgs' build argument 'ament_cmake_args' from command line to 'None'
[2.924s] [34mcolcon.colcon_core.verb[0m [1;30mLevel 5[0m set package 'rigidbody_msgs' build argument 'catkin_cmake_args' from command line to 'None'
[2.924s] [34mcolcon.colcon_core.verb[0m [1;30mLevel 5[0m set package 'rigidbody_msgs' build argument 'catkin_skip_building_tests' from command line to 'False'
[2.924s] [34mcolcon.colcon_core.verb[0m [1;30mDEBUG[0m [32mBuilding package 'rigidbody_msgs' with the following arguments: {'ament_cmake_args': None, 'build_base': '/home/ubuntu/optiAstaRos2_ws/build/rigidbody_msgs', 'catkin_cmake_args': None, 'catkin_skip_building_tests': False, 'cmake_args': None, 'cmake_clean_cache': False, 'cmake_clean_first': False, 'cmake_force_configure': False, 'cmake_target': None, 'cmake_target_skip_unavailable': False, 'install_base': '/home/ubuntu/optiAstaRos2_ws/install/rigidbody_msgs', 'merge_install': False, 'path': '/home/ubuntu/optiAstaRos2_ws/src/rigidbody_msgs', 'symlink_install': False, 'test_result_base': None}[0m
[2.928s] [34mcolcon.colcon_core.verb[0m [1;30mLevel 5[0m set package 'optiastaros2' build argument 'cmake_args' from command line to 'None'
[2.928s] [34mcolcon.colcon_core.verb[0m [1;30mLevel 5[0m set package 'optiastaros2' build argument 'cmake_target' from command line to 'None'
[2.929s] [34mcolcon.colcon_core.verb[0m [1;30mLevel 5[0m set package 'optiastaros2' build argument 'cmake_target_skip_unavailable' from command line to 'False'
[2.929s] [34mcolcon.colcon_core.verb[0m [1;30mLevel 5[0m set package 'optiastaros2' build argument 'cmake_clean_cache' from command line to 'False'
[2.929s] [34mcolcon.colcon_core.verb[0m [1;30mLevel 5[0m set package 'optiastaros2' build argument 'cmake_clean_first' from command line to 'False'
[2.929s] [34mcolcon.colcon_core.verb[0m [1;30mLevel 5[0m set package 'optiastaros2' build argument 'cmake_force_configure' from command line to 'False'
[2.929s] [34mcolcon.colcon_core.verb[0m [1;30mLevel 5[0m set package 'optiastaros2' build argument 'ament_cmake_args' from command line to 'None'
[2.929s] [34mcolcon.colcon_core.verb[0m [1;30mLevel 5[0m set package 'optiastaros2' build argument 'catkin_cmake_args' from command line to 'None'
[2.929s] [34mcolcon.colcon_core.verb[0m [1;30mLevel 5[0m set package 'optiastaros2' build argument 'catkin_skip_building_tests' from command line to 'False'
[2.929s] [34mcolcon.colcon_core.verb[0m [1;30mDEBUG[0m [32mBuilding package 'optiastaros2' with the following arguments: {'ament_cmake_args': None, 'build_base': '/home/ubuntu/optiAstaRos2_ws/build/optiastaros2', 'catkin_cmake_args': None, 'catkin_skip_building_tests': False, 'cmake_args': None, 'cmake_clean_cache': False, 'cmake_clean_first': False, 'cmake_force_configure': False, 'cmake_target': None, 'cmake_target_skip_unavailable': False, 'install_base': '/home/ubuntu/optiAstaRos2_ws/install/optiastaros2', 'merge_install': False, 'path': '/home/ubuntu/optiAstaRos2_ws/src/optiastaros2', 'symlink_install': False, 'test_result_base': None}[0m
[2.932s] [34mcolcon.colcon_core.executor[0m [1;30mINFO[0m Executing jobs using 'parallel' executor
[2.946s] [34mcolcon.colcon_parallel_executor.executor.parallel[0m [1;30mDEBUG[0m [32mrun_until_complete[0m
[2.947s] [34mcolcon.colcon_ros.task.ament_cmake.build[0m [1;30mINFO[0m Building ROS package in '/home/ubuntu/optiAstaRos2_ws/src/rigidbody_msgs' with build type 'ament_cmake'
[2.948s] [34mcolcon.colcon_cmake.task.cmake.build[0m [1;30mINFO[0m Building CMake package in '/home/ubuntu/optiAstaRos2_ws/src/rigidbody_msgs'
[2.985s] [34mcolcon.colcon_core.plugin_system[0m [1;30mINFO[0m Skipping extension 'colcon_core.shell.bat': Not used on non-Windows systems
[2.986s] [34mcolcon.colcon_core.shell[0m [1;30mINFO[0m Skip shell extension 'powershell' for command environment: Not usable outside of PowerShell
[2.986s] [34mcolcon.colcon_core.shell[0m [1;30mDEBUG[0m [32mSkip shell extension 'dsv' for command environment[0m
[3.042s] [34mcolcon.colcon_core.event_handler.log_command[0m [1;30mDEBUG[0m [32mInvoking command in '/home/ubuntu/optiAstaRos2_ws/build/rigidbody_msgs': CMAKE_PREFIX_PATH=${CMAKE_PREFIX_PATH}:/home/ubuntu/optiAstaRos2_ws/install/optiastaros2:/opt/ros/humble /usr/bin/cmake --build /home/ubuntu/optiAstaRos2_ws/build/rigidbody_msgs -- -j4 -l4[0m
[5.166s] [34mcolcon.colcon_core.event_handler.log_command[0m [1;30mDEBUG[0m [32mInvoked command in '/home/ubuntu/optiAstaRos2_ws/build/rigidbody_msgs' returned '0': CMAKE_PREFIX_PATH=${CMAKE_PREFIX_PATH}:/home/ubuntu/optiAstaRos2_ws/install/optiastaros2:/opt/ros/humble /usr/bin/cmake --build /home/ubuntu/optiAstaRos2_ws/build/rigidbody_msgs -- -j4 -l4[0m
[5.654s] [34mcolcon.colcon_core.event_handler.log_command[0m [1;30mDEBUG[0m [32mInvoking command in '/home/ubuntu/optiAstaRos2_ws/build/rigidbody_msgs': CMAKE_PREFIX_PATH=${CMAKE_PREFIX_PATH}:/home/ubuntu/optiAstaRos2_ws/install/optiastaros2:/opt/ros/humble /usr/bin/cmake --install /home/ubuntu/optiAstaRos2_ws/build/rigidbody_msgs[0m
[6.046s] [34mcolcon.colcon_core.environment[0m [1;30mLevel 1[0m create_environment_scripts_only(rigidbody_msgs)
[6.050s] [34mcolcon.colcon_core.event_handler.log_command[0m [1;30mDEBUG[0m [32mInvoked command in '/home/ubuntu/optiAstaRos2_ws/build/rigidbody_msgs' returned '0': CMAKE_PREFIX_PATH=${CMAKE_PREFIX_PATH}:/home/ubuntu/optiAstaRos2_ws/install/optiastaros2:/opt/ros/humble /usr/bin/cmake --install /home/ubuntu/optiAstaRos2_ws/build/rigidbody_msgs[0m
[6.089s] [34mcolcon.colcon_core.environment[0m [1;30mLevel 1[0m checking '/home/ubuntu/optiAstaRos2_ws/install/rigidbody_msgs' for CMake module files
[6.095s] [34mcolcon.colcon_core.environment[0m [1;30mLevel 1[0m checking '/home/ubuntu/optiAstaRos2_ws/install/rigidbody_msgs' for CMake config files
[6.097s] [34mcolcon.colcon_core.shell[0m [1;30mLevel 1[0m create_environment_hook('rigidbody_msgs', 'cmake_prefix_path')
[6.102s] [34mcolcon.colcon_core.shell[0m [1;30mINFO[0m Creating environment hook '/home/ubuntu/optiAstaRos2_ws/install/rigidbody_msgs/share/rigidbody_msgs/hook/cmake_prefix_path.ps1'
[6.108s] [34mcolcon.colcon_core.shell[0m [1;30mINFO[0m Creating environment descriptor '/home/ubuntu/optiAstaRos2_ws/install/rigidbody_msgs/share/rigidbody_msgs/hook/cmake_prefix_path.dsv'
[6.112s] [34mcolcon.colcon_core.shell[0m [1;30mINFO[0m Creating environment hook '/home/ubuntu/optiAstaRos2_ws/install/rigidbody_msgs/share/rigidbody_msgs/hook/cmake_prefix_path.sh'
[6.118s] [34mcolcon.colcon_core.environment[0m [1;30mLevel 1[0m checking '/home/ubuntu/optiAstaRos2_ws/install/rigidbody_msgs/lib'
[6.119s] [34mcolcon.colcon_core.shell[0m [1;30mLevel 1[0m create_environment_hook('rigidbody_msgs', 'ld_library_path_lib')
[6.126s] [34mcolcon.colcon_core.shell[0m [1;30mINFO[0m Creating environment hook '/home/ubuntu/optiAstaRos2_ws/install/rigidbody_msgs/share/rigidbody_msgs/hook/ld_library_path_lib.ps1'
[6.128s] [34mcolcon.colcon_core.shell[0m [1;30mINFO[0m Creating environment descriptor '/home/ubuntu/optiAstaRos2_ws/install/rigidbody_msgs/share/rigidbody_msgs/hook/ld_library_path_lib.dsv'
[6.130s] [34mcolcon.colcon_core.shell[0m [1;30mINFO[0m Creating environment hook '/home/ubuntu/optiAstaRos2_ws/install/rigidbody_msgs/share/rigidbody_msgs/hook/ld_library_path_lib.sh'
[6.132s] [34mcolcon.colcon_core.environment[0m [1;30mLevel 1[0m checking '/home/ubuntu/optiAstaRos2_ws/install/rigidbody_msgs/bin'
[6.132s] [34mcolcon.colcon_core.environment[0m [1;30mLevel 1[0m checking '/home/ubuntu/optiAstaRos2_ws/install/rigidbody_msgs/lib/pkgconfig/rigidbody_msgs.pc'
[6.133s] [34mcolcon.colcon_core.environment[0m [1;30mLevel 1[0m checking '/home/ubuntu/optiAstaRos2_ws/install/rigidbody_msgs/lib/python3.10/site-packages'
[6.134s] [34mcolcon.colcon_core.environment[0m [1;30mLevel 1[0m checking '/home/ubuntu/optiAstaRos2_ws/install/rigidbody_msgs/bin'
[6.139s] [34mcolcon.colcon_core.shell[0m [1;30mINFO[0m Creating package script '/home/ubuntu/optiAstaRos2_ws/install/rigidbody_msgs/share/rigidbody_msgs/package.ps1'
[6.144s] [34mcolcon.colcon_core.shell[0m [1;30mINFO[0m Creating package descriptor '/home/ubuntu/optiAstaRos2_ws/install/rigidbody_msgs/share/rigidbody_msgs/package.dsv'
[6.148s] [34mcolcon.colcon_core.shell[0m [1;30mINFO[0m Creating package script '/home/ubuntu/optiAstaRos2_ws/install/rigidbody_msgs/share/rigidbody_msgs/package.sh'
[6.153s] [34mcolcon.colcon_core.shell[0m [1;30mINFO[0m Creating package script '/home/ubuntu/optiAstaRos2_ws/install/rigidbody_msgs/share/rigidbody_msgs/package.bash'
[6.158s] [34mcolcon.colcon_core.shell[0m [1;30mINFO[0m Creating package script '/home/ubuntu/optiAstaRos2_ws/install/rigidbody_msgs/share/rigidbody_msgs/package.zsh'
[6.162s] [34mcolcon.colcon_core.environment[0m [1;30mLevel 1[0m create_file_with_runtime_dependencies(/home/ubuntu/optiAstaRos2_ws/install/rigidbody_msgs/share/colcon-core/packages/rigidbody_msgs)
[6.616s] [34mcolcon.colcon_core.environment[0m [1;30mLevel 1[0m create_environment_scripts_only(rigidbody_msgs)
[6.623s] [34mcolcon.colcon_core.environment[0m [1;30mLevel 1[0m checking '/home/ubuntu/optiAstaRos2_ws/install/rigidbody_msgs' for CMake module files
[6.627s] [34mcolcon.colcon_core.environment[0m [1;30mLevel 1[0m checking '/home/ubuntu/optiAstaRos2_ws/install/rigidbody_msgs' for CMake config files
[6.629s] [34mcolcon.colcon_core.shell[0m [1;30mLevel 1[0m create_environment_hook('rigidbody_msgs', 'cmake_prefix_path')
[6.634s] [34mcolcon.colcon_core.shell[0m [1;30mINFO[0m Creating environment hook '/home/ubuntu/optiAstaRos2_ws/install/rigidbody_msgs/share/rigidbody_msgs/hook/cmake_prefix_path.ps1'
[6.636s] [34mcolcon.colcon_core.shell[0m [1;30mINFO[0m Creating environment descriptor '/home/ubuntu/optiAstaRos2_ws/install/rigidbody_msgs/share/rigidbody_msgs/hook/cmake_prefix_path.dsv'
[6.638s] [34mcolcon.colcon_core.shell[0m [1;30mINFO[0m Creating environment hook '/home/ubuntu/optiAstaRos2_ws/install/rigidbody_msgs/share/rigidbody_msgs/hook/cmake_prefix_path.sh'
[6.640s] [34mcolcon.colcon_core.environment[0m [1;30mLevel 1[0m checking '/home/ubuntu/optiAstaRos2_ws/install/rigidbody_msgs/lib'
[6.641s] [34mcolcon.colcon_core.shell[0m [1;30mLevel 1[0m create_environment_hook('rigidbody_msgs', 'ld_library_path_lib')
[6.646s] [34mcolcon.colcon_core.shell[0m [1;30mINFO[0m Creating environment hook '/home/ubuntu/optiAstaRos2_ws/install/rigidbody_msgs/share/rigidbody_msgs/hook/ld_library_path_lib.ps1'
[6.647s] [34mcolcon.colcon_core.shell[0m [1;30mINFO[0m Creating environment descriptor '/home/ubuntu/optiAstaRos2_ws/install/rigidbody_msgs/share/rigidbody_msgs/hook/ld_library_path_lib.dsv'
[6.649s] [34mcolcon.colcon_core.shell[0m [1;30mINFO[0m Creating environment hook '/home/ubuntu/optiAstaRos2_ws/install/rigidbody_msgs/share/rigidbody_msgs/hook/ld_library_path_lib.sh'
[6.651s] [34mcolcon.colcon_core.environment[0m [1;30mLevel 1[0m checking '/home/ubuntu/optiAstaRos2_ws/install/rigidbody_msgs/bin'
[6.651s] [34mcolcon.colcon_core.environment[0m [1;30mLevel 1[0m checking '/home/ubuntu/optiAstaRos2_ws/install/rigidbody_msgs/lib/pkgconfig/rigidbody_msgs.pc'
[6.652s] [34mcolcon.colcon_core.environment[0m [1;30mLevel 1[0m checking '/home/ubuntu/optiAstaRos2_ws/install/rigidbody_msgs/lib/python3.10/site-packages'
[6.653s] [34mcolcon.colcon_core.environment[0m [1;30mLevel 1[0m checking '/home/ubuntu/optiAstaRos2_ws/install/rigidbody_msgs/bin'
[6.658s] [34mcolcon.colcon_core.shell[0m [1;30mINFO[0m Creating package script '/home/ubuntu/optiAstaRos2_ws/install/rigidbody_msgs/share/rigidbody_msgs/package.ps1'
[6.661s] [34mcolcon.colcon_core.shell[0m [1;30mINFO[0m Creating package descriptor '/home/ubuntu/optiAstaRos2_ws/install/rigidbody_msgs/share/rigidbody_msgs/package.dsv'
[6.663s] [34mcolcon.colcon_core.shell[0m [1;30mINFO[0m Creating package script '/home/ubuntu/optiAstaRos2_ws/install/rigidbody_msgs/share/rigidbody_msgs/package.sh'
[6.665s] [34mcolcon.colcon_core.shell[0m [1;30mINFO[0m Creating package script '/home/ubuntu/optiAstaRos2_ws/install/rigidbody_msgs/share/rigidbody_msgs/package.bash'
[6.667s] [34mcolcon.colcon_core.shell[0m [1;30mINFO[0m Creating package script '/home/ubuntu/optiAstaRos2_ws/install/rigidbody_msgs/share/rigidbody_msgs/package.zsh'
[6.669s] [34mcolcon.colcon_core.environment[0m [1;30mLevel 1[0m create_file_with_runtime_dependencies(/home/ubuntu/optiAstaRos2_ws/install/rigidbody_msgs/share/colcon-core/packages/rigidbody_msgs)
[6.670s] [34mcolcon.colcon_ros.task.ament_python.build[0m [1;30mINFO[0m Building ROS package in '/home/ubuntu/optiAstaRos2_ws/src/optiastaros2' with build type 'ament_python'
[6.671s] [34mcolcon.colcon_core.shell[0m [1;30mLevel 1[0m create_environment_hook('optiastaros2', 'ament_prefix_path')
[6.676s] [34mcolcon.colcon_core.shell[0m [1;30mINFO[0m Creating environment hook '/home/ubuntu/optiAstaRos2_ws/install/optiastaros2/share/optiastaros2/hook/ament_prefix_path.ps1'
[6.679s] [34mcolcon.colcon_core.shell[0m [1;30mINFO[0m Creating environment descriptor '/home/ubuntu/optiAstaRos2_ws/install/optiastaros2/share/optiastaros2/hook/ament_prefix_path.dsv'
[6.682s] [34mcolcon.colcon_core.shell[0m [1;30mINFO[0m Creating environment hook '/home/ubuntu/optiAstaRos2_ws/install/optiastaros2/share/optiastaros2/hook/ament_prefix_path.sh'
[6.689s] [34mcolcon.colcon_core.shell[0m [1;30mINFO[0m Skip shell extension 'powershell' for command environment: Not usable outside of PowerShell
[6.689s] [34mcolcon.colcon_core.shell[0m [1;30mDEBUG[0m [32mSkip shell extension 'dsv' for command environment[0m
[7.832s] [34mcolcon.colcon_core.task.python.build[0m [1;30mINFO[0m Building Python package in '/home/ubuntu/optiAstaRos2_ws/src/optiastaros2'
[7.837s] [34mcolcon.colcon_core.shell[0m [1;30mINFO[0m Skip shell extension 'powershell' for command environment: Not usable outside of PowerShell
[7.837s] [34mcolcon.colcon_core.shell[0m [1;30mDEBUG[0m [32mSkip shell extension 'dsv' for command environment[0m
[9.464s] [34mcolcon.colcon_core.event_handler.log_command[0m [1;30mDEBUG[0m [32mInvoking command in '/home/ubuntu/optiAstaRos2_ws/src/optiastaros2': PYTHONPATH=/home/ubuntu/optiAstaRos2_ws/build/optiastaros2/prefix_override:/home/ubuntu/optiAstaRos2_ws/install/optiastaros2/lib/python3.10/site-packages:${PYTHONPATH} /usr/bin/python3 setup.py egg_info --egg-base ../../build/optiastaros2 build --build-base /home/ubuntu/optiAstaRos2_ws/build/optiastaros2/build install --record /home/ubuntu/optiAstaRos2_ws/build/optiastaros2/install.log --single-version-externally-managed[0m
[10.745s] [34mcolcon.colcon_core.environment[0m [1;30mLevel 1[0m checking '/home/ubuntu/optiAstaRos2_ws/install/optiastaros2' for CMake module files
[10.747s] [34mcolcon.colcon_core.event_handler.log_command[0m [1;30mDEBUG[0m [32mInvoked command in '/home/ubuntu/optiAstaRos2_ws/src/optiastaros2' returned '0': PYTHONPATH=/home/ubuntu/optiAstaRos2_ws/build/optiastaros2/prefix_override:/home/ubuntu/optiAstaRos2_ws/install/optiastaros2/lib/python3.10/site-packages:${PYTHONPATH} /usr/bin/python3 setup.py egg_info --egg-base ../../build/optiastaros2 build --build-base /home/ubuntu/optiAstaRos2_ws/build/optiastaros2/build install --record /home/ubuntu/optiAstaRos2_ws/build/optiastaros2/install.log --single-version-externally-managed[0m
[10.749s] [34mcolcon.colcon_core.environment[0m [1;30mLevel 1[0m checking '/home/ubuntu/optiAstaRos2_ws/install/optiastaros2' for CMake config files
[10.752s] [34mcolcon.colcon_core.environment[0m [1;30mLevel 1[0m checking '/home/ubuntu/optiAstaRos2_ws/install/optiastaros2/lib'
[10.753s] [34mcolcon.colcon_core.environment[0m [1;30mLevel 1[0m checking '/home/ubuntu/optiAstaRos2_ws/install/optiastaros2/bin'
[10.753s] [34mcolcon.colcon_core.environment[0m [1;30mLevel 1[0m checking '/home/ubuntu/optiAstaRos2_ws/install/optiastaros2/lib/pkgconfig/optiastaros2.pc'
[10.754s] [34mcolcon.colcon_core.environment[0m [1;30mLevel 1[0m checking '/home/ubuntu/optiAstaRos2_ws/install/optiastaros2/lib/python3.10/site-packages'
[10.755s] [34mcolcon.colcon_core.shell[0m [1;30mLevel 1[0m create_environment_hook('optiastaros2', 'pythonpath')
[10.760s] [34mcolcon.colcon_core.shell[0m [1;30mINFO[0m Creating environment hook '/home/ubuntu/optiAstaRos2_ws/install/optiastaros2/share/optiastaros2/hook/pythonpath.ps1'
[10.762s] [34mcolcon.colcon_core.shell[0m [1;30mINFO[0m Creating environment descriptor '/home/ubuntu/optiAstaRos2_ws/install/optiastaros2/share/optiastaros2/hook/pythonpath.dsv'
[10.763s] [34mcolcon.colcon_core.shell[0m [1;30mINFO[0m Creating environment hook '/home/ubuntu/optiAstaRos2_ws/install/optiastaros2/share/optiastaros2/hook/pythonpath.sh'
[10.766s] [34mcolcon.colcon_core.environment[0m [1;30mLevel 1[0m checking '/home/ubuntu/optiAstaRos2_ws/install/optiastaros2/bin'
[10.766s] [34mcolcon.colcon_core.environment[0m [1;30mLevel 1[0m create_environment_scripts_only(optiastaros2)
[10.772s] [34mcolcon.colcon_core.shell[0m [1;30mINFO[0m Creating package script '/home/ubuntu/optiAstaRos2_ws/install/optiastaros2/share/optiastaros2/package.ps1'
[10.774s] [34mcolcon.colcon_core.shell[0m [1;30mINFO[0m Creating package descriptor '/home/ubuntu/optiAstaRos2_ws/install/optiastaros2/share/optiastaros2/package.dsv'
[10.776s] [34mcolcon.colcon_core.shell[0m [1;30mINFO[0m Creating package script '/home/ubuntu/optiAstaRos2_ws/install/optiastaros2/share/optiastaros2/package.sh'
[10.778s] [34mcolcon.colcon_core.shell[0m [1;30mINFO[0m Creating package script '/home/ubuntu/optiAstaRos2_ws/install/optiastaros2/share/optiastaros2/package.bash'
[10.780s] [34mcolcon.colcon_core.shell[0m [1;30mINFO[0m Creating package script '/home/ubuntu/optiAstaRos2_ws/install/optiastaros2/share/optiastaros2/package.zsh'
[10.781s] [34mcolcon.colcon_core.environment[0m [1;30mLevel 1[0m create_file_with_runtime_dependencies(/home/ubuntu/optiAstaRos2_ws/install/optiastaros2/share/colcon-core/packages/optiastaros2)
[10.782s] [34mcolcon.colcon_parallel_executor.executor.parallel[0m [1;30mDEBUG[0m [32mclosing loop[0m
[10.784s] [34mcolcon.colcon_parallel_executor.executor.parallel[0m [1;30mDEBUG[0m [32mloop closed[0m
[10.784s] [34mcolcon.colcon_parallel_executor.executor.parallel[0m [1;30mDEBUG[0m [32mrun_until_complete finished with '0'[0m
[10.785s] [34mcolcon.colcon_core.event_reactor[0m [1;30mDEBUG[0m [32mjoining thread[0m
[10.820s] [34mcolcon.colcon_core.plugin_system[0m [1;30mINFO[0m Skipping extension 'colcon_notification.desktop_notification.terminal_notifier': Not used on non-Darwin systems
[10.821s] [34mcolcon.colcon_core.plugin_system[0m [1;30mINFO[0m Skipping extension 'colcon_notification.desktop_notification.win32': Not used on non-Windows systems
[10.838s] [34mcolcon.colcon_notification.desktop_notification[0m [1;30mINFO[0m Sending desktop notification using 'notify2'
[10.898s] [34mcolcon.colcon_core.event_reactor[0m [1;30mDEBUG[0m [32mjoined thread[0m
[10.904s] [34mcolcon.colcon_core.shell[0m [1;30mINFO[0m Creating prefix script '/home/ubuntu/optiAstaRos2_ws/install/local_setup.ps1'
[10.913s] [34mcolcon.colcon_core.shell[0m [1;30mINFO[0m Creating prefix util module '/home/ubuntu/optiAstaRos2_ws/install/_local_setup_util_ps1.py'
[10.928s] [34mcolcon.colcon_core.shell[0m [1;30mINFO[0m Creating prefix chain script '/home/ubuntu/optiAstaRos2_ws/install/setup.ps1'
[10.945s] [34mcolcon.colcon_core.shell[0m [1;30mINFO[0m Creating prefix script '/home/ubuntu/optiAstaRos2_ws/install/local_setup.sh'
[10.953s] [34mcolcon.colcon_core.shell[0m [1;30mINFO[0m Creating prefix util module '/home/ubuntu/optiAstaRos2_ws/install/_local_setup_util_sh.py'
[10.956s] [34mcolcon.colcon_core.shell[0m [1;30mINFO[0m Creating prefix chain script '/home/ubuntu/optiAstaRos2_ws/install/setup.sh'
[10.978s] [34mcolcon.colcon_core.shell[0m [1;30mINFO[0m Creating prefix script '/home/ubuntu/optiAstaRos2_ws/install/local_setup.bash'
[10.985s] [34mcolcon.colcon_core.shell[0m [1;30mINFO[0m Creating prefix chain script '/home/ubuntu/optiAstaRos2_ws/install/setup.bash'
[10.999s] [34mcolcon.colcon_core.shell[0m [1;30mINFO[0m Creating prefix script '/home/ubuntu/optiAstaRos2_ws/install/local_setup.zsh'
[11.011s] [34mcolcon.colcon_core.shell[0m [1;30mINFO[0m Creating prefix chain script '/home/ubuntu/optiAstaRos2_ws/install/setup.zsh'
