running egg_info
creating ../../build/optiastaros2/optiastaros2.egg-info
writing ../../build/optiastaros2/optiastaros2.egg-info/PKG-INFO
writing dependency_links to ../../build/optiastaros2/optiastaros2.egg-info/dependency_links.txt
writing entry points to ../../build/optiastaros2/optiastaros2.egg-info/entry_points.txt
writing requirements to ../../build/optiastaros2/optiastaros2.egg-info/requires.txt
writing top-level names to ../../build/optiastaros2/optiastaros2.egg-info/top_level.txt
writing manifest file '../../build/optiastaros2/optiastaros2.egg-info/SOURCES.txt'
reading manifest file '../../build/optiastaros2/optiastaros2.egg-info/SOURCES.txt'
writing manifest file '../../build/optiastaros2/optiastaros2.egg-info/SOURCES.txt'
running build
running build_py
creating /home/ubuntu/optiAstaRos2_ws/build/optiastaros2/build
creating /home/ubuntu/optiAstaRos2_ws/build/optiastaros2/build/lib
creating /home/ubuntu/optiAstaRos2_ws/build/optiastaros2/build/lib/optiastaros2
copying optiastaros2/pubdata_node.py -> /home/ubuntu/optiAstaRos2_ws/build/optiastaros2/build/lib/optiastaros2
copying optiastaros2/__init__.py -> /home/ubuntu/optiAstaRos2_ws/build/optiastaros2/build/lib/optiastaros2
running install
running install_lib
creating /home/ubuntu/optiAstaRos2_ws/install/optiastaros2/lib/python3.10/site-packages/optiastaros2
copying /home/ubuntu/optiAstaRos2_ws/build/optiastaros2/build/lib/optiastaros2/pubdata_node.py -> /home/ubuntu/optiAstaRos2_ws/install/optiastaros2/lib/python3.10/site-packages/optiastaros2
copying /home/ubuntu/optiAstaRos2_ws/build/optiastaros2/build/lib/optiastaros2/__init__.py -> /home/ubuntu/optiAstaRos2_ws/install/optiastaros2/lib/python3.10/site-packages/optiastaros2
byte-compiling /home/ubuntu/optiAstaRos2_ws/install/optiastaros2/lib/python3.10/site-packages/optiastaros2/pubdata_node.py to pubdata_node.cpython-310.pyc
byte-compiling /home/ubuntu/optiAstaRos2_ws/install/optiastaros2/lib/python3.10/site-packages/optiastaros2/__init__.py to __init__.cpython-310.pyc
running install_data
creating /home/ubuntu/optiAstaRos2_ws/install/optiastaros2/share/ament_index
creating /home/ubuntu/optiAstaRos2_ws/install/optiastaros2/share/ament_index/resource_index
creating /home/ubuntu/optiAstaRos2_ws/install/optiastaros2/share/ament_index/resource_index/packages
copying resource/optiastaros2 -> /home/ubuntu/optiAstaRos2_ws/install/optiastaros2/share/ament_index/resource_index/packages
copying package.xml -> /home/ubuntu/optiAstaRos2_ws/install/optiastaros2/share/optiastaros2
running install_egg_info
Copying ../../build/optiastaros2/optiastaros2.egg-info to /home/ubuntu/optiAstaRos2_ws/install/optiastaros2/lib/python3.10/site-packages/optiastaros2-0.0.0-py3.10.egg-info
running install_scripts
Installing pubdata_node script to /home/ubuntu/optiAstaRos2_ws/install/optiastaros2/lib/optiastaros2
writing list of installed files to '/home/ubuntu/optiAstaRos2_ws/build/optiastaros2/install.log'
