[2.804s] Invoking command in '/home/ubuntu/optiAstaRos2_ws/src/optiastaros2': PYTHONPATH=/home/ubuntu/optiAstaRos2_ws/build/optiastaros2/prefix_override:/home/ubuntu/optiAstaRos2_ws/install/optiastaros2/lib/python3.10/site-packages:${PYTHONPATH} /usr/bin/python3 setup.py egg_info --egg-base ../../build/optiastaros2 build --build-base /home/ubuntu/optiAstaRos2_ws/build/optiastaros2/build install --record /home/ubuntu/optiAstaRos2_ws/build/optiastaros2/install.log --single-version-externally-managed
[3.887s] running egg_info
[3.890s] creating ../../build/optiastaros2/optiastaros2.egg-info
[3.894s] writing ../../build/optiastaros2/optiastaros2.egg-info/PKG-INFO
[3.895s] writing dependency_links to ../../build/optiastaros2/optiastaros2.egg-info/dependency_links.txt
[3.895s] writing entry points to ../../build/optiastaros2/optiastaros2.egg-info/entry_points.txt
[3.896s] writing requirements to ../../build/optiastaros2/optiastaros2.egg-info/requires.txt
[3.896s] writing top-level names to ../../build/optiastaros2/optiastaros2.egg-info/top_level.txt
[3.897s] writing manifest file '../../build/optiastaros2/optiastaros2.egg-info/SOURCES.txt'
[3.904s] reading manifest file '../../build/optiastaros2/optiastaros2.egg-info/SOURCES.txt'
[3.908s] writing manifest file '../../build/optiastaros2/optiastaros2.egg-info/SOURCES.txt'
[3.909s] running build
[3.909s] running build_py
[3.910s] creating /home/ubuntu/optiAstaRos2_ws/build/optiastaros2/build
[3.910s] creating /home/ubuntu/optiAstaRos2_ws/build/optiastaros2/build/lib
[3.911s] creating /home/ubuntu/optiAstaRos2_ws/build/optiastaros2/build/lib/optiastaros2
[3.911s] copying optiastaros2/pubdata_node.py -> /home/ubuntu/optiAstaRos2_ws/build/optiastaros2/build/lib/optiastaros2
[3.912s] copying optiastaros2/__init__.py -> /home/ubuntu/optiAstaRos2_ws/build/optiastaros2/build/lib/optiastaros2
[3.913s] running install
[3.914s] /usr/lib/python3/dist-packages/setuptools/command/install.py:34: SetuptoolsDeprecationWarning: setup.py install is deprecated. Use build and pip and other standards-based tools.
[3.914s]   warnings.warn(
[3.915s] running install_lib
[3.918s] creating /home/ubuntu/optiAstaRos2_ws/install/optiastaros2/lib/python3.10/site-packages/optiastaros2
[3.919s] copying /home/ubuntu/optiAstaRos2_ws/build/optiastaros2/build/lib/optiastaros2/pubdata_node.py -> /home/ubuntu/optiAstaRos2_ws/install/optiastaros2/lib/python3.10/site-packages/optiastaros2
[3.920s] copying /home/ubuntu/optiAstaRos2_ws/build/optiastaros2/build/lib/optiastaros2/__init__.py -> /home/ubuntu/optiAstaRos2_ws/install/optiastaros2/lib/python3.10/site-packages/optiastaros2
[3.922s] byte-compiling /home/ubuntu/optiAstaRos2_ws/install/optiastaros2/lib/python3.10/site-packages/optiastaros2/pubdata_node.py to pubdata_node.cpython-310.pyc
[3.924s] byte-compiling /home/ubuntu/optiAstaRos2_ws/install/optiastaros2/lib/python3.10/site-packages/optiastaros2/__init__.py to __init__.cpython-310.pyc
[3.925s] running install_data
[3.927s] creating /home/ubuntu/optiAstaRos2_ws/install/optiastaros2/share/ament_index
[3.928s] creating /home/ubuntu/optiAstaRos2_ws/install/optiastaros2/share/ament_index/resource_index
[3.928s] creating /home/ubuntu/optiAstaRos2_ws/install/optiastaros2/share/ament_index/resource_index/packages
[3.929s] copying resource/optiastaros2 -> /home/ubuntu/optiAstaRos2_ws/install/optiastaros2/share/ament_index/resource_index/packages
[3.929s] copying package.xml -> /home/ubuntu/optiAstaRos2_ws/install/optiastaros2/share/optiastaros2
[3.929s] running install_egg_info
[3.936s] Copying ../../build/optiastaros2/optiastaros2.egg-info to /home/ubuntu/optiAstaRos2_ws/install/optiastaros2/lib/python3.10/site-packages/optiastaros2-0.0.0-py3.10.egg-info
[3.941s] running install_scripts
[4.026s] Installing pubdata_node script to /home/ubuntu/optiAstaRos2_ws/install/optiastaros2/lib/optiastaros2
[4.028s] writing list of installed files to '/home/ubuntu/optiAstaRos2_ws/build/optiastaros2/install.log'
[4.157s] Invoked command in '/home/ubuntu/optiAstaRos2_ws/src/optiastaros2' returned '0': PYTHONPATH=/home/ubuntu/optiAstaRos2_ws/build/optiastaros2/prefix_override:/home/ubuntu/optiAstaRos2_ws/install/optiastaros2/lib/python3.10/site-packages:${PYTHONPATH} /usr/bin/python3 setup.py egg_info --egg-base ../../build/optiastaros2 build --build-base /home/ubuntu/optiAstaRos2_ws/build/optiastaros2/build install --record /home/ubuntu/optiAstaRos2_ws/build/optiastaros2/install.log --single-version-externally-managed
