[0.080s] Invoking command in '/home/ubuntu/optiAstaRos2_ws/build/rigidbody_msgs': CMAKE_PREFIX_PATH=${CMAKE_PREFIX_PATH}:/home/ubuntu/optiAstaRos2_ws/install/optiastaros2:/opt/ros/humble /usr/bin/cmake --build /home/ubuntu/optiAstaRos2_ws/build/rigidbody_msgs -- -j4 -l4
[0.388s] [  2%] Built target rigidbody_msgs__cpp
[0.543s] [  2%] Built target ament_cmake_python_copy_rigidbody_msgs
[0.659s] [ 12%] Built target rigidbody_msgs__rosidl_typesupport_fastrtps_cpp
[0.777s] [ 23%] Built target rigidbody_msgs__rosidl_typesupport_introspection_cpp
[2.381s] running egg_info
[2.386s] writing rigidbody_msgs.egg-info/PKG-INFO
[2.388s] writing dependency_links to rigidbody_msgs.egg-info/dependency_links.txt
[2.389s] writing top-level names to rigidbody_msgs.egg-info/top_level.txt
[2.403s] reading manifest file 'rigidbody_msgs.egg-info/SOURCES.txt'
[2.406s] writing manifest file 'rigidbody_msgs.egg-info/SOURCES.txt'
[2.578s] [ 23%] Built target ament_cmake_python_build_rigidbody_msgs_egg
[2.706s] [ 33%] Built target rigidbody_msgs__rosidl_typesupport_cpp
[2.828s] [ 43%] Built target rigidbody_msgs__rosidl_generator_c
[2.957s] [ 53%] Built target rigidbody_msgs__rosidl_typesupport_fastrtps_c
[3.079s] [ 64%] Built target rigidbody_msgs__rosidl_typesupport_c
[3.218s] [ 74%] Built target rigidbody_msgs__rosidl_typesupport_introspection_c
[3.334s] [ 74%] Built target rigidbody_msgs
[3.444s] [ 76%] Built target rigidbody_msgs__py
[3.569s] [ 84%] Built target rigidbody_msgs__rosidl_generator_py
[3.686s] [ 89%] Built target rigidbody_msgs__rosidl_typesupport_fastrtps_c__pyext
[3.825s] [ 94%] Built target rigidbody_msgs__rosidl_typesupport_c__pyext
[3.980s] [100%] Built target rigidbody_msgs__rosidl_typesupport_introspection_c__pyext
[4.040s] Invoked command in '/home/ubuntu/optiAstaRos2_ws/build/rigidbody_msgs' returned '0': CMAKE_PREFIX_PATH=${CMAKE_PREFIX_PATH}:/home/ubuntu/optiAstaRos2_ws/install/optiastaros2:/opt/ros/humble /usr/bin/cmake --build /home/ubuntu/optiAstaRos2_ws/build/rigidbody_msgs -- -j4 -l4
[4.748s] Invoking command in '/home/ubuntu/optiAstaRos2_ws/build/rigidbody_msgs': CMAKE_PREFIX_PATH=${CMAKE_PREFIX_PATH}:/home/ubuntu/optiAstaRos2_ws/install/optiastaros2:/opt/ros/humble /usr/bin/cmake --install /home/ubuntu/optiAstaRos2_ws/build/rigidbody_msgs
[4.795s] -- Install configuration: ""
[4.797s] -- Up-to-date: /home/ubuntu/optiAstaRos2_ws/install/rigidbody_msgs/share/ament_index/resource_index/rosidl_interfaces/rigidbody_msgs
[4.797s] -- Up-to-date: /home/ubuntu/optiAstaRos2_ws/install/rigidbody_msgs/include/rigidbody_msgs/rigidbody_msgs
[4.799s] -- Up-to-date: /home/ubuntu/optiAstaRos2_ws/install/rigidbody_msgs/include/rigidbody_msgs/rigidbody_msgs/msg
[4.802s] -- Up-to-date: /home/ubuntu/optiAstaRos2_ws/install/rigidbody_msgs/include/rigidbody_msgs/rigidbody_msgs/msg/rigid_body.h
[4.803s] -- Up-to-date: /home/ubuntu/optiAstaRos2_ws/install/rigidbody_msgs/include/rigidbody_msgs/rigidbody_msgs/msg/rosidl_generator_c__visibility_control.h
[4.803s] -- Up-to-date: /home/ubuntu/optiAstaRos2_ws/install/rigidbody_msgs/include/rigidbody_msgs/rigidbody_msgs/msg/detail
[4.807s] -- Up-to-date: /home/ubuntu/optiAstaRos2_ws/install/rigidbody_msgs/include/rigidbody_msgs/rigidbody_msgs/msg/detail/robot_cmd__functions.h
[4.808s] -- Up-to-date: /home/ubuntu/optiAstaRos2_ws/install/rigidbody_msgs/include/rigidbody_msgs/rigidbody_msgs/msg/detail/robot_cmd__struct.h
[4.810s] -- Up-to-date: /home/ubuntu/optiAstaRos2_ws/install/rigidbody_msgs/include/rigidbody_msgs/rigidbody_msgs/msg/detail/rigid_body__functions.c
[4.815s] -- Up-to-date: /home/ubuntu/optiAstaRos2_ws/install/rigidbody_msgs/include/rigidbody_msgs/rigidbody_msgs/msg/detail/rigid_body__functions.h
[4.818s] -- Up-to-date: /home/ubuntu/optiAstaRos2_ws/install/rigidbody_msgs/include/rigidbody_msgs/rigidbody_msgs/msg/detail/rigid_body__struct.h
[4.818s] -- Up-to-date: /home/ubuntu/optiAstaRos2_ws/install/rigidbody_msgs/include/rigidbody_msgs/rigidbody_msgs/msg/detail/robot_cmd__functions.c
[4.822s] -- Up-to-date: /home/ubuntu/optiAstaRos2_ws/install/rigidbody_msgs/include/rigidbody_msgs/rigidbody_msgs/msg/detail/robot_cmd__type_support.h
[4.826s] -- Up-to-date: /home/ubuntu/optiAstaRos2_ws/install/rigidbody_msgs/include/rigidbody_msgs/rigidbody_msgs/msg/detail/rigid_body__type_support.h
[4.826s] -- Up-to-date: /home/ubuntu/optiAstaRos2_ws/install/rigidbody_msgs/include/rigidbody_msgs/rigidbody_msgs/msg/robot_cmd.h
[4.826s] -- Up-to-date: /home/ubuntu/optiAstaRos2_ws/install/rigidbody_msgs/share/rigidbody_msgs/environment/library_path.sh
[4.827s] -- Up-to-date: /home/ubuntu/optiAstaRos2_ws/install/rigidbody_msgs/share/rigidbody_msgs/environment/library_path.dsv
[4.829s] -- Up-to-date: /home/ubuntu/optiAstaRos2_ws/install/rigidbody_msgs/lib/librigidbody_msgs__rosidl_generator_c.so
[4.830s] -- Up-to-date: /home/ubuntu/optiAstaRos2_ws/install/rigidbody_msgs/include/rigidbody_msgs/rigidbody_msgs
[4.831s] -- Up-to-date: /home/ubuntu/optiAstaRos2_ws/install/rigidbody_msgs/include/rigidbody_msgs/rigidbody_msgs/msg
[4.833s] -- Up-to-date: /home/ubuntu/optiAstaRos2_ws/install/rigidbody_msgs/include/rigidbody_msgs/rigidbody_msgs/msg/rosidl_typesupport_fastrtps_c__visibility_control.h
[4.834s] -- Up-to-date: /home/ubuntu/optiAstaRos2_ws/install/rigidbody_msgs/include/rigidbody_msgs/rigidbody_msgs/msg/detail
[4.834s] -- Up-to-date: /home/ubuntu/optiAstaRos2_ws/install/rigidbody_msgs/include/rigidbody_msgs/rigidbody_msgs/msg/detail/robot_cmd__rosidl_typesupport_fastrtps_c.h
[4.835s] -- Up-to-date: /home/ubuntu/optiAstaRos2_ws/install/rigidbody_msgs/include/rigidbody_msgs/rigidbody_msgs/msg/detail/rigid_body__rosidl_typesupport_fastrtps_c.h
[4.835s] -- Up-to-date: /home/ubuntu/optiAstaRos2_ws/install/rigidbody_msgs/lib/librigidbody_msgs__rosidl_typesupport_fastrtps_c.so
[4.835s] -- Up-to-date: /home/ubuntu/optiAstaRos2_ws/install/rigidbody_msgs/include/rigidbody_msgs/rigidbody_msgs
[4.837s] -- Up-to-date: /home/ubuntu/optiAstaRos2_ws/install/rigidbody_msgs/include/rigidbody_msgs/rigidbody_msgs/msg
[4.837s] -- Up-to-date: /home/ubuntu/optiAstaRos2_ws/install/rigidbody_msgs/include/rigidbody_msgs/rigidbody_msgs/msg/rigid_body.hpp
[4.838s] -- Up-to-date: /home/ubuntu/optiAstaRos2_ws/install/rigidbody_msgs/include/rigidbody_msgs/rigidbody_msgs/msg/robot_cmd.hpp
[4.838s] -- Up-to-date: /home/ubuntu/optiAstaRos2_ws/install/rigidbody_msgs/include/rigidbody_msgs/rigidbody_msgs/msg/detail
[4.839s] -- Up-to-date: /home/ubuntu/optiAstaRos2_ws/install/rigidbody_msgs/include/rigidbody_msgs/rigidbody_msgs/msg/detail/rigid_body__traits.hpp
[4.839s] -- Up-to-date: /home/ubuntu/optiAstaRos2_ws/install/rigidbody_msgs/include/rigidbody_msgs/rigidbody_msgs/msg/detail/robot_cmd__traits.hpp
[4.840s] -- Up-to-date: /home/ubuntu/optiAstaRos2_ws/install/rigidbody_msgs/include/rigidbody_msgs/rigidbody_msgs/msg/detail/robot_cmd__struct.hpp
[4.840s] -- Up-to-date: /home/ubuntu/optiAstaRos2_ws/install/rigidbody_msgs/include/rigidbody_msgs/rigidbody_msgs/msg/detail/rigid_body__builder.hpp
[4.840s] -- Up-to-date: /home/ubuntu/optiAstaRos2_ws/install/rigidbody_msgs/include/rigidbody_msgs/rigidbody_msgs/msg/detail/robot_cmd__builder.hpp
[4.842s] -- Up-to-date: /home/ubuntu/optiAstaRos2_ws/install/rigidbody_msgs/include/rigidbody_msgs/rigidbody_msgs/msg/detail/rigid_body__struct.hpp
[4.842s] -- Up-to-date: /home/ubuntu/optiAstaRos2_ws/install/rigidbody_msgs/include/rigidbody_msgs/rigidbody_msgs
[4.843s] -- Up-to-date: /home/ubuntu/optiAstaRos2_ws/install/rigidbody_msgs/include/rigidbody_msgs/rigidbody_msgs/msg
[4.843s] -- Up-to-date: /home/ubuntu/optiAstaRos2_ws/install/rigidbody_msgs/include/rigidbody_msgs/rigidbody_msgs/msg/rosidl_typesupport_fastrtps_cpp__visibility_control.h
[4.844s] -- Up-to-date: /home/ubuntu/optiAstaRos2_ws/install/rigidbody_msgs/include/rigidbody_msgs/rigidbody_msgs/msg/detail
[4.844s] -- Up-to-date: /home/ubuntu/optiAstaRos2_ws/install/rigidbody_msgs/include/rigidbody_msgs/rigidbody_msgs/msg/detail/rigid_body__rosidl_typesupport_fastrtps_cpp.hpp
[4.845s] -- Up-to-date: /home/ubuntu/optiAstaRos2_ws/install/rigidbody_msgs/include/rigidbody_msgs/rigidbody_msgs/msg/detail/robot_cmd__rosidl_typesupport_fastrtps_cpp.hpp
[4.846s] -- Up-to-date: /home/ubuntu/optiAstaRos2_ws/install/rigidbody_msgs/include/rigidbody_msgs/rigidbody_msgs/msg/detail/dds_fastrtps
[4.852s] -- Up-to-date: /home/ubuntu/optiAstaRos2_ws/install/rigidbody_msgs/lib/librigidbody_msgs__rosidl_typesupport_fastrtps_cpp.so
[4.852s] -- Up-to-date: /home/ubuntu/optiAstaRos2_ws/install/rigidbody_msgs/include/rigidbody_msgs/rigidbody_msgs
[4.853s] -- Up-to-date: /home/ubuntu/optiAstaRos2_ws/install/rigidbody_msgs/include/rigidbody_msgs/rigidbody_msgs/msg
[4.854s] -- Up-to-date: /home/ubuntu/optiAstaRos2_ws/install/rigidbody_msgs/include/rigidbody_msgs/rigidbody_msgs/msg/rosidl_typesupport_introspection_c__visibility_control.h
[4.854s] -- Up-to-date: /home/ubuntu/optiAstaRos2_ws/install/rigidbody_msgs/include/rigidbody_msgs/rigidbody_msgs/msg/detail
[4.860s] -- Up-to-date: /home/ubuntu/optiAstaRos2_ws/install/rigidbody_msgs/include/rigidbody_msgs/rigidbody_msgs/msg/detail/robot_cmd__rosidl_typesupport_introspection_c.h
[4.860s] -- Up-to-date: /home/ubuntu/optiAstaRos2_ws/install/rigidbody_msgs/include/rigidbody_msgs/rigidbody_msgs/msg/detail/rigid_body__rosidl_typesupport_introspection_c.h
[4.865s] -- Up-to-date: /home/ubuntu/optiAstaRos2_ws/install/rigidbody_msgs/include/rigidbody_msgs/rigidbody_msgs/msg/detail/robot_cmd__type_support.c
[4.866s] -- Up-to-date: /home/ubuntu/optiAstaRos2_ws/install/rigidbody_msgs/include/rigidbody_msgs/rigidbody_msgs/msg/detail/rigid_body__type_support.c
[4.867s] -- Up-to-date: /home/ubuntu/optiAstaRos2_ws/install/rigidbody_msgs/lib/librigidbody_msgs__rosidl_typesupport_introspection_c.so
[4.868s] -- Up-to-date: /home/ubuntu/optiAstaRos2_ws/install/rigidbody_msgs/lib/librigidbody_msgs__rosidl_typesupport_c.so
[4.868s] -- Up-to-date: /home/ubuntu/optiAstaRos2_ws/install/rigidbody_msgs/include/rigidbody_msgs/rigidbody_msgs
[4.869s] -- Up-to-date: /home/ubuntu/optiAstaRos2_ws/install/rigidbody_msgs/include/rigidbody_msgs/rigidbody_msgs/msg
[4.870s] -- Up-to-date: /home/ubuntu/optiAstaRos2_ws/install/rigidbody_msgs/include/rigidbody_msgs/rigidbody_msgs/msg/detail
[4.870s] -- Up-to-date: /home/ubuntu/optiAstaRos2_ws/install/rigidbody_msgs/include/rigidbody_msgs/rigidbody_msgs/msg/detail/robot_cmd__type_support.cpp
[4.870s] -- Up-to-date: /home/ubuntu/optiAstaRos2_ws/install/rigidbody_msgs/include/rigidbody_msgs/rigidbody_msgs/msg/detail/rigid_body__rosidl_typesupport_introspection_cpp.hpp
[4.871s] -- Up-to-date: /home/ubuntu/optiAstaRos2_ws/install/rigidbody_msgs/include/rigidbody_msgs/rigidbody_msgs/msg/detail/robot_cmd__rosidl_typesupport_introspection_cpp.hpp
[4.871s] -- Up-to-date: /home/ubuntu/optiAstaRos2_ws/install/rigidbody_msgs/include/rigidbody_msgs/rigidbody_msgs/msg/detail/rigid_body__type_support.cpp
[4.872s] -- Up-to-date: /home/ubuntu/optiAstaRos2_ws/install/rigidbody_msgs/lib/librigidbody_msgs__rosidl_typesupport_introspection_cpp.so
[4.873s] -- Up-to-date: /home/ubuntu/optiAstaRos2_ws/install/rigidbody_msgs/lib/librigidbody_msgs__rosidl_typesupport_cpp.so
[4.873s] -- Up-to-date: /home/ubuntu/optiAstaRos2_ws/install/rigidbody_msgs/share/rigidbody_msgs/environment/pythonpath.sh
[4.874s] -- Up-to-date: /home/ubuntu/optiAstaRos2_ws/install/rigidbody_msgs/share/rigidbody_msgs/environment/pythonpath.dsv
[4.874s] -- Up-to-date: /home/ubuntu/optiAstaRos2_ws/install/rigidbody_msgs/local/lib/python3.10/dist-packages/rigidbody_msgs-0.0.0-py3.10.egg-info
[4.875s] -- Installing: /home/ubuntu/optiAstaRos2_ws/install/rigidbody_msgs/local/lib/python3.10/dist-packages/rigidbody_msgs-0.0.0-py3.10.egg-info/PKG-INFO
[4.875s] -- Installing: /home/ubuntu/optiAstaRos2_ws/install/rigidbody_msgs/local/lib/python3.10/dist-packages/rigidbody_msgs-0.0.0-py3.10.egg-info/top_level.txt
[4.876s] -- Installing: /home/ubuntu/optiAstaRos2_ws/install/rigidbody_msgs/local/lib/python3.10/dist-packages/rigidbody_msgs-0.0.0-py3.10.egg-info/SOURCES.txt
[4.877s] -- Installing: /home/ubuntu/optiAstaRos2_ws/install/rigidbody_msgs/local/lib/python3.10/dist-packages/rigidbody_msgs-0.0.0-py3.10.egg-info/dependency_links.txt
[4.877s] -- Up-to-date: /home/ubuntu/optiAstaRos2_ws/install/rigidbody_msgs/local/lib/python3.10/dist-packages/rigidbody_msgs
[4.878s] -- Up-to-date: /home/ubuntu/optiAstaRos2_ws/install/rigidbody_msgs/local/lib/python3.10/dist-packages/rigidbody_msgs/_rigidbody_msgs_s.ep.rosidl_typesupport_fastrtps_c.c
[4.878s] -- Up-to-date: /home/ubuntu/optiAstaRos2_ws/install/rigidbody_msgs/local/lib/python3.10/dist-packages/rigidbody_msgs/_rigidbody_msgs_s.ep.rosidl_typesupport_introspection_c.c
[4.879s] -- Up-to-date: /home/ubuntu/optiAstaRos2_ws/install/rigidbody_msgs/local/lib/python3.10/dist-packages/rigidbody_msgs/rigidbody_msgs_s__rosidl_typesupport_fastrtps_c.cpython-310-aarch64-linux-gnu.so
[4.879s] -- Up-to-date: /home/ubuntu/optiAstaRos2_ws/install/rigidbody_msgs/local/lib/python3.10/dist-packages/rigidbody_msgs/msg
[4.880s] -- Up-to-date: /home/ubuntu/optiAstaRos2_ws/install/rigidbody_msgs/local/lib/python3.10/dist-packages/rigidbody_msgs/msg/_robot_cmd_s.c
[4.880s] -- Up-to-date: /home/ubuntu/optiAstaRos2_ws/install/rigidbody_msgs/local/lib/python3.10/dist-packages/rigidbody_msgs/msg/_rigid_body_s.c
[4.881s] -- Up-to-date: /home/ubuntu/optiAstaRos2_ws/install/rigidbody_msgs/local/lib/python3.10/dist-packages/rigidbody_msgs/msg/_robot_cmd.py
[4.881s] -- Up-to-date: /home/ubuntu/optiAstaRos2_ws/install/rigidbody_msgs/local/lib/python3.10/dist-packages/rigidbody_msgs/msg/_rigid_body.py
[4.882s] -- Up-to-date: /home/ubuntu/optiAstaRos2_ws/install/rigidbody_msgs/local/lib/python3.10/dist-packages/rigidbody_msgs/msg/__init__.py
[4.882s] -- Up-to-date: /home/ubuntu/optiAstaRos2_ws/install/rigidbody_msgs/local/lib/python3.10/dist-packages/rigidbody_msgs/_rigidbody_msgs_s.ep.rosidl_typesupport_c.c
[4.882s] -- Up-to-date: /home/ubuntu/optiAstaRos2_ws/install/rigidbody_msgs/local/lib/python3.10/dist-packages/rigidbody_msgs/librigidbody_msgs__rosidl_generator_py.so
[4.883s] -- Up-to-date: /home/ubuntu/optiAstaRos2_ws/install/rigidbody_msgs/local/lib/python3.10/dist-packages/rigidbody_msgs/__init__.py
[4.883s] -- Up-to-date: /home/ubuntu/optiAstaRos2_ws/install/rigidbody_msgs/local/lib/python3.10/dist-packages/rigidbody_msgs/rigidbody_msgs_s__rosidl_typesupport_introspection_c.cpython-310-aarch64-linux-gnu.so
[4.883s] -- Up-to-date: /home/ubuntu/optiAstaRos2_ws/install/rigidbody_msgs/local/lib/python3.10/dist-packages/rigidbody_msgs/rigidbody_msgs_s__rosidl_typesupport_c.cpython-310-aarch64-linux-gnu.so
[5.057s] Listing '/home/ubuntu/optiAstaRos2_ws/install/rigidbody_msgs/local/lib/python3.10/dist-packages/rigidbody_msgs'...
[5.060s] Listing '/home/ubuntu/optiAstaRos2_ws/install/rigidbody_msgs/local/lib/python3.10/dist-packages/rigidbody_msgs/msg'...
[5.102s] -- Up-to-date: /home/ubuntu/optiAstaRos2_ws/install/rigidbody_msgs/local/lib/python3.10/dist-packages/rigidbody_msgs/rigidbody_msgs_s__rosidl_typesupport_fastrtps_c.cpython-310-aarch64-linux-gnu.so
[5.103s] -- Up-to-date: /home/ubuntu/optiAstaRos2_ws/install/rigidbody_msgs/local/lib/python3.10/dist-packages/rigidbody_msgs/rigidbody_msgs_s__rosidl_typesupport_introspection_c.cpython-310-aarch64-linux-gnu.so
[5.103s] -- Up-to-date: /home/ubuntu/optiAstaRos2_ws/install/rigidbody_msgs/local/lib/python3.10/dist-packages/rigidbody_msgs/rigidbody_msgs_s__rosidl_typesupport_c.cpython-310-aarch64-linux-gnu.so
[5.104s] -- Up-to-date: /home/ubuntu/optiAstaRos2_ws/install/rigidbody_msgs/lib/librigidbody_msgs__rosidl_generator_py.so
[5.106s] -- Up-to-date: /home/ubuntu/optiAstaRos2_ws/install/rigidbody_msgs/share/rigidbody_msgs/msg/RigidBody.idl
[5.108s] -- Up-to-date: /home/ubuntu/optiAstaRos2_ws/install/rigidbody_msgs/share/rigidbody_msgs/msg/RobotCmd.idl
[5.109s] -- Up-to-date: /home/ubuntu/optiAstaRos2_ws/install/rigidbody_msgs/share/rigidbody_msgs/msg/RigidBody.msg
[5.110s] -- Up-to-date: /home/ubuntu/optiAstaRos2_ws/install/rigidbody_msgs/share/rigidbody_msgs/msg/RobotCmd.msg
[5.111s] -- Up-to-date: /home/ubuntu/optiAstaRos2_ws/install/rigidbody_msgs/share/ament_index/resource_index/package_run_dependencies/rigidbody_msgs
[5.112s] -- Up-to-date: /home/ubuntu/optiAstaRos2_ws/install/rigidbody_msgs/share/ament_index/resource_index/parent_prefix_path/rigidbody_msgs
[5.114s] -- Up-to-date: /home/ubuntu/optiAstaRos2_ws/install/rigidbody_msgs/share/rigidbody_msgs/environment/ament_prefix_path.sh
[5.116s] -- Up-to-date: /home/ubuntu/optiAstaRos2_ws/install/rigidbody_msgs/share/rigidbody_msgs/environment/ament_prefix_path.dsv
[5.116s] -- Up-to-date: /home/ubuntu/optiAstaRos2_ws/install/rigidbody_msgs/share/rigidbody_msgs/environment/path.sh
[5.117s] -- Up-to-date: /home/ubuntu/optiAstaRos2_ws/install/rigidbody_msgs/share/rigidbody_msgs/environment/path.dsv
[5.119s] -- Up-to-date: /home/ubuntu/optiAstaRos2_ws/install/rigidbody_msgs/share/rigidbody_msgs/local_setup.bash
[5.121s] -- Up-to-date: /home/ubuntu/optiAstaRos2_ws/install/rigidbody_msgs/share/rigidbody_msgs/local_setup.sh
[5.122s] -- Up-to-date: /home/ubuntu/optiAstaRos2_ws/install/rigidbody_msgs/share/rigidbody_msgs/local_setup.zsh
[5.123s] -- Up-to-date: /home/ubuntu/optiAstaRos2_ws/install/rigidbody_msgs/share/rigidbody_msgs/local_setup.dsv
[5.124s] -- Installing: /home/ubuntu/optiAstaRos2_ws/install/rigidbody_msgs/share/rigidbody_msgs/package.dsv
[5.125s] -- Up-to-date: /home/ubuntu/optiAstaRos2_ws/install/rigidbody_msgs/share/ament_index/resource_index/packages/rigidbody_msgs
[5.127s] -- Up-to-date: /home/ubuntu/optiAstaRos2_ws/install/rigidbody_msgs/share/rigidbody_msgs/cmake/export_rigidbody_msgs__rosidl_generator_cExport.cmake
[5.127s] -- Up-to-date: /home/ubuntu/optiAstaRos2_ws/install/rigidbody_msgs/share/rigidbody_msgs/cmake/export_rigidbody_msgs__rosidl_generator_cExport-noconfig.cmake
[5.129s] -- Up-to-date: /home/ubuntu/optiAstaRos2_ws/install/rigidbody_msgs/share/rigidbody_msgs/cmake/export_rigidbody_msgs__rosidl_typesupport_fastrtps_cExport.cmake
[5.130s] -- Up-to-date: /home/ubuntu/optiAstaRos2_ws/install/rigidbody_msgs/share/rigidbody_msgs/cmake/export_rigidbody_msgs__rosidl_typesupport_fastrtps_cExport-noconfig.cmake
[5.131s] -- Up-to-date: /home/ubuntu/optiAstaRos2_ws/install/rigidbody_msgs/share/rigidbody_msgs/cmake/export_rigidbody_msgs__rosidl_generator_cppExport.cmake
[5.133s] -- Up-to-date: /home/ubuntu/optiAstaRos2_ws/install/rigidbody_msgs/share/rigidbody_msgs/cmake/export_rigidbody_msgs__rosidl_typesupport_fastrtps_cppExport.cmake
[5.135s] -- Up-to-date: /home/ubuntu/optiAstaRos2_ws/install/rigidbody_msgs/share/rigidbody_msgs/cmake/export_rigidbody_msgs__rosidl_typesupport_fastrtps_cppExport-noconfig.cmake
[5.136s] -- Up-to-date: /home/ubuntu/optiAstaRos2_ws/install/rigidbody_msgs/share/rigidbody_msgs/cmake/rigidbody_msgs__rosidl_typesupport_introspection_cExport.cmake
[5.138s] -- Up-to-date: /home/ubuntu/optiAstaRos2_ws/install/rigidbody_msgs/share/rigidbody_msgs/cmake/rigidbody_msgs__rosidl_typesupport_introspection_cExport-noconfig.cmake
[5.138s] -- Up-to-date: /home/ubuntu/optiAstaRos2_ws/install/rigidbody_msgs/share/rigidbody_msgs/cmake/rigidbody_msgs__rosidl_typesupport_cExport.cmake
[5.139s] -- Up-to-date: /home/ubuntu/optiAstaRos2_ws/install/rigidbody_msgs/share/rigidbody_msgs/cmake/rigidbody_msgs__rosidl_typesupport_cExport-noconfig.cmake
[5.140s] -- Up-to-date: /home/ubuntu/optiAstaRos2_ws/install/rigidbody_msgs/share/rigidbody_msgs/cmake/rigidbody_msgs__rosidl_typesupport_introspection_cppExport.cmake
[5.141s] -- Up-to-date: /home/ubuntu/optiAstaRos2_ws/install/rigidbody_msgs/share/rigidbody_msgs/cmake/rigidbody_msgs__rosidl_typesupport_introspection_cppExport-noconfig.cmake
[5.142s] -- Up-to-date: /home/ubuntu/optiAstaRos2_ws/install/rigidbody_msgs/share/rigidbody_msgs/cmake/rigidbody_msgs__rosidl_typesupport_cppExport.cmake
[5.142s] -- Up-to-date: /home/ubuntu/optiAstaRos2_ws/install/rigidbody_msgs/share/rigidbody_msgs/cmake/rigidbody_msgs__rosidl_typesupport_cppExport-noconfig.cmake
[5.143s] -- Up-to-date: /home/ubuntu/optiAstaRos2_ws/install/rigidbody_msgs/share/rigidbody_msgs/cmake/export_rigidbody_msgs__rosidl_generator_pyExport.cmake
[5.144s] -- Up-to-date: /home/ubuntu/optiAstaRos2_ws/install/rigidbody_msgs/share/rigidbody_msgs/cmake/export_rigidbody_msgs__rosidl_generator_pyExport-noconfig.cmake
[5.145s] -- Up-to-date: /home/ubuntu/optiAstaRos2_ws/install/rigidbody_msgs/share/rigidbody_msgs/cmake/rosidl_cmake-extras.cmake
[5.150s] -- Up-to-date: /home/ubuntu/optiAstaRos2_ws/install/rigidbody_msgs/share/rigidbody_msgs/cmake/ament_cmake_export_dependencies-extras.cmake
[5.157s] -- Up-to-date: /home/ubuntu/optiAstaRos2_ws/install/rigidbody_msgs/share/rigidbody_msgs/cmake/ament_cmake_export_include_directories-extras.cmake
[5.161s] -- Up-to-date: /home/ubuntu/optiAstaRos2_ws/install/rigidbody_msgs/share/rigidbody_msgs/cmake/ament_cmake_export_libraries-extras.cmake
[5.162s] -- Up-to-date: /home/ubuntu/optiAstaRos2_ws/install/rigidbody_msgs/share/rigidbody_msgs/cmake/ament_cmake_export_targets-extras.cmake
[5.162s] -- Up-to-date: /home/ubuntu/optiAstaRos2_ws/install/rigidbody_msgs/share/rigidbody_msgs/cmake/rosidl_cmake_export_typesupport_targets-extras.cmake
[5.167s] -- Up-to-date: /home/ubuntu/optiAstaRos2_ws/install/rigidbody_msgs/share/rigidbody_msgs/cmake/rosidl_cmake_export_typesupport_libraries-extras.cmake
[5.168s] -- Up-to-date: /home/ubuntu/optiAstaRos2_ws/install/rigidbody_msgs/share/rigidbody_msgs/cmake/rigidbody_msgsConfig.cmake
[5.168s] -- Up-to-date: /home/ubuntu/optiAstaRos2_ws/install/rigidbody_msgs/share/rigidbody_msgs/cmake/rigidbody_msgsConfig-version.cmake
[5.169s] -- Up-to-date: /home/ubuntu/optiAstaRos2_ws/install/rigidbody_msgs/share/rigidbody_msgs/package.xml
[5.170s] Invoked command in '/home/ubuntu/optiAstaRos2_ws/build/rigidbody_msgs' returned '0': CMAKE_PREFIX_PATH=${CMAKE_PREFIX_PATH}:/home/ubuntu/optiAstaRos2_ws/install/optiastaros2:/opt/ros/humble /usr/bin/cmake --install /home/ubuntu/optiAstaRos2_ws/build/rigidbody_msgs
