[2.754s] Invoking command in '/home/ubuntu/optiAstaRos2_ws/src/optiastaros2': AMENT_PREFIX_PATH=/home/ubuntu/optiAstaRos2_ws/install/rigidbody_msgs:${AMENT_PREFIX_PATH} CMAKE_PREFIX_PATH=/home/ubuntu/optiAstaRos2_ws/install/rigidbody_msgs LD_LIBRARY_PATH=/home/ubuntu/optiAstaRos2_ws/install/rigidbody_msgs/lib:${LD_LIBRARY_PATH} PYTHONPATH=/home/ubuntu/optiAstaRos2_ws/build/optiastaros2/prefix_override:/home/ubuntu/optiAstaRos2_ws/install/optiastaros2/lib/python3.10/site-packages:/home/ubuntu/optiAstaRos2_ws/install/rigidbody_msgs/local/lib/python3.10/dist-packages:${PYTHONPATH} /usr/bin/python3 setup.py egg_info --egg-base ../../build/optiastaros2 build --build-base /home/ubuntu/optiAstaRos2_ws/build/optiastaros2/build install --record /home/ubuntu/optiAstaRos2_ws/build/optiastaros2/install.log --single-version-externally-managed
[3.763s] running egg_info
[3.765s] writing ../../build/optiastaros2/optiastaros2.egg-info/PKG-INFO
[3.766s] writing dependency_links to ../../build/optiastaros2/optiastaros2.egg-info/dependency_links.txt
[3.767s] writing entry points to ../../build/optiastaros2/optiastaros2.egg-info/entry_points.txt
[3.768s] writing requirements to ../../build/optiastaros2/optiastaros2.egg-info/requires.txt
[3.768s] writing top-level names to ../../build/optiastaros2/optiastaros2.egg-info/top_level.txt
[3.777s] reading manifest file '../../build/optiastaros2/optiastaros2.egg-info/SOURCES.txt'
[3.783s] writing manifest file '../../build/optiastaros2/optiastaros2.egg-info/SOURCES.txt'
[3.783s] running build
[3.784s] running build_py
[3.787s] running install
[3.788s] /usr/lib/python3/dist-packages/setuptools/command/install.py:34: SetuptoolsDeprecationWarning: setup.py install is deprecated. Use build and pip and other standards-based tools.
[3.788s]   warnings.warn(
[3.789s] running install_lib
[3.797s] running install_data
[3.800s] running install_egg_info
[3.806s] removing '/home/ubuntu/optiAstaRos2_ws/install/optiastaros2/lib/python3.10/site-packages/optiastaros2-0.0.0-py3.10.egg-info' (and everything under it)
[3.808s] Copying ../../build/optiastaros2/optiastaros2.egg-info to /home/ubuntu/optiAstaRos2_ws/install/optiastaros2/lib/python3.10/site-packages/optiastaros2-0.0.0-py3.10.egg-info
[3.813s] running install_scripts
[3.891s] Installing controller_node script to /home/ubuntu/optiAstaRos2_ws/install/optiastaros2/lib/optiastaros2
[3.892s] Installing pubdata_node script to /home/ubuntu/optiAstaRos2_ws/install/optiastaros2/lib/optiastaros2
[3.894s] writing list of installed files to '/home/ubuntu/optiAstaRos2_ws/build/optiastaros2/install.log'
[4.016s] Invoked command in '/home/ubuntu/optiAstaRos2_ws/src/optiastaros2' returned '0': AMENT_PREFIX_PATH=/home/ubuntu/optiAstaRos2_ws/install/rigidbody_msgs:${AMENT_PREFIX_PATH} CMAKE_PREFIX_PATH=/home/ubuntu/optiAstaRos2_ws/install/rigidbody_msgs LD_LIBRARY_PATH=/home/ubuntu/optiAstaRos2_ws/install/rigidbody_msgs/lib:${LD_LIBRARY_PATH} PYTHONPATH=/home/ubuntu/optiAstaRos2_ws/build/optiastaros2/prefix_override:/home/ubuntu/optiAstaRos2_ws/install/optiastaros2/lib/python3.10/site-packages:/home/ubuntu/optiAstaRos2_ws/install/rigidbody_msgs/local/lib/python3.10/dist-packages:${PYTHONPATH} /usr/bin/python3 setup.py egg_info --egg-base ../../build/optiastaros2 build --build-base /home/ubuntu/optiAstaRos2_ws/build/optiastaros2/build install --record /home/ubuntu/optiAstaRos2_ws/build/optiastaros2/install.log --single-version-externally-managed
