running egg_info
writing ../../build/optiastaros2/optiastaros2.egg-info/PKG-INFO
writing dependency_links to ../../build/optiastaros2/optiastaros2.egg-info/dependency_links.txt
writing entry points to ../../build/optiastaros2/optiastaros2.egg-info/entry_points.txt
writing requirements to ../../build/optiastaros2/optiastaros2.egg-info/requires.txt
writing top-level names to ../../build/optiastaros2/optiastaros2.egg-info/top_level.txt
reading manifest file '../../build/optiastaros2/optiastaros2.egg-info/SOURCES.txt'
writing manifest file '../../build/optiastaros2/optiastaros2.egg-info/SOURCES.txt'
running build
running build_py
copying optiastaros2/generateRobotPath.py -> /home/ubuntu/optiAstaRos2_ws/build/optiastaros2/build/lib/optiastaros2
running install
/usr/lib/python3/dist-packages/setuptools/command/install.py:34: SetuptoolsDeprecationWarning: setup.py install is deprecated. Use build and pip and other standards-based tools.
  warnings.warn(
running install_lib
copying /home/ubuntu/optiAstaRos2_ws/build/optiastaros2/build/lib/optiastaros2/generateRobotPath.py -> /home/ubuntu/optiAstaRos2_ws/install/optiastaros2/lib/python3.10/site-packages/optiastaros2
byte-compiling /home/ubuntu/optiAstaRos2_ws/install/optiastaros2/lib/python3.10/site-packages/optiastaros2/generateRobotPath.py to generateRobotPath.cpython-310.pyc
running install_data
copying optiastaros2/generateRobotPath.py -> /home/ubuntu/optiAstaRos2_ws/install/optiastaros2/lib/optiastaros2
running install_egg_info
removing '/home/ubuntu/optiAstaRos2_ws/install/optiastaros2/lib/python3.10/site-packages/optiastaros2-0.0.0-py3.10.egg-info' (and everything under it)
Copying ../../build/optiastaros2/optiastaros2.egg-info to /home/ubuntu/optiAstaRos2_ws/install/optiastaros2/lib/python3.10/site-packages/optiastaros2-0.0.0-py3.10.egg-info
running install_scripts
Installing controller_node script to /home/ubuntu/optiAstaRos2_ws/install/optiastaros2/lib/optiastaros2
Installing pubdata_node script to /home/ubuntu/optiAstaRos2_ws/install/optiastaros2/lib/optiastaros2
writing list of installed files to '/home/ubuntu/optiAstaRos2_ws/build/optiastaros2/install.log'
