[3.037s] Invoking command in '/home/ubuntu/optiAstaRos2_ws/src/optiastaros2': AMENT_PREFIX_PATH=/home/ubuntu/optiAstaRos2_ws/install/rigidbody_msgs:${AMENT_PREFIX_PATH} CMAKE_PREFIX_PATH=/home/ubuntu/optiAstaRos2_ws/install/rigidbody_msgs LD_LIBRARY_PATH=/home/ubuntu/optiAstaRos2_ws/install/rigidbody_msgs/lib:${LD_LIBRARY_PATH} PYTHONPATH=/home/ubuntu/optiAstaRos2_ws/build/optiastaros2/prefix_override:/home/ubuntu/optiAstaRos2_ws/install/optiastaros2/lib/python3.10/site-packages:/home/ubuntu/optiAstaRos2_ws/install/rigidbody_msgs/local/lib/python3.10/dist-packages:${PYTHONPATH} /usr/bin/python3 setup.py egg_info --egg-base ../../build/optiastaros2 build --build-base /home/ubuntu/optiAstaRos2_ws/build/optiastaros2/build install --record /home/ubuntu/optiAstaRos2_ws/build/optiastaros2/install.log --single-version-externally-managed
[4.076s] running egg_info
[4.079s] writing ../../build/optiastaros2/optiastaros2.egg-info/PKG-INFO
[4.080s] writing dependency_links to ../../build/optiastaros2/optiastaros2.egg-info/dependency_links.txt
[4.081s] writing entry points to ../../build/optiastaros2/optiastaros2.egg-info/entry_points.txt
[4.082s] writing requirements to ../../build/optiastaros2/optiastaros2.egg-info/requires.txt
[4.083s] writing top-level names to ../../build/optiastaros2/optiastaros2.egg-info/top_level.txt
[4.091s] reading manifest file '../../build/optiastaros2/optiastaros2.egg-info/SOURCES.txt'
[4.096s] writing manifest file '../../build/optiastaros2/optiastaros2.egg-info/SOURCES.txt'
[4.096s] running build
[4.097s] running build_py
[4.098s] copying optiastaros2/controller_node.py -> /home/ubuntu/optiAstaRos2_ws/build/optiastaros2/build/lib/optiastaros2
[4.100s] running install
[4.103s] /usr/lib/python3/dist-packages/setuptools/command/install.py:34: SetuptoolsDeprecationWarning: setup.py install is deprecated. Use build and pip and other standards-based tools.
[4.103s]   warnings.warn(
[4.104s] running install_lib
[4.108s] copying /home/ubuntu/optiAstaRos2_ws/build/optiastaros2/build/lib/optiastaros2/controller_node.py -> /home/ubuntu/optiAstaRos2_ws/install/optiastaros2/lib/python3.10/site-packages/optiastaros2
[4.113s] byte-compiling /home/ubuntu/optiAstaRos2_ws/install/optiastaros2/lib/python3.10/site-packages/optiastaros2/controller_node.py to controller_node.cpython-310.pyc
[4.117s] running install_data
[4.121s] running install_egg_info
[4.127s] removing '/home/ubuntu/optiAstaRos2_ws/install/optiastaros2/lib/python3.10/site-packages/optiastaros2-0.0.0-py3.10.egg-info' (and everything under it)
[4.134s] Copying ../../build/optiastaros2/optiastaros2.egg-info to /home/ubuntu/optiAstaRos2_ws/install/optiastaros2/lib/python3.10/site-packages/optiastaros2-0.0.0-py3.10.egg-info
[4.141s] running install_scripts
[4.222s] Installing controller_node script to /home/ubuntu/optiAstaRos2_ws/install/optiastaros2/lib/optiastaros2
[4.223s] Installing pubdata_node script to /home/ubuntu/optiAstaRos2_ws/install/optiastaros2/lib/optiastaros2
[4.225s] writing list of installed files to '/home/ubuntu/optiAstaRos2_ws/build/optiastaros2/install.log'
[4.348s] Invoked command in '/home/ubuntu/optiAstaRos2_ws/src/optiastaros2' returned '0': AMENT_PREFIX_PATH=/home/ubuntu/optiAstaRos2_ws/install/rigidbody_msgs:${AMENT_PREFIX_PATH} CMAKE_PREFIX_PATH=/home/ubuntu/optiAstaRos2_ws/install/rigidbody_msgs LD_LIBRARY_PATH=/home/ubuntu/optiAstaRos2_ws/install/rigidbody_msgs/lib:${LD_LIBRARY_PATH} PYTHONPATH=/home/ubuntu/optiAstaRos2_ws/build/optiastaros2/prefix_override:/home/ubuntu/optiAstaRos2_ws/install/optiastaros2/lib/python3.10/site-packages:/home/ubuntu/optiAstaRos2_ws/install/rigidbody_msgs/local/lib/python3.10/dist-packages:${PYTHONPATH} /usr/bin/python3 setup.py egg_info --egg-base ../../build/optiastaros2 build --build-base /home/ubuntu/optiAstaRos2_ws/build/optiastaros2/build install --record /home/ubuntu/optiAstaRos2_ws/build/optiastaros2/install.log --single-version-externally-managed
