[2.558s] Invoking command in '/home/ubuntu/optiAstaRos2_ws/src/optiastaros2': AMENT_PREFIX_PATH=/home/ubuntu/optiAstaRos2_ws/install/rigidbody_msgs:${AMENT_PREFIX_PATH} CMAKE_PREFIX_PATH=/home/ubuntu/optiAstaRos2_ws/install/rigidbody_msgs LD_LIBRARY_PATH=/home/ubuntu/optiAstaRos2_ws/install/rigidbody_msgs/lib:${LD_LIBRARY_PATH} PYTHONPATH=/home/ubuntu/optiAstaRos2_ws/build/optiastaros2/prefix_override:/home/ubuntu/optiAstaRos2_ws/install/optiastaros2/lib/python3.10/site-packages:/home/ubuntu/optiAstaRos2_ws/install/rigidbody_msgs/local/lib/python3.10/dist-packages:${PYTHONPATH} /usr/bin/python3 setup.py egg_info --egg-base ../../build/optiastaros2 build --build-base /home/ubuntu/optiAstaRos2_ws/build/optiastaros2/build install --record /home/ubuntu/optiAstaRos2_ws/build/optiastaros2/install.log --single-version-externally-managed
[3.566s] running egg_info
[3.568s] writing ../../build/optiastaros2/optiastaros2.egg-info/PKG-INFO
[3.569s] writing dependency_links to ../../build/optiastaros2/optiastaros2.egg-info/dependency_links.txt
[3.570s] writing entry points to ../../build/optiastaros2/optiastaros2.egg-info/entry_points.txt
[3.571s] writing requirements to ../../build/optiastaros2/optiastaros2.egg-info/requires.txt
[3.571s] writing top-level names to ../../build/optiastaros2/optiastaros2.egg-info/top_level.txt
[3.580s] reading manifest file '../../build/optiastaros2/optiastaros2.egg-info/SOURCES.txt'
[3.584s] writing manifest file '../../build/optiastaros2/optiastaros2.egg-info/SOURCES.txt'
[3.585s] running build
[3.585s] running build_py
[3.586s] copying optiastaros2/purePursuit.py -> /home/ubuntu/optiAstaRos2_ws/build/optiastaros2/build/lib/optiastaros2
[3.587s] copying optiastaros2/controller_node.py -> /home/ubuntu/optiAstaRos2_ws/build/optiastaros2/build/lib/optiastaros2
[3.589s] running install
[3.590s] /usr/lib/python3/dist-packages/setuptools/command/install.py:34: SetuptoolsDeprecationWarning: setup.py install is deprecated. Use build and pip and other standards-based tools.
[3.591s]   warnings.warn(
[3.591s] running install_lib
[3.595s] copying /home/ubuntu/optiAstaRos2_ws/build/optiastaros2/build/lib/optiastaros2/purePursuit.py -> /home/ubuntu/optiAstaRos2_ws/install/optiastaros2/lib/python3.10/site-packages/optiastaros2
[3.596s] copying /home/ubuntu/optiAstaRos2_ws/build/optiastaros2/build/lib/optiastaros2/controller_node.py -> /home/ubuntu/optiAstaRos2_ws/install/optiastaros2/lib/python3.10/site-packages/optiastaros2
[3.599s] byte-compiling /home/ubuntu/optiAstaRos2_ws/install/optiastaros2/lib/python3.10/site-packages/optiastaros2/purePursuit.py to purePursuit.cpython-310.pyc
[3.603s] byte-compiling /home/ubuntu/optiAstaRos2_ws/install/optiastaros2/lib/python3.10/site-packages/optiastaros2/controller_node.py to controller_node.cpython-310.pyc
[3.606s] running install_data
[3.609s] copying optiastaros2/purePursuit.py -> /home/ubuntu/optiAstaRos2_ws/install/optiastaros2/lib/optiastaros2
[3.610s] running install_egg_info
[3.616s] removing '/home/ubuntu/optiAstaRos2_ws/install/optiastaros2/lib/python3.10/site-packages/optiastaros2-0.0.0-py3.10.egg-info' (and everything under it)
[3.618s] Copying ../../build/optiastaros2/optiastaros2.egg-info to /home/ubuntu/optiAstaRos2_ws/install/optiastaros2/lib/python3.10/site-packages/optiastaros2-0.0.0-py3.10.egg-info
[3.623s] running install_scripts
[3.701s] Installing controller_node script to /home/ubuntu/optiAstaRos2_ws/install/optiastaros2/lib/optiastaros2
[3.702s] Installing pubdata_node script to /home/ubuntu/optiAstaRos2_ws/install/optiastaros2/lib/optiastaros2
[3.704s] writing list of installed files to '/home/ubuntu/optiAstaRos2_ws/build/optiastaros2/install.log'
[3.828s] Invoked command in '/home/ubuntu/optiAstaRos2_ws/src/optiastaros2' returned '0': AMENT_PREFIX_PATH=/home/ubuntu/optiAstaRos2_ws/install/rigidbody_msgs:${AMENT_PREFIX_PATH} CMAKE_PREFIX_PATH=/home/ubuntu/optiAstaRos2_ws/install/rigidbody_msgs LD_LIBRARY_PATH=/home/ubuntu/optiAstaRos2_ws/install/rigidbody_msgs/lib:${LD_LIBRARY_PATH} PYTHONPATH=/home/ubuntu/optiAstaRos2_ws/build/optiastaros2/prefix_override:/home/ubuntu/optiAstaRos2_ws/install/optiastaros2/lib/python3.10/site-packages:/home/ubuntu/optiAstaRos2_ws/install/rigidbody_msgs/local/lib/python3.10/dist-packages:${PYTHONPATH} /usr/bin/python3 setup.py egg_info --egg-base ../../build/optiastaros2 build --build-base /home/ubuntu/optiAstaRos2_ws/build/optiastaros2/build install --record /home/ubuntu/optiAstaRos2_ws/build/optiastaros2/install.log --single-version-externally-managed
