[0.062s] Invoking command in '/home/ubuntu/optiAstaRos2_ws/build/rigidbody_msgs': CMAKE_PREFIX_PATH=${CMAKE_PREFIX_PATH}:/home/ubuntu/optiAstaRos2_ws/install/optiastaros2:/opt/ros/humble /usr/bin/cmake --build /home/ubuntu/optiAstaRos2_ws/build/rigidbody_msgs -- -j4 -l4
[0.291s] [  2%] Built target rigidbody_msgs__cpp
[0.304s] [ 12%] Built target rigidbody_msgs__rosidl_generator_c
[0.341s] [ 12%] Built target ament_cmake_python_copy_rigidbody_msgs
[0.402s] [ 23%] Built target rigidbody_msgs__rosidl_typesupport_cpp
[0.411s] [ 33%] Built target rigidbody_msgs__rosidl_typesupport_fastrtps_cpp
[0.426s] [ 43%] Built target rigidbody_msgs__rosidl_typesupport_introspection_cpp
[0.461s] [ 53%] Built target rigidbody_msgs__rosidl_typesupport_fastrtps_c
[0.513s] [ 64%] Built target rigidbody_msgs__rosidl_typesupport_introspection_c
[0.516s] [ 74%] Built target rigidbody_msgs__rosidl_typesupport_c
[0.603s] [ 74%] Built target rigidbody_msgs
[0.696s] [ 76%] Built target rigidbody_msgs__py
[0.796s] [ 84%] Built target rigidbody_msgs__rosidl_generator_py
[0.908s] [ 89%] Built target rigidbody_msgs__rosidl_typesupport_fastrtps_c__pyext
[0.915s] [ 94%] Built target rigidbody_msgs__rosidl_typesupport_introspection_c__pyext
[0.918s] [100%] Built target rigidbody_msgs__rosidl_typesupport_c__pyext
[1.579s] running egg_info
[1.582s] writing rigidbody_msgs.egg-info/PKG-INFO
[1.583s] writing dependency_links to rigidbody_msgs.egg-info/dependency_links.txt
[1.584s] writing top-level names to rigidbody_msgs.egg-info/top_level.txt
[1.594s] reading manifest file 'rigidbody_msgs.egg-info/SOURCES.txt'
[1.596s] writing manifest file 'rigidbody_msgs.egg-info/SOURCES.txt'
[1.725s] [100%] Built target ament_cmake_python_build_rigidbody_msgs_egg
[1.768s] Invoked command in '/home/ubuntu/optiAstaRos2_ws/build/rigidbody_msgs' returned '0': CMAKE_PREFIX_PATH=${CMAKE_PREFIX_PATH}:/home/ubuntu/optiAstaRos2_ws/install/optiastaros2:/opt/ros/humble /usr/bin/cmake --build /home/ubuntu/optiAstaRos2_ws/build/rigidbody_msgs -- -j4 -l4
[2.252s] Invoking command in '/home/ubuntu/optiAstaRos2_ws/build/rigidbody_msgs': CMAKE_PREFIX_PATH=${CMAKE_PREFIX_PATH}:/home/ubuntu/optiAstaRos2_ws/install/optiastaros2:/opt/ros/humble /usr/bin/cmake --install /home/ubuntu/optiAstaRos2_ws/build/rigidbody_msgs
[2.281s] -- Install configuration: ""
[2.282s] -- Up-to-date: /home/ubuntu/optiAstaRos2_ws/install/rigidbody_msgs/share/ament_index/resource_index/rosidl_interfaces/rigidbody_msgs
[2.282s] -- Up-to-date: /home/ubuntu/optiAstaRos2_ws/install/rigidbody_msgs/include/rigidbody_msgs/rigidbody_msgs
[2.282s] -- Up-to-date: /home/ubuntu/optiAstaRos2_ws/install/rigidbody_msgs/include/rigidbody_msgs/rigidbody_msgs/msg
[2.283s] -- Up-to-date: /home/ubuntu/optiAstaRos2_ws/install/rigidbody_msgs/include/rigidbody_msgs/rigidbody_msgs/msg/rigid_body.h
[2.283s] -- Up-to-date: /home/ubuntu/optiAstaRos2_ws/install/rigidbody_msgs/include/rigidbody_msgs/rigidbody_msgs/msg/rosidl_generator_c__visibility_control.h
[2.284s] -- Up-to-date: /home/ubuntu/optiAstaRos2_ws/install/rigidbody_msgs/include/rigidbody_msgs/rigidbody_msgs/msg/detail
[2.284s] -- Up-to-date: /home/ubuntu/optiAstaRos2_ws/install/rigidbody_msgs/include/rigidbody_msgs/rigidbody_msgs/msg/detail/robot_cmd__functions.h
[2.284s] -- Up-to-date: /home/ubuntu/optiAstaRos2_ws/install/rigidbody_msgs/include/rigidbody_msgs/rigidbody_msgs/msg/detail/robot_cmd__struct.h
[2.285s] -- Up-to-date: /home/ubuntu/optiAstaRos2_ws/install/rigidbody_msgs/include/rigidbody_msgs/rigidbody_msgs/msg/detail/rigid_body__functions.c
[2.285s] -- Up-to-date: /home/ubuntu/optiAstaRos2_ws/install/rigidbody_msgs/include/rigidbody_msgs/rigidbody_msgs/msg/detail/rigid_body__functions.h
[2.285s] -- Up-to-date: /home/ubuntu/optiAstaRos2_ws/install/rigidbody_msgs/include/rigidbody_msgs/rigidbody_msgs/msg/detail/rigid_body__struct.h
[2.286s] -- Up-to-date: /home/ubuntu/optiAstaRos2_ws/install/rigidbody_msgs/include/rigidbody_msgs/rigidbody_msgs/msg/detail/robot_cmd__functions.c
[2.286s] -- Up-to-date: /home/ubuntu/optiAstaRos2_ws/install/rigidbody_msgs/include/rigidbody_msgs/rigidbody_msgs/msg/detail/robot_cmd__type_support.h
[2.287s] -- Up-to-date: /home/ubuntu/optiAstaRos2_ws/install/rigidbody_msgs/include/rigidbody_msgs/rigidbody_msgs/msg/detail/rigid_body__type_support.h
[2.287s] -- Up-to-date: /home/ubuntu/optiAstaRos2_ws/install/rigidbody_msgs/include/rigidbody_msgs/rigidbody_msgs/msg/robot_cmd.h
[2.287s] -- Up-to-date: /home/ubuntu/optiAstaRos2_ws/install/rigidbody_msgs/share/rigidbody_msgs/environment/library_path.sh
[2.288s] -- Up-to-date: /home/ubuntu/optiAstaRos2_ws/install/rigidbody_msgs/share/rigidbody_msgs/environment/library_path.dsv
[2.288s] -- Up-to-date: /home/ubuntu/optiAstaRos2_ws/install/rigidbody_msgs/lib/librigidbody_msgs__rosidl_generator_c.so
[2.289s] -- Up-to-date: /home/ubuntu/optiAstaRos2_ws/install/rigidbody_msgs/include/rigidbody_msgs/rigidbody_msgs
[2.290s] -- Up-to-date: /home/ubuntu/optiAstaRos2_ws/install/rigidbody_msgs/include/rigidbody_msgs/rigidbody_msgs/msg
[2.290s] -- Up-to-date: /home/ubuntu/optiAstaRos2_ws/install/rigidbody_msgs/include/rigidbody_msgs/rigidbody_msgs/msg/rosidl_typesupport_fastrtps_c__visibility_control.h
[2.290s] -- Up-to-date: /home/ubuntu/optiAstaRos2_ws/install/rigidbody_msgs/include/rigidbody_msgs/rigidbody_msgs/msg/detail
[2.291s] -- Up-to-date: /home/ubuntu/optiAstaRos2_ws/install/rigidbody_msgs/include/rigidbody_msgs/rigidbody_msgs/msg/detail/robot_cmd__rosidl_typesupport_fastrtps_c.h
[2.291s] -- Up-to-date: /home/ubuntu/optiAstaRos2_ws/install/rigidbody_msgs/include/rigidbody_msgs/rigidbody_msgs/msg/detail/rigid_body__rosidl_typesupport_fastrtps_c.h
[2.293s] -- Up-to-date: /home/ubuntu/optiAstaRos2_ws/install/rigidbody_msgs/lib/librigidbody_msgs__rosidl_typesupport_fastrtps_c.so
[2.294s] -- Up-to-date: /home/ubuntu/optiAstaRos2_ws/install/rigidbody_msgs/include/rigidbody_msgs/rigidbody_msgs
[2.295s] -- Up-to-date: /home/ubuntu/optiAstaRos2_ws/install/rigidbody_msgs/include/rigidbody_msgs/rigidbody_msgs/msg
[2.295s] -- Up-to-date: /home/ubuntu/optiAstaRos2_ws/install/rigidbody_msgs/include/rigidbody_msgs/rigidbody_msgs/msg/rigid_body.hpp
[2.295s] -- Up-to-date: /home/ubuntu/optiAstaRos2_ws/install/rigidbody_msgs/include/rigidbody_msgs/rigidbody_msgs/msg/robot_cmd.hpp
[2.296s] -- Up-to-date: /home/ubuntu/optiAstaRos2_ws/install/rigidbody_msgs/include/rigidbody_msgs/rigidbody_msgs/msg/detail
[2.296s] -- Up-to-date: /home/ubuntu/optiAstaRos2_ws/install/rigidbody_msgs/include/rigidbody_msgs/rigidbody_msgs/msg/detail/rigid_body__traits.hpp
[2.296s] -- Up-to-date: /home/ubuntu/optiAstaRos2_ws/install/rigidbody_msgs/include/rigidbody_msgs/rigidbody_msgs/msg/detail/robot_cmd__traits.hpp
[2.297s] -- Up-to-date: /home/ubuntu/optiAstaRos2_ws/install/rigidbody_msgs/include/rigidbody_msgs/rigidbody_msgs/msg/detail/robot_cmd__struct.hpp
[2.297s] -- Up-to-date: /home/ubuntu/optiAstaRos2_ws/install/rigidbody_msgs/include/rigidbody_msgs/rigidbody_msgs/msg/detail/rigid_body__builder.hpp
[2.298s] -- Up-to-date: /home/ubuntu/optiAstaRos2_ws/install/rigidbody_msgs/include/rigidbody_msgs/rigidbody_msgs/msg/detail/robot_cmd__builder.hpp
[2.298s] -- Up-to-date: /home/ubuntu/optiAstaRos2_ws/install/rigidbody_msgs/include/rigidbody_msgs/rigidbody_msgs/msg/detail/rigid_body__struct.hpp
[2.298s] -- Up-to-date: /home/ubuntu/optiAstaRos2_ws/install/rigidbody_msgs/include/rigidbody_msgs/rigidbody_msgs
[2.299s] -- Up-to-date: /home/ubuntu/optiAstaRos2_ws/install/rigidbody_msgs/include/rigidbody_msgs/rigidbody_msgs/msg
[2.299s] -- Up-to-date: /home/ubuntu/optiAstaRos2_ws/install/rigidbody_msgs/include/rigidbody_msgs/rigidbody_msgs/msg/rosidl_typesupport_fastrtps_cpp__visibility_control.h
[2.299s] -- Up-to-date: /home/ubuntu/optiAstaRos2_ws/install/rigidbody_msgs/include/rigidbody_msgs/rigidbody_msgs/msg/detail
[2.300s] -- Up-to-date: /home/ubuntu/optiAstaRos2_ws/install/rigidbody_msgs/include/rigidbody_msgs/rigidbody_msgs/msg/detail/rigid_body__rosidl_typesupport_fastrtps_cpp.hpp
[2.300s] -- Up-to-date: /home/ubuntu/optiAstaRos2_ws/install/rigidbody_msgs/include/rigidbody_msgs/rigidbody_msgs/msg/detail/robot_cmd__rosidl_typesupport_fastrtps_cpp.hpp
[2.300s] -- Up-to-date: /home/ubuntu/optiAstaRos2_ws/install/rigidbody_msgs/include/rigidbody_msgs/rigidbody_msgs/msg/detail/dds_fastrtps
[2.302s] -- Up-to-date: /home/ubuntu/optiAstaRos2_ws/install/rigidbody_msgs/lib/librigidbody_msgs__rosidl_typesupport_fastrtps_cpp.so
[2.303s] -- Up-to-date: /home/ubuntu/optiAstaRos2_ws/install/rigidbody_msgs/include/rigidbody_msgs/rigidbody_msgs
[2.303s] -- Up-to-date: /home/ubuntu/optiAstaRos2_ws/install/rigidbody_msgs/include/rigidbody_msgs/rigidbody_msgs/msg
[2.304s] -- Up-to-date: /home/ubuntu/optiAstaRos2_ws/install/rigidbody_msgs/include/rigidbody_msgs/rigidbody_msgs/msg/rosidl_typesupport_introspection_c__visibility_control.h
[2.304s] -- Up-to-date: /home/ubuntu/optiAstaRos2_ws/install/rigidbody_msgs/include/rigidbody_msgs/rigidbody_msgs/msg/detail
[2.304s] -- Up-to-date: /home/ubuntu/optiAstaRos2_ws/install/rigidbody_msgs/include/rigidbody_msgs/rigidbody_msgs/msg/detail/robot_cmd__rosidl_typesupport_introspection_c.h
[2.305s] -- Up-to-date: /home/ubuntu/optiAstaRos2_ws/install/rigidbody_msgs/include/rigidbody_msgs/rigidbody_msgs/msg/detail/rigid_body__rosidl_typesupport_introspection_c.h
[2.305s] -- Up-to-date: /home/ubuntu/optiAstaRos2_ws/install/rigidbody_msgs/include/rigidbody_msgs/rigidbody_msgs/msg/detail/robot_cmd__type_support.c
[2.305s] -- Up-to-date: /home/ubuntu/optiAstaRos2_ws/install/rigidbody_msgs/include/rigidbody_msgs/rigidbody_msgs/msg/detail/rigid_body__type_support.c
[2.307s] -- Up-to-date: /home/ubuntu/optiAstaRos2_ws/install/rigidbody_msgs/lib/librigidbody_msgs__rosidl_typesupport_introspection_c.so
[2.308s] -- Up-to-date: /home/ubuntu/optiAstaRos2_ws/install/rigidbody_msgs/lib/librigidbody_msgs__rosidl_typesupport_c.so
[2.310s] -- Up-to-date: /home/ubuntu/optiAstaRos2_ws/install/rigidbody_msgs/include/rigidbody_msgs/rigidbody_msgs
[2.310s] -- Up-to-date: /home/ubuntu/optiAstaRos2_ws/install/rigidbody_msgs/include/rigidbody_msgs/rigidbody_msgs/msg
[2.311s] -- Up-to-date: /home/ubuntu/optiAstaRos2_ws/install/rigidbody_msgs/include/rigidbody_msgs/rigidbody_msgs/msg/detail
[2.311s] -- Up-to-date: /home/ubuntu/optiAstaRos2_ws/install/rigidbody_msgs/include/rigidbody_msgs/rigidbody_msgs/msg/detail/robot_cmd__type_support.cpp
[2.312s] -- Up-to-date: /home/ubuntu/optiAstaRos2_ws/install/rigidbody_msgs/include/rigidbody_msgs/rigidbody_msgs/msg/detail/rigid_body__rosidl_typesupport_introspection_cpp.hpp
[2.312s] -- Up-to-date: /home/ubuntu/optiAstaRos2_ws/install/rigidbody_msgs/include/rigidbody_msgs/rigidbody_msgs/msg/detail/robot_cmd__rosidl_typesupport_introspection_cpp.hpp
[2.312s] -- Up-to-date: /home/ubuntu/optiAstaRos2_ws/install/rigidbody_msgs/include/rigidbody_msgs/rigidbody_msgs/msg/detail/rigid_body__type_support.cpp
[2.313s] -- Up-to-date: /home/ubuntu/optiAstaRos2_ws/install/rigidbody_msgs/lib/librigidbody_msgs__rosidl_typesupport_introspection_cpp.so
[2.315s] -- Up-to-date: /home/ubuntu/optiAstaRos2_ws/install/rigidbody_msgs/lib/librigidbody_msgs__rosidl_typesupport_cpp.so
[2.316s] -- Up-to-date: /home/ubuntu/optiAstaRos2_ws/install/rigidbody_msgs/share/rigidbody_msgs/environment/pythonpath.sh
[2.316s] -- Up-to-date: /home/ubuntu/optiAstaRos2_ws/install/rigidbody_msgs/share/rigidbody_msgs/environment/pythonpath.dsv
[2.317s] -- Up-to-date: /home/ubuntu/optiAstaRos2_ws/install/rigidbody_msgs/local/lib/python3.10/dist-packages/rigidbody_msgs-0.0.0-py3.10.egg-info
[2.317s] -- Installing: /home/ubuntu/optiAstaRos2_ws/install/rigidbody_msgs/local/lib/python3.10/dist-packages/rigidbody_msgs-0.0.0-py3.10.egg-info/PKG-INFO
[2.319s] -- Installing: /home/ubuntu/optiAstaRos2_ws/install/rigidbody_msgs/local/lib/python3.10/dist-packages/rigidbody_msgs-0.0.0-py3.10.egg-info/top_level.txt
[2.320s] -- Installing: /home/ubuntu/optiAstaRos2_ws/install/rigidbody_msgs/local/lib/python3.10/dist-packages/rigidbody_msgs-0.0.0-py3.10.egg-info/SOURCES.txt
[2.321s] -- Installing: /home/ubuntu/optiAstaRos2_ws/install/rigidbody_msgs/local/lib/python3.10/dist-packages/rigidbody_msgs-0.0.0-py3.10.egg-info/dependency_links.txt
[2.322s] -- Up-to-date: /home/ubuntu/optiAstaRos2_ws/install/rigidbody_msgs/local/lib/python3.10/dist-packages/rigidbody_msgs
[2.323s] -- Up-to-date: /home/ubuntu/optiAstaRos2_ws/install/rigidbody_msgs/local/lib/python3.10/dist-packages/rigidbody_msgs/_rigidbody_msgs_s.ep.rosidl_typesupport_fastrtps_c.c
[2.323s] -- Up-to-date: /home/ubuntu/optiAstaRos2_ws/install/rigidbody_msgs/local/lib/python3.10/dist-packages/rigidbody_msgs/_rigidbody_msgs_s.ep.rosidl_typesupport_introspection_c.c
[2.324s] -- Up-to-date: /home/ubuntu/optiAstaRos2_ws/install/rigidbody_msgs/local/lib/python3.10/dist-packages/rigidbody_msgs/rigidbody_msgs_s__rosidl_typesupport_fastrtps_c.cpython-310-aarch64-linux-gnu.so
[2.324s] -- Up-to-date: /home/ubuntu/optiAstaRos2_ws/install/rigidbody_msgs/local/lib/python3.10/dist-packages/rigidbody_msgs/msg
[2.325s] -- Up-to-date: /home/ubuntu/optiAstaRos2_ws/install/rigidbody_msgs/local/lib/python3.10/dist-packages/rigidbody_msgs/msg/_robot_cmd_s.c
[2.325s] -- Up-to-date: /home/ubuntu/optiAstaRos2_ws/install/rigidbody_msgs/local/lib/python3.10/dist-packages/rigidbody_msgs/msg/_rigid_body_s.c
[2.325s] -- Up-to-date: /home/ubuntu/optiAstaRos2_ws/install/rigidbody_msgs/local/lib/python3.10/dist-packages/rigidbody_msgs/msg/_robot_cmd.py
[2.326s] -- Up-to-date: /home/ubuntu/optiAstaRos2_ws/install/rigidbody_msgs/local/lib/python3.10/dist-packages/rigidbody_msgs/msg/_rigid_body.py
[2.326s] -- Up-to-date: /home/ubuntu/optiAstaRos2_ws/install/rigidbody_msgs/local/lib/python3.10/dist-packages/rigidbody_msgs/msg/__init__.py
[2.326s] -- Up-to-date: /home/ubuntu/optiAstaRos2_ws/install/rigidbody_msgs/local/lib/python3.10/dist-packages/rigidbody_msgs/_rigidbody_msgs_s.ep.rosidl_typesupport_c.c
[2.327s] -- Up-to-date: /home/ubuntu/optiAstaRos2_ws/install/rigidbody_msgs/local/lib/python3.10/dist-packages/rigidbody_msgs/librigidbody_msgs__rosidl_generator_py.so
[2.327s] -- Up-to-date: /home/ubuntu/optiAstaRos2_ws/install/rigidbody_msgs/local/lib/python3.10/dist-packages/rigidbody_msgs/__init__.py
[2.327s] -- Up-to-date: /home/ubuntu/optiAstaRos2_ws/install/rigidbody_msgs/local/lib/python3.10/dist-packages/rigidbody_msgs/rigidbody_msgs_s__rosidl_typesupport_introspection_c.cpython-310-aarch64-linux-gnu.so
[2.328s] -- Up-to-date: /home/ubuntu/optiAstaRos2_ws/install/rigidbody_msgs/local/lib/python3.10/dist-packages/rigidbody_msgs/rigidbody_msgs_s__rosidl_typesupport_c.cpython-310-aarch64-linux-gnu.so
[2.468s] Listing '/home/ubuntu/optiAstaRos2_ws/install/rigidbody_msgs/local/lib/python3.10/dist-packages/rigidbody_msgs'...
[2.469s] Listing '/home/ubuntu/optiAstaRos2_ws/install/rigidbody_msgs/local/lib/python3.10/dist-packages/rigidbody_msgs/msg'...
[2.491s] -- Up-to-date: /home/ubuntu/optiAstaRos2_ws/install/rigidbody_msgs/local/lib/python3.10/dist-packages/rigidbody_msgs/rigidbody_msgs_s__rosidl_typesupport_fastrtps_c.cpython-310-aarch64-linux-gnu.so
[2.493s] -- Up-to-date: /home/ubuntu/optiAstaRos2_ws/install/rigidbody_msgs/local/lib/python3.10/dist-packages/rigidbody_msgs/rigidbody_msgs_s__rosidl_typesupport_introspection_c.cpython-310-aarch64-linux-gnu.so
[2.495s] -- Up-to-date: /home/ubuntu/optiAstaRos2_ws/install/rigidbody_msgs/local/lib/python3.10/dist-packages/rigidbody_msgs/rigidbody_msgs_s__rosidl_typesupport_c.cpython-310-aarch64-linux-gnu.so
[2.497s] -- Up-to-date: /home/ubuntu/optiAstaRos2_ws/install/rigidbody_msgs/lib/librigidbody_msgs__rosidl_generator_py.so
[2.498s] -- Up-to-date: /home/ubuntu/optiAstaRos2_ws/install/rigidbody_msgs/share/rigidbody_msgs/msg/RigidBody.idl
[2.499s] -- Up-to-date: /home/ubuntu/optiAstaRos2_ws/install/rigidbody_msgs/share/rigidbody_msgs/msg/RobotCmd.idl
[2.499s] -- Up-to-date: /home/ubuntu/optiAstaRos2_ws/install/rigidbody_msgs/share/rigidbody_msgs/msg/RigidBody.msg
[2.499s] -- Up-to-date: /home/ubuntu/optiAstaRos2_ws/install/rigidbody_msgs/share/rigidbody_msgs/msg/RobotCmd.msg
[2.500s] -- Up-to-date: /home/ubuntu/optiAstaRos2_ws/install/rigidbody_msgs/share/ament_index/resource_index/package_run_dependencies/rigidbody_msgs
[2.500s] -- Up-to-date: /home/ubuntu/optiAstaRos2_ws/install/rigidbody_msgs/share/ament_index/resource_index/parent_prefix_path/rigidbody_msgs
[2.501s] -- Up-to-date: /home/ubuntu/optiAstaRos2_ws/install/rigidbody_msgs/share/rigidbody_msgs/environment/ament_prefix_path.sh
[2.501s] -- Up-to-date: /home/ubuntu/optiAstaRos2_ws/install/rigidbody_msgs/share/rigidbody_msgs/environment/ament_prefix_path.dsv
[2.502s] -- Up-to-date: /home/ubuntu/optiAstaRos2_ws/install/rigidbody_msgs/share/rigidbody_msgs/environment/path.sh
[2.502s] -- Up-to-date: /home/ubuntu/optiAstaRos2_ws/install/rigidbody_msgs/share/rigidbody_msgs/environment/path.dsv
[2.502s] -- Up-to-date: /home/ubuntu/optiAstaRos2_ws/install/rigidbody_msgs/share/rigidbody_msgs/local_setup.bash
[2.503s] -- Up-to-date: /home/ubuntu/optiAstaRos2_ws/install/rigidbody_msgs/share/rigidbody_msgs/local_setup.sh
[2.503s] -- Up-to-date: /home/ubuntu/optiAstaRos2_ws/install/rigidbody_msgs/share/rigidbody_msgs/local_setup.zsh
[2.504s] -- Up-to-date: /home/ubuntu/optiAstaRos2_ws/install/rigidbody_msgs/share/rigidbody_msgs/local_setup.dsv
[2.504s] -- Installing: /home/ubuntu/optiAstaRos2_ws/install/rigidbody_msgs/share/rigidbody_msgs/package.dsv
[2.505s] -- Up-to-date: /home/ubuntu/optiAstaRos2_ws/install/rigidbody_msgs/share/ament_index/resource_index/packages/rigidbody_msgs
[2.506s] -- Up-to-date: /home/ubuntu/optiAstaRos2_ws/install/rigidbody_msgs/share/rigidbody_msgs/cmake/export_rigidbody_msgs__rosidl_generator_cExport.cmake
[2.506s] -- Up-to-date: /home/ubuntu/optiAstaRos2_ws/install/rigidbody_msgs/share/rigidbody_msgs/cmake/export_rigidbody_msgs__rosidl_generator_cExport-noconfig.cmake
[2.507s] -- Up-to-date: /home/ubuntu/optiAstaRos2_ws/install/rigidbody_msgs/share/rigidbody_msgs/cmake/export_rigidbody_msgs__rosidl_typesupport_fastrtps_cExport.cmake
[2.508s] -- Up-to-date: /home/ubuntu/optiAstaRos2_ws/install/rigidbody_msgs/share/rigidbody_msgs/cmake/export_rigidbody_msgs__rosidl_typesupport_fastrtps_cExport-noconfig.cmake
[2.509s] -- Up-to-date: /home/ubuntu/optiAstaRos2_ws/install/rigidbody_msgs/share/rigidbody_msgs/cmake/export_rigidbody_msgs__rosidl_generator_cppExport.cmake
[2.510s] -- Up-to-date: /home/ubuntu/optiAstaRos2_ws/install/rigidbody_msgs/share/rigidbody_msgs/cmake/export_rigidbody_msgs__rosidl_typesupport_fastrtps_cppExport.cmake
[2.511s] -- Up-to-date: /home/ubuntu/optiAstaRos2_ws/install/rigidbody_msgs/share/rigidbody_msgs/cmake/export_rigidbody_msgs__rosidl_typesupport_fastrtps_cppExport-noconfig.cmake
[2.511s] -- Up-to-date: /home/ubuntu/optiAstaRos2_ws/install/rigidbody_msgs/share/rigidbody_msgs/cmake/rigidbody_msgs__rosidl_typesupport_introspection_cExport.cmake
[2.512s] -- Up-to-date: /home/ubuntu/optiAstaRos2_ws/install/rigidbody_msgs/share/rigidbody_msgs/cmake/rigidbody_msgs__rosidl_typesupport_introspection_cExport-noconfig.cmake
[2.513s] -- Up-to-date: /home/ubuntu/optiAstaRos2_ws/install/rigidbody_msgs/share/rigidbody_msgs/cmake/rigidbody_msgs__rosidl_typesupport_cExport.cmake
[2.513s] -- Up-to-date: /home/ubuntu/optiAstaRos2_ws/install/rigidbody_msgs/share/rigidbody_msgs/cmake/rigidbody_msgs__rosidl_typesupport_cExport-noconfig.cmake
[2.514s] -- Up-to-date: /home/ubuntu/optiAstaRos2_ws/install/rigidbody_msgs/share/rigidbody_msgs/cmake/rigidbody_msgs__rosidl_typesupport_introspection_cppExport.cmake
[2.514s] -- Up-to-date: /home/ubuntu/optiAstaRos2_ws/install/rigidbody_msgs/share/rigidbody_msgs/cmake/rigidbody_msgs__rosidl_typesupport_introspection_cppExport-noconfig.cmake
[2.515s] -- Up-to-date: /home/ubuntu/optiAstaRos2_ws/install/rigidbody_msgs/share/rigidbody_msgs/cmake/rigidbody_msgs__rosidl_typesupport_cppExport.cmake
[2.516s] -- Up-to-date: /home/ubuntu/optiAstaRos2_ws/install/rigidbody_msgs/share/rigidbody_msgs/cmake/rigidbody_msgs__rosidl_typesupport_cppExport-noconfig.cmake
[2.516s] -- Up-to-date: /home/ubuntu/optiAstaRos2_ws/install/rigidbody_msgs/share/rigidbody_msgs/cmake/export_rigidbody_msgs__rosidl_generator_pyExport.cmake
[2.517s] -- Up-to-date: /home/ubuntu/optiAstaRos2_ws/install/rigidbody_msgs/share/rigidbody_msgs/cmake/export_rigidbody_msgs__rosidl_generator_pyExport-noconfig.cmake
[2.517s] -- Up-to-date: /home/ubuntu/optiAstaRos2_ws/install/rigidbody_msgs/share/rigidbody_msgs/cmake/rosidl_cmake-extras.cmake
[2.518s] -- Up-to-date: /home/ubuntu/optiAstaRos2_ws/install/rigidbody_msgs/share/rigidbody_msgs/cmake/ament_cmake_export_dependencies-extras.cmake
[2.518s] -- Up-to-date: /home/ubuntu/optiAstaRos2_ws/install/rigidbody_msgs/share/rigidbody_msgs/cmake/ament_cmake_export_include_directories-extras.cmake
[2.519s] -- Up-to-date: /home/ubuntu/optiAstaRos2_ws/install/rigidbody_msgs/share/rigidbody_msgs/cmake/ament_cmake_export_libraries-extras.cmake
[2.519s] -- Up-to-date: /home/ubuntu/optiAstaRos2_ws/install/rigidbody_msgs/share/rigidbody_msgs/cmake/ament_cmake_export_targets-extras.cmake
[2.520s] -- Up-to-date: /home/ubuntu/optiAstaRos2_ws/install/rigidbody_msgs/share/rigidbody_msgs/cmake/rosidl_cmake_export_typesupport_targets-extras.cmake
[2.520s] -- Up-to-date: /home/ubuntu/optiAstaRos2_ws/install/rigidbody_msgs/share/rigidbody_msgs/cmake/rosidl_cmake_export_typesupport_libraries-extras.cmake
[2.520s] -- Up-to-date: /home/ubuntu/optiAstaRos2_ws/install/rigidbody_msgs/share/rigidbody_msgs/cmake/rigidbody_msgsConfig.cmake
[2.521s] -- Up-to-date: /home/ubuntu/optiAstaRos2_ws/install/rigidbody_msgs/share/rigidbody_msgs/cmake/rigidbody_msgsConfig-version.cmake
[2.521s] -- Up-to-date: /home/ubuntu/optiAstaRos2_ws/install/rigidbody_msgs/share/rigidbody_msgs/package.xml
[2.530s] Invoked command in '/home/ubuntu/optiAstaRos2_ws/build/rigidbody_msgs' returned '0': CMAKE_PREFIX_PATH=${CMAKE_PREFIX_PATH}:/home/ubuntu/optiAstaRos2_ws/install/optiastaros2:/opt/ros/humble /usr/bin/cmake --install /home/ubuntu/optiAstaRos2_ws/build/rigidbody_msgs
