[0.087s] Invoking command in '/home/ubuntu/optiAstaRos2_ws/build/rigidbody_msgs': CMAKE_PREFIX_PATH=/opt/ros/humble /usr/bin/cmake --build /home/ubuntu/optiAstaRos2_ws/build/rigidbody_msgs -- -j4 -l4
[0.634s] [  2%] Built target rigidbody_msgs__cpp
[0.680s] [ 12%] Built target rigidbody_msgs__rosidl_generator_c
[0.691s] [ 12%] Built target ament_cmake_python_copy_rigidbody_msgs
[0.803s] [ 23%] Built target rigidbody_msgs__rosidl_typesupport_cpp
[0.805s] [ 33%] Built target rigidbody_msgs__rosidl_typesupport_fastrtps_cpp
[0.821s] [ 43%] Built target rigidbody_msgs__rosidl_typesupport_introspection_cpp
[0.825s] [ 53%] Built target rigidbody_msgs__rosidl_typesupport_fastrtps_c
[0.924s] [ 64%] Built target rigidbody_msgs__rosidl_typesupport_c
[0.928s] [ 74%] Built target rigidbody_msgs__rosidl_typesupport_introspection_c
[1.020s] [ 74%] Built target rigidbody_msgs
[1.119s] [ 76%] Built target rigidbody_msgs__py
[1.247s] [ 84%] Built target rigidbody_msgs__rosidl_generator_py
[1.366s] [ 89%] Built target rigidbody_msgs__rosidl_typesupport_c__pyext
[1.367s] [ 94%] Built target rigidbody_msgs__rosidl_typesupport_fastrtps_c__pyext
[1.376s] [100%] Built target rigidbody_msgs__rosidl_typesupport_introspection_c__pyext
[1.978s] running egg_info
[1.982s] writing rigidbody_msgs.egg-info/PKG-INFO
[1.983s] writing dependency_links to rigidbody_msgs.egg-info/dependency_links.txt
[1.984s] writing top-level names to rigidbody_msgs.egg-info/top_level.txt
[1.999s] reading manifest file 'rigidbody_msgs.egg-info/SOURCES.txt'
[2.003s] writing manifest file 'rigidbody_msgs.egg-info/SOURCES.txt'
[2.129s] [100%] Built target ament_cmake_python_build_rigidbody_msgs_egg
[2.171s] Invoked command in '/home/ubuntu/optiAstaRos2_ws/build/rigidbody_msgs' returned '0': CMAKE_PREFIX_PATH=/opt/ros/humble /usr/bin/cmake --build /home/ubuntu/optiAstaRos2_ws/build/rigidbody_msgs -- -j4 -l4
[2.630s] Invoking command in '/home/ubuntu/optiAstaRos2_ws/build/rigidbody_msgs': CMAKE_PREFIX_PATH=/opt/ros/humble /usr/bin/cmake --install /home/ubuntu/optiAstaRos2_ws/build/rigidbody_msgs
[2.666s] -- Install configuration: ""
[2.667s] -- Up-to-date: /home/ubuntu/optiAstaRos2_ws/install/rigidbody_msgs/share/ament_index/resource_index/rosidl_interfaces/rigidbody_msgs
[2.667s] -- Up-to-date: /home/ubuntu/optiAstaRos2_ws/install/rigidbody_msgs/include/rigidbody_msgs/rigidbody_msgs
[2.668s] -- Up-to-date: /home/ubuntu/optiAstaRos2_ws/install/rigidbody_msgs/include/rigidbody_msgs/rigidbody_msgs/msg
[2.668s] -- Up-to-date: /home/ubuntu/optiAstaRos2_ws/install/rigidbody_msgs/include/rigidbody_msgs/rigidbody_msgs/msg/rigid_body.h
[2.668s] -- Up-to-date: /home/ubuntu/optiAstaRos2_ws/install/rigidbody_msgs/include/rigidbody_msgs/rigidbody_msgs/msg/rosidl_generator_c__visibility_control.h
[2.669s] -- Up-to-date: /home/ubuntu/optiAstaRos2_ws/install/rigidbody_msgs/include/rigidbody_msgs/rigidbody_msgs/msg/detail
[2.669s] -- Up-to-date: /home/ubuntu/optiAstaRos2_ws/install/rigidbody_msgs/include/rigidbody_msgs/rigidbody_msgs/msg/detail/robot_cmd__functions.h
[2.670s] -- Up-to-date: /home/ubuntu/optiAstaRos2_ws/install/rigidbody_msgs/include/rigidbody_msgs/rigidbody_msgs/msg/detail/robot_cmd__struct.h
[2.671s] -- Up-to-date: /home/ubuntu/optiAstaRos2_ws/install/rigidbody_msgs/include/rigidbody_msgs/rigidbody_msgs/msg/detail/rigid_body__functions.c
[2.671s] -- Up-to-date: /home/ubuntu/optiAstaRos2_ws/install/rigidbody_msgs/include/rigidbody_msgs/rigidbody_msgs/msg/detail/rigid_body__functions.h
[2.672s] -- Up-to-date: /home/ubuntu/optiAstaRos2_ws/install/rigidbody_msgs/include/rigidbody_msgs/rigidbody_msgs/msg/detail/rigid_body__struct.h
[2.672s] -- Up-to-date: /home/ubuntu/optiAstaRos2_ws/install/rigidbody_msgs/include/rigidbody_msgs/rigidbody_msgs/msg/detail/robot_cmd__functions.c
[2.673s] -- Up-to-date: /home/ubuntu/optiAstaRos2_ws/install/rigidbody_msgs/include/rigidbody_msgs/rigidbody_msgs/msg/detail/robot_cmd__type_support.h
[2.674s] -- Up-to-date: /home/ubuntu/optiAstaRos2_ws/install/rigidbody_msgs/include/rigidbody_msgs/rigidbody_msgs/msg/detail/rigid_body__type_support.h
[2.674s] -- Up-to-date: /home/ubuntu/optiAstaRos2_ws/install/rigidbody_msgs/include/rigidbody_msgs/rigidbody_msgs/msg/robot_cmd.h
[2.675s] -- Up-to-date: /home/ubuntu/optiAstaRos2_ws/install/rigidbody_msgs/share/rigidbody_msgs/environment/library_path.sh
[2.675s] -- Up-to-date: /home/ubuntu/optiAstaRos2_ws/install/rigidbody_msgs/share/rigidbody_msgs/environment/library_path.dsv
[2.680s] -- Up-to-date: /home/ubuntu/optiAstaRos2_ws/install/rigidbody_msgs/lib/librigidbody_msgs__rosidl_generator_c.so
[2.682s] -- Up-to-date: /home/ubuntu/optiAstaRos2_ws/install/rigidbody_msgs/include/rigidbody_msgs/rigidbody_msgs
[2.682s] -- Up-to-date: /home/ubuntu/optiAstaRos2_ws/install/rigidbody_msgs/include/rigidbody_msgs/rigidbody_msgs/msg
[2.683s] -- Up-to-date: /home/ubuntu/optiAstaRos2_ws/install/rigidbody_msgs/include/rigidbody_msgs/rigidbody_msgs/msg/rosidl_typesupport_fastrtps_c__visibility_control.h
[2.683s] -- Up-to-date: /home/ubuntu/optiAstaRos2_ws/install/rigidbody_msgs/include/rigidbody_msgs/rigidbody_msgs/msg/detail
[2.684s] -- Up-to-date: /home/ubuntu/optiAstaRos2_ws/install/rigidbody_msgs/include/rigidbody_msgs/rigidbody_msgs/msg/detail/robot_cmd__rosidl_typesupport_fastrtps_c.h
[2.685s] -- Up-to-date: /home/ubuntu/optiAstaRos2_ws/install/rigidbody_msgs/include/rigidbody_msgs/rigidbody_msgs/msg/detail/rigid_body__rosidl_typesupport_fastrtps_c.h
[2.687s] -- Up-to-date: /home/ubuntu/optiAstaRos2_ws/install/rigidbody_msgs/lib/librigidbody_msgs__rosidl_typesupport_fastrtps_c.so
[2.689s] -- Up-to-date: /home/ubuntu/optiAstaRos2_ws/install/rigidbody_msgs/include/rigidbody_msgs/rigidbody_msgs
[2.689s] -- Up-to-date: /home/ubuntu/optiAstaRos2_ws/install/rigidbody_msgs/include/rigidbody_msgs/rigidbody_msgs/msg
[2.690s] -- Up-to-date: /home/ubuntu/optiAstaRos2_ws/install/rigidbody_msgs/include/rigidbody_msgs/rigidbody_msgs/msg/rigid_body.hpp
[2.690s] -- Up-to-date: /home/ubuntu/optiAstaRos2_ws/install/rigidbody_msgs/include/rigidbody_msgs/rigidbody_msgs/msg/robot_cmd.hpp
[2.691s] -- Up-to-date: /home/ubuntu/optiAstaRos2_ws/install/rigidbody_msgs/include/rigidbody_msgs/rigidbody_msgs/msg/detail
[2.691s] -- Up-to-date: /home/ubuntu/optiAstaRos2_ws/install/rigidbody_msgs/include/rigidbody_msgs/rigidbody_msgs/msg/detail/rigid_body__traits.hpp
[2.692s] -- Up-to-date: /home/ubuntu/optiAstaRos2_ws/install/rigidbody_msgs/include/rigidbody_msgs/rigidbody_msgs/msg/detail/robot_cmd__traits.hpp
[2.692s] -- Up-to-date: /home/ubuntu/optiAstaRos2_ws/install/rigidbody_msgs/include/rigidbody_msgs/rigidbody_msgs/msg/detail/robot_cmd__struct.hpp
[2.692s] -- Up-to-date: /home/ubuntu/optiAstaRos2_ws/install/rigidbody_msgs/include/rigidbody_msgs/rigidbody_msgs/msg/detail/rigid_body__builder.hpp
[2.693s] -- Up-to-date: /home/ubuntu/optiAstaRos2_ws/install/rigidbody_msgs/include/rigidbody_msgs/rigidbody_msgs/msg/detail/robot_cmd__builder.hpp
[2.693s] -- Up-to-date: /home/ubuntu/optiAstaRos2_ws/install/rigidbody_msgs/include/rigidbody_msgs/rigidbody_msgs/msg/detail/rigid_body__struct.hpp
[2.694s] -- Up-to-date: /home/ubuntu/optiAstaRos2_ws/install/rigidbody_msgs/include/rigidbody_msgs/rigidbody_msgs
[2.694s] -- Up-to-date: /home/ubuntu/optiAstaRos2_ws/install/rigidbody_msgs/include/rigidbody_msgs/rigidbody_msgs/msg
[2.694s] -- Up-to-date: /home/ubuntu/optiAstaRos2_ws/install/rigidbody_msgs/include/rigidbody_msgs/rigidbody_msgs/msg/rosidl_typesupport_fastrtps_cpp__visibility_control.h
[2.695s] -- Up-to-date: /home/ubuntu/optiAstaRos2_ws/install/rigidbody_msgs/include/rigidbody_msgs/rigidbody_msgs/msg/detail
[2.695s] -- Up-to-date: /home/ubuntu/optiAstaRos2_ws/install/rigidbody_msgs/include/rigidbody_msgs/rigidbody_msgs/msg/detail/rigid_body__rosidl_typesupport_fastrtps_cpp.hpp
[2.696s] -- Up-to-date: /home/ubuntu/optiAstaRos2_ws/install/rigidbody_msgs/include/rigidbody_msgs/rigidbody_msgs/msg/detail/robot_cmd__rosidl_typesupport_fastrtps_cpp.hpp
[2.696s] -- Up-to-date: /home/ubuntu/optiAstaRos2_ws/install/rigidbody_msgs/include/rigidbody_msgs/rigidbody_msgs/msg/detail/dds_fastrtps
[2.701s] -- Up-to-date: /home/ubuntu/optiAstaRos2_ws/install/rigidbody_msgs/lib/librigidbody_msgs__rosidl_typesupport_fastrtps_cpp.so
[2.702s] -- Up-to-date: /home/ubuntu/optiAstaRos2_ws/install/rigidbody_msgs/include/rigidbody_msgs/rigidbody_msgs
[2.703s] -- Up-to-date: /home/ubuntu/optiAstaRos2_ws/install/rigidbody_msgs/include/rigidbody_msgs/rigidbody_msgs/msg
[2.703s] -- Up-to-date: /home/ubuntu/optiAstaRos2_ws/install/rigidbody_msgs/include/rigidbody_msgs/rigidbody_msgs/msg/rosidl_typesupport_introspection_c__visibility_control.h
[2.704s] -- Up-to-date: /home/ubuntu/optiAstaRos2_ws/install/rigidbody_msgs/include/rigidbody_msgs/rigidbody_msgs/msg/detail
[2.704s] -- Up-to-date: /home/ubuntu/optiAstaRos2_ws/install/rigidbody_msgs/include/rigidbody_msgs/rigidbody_msgs/msg/detail/robot_cmd__rosidl_typesupport_introspection_c.h
[2.705s] -- Up-to-date: /home/ubuntu/optiAstaRos2_ws/install/rigidbody_msgs/include/rigidbody_msgs/rigidbody_msgs/msg/detail/rigid_body__rosidl_typesupport_introspection_c.h
[2.705s] -- Up-to-date: /home/ubuntu/optiAstaRos2_ws/install/rigidbody_msgs/include/rigidbody_msgs/rigidbody_msgs/msg/detail/robot_cmd__type_support.c
[2.706s] -- Up-to-date: /home/ubuntu/optiAstaRos2_ws/install/rigidbody_msgs/include/rigidbody_msgs/rigidbody_msgs/msg/detail/rigid_body__type_support.c
[2.708s] -- Up-to-date: /home/ubuntu/optiAstaRos2_ws/install/rigidbody_msgs/lib/librigidbody_msgs__rosidl_typesupport_introspection_c.so
[2.711s] -- Up-to-date: /home/ubuntu/optiAstaRos2_ws/install/rigidbody_msgs/lib/librigidbody_msgs__rosidl_typesupport_c.so
[2.712s] -- Up-to-date: /home/ubuntu/optiAstaRos2_ws/install/rigidbody_msgs/include/rigidbody_msgs/rigidbody_msgs
[2.713s] -- Up-to-date: /home/ubuntu/optiAstaRos2_ws/install/rigidbody_msgs/include/rigidbody_msgs/rigidbody_msgs/msg
[2.713s] -- Up-to-date: /home/ubuntu/optiAstaRos2_ws/install/rigidbody_msgs/include/rigidbody_msgs/rigidbody_msgs/msg/detail
[2.714s] -- Up-to-date: /home/ubuntu/optiAstaRos2_ws/install/rigidbody_msgs/include/rigidbody_msgs/rigidbody_msgs/msg/detail/robot_cmd__type_support.cpp
[2.714s] -- Up-to-date: /home/ubuntu/optiAstaRos2_ws/install/rigidbody_msgs/include/rigidbody_msgs/rigidbody_msgs/msg/detail/rigid_body__rosidl_typesupport_introspection_cpp.hpp
[2.715s] -- Up-to-date: /home/ubuntu/optiAstaRos2_ws/install/rigidbody_msgs/include/rigidbody_msgs/rigidbody_msgs/msg/detail/robot_cmd__rosidl_typesupport_introspection_cpp.hpp
[2.716s] -- Up-to-date: /home/ubuntu/optiAstaRos2_ws/install/rigidbody_msgs/include/rigidbody_msgs/rigidbody_msgs/msg/detail/rigid_body__type_support.cpp
[2.718s] -- Up-to-date: /home/ubuntu/optiAstaRos2_ws/install/rigidbody_msgs/lib/librigidbody_msgs__rosidl_typesupport_introspection_cpp.so
[2.721s] -- Up-to-date: /home/ubuntu/optiAstaRos2_ws/install/rigidbody_msgs/lib/librigidbody_msgs__rosidl_typesupport_cpp.so
[2.723s] -- Up-to-date: /home/ubuntu/optiAstaRos2_ws/install/rigidbody_msgs/share/rigidbody_msgs/environment/pythonpath.sh
[2.723s] -- Up-to-date: /home/ubuntu/optiAstaRos2_ws/install/rigidbody_msgs/share/rigidbody_msgs/environment/pythonpath.dsv
[2.724s] -- Up-to-date: /home/ubuntu/optiAstaRos2_ws/install/rigidbody_msgs/local/lib/python3.10/dist-packages/rigidbody_msgs-0.0.0-py3.10.egg-info
[2.724s] -- Installing: /home/ubuntu/optiAstaRos2_ws/install/rigidbody_msgs/local/lib/python3.10/dist-packages/rigidbody_msgs-0.0.0-py3.10.egg-info/PKG-INFO
[2.726s] -- Installing: /home/ubuntu/optiAstaRos2_ws/install/rigidbody_msgs/local/lib/python3.10/dist-packages/rigidbody_msgs-0.0.0-py3.10.egg-info/top_level.txt
[2.727s] -- Installing: /home/ubuntu/optiAstaRos2_ws/install/rigidbody_msgs/local/lib/python3.10/dist-packages/rigidbody_msgs-0.0.0-py3.10.egg-info/SOURCES.txt
[2.728s] -- Installing: /home/ubuntu/optiAstaRos2_ws/install/rigidbody_msgs/local/lib/python3.10/dist-packages/rigidbody_msgs-0.0.0-py3.10.egg-info/dependency_links.txt
[2.730s] -- Up-to-date: /home/ubuntu/optiAstaRos2_ws/install/rigidbody_msgs/local/lib/python3.10/dist-packages/rigidbody_msgs
[2.731s] -- Up-to-date: /home/ubuntu/optiAstaRos2_ws/install/rigidbody_msgs/local/lib/python3.10/dist-packages/rigidbody_msgs/_rigidbody_msgs_s.ep.rosidl_typesupport_fastrtps_c.c
[2.731s] -- Up-to-date: /home/ubuntu/optiAstaRos2_ws/install/rigidbody_msgs/local/lib/python3.10/dist-packages/rigidbody_msgs/_rigidbody_msgs_s.ep.rosidl_typesupport_introspection_c.c
[2.732s] -- Up-to-date: /home/ubuntu/optiAstaRos2_ws/install/rigidbody_msgs/local/lib/python3.10/dist-packages/rigidbody_msgs/rigidbody_msgs_s__rosidl_typesupport_fastrtps_c.cpython-310-aarch64-linux-gnu.so
[2.732s] -- Up-to-date: /home/ubuntu/optiAstaRos2_ws/install/rigidbody_msgs/local/lib/python3.10/dist-packages/rigidbody_msgs/msg
[2.732s] -- Up-to-date: /home/ubuntu/optiAstaRos2_ws/install/rigidbody_msgs/local/lib/python3.10/dist-packages/rigidbody_msgs/msg/_robot_cmd_s.c
[2.733s] -- Up-to-date: /home/ubuntu/optiAstaRos2_ws/install/rigidbody_msgs/local/lib/python3.10/dist-packages/rigidbody_msgs/msg/_rigid_body_s.c
[2.733s] -- Up-to-date: /home/ubuntu/optiAstaRos2_ws/install/rigidbody_msgs/local/lib/python3.10/dist-packages/rigidbody_msgs/msg/_robot_cmd.py
[2.733s] -- Up-to-date: /home/ubuntu/optiAstaRos2_ws/install/rigidbody_msgs/local/lib/python3.10/dist-packages/rigidbody_msgs/msg/_rigid_body.py
[2.734s] -- Up-to-date: /home/ubuntu/optiAstaRos2_ws/install/rigidbody_msgs/local/lib/python3.10/dist-packages/rigidbody_msgs/msg/__init__.py
[2.734s] -- Up-to-date: /home/ubuntu/optiAstaRos2_ws/install/rigidbody_msgs/local/lib/python3.10/dist-packages/rigidbody_msgs/_rigidbody_msgs_s.ep.rosidl_typesupport_c.c
[2.735s] -- Up-to-date: /home/ubuntu/optiAstaRos2_ws/install/rigidbody_msgs/local/lib/python3.10/dist-packages/rigidbody_msgs/librigidbody_msgs__rosidl_generator_py.so
[2.735s] -- Up-to-date: /home/ubuntu/optiAstaRos2_ws/install/rigidbody_msgs/local/lib/python3.10/dist-packages/rigidbody_msgs/__init__.py
[2.736s] -- Up-to-date: /home/ubuntu/optiAstaRos2_ws/install/rigidbody_msgs/local/lib/python3.10/dist-packages/rigidbody_msgs/rigidbody_msgs_s__rosidl_typesupport_introspection_c.cpython-310-aarch64-linux-gnu.so
[2.736s] -- Up-to-date: /home/ubuntu/optiAstaRos2_ws/install/rigidbody_msgs/local/lib/python3.10/dist-packages/rigidbody_msgs/rigidbody_msgs_s__rosidl_typesupport_c.cpython-310-aarch64-linux-gnu.so
[2.882s] Listing '/home/ubuntu/optiAstaRos2_ws/install/rigidbody_msgs/local/lib/python3.10/dist-packages/rigidbody_msgs'...
[2.883s] Listing '/home/ubuntu/optiAstaRos2_ws/install/rigidbody_msgs/local/lib/python3.10/dist-packages/rigidbody_msgs/msg'...
[2.910s] -- Up-to-date: /home/ubuntu/optiAstaRos2_ws/install/rigidbody_msgs/local/lib/python3.10/dist-packages/rigidbody_msgs/rigidbody_msgs_s__rosidl_typesupport_fastrtps_c.cpython-310-aarch64-linux-gnu.so
[2.914s] -- Up-to-date: /home/ubuntu/optiAstaRos2_ws/install/rigidbody_msgs/local/lib/python3.10/dist-packages/rigidbody_msgs/rigidbody_msgs_s__rosidl_typesupport_introspection_c.cpython-310-aarch64-linux-gnu.so
[2.919s] -- Up-to-date: /home/ubuntu/optiAstaRos2_ws/install/rigidbody_msgs/local/lib/python3.10/dist-packages/rigidbody_msgs/rigidbody_msgs_s__rosidl_typesupport_c.cpython-310-aarch64-linux-gnu.so
[2.923s] -- Up-to-date: /home/ubuntu/optiAstaRos2_ws/install/rigidbody_msgs/lib/librigidbody_msgs__rosidl_generator_py.so
[2.925s] -- Up-to-date: /home/ubuntu/optiAstaRos2_ws/install/rigidbody_msgs/share/rigidbody_msgs/msg/RigidBody.idl
[2.925s] -- Up-to-date: /home/ubuntu/optiAstaRos2_ws/install/rigidbody_msgs/share/rigidbody_msgs/msg/RobotCmd.idl
[2.926s] -- Up-to-date: /home/ubuntu/optiAstaRos2_ws/install/rigidbody_msgs/share/rigidbody_msgs/msg/RigidBody.msg
[2.926s] -- Up-to-date: /home/ubuntu/optiAstaRos2_ws/install/rigidbody_msgs/share/rigidbody_msgs/msg/RobotCmd.msg
[2.927s] -- Up-to-date: /home/ubuntu/optiAstaRos2_ws/install/rigidbody_msgs/share/ament_index/resource_index/package_run_dependencies/rigidbody_msgs
[2.927s] -- Up-to-date: /home/ubuntu/optiAstaRos2_ws/install/rigidbody_msgs/share/ament_index/resource_index/parent_prefix_path/rigidbody_msgs
[2.927s] -- Up-to-date: /home/ubuntu/optiAstaRos2_ws/install/rigidbody_msgs/share/rigidbody_msgs/environment/ament_prefix_path.sh
[2.928s] -- Up-to-date: /home/ubuntu/optiAstaRos2_ws/install/rigidbody_msgs/share/rigidbody_msgs/environment/ament_prefix_path.dsv
[2.928s] -- Up-to-date: /home/ubuntu/optiAstaRos2_ws/install/rigidbody_msgs/share/rigidbody_msgs/environment/path.sh
[2.929s] -- Up-to-date: /home/ubuntu/optiAstaRos2_ws/install/rigidbody_msgs/share/rigidbody_msgs/environment/path.dsv
[2.929s] -- Up-to-date: /home/ubuntu/optiAstaRos2_ws/install/rigidbody_msgs/share/rigidbody_msgs/local_setup.bash
[2.930s] -- Up-to-date: /home/ubuntu/optiAstaRos2_ws/install/rigidbody_msgs/share/rigidbody_msgs/local_setup.sh
[2.930s] -- Up-to-date: /home/ubuntu/optiAstaRos2_ws/install/rigidbody_msgs/share/rigidbody_msgs/local_setup.zsh
[2.931s] -- Up-to-date: /home/ubuntu/optiAstaRos2_ws/install/rigidbody_msgs/share/rigidbody_msgs/local_setup.dsv
[2.931s] -- Installing: /home/ubuntu/optiAstaRos2_ws/install/rigidbody_msgs/share/rigidbody_msgs/package.dsv
[2.935s] -- Up-to-date: /home/ubuntu/optiAstaRos2_ws/install/rigidbody_msgs/share/ament_index/resource_index/packages/rigidbody_msgs
[2.937s] -- Up-to-date: /home/ubuntu/optiAstaRos2_ws/install/rigidbody_msgs/share/rigidbody_msgs/cmake/export_rigidbody_msgs__rosidl_generator_cExport.cmake
[2.937s] -- Up-to-date: /home/ubuntu/optiAstaRos2_ws/install/rigidbody_msgs/share/rigidbody_msgs/cmake/export_rigidbody_msgs__rosidl_generator_cExport-noconfig.cmake
[2.939s] -- Up-to-date: /home/ubuntu/optiAstaRos2_ws/install/rigidbody_msgs/share/rigidbody_msgs/cmake/export_rigidbody_msgs__rosidl_typesupport_fastrtps_cExport.cmake
[2.940s] -- Up-to-date: /home/ubuntu/optiAstaRos2_ws/install/rigidbody_msgs/share/rigidbody_msgs/cmake/export_rigidbody_msgs__rosidl_typesupport_fastrtps_cExport-noconfig.cmake
[2.941s] -- Up-to-date: /home/ubuntu/optiAstaRos2_ws/install/rigidbody_msgs/share/rigidbody_msgs/cmake/export_rigidbody_msgs__rosidl_generator_cppExport.cmake
[2.943s] -- Up-to-date: /home/ubuntu/optiAstaRos2_ws/install/rigidbody_msgs/share/rigidbody_msgs/cmake/export_rigidbody_msgs__rosidl_typesupport_fastrtps_cppExport.cmake
[2.944s] -- Up-to-date: /home/ubuntu/optiAstaRos2_ws/install/rigidbody_msgs/share/rigidbody_msgs/cmake/export_rigidbody_msgs__rosidl_typesupport_fastrtps_cppExport-noconfig.cmake
[2.946s] -- Up-to-date: /home/ubuntu/optiAstaRos2_ws/install/rigidbody_msgs/share/rigidbody_msgs/cmake/rigidbody_msgs__rosidl_typesupport_introspection_cExport.cmake
[2.947s] -- Up-to-date: /home/ubuntu/optiAstaRos2_ws/install/rigidbody_msgs/share/rigidbody_msgs/cmake/rigidbody_msgs__rosidl_typesupport_introspection_cExport-noconfig.cmake
[2.949s] -- Up-to-date: /home/ubuntu/optiAstaRos2_ws/install/rigidbody_msgs/share/rigidbody_msgs/cmake/rigidbody_msgs__rosidl_typesupport_cExport.cmake
[2.950s] -- Up-to-date: /home/ubuntu/optiAstaRos2_ws/install/rigidbody_msgs/share/rigidbody_msgs/cmake/rigidbody_msgs__rosidl_typesupport_cExport-noconfig.cmake
[2.952s] -- Up-to-date: /home/ubuntu/optiAstaRos2_ws/install/rigidbody_msgs/share/rigidbody_msgs/cmake/rigidbody_msgs__rosidl_typesupport_introspection_cppExport.cmake
[2.952s] -- Up-to-date: /home/ubuntu/optiAstaRos2_ws/install/rigidbody_msgs/share/rigidbody_msgs/cmake/rigidbody_msgs__rosidl_typesupport_introspection_cppExport-noconfig.cmake
[2.954s] -- Up-to-date: /home/ubuntu/optiAstaRos2_ws/install/rigidbody_msgs/share/rigidbody_msgs/cmake/rigidbody_msgs__rosidl_typesupport_cppExport.cmake
[2.955s] -- Up-to-date: /home/ubuntu/optiAstaRos2_ws/install/rigidbody_msgs/share/rigidbody_msgs/cmake/rigidbody_msgs__rosidl_typesupport_cppExport-noconfig.cmake
[2.957s] -- Up-to-date: /home/ubuntu/optiAstaRos2_ws/install/rigidbody_msgs/share/rigidbody_msgs/cmake/export_rigidbody_msgs__rosidl_generator_pyExport.cmake
[2.957s] -- Up-to-date: /home/ubuntu/optiAstaRos2_ws/install/rigidbody_msgs/share/rigidbody_msgs/cmake/export_rigidbody_msgs__rosidl_generator_pyExport-noconfig.cmake
[2.958s] -- Up-to-date: /home/ubuntu/optiAstaRos2_ws/install/rigidbody_msgs/share/rigidbody_msgs/cmake/rosidl_cmake-extras.cmake
[2.958s] -- Up-to-date: /home/ubuntu/optiAstaRos2_ws/install/rigidbody_msgs/share/rigidbody_msgs/cmake/ament_cmake_export_dependencies-extras.cmake
[2.959s] -- Up-to-date: /home/ubuntu/optiAstaRos2_ws/install/rigidbody_msgs/share/rigidbody_msgs/cmake/ament_cmake_export_include_directories-extras.cmake
[2.959s] -- Up-to-date: /home/ubuntu/optiAstaRos2_ws/install/rigidbody_msgs/share/rigidbody_msgs/cmake/ament_cmake_export_libraries-extras.cmake
[2.960s] -- Up-to-date: /home/ubuntu/optiAstaRos2_ws/install/rigidbody_msgs/share/rigidbody_msgs/cmake/ament_cmake_export_targets-extras.cmake
[2.960s] -- Up-to-date: /home/ubuntu/optiAstaRos2_ws/install/rigidbody_msgs/share/rigidbody_msgs/cmake/rosidl_cmake_export_typesupport_targets-extras.cmake
[2.961s] -- Up-to-date: /home/ubuntu/optiAstaRos2_ws/install/rigidbody_msgs/share/rigidbody_msgs/cmake/rosidl_cmake_export_typesupport_libraries-extras.cmake
[2.961s] -- Up-to-date: /home/ubuntu/optiAstaRos2_ws/install/rigidbody_msgs/share/rigidbody_msgs/cmake/rigidbody_msgsConfig.cmake
[2.962s] -- Up-to-date: /home/ubuntu/optiAstaRos2_ws/install/rigidbody_msgs/share/rigidbody_msgs/cmake/rigidbody_msgsConfig-version.cmake
[2.962s] -- Up-to-date: /home/ubuntu/optiAstaRos2_ws/install/rigidbody_msgs/share/rigidbody_msgs/package.xml
[2.975s] Invoked command in '/home/ubuntu/optiAstaRos2_ws/build/rigidbody_msgs' returned '0': CMAKE_PREFIX_PATH=/opt/ros/humble /usr/bin/cmake --install /home/ubuntu/optiAstaRos2_ws/build/rigidbody_msgs
