[0.087s] Invoking command in '/home/ubuntu/optiAstaRos2_ws/build/rigidbody_msgs': CMAKE_PREFIX_PATH=/opt/ros/humble /usr/bin/cmake --build /home/ubuntu/optiAstaRos2_ws/build/rigidbody_msgs -- -j4 -l4
[0.308s] gmake: Warning: File 'Makefile' has modification time 5162 s in the future
[0.494s] gmake[1]: Warning: File 'CMakeFiles/Makefile2' has modification time 5161 s in the future
[0.507s] gmake[2]: Warning: File 'CMakeFiles/rigidbody_msgs__cpp.dir/progress.make' has modification time 5161 s in the future
[0.509s] gmake[2]: Warning: File 'CMakeFiles/ament_cmake_python_copy_rigidbody_msgs.dir/progress.make' has modification time 5161 s in the future
[0.511s] gmake[2]: Warning: File 'CMakeFiles/rigidbody_msgs__rosidl_generator_c.dir/flags.make' has modification time 5161 s in the future
[0.553s] gmake[2]: warning:  Clock skew detected.  Your build may be incomplete.
[0.558s] gmake[2]: warning:  Clock skew detected.  Your build may be incomplete.
[0.562s] gmake[2]: Warning: File 'CMakeFiles/rigidbody_msgs__cpp.dir/progress.make' has modification time 5161 s in the future
[0.564s] gmake[2]: Warning: File 'CMakeFiles/ament_cmake_python_copy_rigidbody_msgs.dir/progress.make' has modification time 5161 s in the future
[0.566s] gmake[2]: warning:  Clock skew detected.  Your build may be incomplete.
[0.571s] gmake[2]: warning:  Clock skew detected.  Your build may be incomplete.
[0.578s] gmake[2]: Warning: File 'CMakeFiles/rigidbody_msgs__rosidl_generator_c.dir/flags.make' has modification time 5161 s in the future
[0.599s] [  3%] Built target rigidbody_msgs__cpp
[0.626s] gmake[2]: Warning: File 'CMakeFiles/rigidbody_msgs__rosidl_typesupport_cpp.dir/flags.make' has modification time 5161 s in the future
[0.629s] gmake[2]: Warning: File 'CMakeFiles/rigidbody_msgs__rosidl_typesupport_fastrtps_cpp.dir/flags.make' has modification time 5161 s in the future
[0.636s] gmake[2]: warning:  Clock skew detected.  Your build may be incomplete.
[0.638s] gmake[2]: warning:  Clock skew detected.  Your build may be incomplete.
[0.675s] [  3%] Built target ament_cmake_python_copy_rigidbody_msgs
[0.684s] [ 12%] Built target rigidbody_msgs__rosidl_generator_c
[1.085s] gmake[2]: warning:  Clock skew detected.  Your build may be incomplete.
[1.085s] gmake[2]: warning:  Clock skew detected.  Your build may be incomplete.
[1.096s] gmake[2]: Warning: File 'CMakeFiles/rigidbody_msgs__rosidl_typesupport_cpp.dir/flags.make' has modification time 5161 s in the future
[1.098s] gmake[2]: Warning: File 'CMakeFiles/rigidbody_msgs__rosidl_typesupport_fastrtps_cpp.dir/flags.make' has modification time 5161 s in the future
[1.136s] gmake[2]: Warning: File 'CMakeFiles/ament_cmake_python_build_rigidbody_msgs_egg.dir/progress.make' has modification time 5161 s in the future
[1.177s] gmake[2]: Warning: File 'CMakeFiles/rigidbody_msgs__rosidl_typesupport_introspection_cpp.dir/flags.make' has modification time 5161 s in the future
[1.180s] gmake[2]: warning:  Clock skew detected.  Your build may be incomplete.
[1.186s] gmake[2]: Warning: File 'CMakeFiles/ament_cmake_python_build_rigidbody_msgs_egg.dir/progress.make' has modification time 5161 s in the future
[1.204s] gmake[2]: warning:  Clock skew detected.  Your build may be incomplete.
[1.206s] gmake[2]: warning:  Clock skew detected.  Your build may be incomplete.
[1.224s] gmake[2]: warning:  Clock skew detected.  Your build may be incomplete.
[1.237s] gmake[2]: Warning: File 'CMakeFiles/rigidbody_msgs__rosidl_typesupport_introspection_cpp.dir/flags.make' has modification time 5161 s in the future
[1.243s] [ 22%] Built target rigidbody_msgs__rosidl_typesupport_fastrtps_cpp
[1.250s] gmake[2]: warning:  Clock skew detected.  Your build may be incomplete.
[1.253s] [ 32%] Built target rigidbody_msgs__rosidl_typesupport_cpp
[1.264s] gmake[2]: Warning: File 'CMakeFiles/rigidbody_msgs__rosidl_typesupport_fastrtps_c.dir/flags.make' has modification time 5160 s in the future
[1.271s] gmake[2]: Warning: File 'CMakeFiles/rigidbody_msgs__rosidl_typesupport_introspection_c.dir/flags.make' has modification time 5160 s in the future
[1.289s] [ 41%] Built target rigidbody_msgs__rosidl_typesupport_introspection_cpp
[1.308s] gmake[2]: Warning: File 'CMakeFiles/rigidbody_msgs__rosidl_typesupport_c.dir/flags.make' has modification time 5160 s in the future
[1.320s] gmake[2]: warning:  Clock skew detected.  Your build may be incomplete.
[1.324s] gmake[2]: warning:  Clock skew detected.  Your build may be incomplete.
[1.332s] gmake[2]: Warning: File 'CMakeFiles/rigidbody_msgs__rosidl_typesupport_introspection_c.dir/flags.make' has modification time 5160 s in the future
[1.334s] gmake[2]: Warning: File 'CMakeFiles/rigidbody_msgs__rosidl_typesupport_fastrtps_c.dir/flags.make' has modification time 5160 s in the future
[1.341s] gmake[2]: warning:  Clock skew detected.  Your build may be incomplete.
[1.345s] gmake[2]: warning:  Clock skew detected.  Your build may be incomplete.
[1.361s] gmake[2]: warning:  Clock skew detected.  Your build may be incomplete.
[1.371s] gmake[2]: Warning: File 'CMakeFiles/rigidbody_msgs__rosidl_typesupport_c.dir/flags.make' has modification time 5160 s in the future
[1.375s] gmake[2]: warning:  Clock skew detected.  Your build may be incomplete.
[1.384s] [ 51%] Built target rigidbody_msgs__rosidl_typesupport_fastrtps_c
[1.388s] [ 61%] Built target rigidbody_msgs__rosidl_typesupport_introspection_c
[1.413s] [ 70%] Built target rigidbody_msgs__rosidl_typesupport_c
[1.427s] gmake[2]: Warning: File 'CMakeFiles/rigidbody_msgs.dir/progress.make' has modification time 5160 s in the future
[1.465s] gmake[2]: warning:  Clock skew detected.  Your build may be incomplete.
[1.472s] gmake[2]: Warning: File 'CMakeFiles/rigidbody_msgs.dir/progress.make' has modification time 5160 s in the future
[1.472s] gmake[2]: warning:  Clock skew detected.  Your build may be incomplete.
[1.504s] [ 70%] Built target rigidbody_msgs
[1.520s] gmake[2]: Warning: File 'rigidbody_msgs__py/CMakeFiles/rigidbody_msgs__py.dir/progress.make' has modification time 5160 s in the future
[1.559s] gmake[2]: warning:  Clock skew detected.  Your build may be incomplete.
[1.566s] gmake[2]: Warning: File 'rigidbody_msgs__py/CMakeFiles/rigidbody_msgs__py.dir/progress.make' has modification time 5160 s in the future
[1.572s] gmake[2]: warning:  Clock skew detected.  Your build may be incomplete.
[1.605s] [ 74%] Built target rigidbody_msgs__py
[1.624s] gmake[2]: Warning: File 'CMakeFiles/rigidbody_msgs__rosidl_generator_py.dir/flags.make' has modification time 5160 s in the future
[1.664s] gmake[2]: warning:  Clock skew detected.  Your build may be incomplete.
[1.672s] gmake[2]: Warning: File 'CMakeFiles/rigidbody_msgs__rosidl_generator_py.dir/flags.make' has modification time 5160 s in the future
[1.697s] gmake[2]: warning:  Clock skew detected.  Your build may be incomplete.
[1.729s] [ 80%] Built target rigidbody_msgs__rosidl_generator_py
[1.750s] gmake[2]: Warning: File 'CMakeFiles/rigidbody_msgs__rosidl_typesupport_fastrtps_c__pyext.dir/flags.make' has modification time 5160 s in the future
[1.752s] gmake[2]: Warning: File 'CMakeFiles/rigidbody_msgs__rosidl_typesupport_c__pyext.dir/flags.make' has modification time 5160 s in the future
[1.753s] gmake[2]: Warning: File 'CMakeFiles/rigidbody_msgs__rosidl_typesupport_introspection_c__pyext.dir/flags.make' has modification time 5160 s in the future
[1.794s] gmake[2]: warning:  Clock skew detected.  Your build may be incomplete.
[1.799s] gmake[2]: warning:  Clock skew detected.  Your build may be incomplete.
[1.800s] gmake[2]: warning:  Clock skew detected.  Your build may be incomplete.
[1.806s] gmake[2]: Warning: File 'CMakeFiles/rigidbody_msgs__rosidl_typesupport_fastrtps_c__pyext.dir/flags.make' has modification time 5160 s in the future
[1.811s] gmake[2]: warning:  Clock skew detected.  Your build may be incomplete.
[1.820s] gmake[2]: Warning: File 'CMakeFiles/rigidbody_msgs__rosidl_typesupport_c__pyext.dir/flags.make' has modification time 5160 s in the future
[1.822s] gmake[2]: Warning: File 'CMakeFiles/rigidbody_msgs__rosidl_typesupport_introspection_c__pyext.dir/flags.make' has modification time 5160 s in the future
[1.825s] gmake[2]: warning:  Clock skew detected.  Your build may be incomplete.
[1.829s] gmake[2]: warning:  Clock skew detected.  Your build may be incomplete.
[1.851s] [ 87%] Built target rigidbody_msgs__rosidl_typesupport_fastrtps_c__pyext
[1.864s] [ 93%] Built target rigidbody_msgs__rosidl_typesupport_c__pyext
[1.869s] [100%] Built target rigidbody_msgs__rosidl_typesupport_introspection_c__pyext
[2.397s] running egg_info
[2.402s] writing rigidbody_msgs.egg-info/PKG-INFO
[2.403s] writing dependency_links to rigidbody_msgs.egg-info/dependency_links.txt
[2.404s] writing top-level names to rigidbody_msgs.egg-info/top_level.txt
[2.419s] reading manifest file 'rigidbody_msgs.egg-info/SOURCES.txt'
[2.422s] writing manifest file 'rigidbody_msgs.egg-info/SOURCES.txt'
[2.516s] gmake[2]: warning:  Clock skew detected.  Your build may be incomplete.
[2.549s] [100%] Built target ament_cmake_python_build_rigidbody_msgs_egg
[2.552s] gmake[1]: warning:  Clock skew detected.  Your build may be incomplete.
[2.586s] gmake: warning:  Clock skew detected.  Your build may be incomplete.
[2.592s] Invoked command in '/home/ubuntu/optiAstaRos2_ws/build/rigidbody_msgs' returned '0': CMAKE_PREFIX_PATH=/opt/ros/humble /usr/bin/cmake --build /home/ubuntu/optiAstaRos2_ws/build/rigidbody_msgs -- -j4 -l4
[2.972s] Invoking command in '/home/ubuntu/optiAstaRos2_ws/build/rigidbody_msgs': CMAKE_PREFIX_PATH=/opt/ros/humble /usr/bin/cmake --install /home/ubuntu/optiAstaRos2_ws/build/rigidbody_msgs
[3.008s] -- Install configuration: ""
[3.009s] -- Up-to-date: /home/ubuntu/optiAstaRos2_ws/install/rigidbody_msgs/share/ament_index/resource_index/rosidl_interfaces/rigidbody_msgs
[3.009s] -- Up-to-date: /home/ubuntu/optiAstaRos2_ws/install/rigidbody_msgs/include/rigidbody_msgs/rigidbody_msgs
[3.010s] -- Up-to-date: /home/ubuntu/optiAstaRos2_ws/install/rigidbody_msgs/include/rigidbody_msgs/rigidbody_msgs/msg
[3.010s] -- Up-to-date: /home/ubuntu/optiAstaRos2_ws/install/rigidbody_msgs/include/rigidbody_msgs/rigidbody_msgs/msg/rigid_body.h
[3.011s] -- Up-to-date: /home/ubuntu/optiAstaRos2_ws/install/rigidbody_msgs/include/rigidbody_msgs/rigidbody_msgs/msg/rosidl_generator_c__visibility_control.h
[3.011s] -- Up-to-date: /home/ubuntu/optiAstaRos2_ws/install/rigidbody_msgs/include/rigidbody_msgs/rigidbody_msgs/msg/detail
[3.012s] -- Up-to-date: /home/ubuntu/optiAstaRos2_ws/install/rigidbody_msgs/include/rigidbody_msgs/rigidbody_msgs/msg/detail/rigid_body__functions.c
[3.012s] -- Up-to-date: /home/ubuntu/optiAstaRos2_ws/install/rigidbody_msgs/include/rigidbody_msgs/rigidbody_msgs/msg/detail/rigid_body__functions.h
[3.013s] -- Up-to-date: /home/ubuntu/optiAstaRos2_ws/install/rigidbody_msgs/include/rigidbody_msgs/rigidbody_msgs/msg/detail/rigid_body__struct.h
[3.013s] -- Up-to-date: /home/ubuntu/optiAstaRos2_ws/install/rigidbody_msgs/include/rigidbody_msgs/rigidbody_msgs/msg/detail/rigid_body__type_support.h
[3.013s] -- Up-to-date: /home/ubuntu/optiAstaRos2_ws/install/rigidbody_msgs/share/rigidbody_msgs/environment/library_path.sh
[3.014s] -- Up-to-date: /home/ubuntu/optiAstaRos2_ws/install/rigidbody_msgs/share/rigidbody_msgs/environment/library_path.dsv
[3.014s] -- Up-to-date: /home/ubuntu/optiAstaRos2_ws/install/rigidbody_msgs/lib/librigidbody_msgs__rosidl_generator_c.so
[3.016s] -- Up-to-date: /home/ubuntu/optiAstaRos2_ws/install/rigidbody_msgs/include/rigidbody_msgs/rigidbody_msgs
[3.017s] -- Up-to-date: /home/ubuntu/optiAstaRos2_ws/install/rigidbody_msgs/include/rigidbody_msgs/rigidbody_msgs/msg
[3.018s] -- Up-to-date: /home/ubuntu/optiAstaRos2_ws/install/rigidbody_msgs/include/rigidbody_msgs/rigidbody_msgs/msg/rosidl_typesupport_fastrtps_c__visibility_control.h
[3.018s] -- Up-to-date: /home/ubuntu/optiAstaRos2_ws/install/rigidbody_msgs/include/rigidbody_msgs/rigidbody_msgs/msg/detail
[3.019s] -- Up-to-date: /home/ubuntu/optiAstaRos2_ws/install/rigidbody_msgs/include/rigidbody_msgs/rigidbody_msgs/msg/detail/rigid_body__rosidl_typesupport_fastrtps_c.h
[3.019s] -- Up-to-date: /home/ubuntu/optiAstaRos2_ws/install/rigidbody_msgs/lib/librigidbody_msgs__rosidl_typesupport_fastrtps_c.so
[3.020s] -- Up-to-date: /home/ubuntu/optiAstaRos2_ws/install/rigidbody_msgs/include/rigidbody_msgs/rigidbody_msgs
[3.021s] -- Up-to-date: /home/ubuntu/optiAstaRos2_ws/install/rigidbody_msgs/include/rigidbody_msgs/rigidbody_msgs/msg
[3.021s] -- Up-to-date: /home/ubuntu/optiAstaRos2_ws/install/rigidbody_msgs/include/rigidbody_msgs/rigidbody_msgs/msg/rigid_body.hpp
[3.021s] -- Up-to-date: /home/ubuntu/optiAstaRos2_ws/install/rigidbody_msgs/include/rigidbody_msgs/rigidbody_msgs/msg/detail
[3.022s] -- Up-to-date: /home/ubuntu/optiAstaRos2_ws/install/rigidbody_msgs/include/rigidbody_msgs/rigidbody_msgs/msg/detail/rigid_body__traits.hpp
[3.022s] -- Up-to-date: /home/ubuntu/optiAstaRos2_ws/install/rigidbody_msgs/include/rigidbody_msgs/rigidbody_msgs/msg/detail/rigid_body__builder.hpp
[3.023s] -- Up-to-date: /home/ubuntu/optiAstaRos2_ws/install/rigidbody_msgs/include/rigidbody_msgs/rigidbody_msgs/msg/detail/rigid_body__struct.hpp
[3.023s] -- Up-to-date: /home/ubuntu/optiAstaRos2_ws/install/rigidbody_msgs/include/rigidbody_msgs/rigidbody_msgs
[3.024s] -- Up-to-date: /home/ubuntu/optiAstaRos2_ws/install/rigidbody_msgs/include/rigidbody_msgs/rigidbody_msgs/msg
[3.024s] -- Up-to-date: /home/ubuntu/optiAstaRos2_ws/install/rigidbody_msgs/include/rigidbody_msgs/rigidbody_msgs/msg/rosidl_typesupport_fastrtps_cpp__visibility_control.h
[3.024s] -- Up-to-date: /home/ubuntu/optiAstaRos2_ws/install/rigidbody_msgs/include/rigidbody_msgs/rigidbody_msgs/msg/detail
[3.025s] -- Up-to-date: /home/ubuntu/optiAstaRos2_ws/install/rigidbody_msgs/include/rigidbody_msgs/rigidbody_msgs/msg/detail/rigid_body__rosidl_typesupport_fastrtps_cpp.hpp
[3.025s] -- Up-to-date: /home/ubuntu/optiAstaRos2_ws/install/rigidbody_msgs/include/rigidbody_msgs/rigidbody_msgs/msg/detail/dds_fastrtps
[3.026s] -- Up-to-date: /home/ubuntu/optiAstaRos2_ws/install/rigidbody_msgs/lib/librigidbody_msgs__rosidl_typesupport_fastrtps_cpp.so
[3.028s] -- Up-to-date: /home/ubuntu/optiAstaRos2_ws/install/rigidbody_msgs/include/rigidbody_msgs/rigidbody_msgs
[3.028s] -- Up-to-date: /home/ubuntu/optiAstaRos2_ws/install/rigidbody_msgs/include/rigidbody_msgs/rigidbody_msgs/msg
[3.029s] -- Up-to-date: /home/ubuntu/optiAstaRos2_ws/install/rigidbody_msgs/include/rigidbody_msgs/rigidbody_msgs/msg/rosidl_typesupport_introspection_c__visibility_control.h
[3.029s] -- Up-to-date: /home/ubuntu/optiAstaRos2_ws/install/rigidbody_msgs/include/rigidbody_msgs/rigidbody_msgs/msg/detail
[3.030s] -- Up-to-date: /home/ubuntu/optiAstaRos2_ws/install/rigidbody_msgs/include/rigidbody_msgs/rigidbody_msgs/msg/detail/rigid_body__rosidl_typesupport_introspection_c.h
[3.030s] -- Up-to-date: /home/ubuntu/optiAstaRos2_ws/install/rigidbody_msgs/include/rigidbody_msgs/rigidbody_msgs/msg/detail/rigid_body__type_support.c
[3.031s] -- Up-to-date: /home/ubuntu/optiAstaRos2_ws/install/rigidbody_msgs/lib/librigidbody_msgs__rosidl_typesupport_introspection_c.so
[3.033s] -- Up-to-date: /home/ubuntu/optiAstaRos2_ws/install/rigidbody_msgs/lib/librigidbody_msgs__rosidl_typesupport_c.so
[3.034s] -- Up-to-date: /home/ubuntu/optiAstaRos2_ws/install/rigidbody_msgs/include/rigidbody_msgs/rigidbody_msgs
[3.035s] -- Up-to-date: /home/ubuntu/optiAstaRos2_ws/install/rigidbody_msgs/include/rigidbody_msgs/rigidbody_msgs/msg
[3.035s] -- Up-to-date: /home/ubuntu/optiAstaRos2_ws/install/rigidbody_msgs/include/rigidbody_msgs/rigidbody_msgs/msg/detail
[3.036s] -- Up-to-date: /home/ubuntu/optiAstaRos2_ws/install/rigidbody_msgs/include/rigidbody_msgs/rigidbody_msgs/msg/detail/rigid_body__rosidl_typesupport_introspection_cpp.hpp
[3.036s] -- Up-to-date: /home/ubuntu/optiAstaRos2_ws/install/rigidbody_msgs/include/rigidbody_msgs/rigidbody_msgs/msg/detail/rigid_body__type_support.cpp
[3.037s] -- Up-to-date: /home/ubuntu/optiAstaRos2_ws/install/rigidbody_msgs/lib/librigidbody_msgs__rosidl_typesupport_introspection_cpp.so
[3.040s] -- Up-to-date: /home/ubuntu/optiAstaRos2_ws/install/rigidbody_msgs/lib/librigidbody_msgs__rosidl_typesupport_cpp.so
[3.041s] -- Up-to-date: /home/ubuntu/optiAstaRos2_ws/install/rigidbody_msgs/share/rigidbody_msgs/environment/pythonpath.sh
[3.041s] -- Up-to-date: /home/ubuntu/optiAstaRos2_ws/install/rigidbody_msgs/share/rigidbody_msgs/environment/pythonpath.dsv
[3.042s] -- Up-to-date: /home/ubuntu/optiAstaRos2_ws/install/rigidbody_msgs/local/lib/python3.10/dist-packages/rigidbody_msgs-0.0.0-py3.10.egg-info
[3.042s] -- Installing: /home/ubuntu/optiAstaRos2_ws/install/rigidbody_msgs/local/lib/python3.10/dist-packages/rigidbody_msgs-0.0.0-py3.10.egg-info/PKG-INFO
[3.043s] -- Installing: /home/ubuntu/optiAstaRos2_ws/install/rigidbody_msgs/local/lib/python3.10/dist-packages/rigidbody_msgs-0.0.0-py3.10.egg-info/top_level.txt
[3.045s] -- Installing: /home/ubuntu/optiAstaRos2_ws/install/rigidbody_msgs/local/lib/python3.10/dist-packages/rigidbody_msgs-0.0.0-py3.10.egg-info/SOURCES.txt
[3.046s] -- Installing: /home/ubuntu/optiAstaRos2_ws/install/rigidbody_msgs/local/lib/python3.10/dist-packages/rigidbody_msgs-0.0.0-py3.10.egg-info/dependency_links.txt
[3.048s] -- Up-to-date: /home/ubuntu/optiAstaRos2_ws/install/rigidbody_msgs/local/lib/python3.10/dist-packages/rigidbody_msgs
[3.048s] -- Up-to-date: /home/ubuntu/optiAstaRos2_ws/install/rigidbody_msgs/local/lib/python3.10/dist-packages/rigidbody_msgs/_rigidbody_msgs_s.ep.rosidl_typesupport_fastrtps_c.c
[3.049s] -- Up-to-date: /home/ubuntu/optiAstaRos2_ws/install/rigidbody_msgs/local/lib/python3.10/dist-packages/rigidbody_msgs/_rigidbody_msgs_s.ep.rosidl_typesupport_introspection_c.c
[3.049s] -- Up-to-date: /home/ubuntu/optiAstaRos2_ws/install/rigidbody_msgs/local/lib/python3.10/dist-packages/rigidbody_msgs/rigidbody_msgs_s__rosidl_typesupport_fastrtps_c.cpython-310-aarch64-linux-gnu.so
[3.049s] -- Up-to-date: /home/ubuntu/optiAstaRos2_ws/install/rigidbody_msgs/local/lib/python3.10/dist-packages/rigidbody_msgs/msg
[3.050s] -- Up-to-date: /home/ubuntu/optiAstaRos2_ws/install/rigidbody_msgs/local/lib/python3.10/dist-packages/rigidbody_msgs/msg/_rigid_body_s.c
[3.050s] -- Up-to-date: /home/ubuntu/optiAstaRos2_ws/install/rigidbody_msgs/local/lib/python3.10/dist-packages/rigidbody_msgs/msg/_rigid_body.py
[3.051s] -- Up-to-date: /home/ubuntu/optiAstaRos2_ws/install/rigidbody_msgs/local/lib/python3.10/dist-packages/rigidbody_msgs/msg/__init__.py
[3.051s] -- Up-to-date: /home/ubuntu/optiAstaRos2_ws/install/rigidbody_msgs/local/lib/python3.10/dist-packages/rigidbody_msgs/_rigidbody_msgs_s.ep.rosidl_typesupport_c.c
[3.051s] -- Up-to-date: /home/ubuntu/optiAstaRos2_ws/install/rigidbody_msgs/local/lib/python3.10/dist-packages/rigidbody_msgs/librigidbody_msgs__rosidl_generator_py.so
[3.052s] -- Up-to-date: /home/ubuntu/optiAstaRos2_ws/install/rigidbody_msgs/local/lib/python3.10/dist-packages/rigidbody_msgs/__init__.py
[3.052s] -- Up-to-date: /home/ubuntu/optiAstaRos2_ws/install/rigidbody_msgs/local/lib/python3.10/dist-packages/rigidbody_msgs/rigidbody_msgs_s__rosidl_typesupport_introspection_c.cpython-310-aarch64-linux-gnu.so
[3.053s] -- Up-to-date: /home/ubuntu/optiAstaRos2_ws/install/rigidbody_msgs/local/lib/python3.10/dist-packages/rigidbody_msgs/rigidbody_msgs_s__rosidl_typesupport_c.cpython-310-aarch64-linux-gnu.so
[3.210s] Listing '/home/ubuntu/optiAstaRos2_ws/install/rigidbody_msgs/local/lib/python3.10/dist-packages/rigidbody_msgs'...
[3.211s] Listing '/home/ubuntu/optiAstaRos2_ws/install/rigidbody_msgs/local/lib/python3.10/dist-packages/rigidbody_msgs/msg'...
[3.234s] -- Up-to-date: /home/ubuntu/optiAstaRos2_ws/install/rigidbody_msgs/local/lib/python3.10/dist-packages/rigidbody_msgs/rigidbody_msgs_s__rosidl_typesupport_fastrtps_c.cpython-310-aarch64-linux-gnu.so
[3.237s] -- Up-to-date: /home/ubuntu/optiAstaRos2_ws/install/rigidbody_msgs/local/lib/python3.10/dist-packages/rigidbody_msgs/rigidbody_msgs_s__rosidl_typesupport_introspection_c.cpython-310-aarch64-linux-gnu.so
[3.239s] -- Up-to-date: /home/ubuntu/optiAstaRos2_ws/install/rigidbody_msgs/local/lib/python3.10/dist-packages/rigidbody_msgs/rigidbody_msgs_s__rosidl_typesupport_c.cpython-310-aarch64-linux-gnu.so
[3.241s] -- Up-to-date: /home/ubuntu/optiAstaRos2_ws/install/rigidbody_msgs/lib/librigidbody_msgs__rosidl_generator_py.so
[3.242s] -- Up-to-date: /home/ubuntu/optiAstaRos2_ws/install/rigidbody_msgs/share/rigidbody_msgs/msg/RigidBody.idl
[3.243s] -- Up-to-date: /home/ubuntu/optiAstaRos2_ws/install/rigidbody_msgs/share/rigidbody_msgs/msg/RigidBody.msg
[3.244s] -- Up-to-date: /home/ubuntu/optiAstaRos2_ws/install/rigidbody_msgs/share/ament_index/resource_index/package_run_dependencies/rigidbody_msgs
[3.246s] -- Up-to-date: /home/ubuntu/optiAstaRos2_ws/install/rigidbody_msgs/share/ament_index/resource_index/parent_prefix_path/rigidbody_msgs
[3.247s] -- Up-to-date: /home/ubuntu/optiAstaRos2_ws/install/rigidbody_msgs/share/rigidbody_msgs/environment/ament_prefix_path.sh
[3.248s] -- Up-to-date: /home/ubuntu/optiAstaRos2_ws/install/rigidbody_msgs/share/rigidbody_msgs/environment/ament_prefix_path.dsv
[3.248s] -- Up-to-date: /home/ubuntu/optiAstaRos2_ws/install/rigidbody_msgs/share/rigidbody_msgs/environment/path.sh
[3.248s] -- Up-to-date: /home/ubuntu/optiAstaRos2_ws/install/rigidbody_msgs/share/rigidbody_msgs/environment/path.dsv
[3.249s] -- Up-to-date: /home/ubuntu/optiAstaRos2_ws/install/rigidbody_msgs/share/rigidbody_msgs/local_setup.bash
[3.249s] -- Up-to-date: /home/ubuntu/optiAstaRos2_ws/install/rigidbody_msgs/share/rigidbody_msgs/local_setup.sh
[3.249s] -- Up-to-date: /home/ubuntu/optiAstaRos2_ws/install/rigidbody_msgs/share/rigidbody_msgs/local_setup.zsh
[3.250s] -- Up-to-date: /home/ubuntu/optiAstaRos2_ws/install/rigidbody_msgs/share/rigidbody_msgs/local_setup.dsv
[3.250s] -- Installing: /home/ubuntu/optiAstaRos2_ws/install/rigidbody_msgs/share/rigidbody_msgs/package.dsv
[3.253s] -- Up-to-date: /home/ubuntu/optiAstaRos2_ws/install/rigidbody_msgs/share/ament_index/resource_index/packages/rigidbody_msgs
[3.255s] -- Up-to-date: /home/ubuntu/optiAstaRos2_ws/install/rigidbody_msgs/share/rigidbody_msgs/cmake/export_rigidbody_msgs__rosidl_generator_cExport.cmake
[3.255s] -- Up-to-date: /home/ubuntu/optiAstaRos2_ws/install/rigidbody_msgs/share/rigidbody_msgs/cmake/export_rigidbody_msgs__rosidl_generator_cExport-noconfig.cmake
[3.258s] -- Up-to-date: /home/ubuntu/optiAstaRos2_ws/install/rigidbody_msgs/share/rigidbody_msgs/cmake/export_rigidbody_msgs__rosidl_typesupport_fastrtps_cExport.cmake
[3.258s] -- Up-to-date: /home/ubuntu/optiAstaRos2_ws/install/rigidbody_msgs/share/rigidbody_msgs/cmake/export_rigidbody_msgs__rosidl_typesupport_fastrtps_cExport-noconfig.cmake
[3.260s] -- Up-to-date: /home/ubuntu/optiAstaRos2_ws/install/rigidbody_msgs/share/rigidbody_msgs/cmake/export_rigidbody_msgs__rosidl_generator_cppExport.cmake
[3.262s] -- Up-to-date: /home/ubuntu/optiAstaRos2_ws/install/rigidbody_msgs/share/rigidbody_msgs/cmake/export_rigidbody_msgs__rosidl_typesupport_fastrtps_cppExport.cmake
[3.262s] -- Up-to-date: /home/ubuntu/optiAstaRos2_ws/install/rigidbody_msgs/share/rigidbody_msgs/cmake/export_rigidbody_msgs__rosidl_typesupport_fastrtps_cppExport-noconfig.cmake
[3.265s] -- Up-to-date: /home/ubuntu/optiAstaRos2_ws/install/rigidbody_msgs/share/rigidbody_msgs/cmake/rigidbody_msgs__rosidl_typesupport_introspection_cExport.cmake
[3.265s] -- Up-to-date: /home/ubuntu/optiAstaRos2_ws/install/rigidbody_msgs/share/rigidbody_msgs/cmake/rigidbody_msgs__rosidl_typesupport_introspection_cExport-noconfig.cmake
[3.267s] -- Up-to-date: /home/ubuntu/optiAstaRos2_ws/install/rigidbody_msgs/share/rigidbody_msgs/cmake/rigidbody_msgs__rosidl_typesupport_cExport.cmake
[3.268s] -- Up-to-date: /home/ubuntu/optiAstaRos2_ws/install/rigidbody_msgs/share/rigidbody_msgs/cmake/rigidbody_msgs__rosidl_typesupport_cExport-noconfig.cmake
[3.269s] -- Up-to-date: /home/ubuntu/optiAstaRos2_ws/install/rigidbody_msgs/share/rigidbody_msgs/cmake/rigidbody_msgs__rosidl_typesupport_introspection_cppExport.cmake
[3.270s] -- Up-to-date: /home/ubuntu/optiAstaRos2_ws/install/rigidbody_msgs/share/rigidbody_msgs/cmake/rigidbody_msgs__rosidl_typesupport_introspection_cppExport-noconfig.cmake
[3.271s] -- Up-to-date: /home/ubuntu/optiAstaRos2_ws/install/rigidbody_msgs/share/rigidbody_msgs/cmake/rigidbody_msgs__rosidl_typesupport_cppExport.cmake
[3.272s] -- Up-to-date: /home/ubuntu/optiAstaRos2_ws/install/rigidbody_msgs/share/rigidbody_msgs/cmake/rigidbody_msgs__rosidl_typesupport_cppExport-noconfig.cmake
[3.274s] -- Up-to-date: /home/ubuntu/optiAstaRos2_ws/install/rigidbody_msgs/share/rigidbody_msgs/cmake/export_rigidbody_msgs__rosidl_generator_pyExport.cmake
[3.274s] -- Up-to-date: /home/ubuntu/optiAstaRos2_ws/install/rigidbody_msgs/share/rigidbody_msgs/cmake/export_rigidbody_msgs__rosidl_generator_pyExport-noconfig.cmake
[3.275s] -- Up-to-date: /home/ubuntu/optiAstaRos2_ws/install/rigidbody_msgs/share/rigidbody_msgs/cmake/rosidl_cmake-extras.cmake
[3.275s] -- Up-to-date: /home/ubuntu/optiAstaRos2_ws/install/rigidbody_msgs/share/rigidbody_msgs/cmake/ament_cmake_export_dependencies-extras.cmake
[3.276s] -- Up-to-date: /home/ubuntu/optiAstaRos2_ws/install/rigidbody_msgs/share/rigidbody_msgs/cmake/ament_cmake_export_include_directories-extras.cmake
[3.276s] -- Up-to-date: /home/ubuntu/optiAstaRos2_ws/install/rigidbody_msgs/share/rigidbody_msgs/cmake/ament_cmake_export_libraries-extras.cmake
[3.277s] -- Up-to-date: /home/ubuntu/optiAstaRos2_ws/install/rigidbody_msgs/share/rigidbody_msgs/cmake/ament_cmake_export_targets-extras.cmake
[3.277s] -- Up-to-date: /home/ubuntu/optiAstaRos2_ws/install/rigidbody_msgs/share/rigidbody_msgs/cmake/rosidl_cmake_export_typesupport_targets-extras.cmake
[3.278s] -- Up-to-date: /home/ubuntu/optiAstaRos2_ws/install/rigidbody_msgs/share/rigidbody_msgs/cmake/rosidl_cmake_export_typesupport_libraries-extras.cmake
[3.279s] -- Up-to-date: /home/ubuntu/optiAstaRos2_ws/install/rigidbody_msgs/share/rigidbody_msgs/cmake/rigidbody_msgsConfig.cmake
[3.279s] -- Up-to-date: /home/ubuntu/optiAstaRos2_ws/install/rigidbody_msgs/share/rigidbody_msgs/cmake/rigidbody_msgsConfig-version.cmake
[3.279s] -- Up-to-date: /home/ubuntu/optiAstaRos2_ws/install/rigidbody_msgs/share/rigidbody_msgs/package.xml
[3.293s] Invoked command in '/home/ubuntu/optiAstaRos2_ws/build/rigidbody_msgs' returned '0': CMAKE_PREFIX_PATH=/opt/ros/humble /usr/bin/cmake --install /home/ubuntu/optiAstaRos2_ws/build/rigidbody_msgs
