/home/ubuntu/optiAstaRos2_ws/install/optiastaros2/lib/python3.10/site-packages/optiastaros2/generateRobotPath.py
/home/ubuntu/optiAstaRos2_ws/install/optiastaros2/lib/python3.10/site-packages/optiastaros2/purePursuit.py
/home/ubuntu/optiAstaRos2_ws/install/optiastaros2/lib/python3.10/site-packages/optiastaros2/controller_node.py
/home/ubuntu/optiAstaRos2_ws/install/optiastaros2/lib/python3.10/site-packages/optiastaros2/pubdata_node.py
/home/ubuntu/optiAstaRos2_ws/install/optiastaros2/lib/python3.10/site-packages/optiastaros2/__init__.py
/home/ubuntu/optiAstaRos2_ws/install/optiastaros2/lib/python3.10/site-packages/optiastaros2/NatNetClient.py
/home/ubuntu/optiAstaRos2_ws/install/optiastaros2/lib/python3.10/site-packages/optiastaros2/__pycache__/generateRobotPath.cpython-310.pyc
/home/ubuntu/optiAstaRos2_ws/install/optiastaros2/lib/python3.10/site-packages/optiastaros2/__pycache__/purePursuit.cpython-310.pyc
/home/ubuntu/optiAstaRos2_ws/install/optiastaros2/lib/python3.10/site-packages/optiastaros2/__pycache__/controller_node.cpython-310.pyc
/home/ubuntu/optiAstaRos2_ws/install/optiastaros2/lib/python3.10/site-packages/optiastaros2/__pycache__/pubdata_node.cpython-310.pyc
/home/ubuntu/optiAstaRos2_ws/install/optiastaros2/lib/python3.10/site-packages/optiastaros2/__pycache__/__init__.cpython-310.pyc
/home/ubuntu/optiAstaRos2_ws/install/optiastaros2/lib/python3.10/site-packages/optiastaros2/__pycache__/NatNetClient.cpython-310.pyc
/home/ubuntu/optiAstaRos2_ws/install/optiastaros2/share/ament_index/resource_index/packages/optiastaros2
/home/ubuntu/optiAstaRos2_ws/install/optiastaros2/share/optiastaros2/package.xml
/home/ubuntu/optiAstaRos2_ws/install/optiastaros2/lib/optiastaros2/NatNetClient.py
/home/ubuntu/optiAstaRos2_ws/install/optiastaros2/lib/optiastaros2/purePursuit.py
/home/ubuntu/optiAstaRos2_ws/install/optiastaros2/lib/optiastaros2/generateRobotPath.py
/home/ubuntu/optiAstaRos2_ws/install/optiastaros2/lib/python3.10/site-packages/optiastaros2-0.0.0-py3.10.egg-info/entry_points.txt
/home/ubuntu/optiAstaRos2_ws/install/optiastaros2/lib/python3.10/site-packages/optiastaros2-0.0.0-py3.10.egg-info/requires.txt
/home/ubuntu/optiAstaRos2_ws/install/optiastaros2/lib/python3.10/site-packages/optiastaros2-0.0.0-py3.10.egg-info/PKG-INFO
/home/ubuntu/optiAstaRos2_ws/install/optiastaros2/lib/python3.10/site-packages/optiastaros2-0.0.0-py3.10.egg-info/top_level.txt
/home/ubuntu/optiAstaRos2_ws/install/optiastaros2/lib/python3.10/site-packages/optiastaros2-0.0.0-py3.10.egg-info/zip-safe
/home/ubuntu/optiAstaRos2_ws/install/optiastaros2/lib/python3.10/site-packages/optiastaros2-0.0.0-py3.10.egg-info/SOURCES.txt
/home/ubuntu/optiAstaRos2_ws/install/optiastaros2/lib/python3.10/site-packages/optiastaros2-0.0.0-py3.10.egg-info/dependency_links.txt
/home/ubuntu/optiAstaRos2_ws/install/optiastaros2/lib/optiastaros2/controller_node
/home/ubuntu/optiAstaRos2_ws/install/optiastaros2/lib/optiastaros2/pubdata_node
