[2.595s] Invoking command in '/home/ubuntu/optiAstaRos2_ws/src/optiastaros2': PYTHONPATH=/home/ubuntu/optiAstaRos2_ws/build/optiastaros2/prefix_override:/home/ubuntu/optiAstaRos2_ws/install/optiastaros2/lib/python3.10/site-packages:${PYTHONPATH} /usr/bin/python3 setup.py egg_info --egg-base ../../build/optiastaros2 build --build-base /home/ubuntu/optiAstaRos2_ws/build/optiastaros2/build install --record /home/ubuntu/optiAstaRos2_ws/build/optiastaros2/install.log --single-version-externally-managed
[3.607s] running egg_info
[3.610s] writing ../../build/optiastaros2/optiastaros2.egg-info/PKG-INFO
[3.611s] writing dependency_links to ../../build/optiastaros2/optiastaros2.egg-info/dependency_links.txt
[3.612s] writing entry points to ../../build/optiastaros2/optiastaros2.egg-info/entry_points.txt
[3.612s] writing requirements to ../../build/optiastaros2/optiastaros2.egg-info/requires.txt
[3.613s] writing top-level names to ../../build/optiastaros2/optiastaros2.egg-info/top_level.txt
[3.622s] reading manifest file '../../build/optiastaros2/optiastaros2.egg-info/SOURCES.txt'
[3.626s] writing manifest file '../../build/optiastaros2/optiastaros2.egg-info/SOURCES.txt'
[3.626s] running build
[3.627s] running build_py
[3.628s] copying optiastaros2/controller_node.py -> /home/ubuntu/optiAstaRos2_ws/build/optiastaros2/build/lib/optiastaros2
[3.630s] running install
[3.631s] /usr/lib/python3/dist-packages/setuptools/command/install.py:34: SetuptoolsDeprecationWarning: setup.py install is deprecated. Use build and pip and other standards-based tools.
[3.631s]   warnings.warn(
[3.632s] running install_lib
[3.635s] copying /home/ubuntu/optiAstaRos2_ws/build/optiastaros2/build/lib/optiastaros2/controller_node.py -> /home/ubuntu/optiAstaRos2_ws/install/optiastaros2/lib/python3.10/site-packages/optiastaros2
[3.639s] byte-compiling /home/ubuntu/optiAstaRos2_ws/install/optiastaros2/lib/python3.10/site-packages/optiastaros2/controller_node.py to controller_node.cpython-310.pyc
[3.643s] running install_data
[3.646s] running install_egg_info
[3.652s] removing '/home/ubuntu/optiAstaRos2_ws/install/optiastaros2/lib/python3.10/site-packages/optiastaros2-0.0.0-py3.10.egg-info' (and everything under it)
[3.653s] Copying ../../build/optiastaros2/optiastaros2.egg-info to /home/ubuntu/optiAstaRos2_ws/install/optiastaros2/lib/python3.10/site-packages/optiastaros2-0.0.0-py3.10.egg-info
[3.659s] running install_scripts
[3.737s] Installing controller_node script to /home/ubuntu/optiAstaRos2_ws/install/optiastaros2/lib/optiastaros2
[3.738s] Installing pubdata_node script to /home/ubuntu/optiAstaRos2_ws/install/optiastaros2/lib/optiastaros2
[3.740s] writing list of installed files to '/home/ubuntu/optiAstaRos2_ws/build/optiastaros2/install.log'
[3.862s] Invoked command in '/home/ubuntu/optiAstaRos2_ws/src/optiastaros2' returned '0': PYTHONPATH=/home/ubuntu/optiAstaRos2_ws/build/optiastaros2/prefix_override:/home/ubuntu/optiAstaRos2_ws/install/optiastaros2/lib/python3.10/site-packages:${PYTHONPATH} /usr/bin/python3 setup.py egg_info --egg-base ../../build/optiastaros2 build --build-base /home/ubuntu/optiAstaRos2_ws/build/optiastaros2/build install --record /home/ubuntu/optiAstaRos2_ws/build/optiastaros2/install.log --single-version-externally-managed
