[1.366s] [34mcolcon[0m [1;30mDEBUG[0m [32mCommand line arguments: ['/usr/bin/colcon', 'build'][0m
[1.367s] [34mcolcon[0m [1;30mDEBUG[0m [32mParsed command line arguments: Namespace(log_base=None, log_level=None, verb_name='build', build_base='build', install_base='install', merge_install=False, symlink_install=False, test_result_base=None, continue_on_error=False, executor='parallel', parallel_workers=4, event_handlers=None, ignore_user_meta=False, metas=['./colcon.meta'], base_paths=['.'], packages_ignore=None, packages_ignore_regex=None, paths=None, packages_up_to=None, packages_up_to_regex=None, packages_above=None, packages_above_and_dependencies=None, packages_above_depth=None, packages_select_by_dep=None, packages_skip_by_dep=None, packages_skip_up_to=None, packages_select_build_failed=False, packages_skip_build_finished=False, packages_select_test_failures=False, packages_skip_test_passed=False, packages_select=None, packages_skip=None, packages_select_regex=None, packages_skip_regex=None, packages_start=None, packages_end=None, allow_overriding=[], cmake_args=None, cmake_target=None, cmake_target_skip_unavailable=False, cmake_clean_cache=False, cmake_clean_first=False, cmake_force_configure=False, ament_cmake_args=None, catkin_cmake_args=None, catkin_skip_building_tests=False, verb_parser=<colcon_defaults.argument_parser.defaults.DefaultArgumentsDecorator object at 0xffffb8b51510>, verb_extension=<colcon_core.verb.build.BuildVerb object at 0xffffb95afb50>, main=<bound method BuildVerb.main of <colcon_core.verb.build.BuildVerb object at 0xffffb95afb50>>)[0m
[1.464s] [34mcolcon.colcon_core.package_discovery[0m [1;30mLevel 1[0m discover_packages(colcon_meta) check parameters
[1.464s] [34mcolcon.colcon_core.package_discovery[0m [1;30mLevel 1[0m discover_packages(recursive) check parameters
[1.465s] [34mcolcon.colcon_core.package_discovery[0m [1;30mLevel 1[0m discover_packages(ignore) check parameters
[1.465s] [34mcolcon.colcon_core.package_discovery[0m [1;30mLevel 1[0m discover_packages(path) check parameters
[1.465s] [34mcolcon.colcon_core.package_discovery[0m [1;30mLevel 1[0m discover_packages(colcon_meta) discover
[1.497s] [34mcolcon.colcon_core.package_discovery[0m [1;30mLevel 1[0m discover_packages(recursive) discover
[1.497s] [34mcolcon.colcon_core.package_discovery[0m [1;30mINFO[0m Crawling recursively for packages in '/home/ubuntu/optiAstaRos2_ws'
[1.497s] [34mcolcon.colcon_core.package_identification[0m [1;30mLevel 1[0m _identify(.) by extensions ['ignore', 'ignore_ament_install']
[1.498s] [34mcolcon.colcon_core.package_identification[0m [1;30mLevel 1[0m _identify(.) by extension 'ignore'
[1.498s] [34mcolcon.colcon_core.package_identification[0m [1;30mLevel 1[0m _identify(.) by extension 'ignore_ament_install'
[1.498s] [34mcolcon.colcon_core.package_identification[0m [1;30mLevel 1[0m _identify(.) by extensions ['colcon_pkg']
[1.498s] [34mcolcon.colcon_core.package_identification[0m [1;30mLevel 1[0m _identify(.) by extension 'colcon_pkg'
[1.498s] [34mcolcon.colcon_core.package_identification[0m [1;30mLevel 1[0m _identify(.) by extensions ['colcon_meta']
[1.499s] [34mcolcon.colcon_core.package_identification[0m [1;30mLevel 1[0m _identify(.) by extension 'colcon_meta'
[1.499s] [34mcolcon.colcon_core.package_identification[0m [1;30mLevel 1[0m _identify(.) by extensions ['ros']
[1.499s] [34mcolcon.colcon_core.package_identification[0m [1;30mLevel 1[0m _identify(.) by extension 'ros'
[1.542s] [34mcolcon.colcon_core.package_identification[0m [1;30mLevel 1[0m _identify(.) by extensions ['cmake', 'python']
[1.542s] [34mcolcon.colcon_core.package_identification[0m [1;30mLevel 1[0m _identify(.) by extension 'cmake'
[1.542s] [34mcolcon.colcon_core.package_identification[0m [1;30mLevel 1[0m _identify(.) by extension 'python'
[1.542s] [34mcolcon.colcon_core.package_identification[0m [1;30mLevel 1[0m _identify(.) by extensions ['python_setup_py']
[1.543s] [34mcolcon.colcon_core.package_identification[0m [1;30mLevel 1[0m _identify(.) by extension 'python_setup_py'
[1.543s] [34mcolcon.colcon_core.package_identification[0m [1;30mLevel 1[0m _identify(build) by extensions ['ignore', 'ignore_ament_install']
[1.544s] [34mcolcon.colcon_core.package_identification[0m [1;30mLevel 1[0m _identify(build) by extension 'ignore'
[1.544s] [34mcolcon.colcon_core.package_identification[0m [1;30mLevel 1[0m _identify(build) ignored
[1.544s] [34mcolcon.colcon_core.package_identification[0m [1;30mLevel 1[0m _identify(install) by extensions ['ignore', 'ignore_ament_install']
[1.545s] [34mcolcon.colcon_core.package_identification[0m [1;30mLevel 1[0m _identify(install) by extension 'ignore'
[1.545s] [34mcolcon.colcon_core.package_identification[0m [1;30mLevel 1[0m _identify(install) ignored
[1.546s] [34mcolcon.colcon_core.package_identification[0m [1;30mLevel 1[0m _identify(log) by extensions ['ignore', 'ignore_ament_install']
[1.546s] [34mcolcon.colcon_core.package_identification[0m [1;30mLevel 1[0m _identify(log) by extension 'ignore'
[1.546s] [34mcolcon.colcon_core.package_identification[0m [1;30mLevel 1[0m _identify(log) ignored
[1.547s] [34mcolcon.colcon_core.package_identification[0m [1;30mLevel 1[0m _identify(src) by extensions ['ignore', 'ignore_ament_install']
[1.547s] [34mcolcon.colcon_core.package_identification[0m [1;30mLevel 1[0m _identify(src) by extension 'ignore'
[1.547s] [34mcolcon.colcon_core.package_identification[0m [1;30mLevel 1[0m _identify(src) by extension 'ignore_ament_install'
[1.547s] [34mcolcon.colcon_core.package_identification[0m [1;30mLevel 1[0m _identify(src) by extensions ['colcon_pkg']
[1.547s] [34mcolcon.colcon_core.package_identification[0m [1;30mLevel 1[0m _identify(src) by extension 'colcon_pkg'
[1.548s] [34mcolcon.colcon_core.package_identification[0m [1;30mLevel 1[0m _identify(src) by extensions ['colcon_meta']
[1.548s] [34mcolcon.colcon_core.package_identification[0m [1;30mLevel 1[0m _identify(src) by extension 'colcon_meta'
[1.548s] [34mcolcon.colcon_core.package_identification[0m [1;30mLevel 1[0m _identify(src) by extensions ['ros']
[1.548s] [34mcolcon.colcon_core.package_identification[0m [1;30mLevel 1[0m _identify(src) by extension 'ros'
[1.548s] [34mcolcon.colcon_core.package_identification[0m [1;30mLevel 1[0m _identify(src) by extensions ['cmake', 'python']
[1.548s] [34mcolcon.colcon_core.package_identification[0m [1;30mLevel 1[0m _identify(src) by extension 'cmake'
[1.549s] [34mcolcon.colcon_core.package_identification[0m [1;30mLevel 1[0m _identify(src) by extension 'python'
[1.549s] [34mcolcon.colcon_core.package_identification[0m [1;30mLevel 1[0m _identify(src) by extensions ['python_setup_py']
[1.549s] [34mcolcon.colcon_core.package_identification[0m [1;30mLevel 1[0m _identify(src) by extension 'python_setup_py'
[1.549s] [34mcolcon.colcon_core.package_identification[0m [1;30mLevel 1[0m _identify(src/optiastaros2) by extensions ['ignore', 'ignore_ament_install']
[1.550s] [34mcolcon.colcon_core.package_identification[0m [1;30mLevel 1[0m _identify(src/optiastaros2) by extension 'ignore'
[1.550s] [34mcolcon.colcon_core.package_identification[0m [1;30mLevel 1[0m _identify(src/optiastaros2) by extension 'ignore_ament_install'
[1.550s] [34mcolcon.colcon_core.package_identification[0m [1;30mLevel 1[0m _identify(src/optiastaros2) by extensions ['colcon_pkg']
[1.550s] [34mcolcon.colcon_core.package_identification[0m [1;30mLevel 1[0m _identify(src/optiastaros2) by extension 'colcon_pkg'
[1.550s] [34mcolcon.colcon_core.package_identification[0m [1;30mLevel 1[0m _identify(src/optiastaros2) by extensions ['colcon_meta']
[1.550s] [34mcolcon.colcon_core.package_identification[0m [1;30mLevel 1[0m _identify(src/optiastaros2) by extension 'colcon_meta'
[1.551s] [34mcolcon.colcon_core.package_identification[0m [1;30mLevel 1[0m _identify(src/optiastaros2) by extensions ['ros']
[1.551s] [34mcolcon.colcon_core.package_identification[0m [1;30mLevel 1[0m _identify(src/optiastaros2) by extension 'ros'
[1.560s] [34mcolcon.colcon_core.package_identification[0m [1;30mDEBUG[0m [32mPackage 'src/optiastaros2' with type 'ros.ament_python' and name 'optiastaros2'[0m
[1.561s] [34mcolcon.colcon_core.package_identification[0m [1;30mLevel 1[0m _identify(src/rigidbody_msgs) by extensions ['ignore', 'ignore_ament_install']
[1.562s] [34mcolcon.colcon_core.package_identification[0m [1;30mLevel 1[0m _identify(src/rigidbody_msgs) by extension 'ignore'
[1.562s] [34mcolcon.colcon_core.package_identification[0m [1;30mLevel 1[0m _identify(src/rigidbody_msgs) by extension 'ignore_ament_install'
[1.562s] [34mcolcon.colcon_core.package_identification[0m [1;30mLevel 1[0m _identify(src/rigidbody_msgs) by extensions ['colcon_pkg']
[1.562s] [34mcolcon.colcon_core.package_identification[0m [1;30mLevel 1[0m _identify(src/rigidbody_msgs) by extension 'colcon_pkg'
[1.562s] [34mcolcon.colcon_core.package_identification[0m [1;30mLevel 1[0m _identify(src/rigidbody_msgs) by extensions ['colcon_meta']
[1.562s] [34mcolcon.colcon_core.package_identification[0m [1;30mLevel 1[0m _identify(src/rigidbody_msgs) by extension 'colcon_meta'
[1.563s] [34mcolcon.colcon_core.package_identification[0m [1;30mLevel 1[0m _identify(src/rigidbody_msgs) by extensions ['ros']
[1.563s] [34mcolcon.colcon_core.package_identification[0m [1;30mLevel 1[0m _identify(src/rigidbody_msgs) by extension 'ros'
[1.565s] [34mcolcon.colcon_core.package_identification[0m [1;30mDEBUG[0m [32mPackage 'src/rigidbody_msgs' with type 'ros.ament_cmake' and name 'rigidbody_msgs'[0m
[1.565s] [34mcolcon.colcon_core.package_discovery[0m [1;30mLevel 1[0m discover_packages(recursive) using defaults
[1.566s] [34mcolcon.colcon_core.package_discovery[0m [1;30mLevel 1[0m discover_packages(ignore) discover
[1.566s] [34mcolcon.colcon_core.package_discovery[0m [1;30mLevel 1[0m discover_packages(ignore) using defaults
[1.566s] [34mcolcon.colcon_core.package_discovery[0m [1;30mLevel 1[0m discover_packages(path) discover
[1.566s] [34mcolcon.colcon_core.package_discovery[0m [1;30mLevel 1[0m discover_packages(path) using defaults
[1.642s] [34mcolcon.colcon_core.package_discovery[0m [1;30mLevel 1[0m discover_packages(prefix_path) check parameters
[1.642s] [34mcolcon.colcon_core.package_discovery[0m [1;30mLevel 1[0m discover_packages(prefix_path) discover
[1.654s] [34mcolcon.colcon_installed_package_information.package_discovery[0m [1;30mDEBUG[0m [32mFound 3 installed packages in /home/ubuntu/optiAstaRos2_ws/install[0m
[1.665s] [34mcolcon.colcon_installed_package_information.package_discovery[0m [1;30mDEBUG[0m [32mFound 270 installed packages in /opt/ros/humble[0m
[1.671s] [34mcolcon.colcon_core.package_discovery[0m [1;30mLevel 1[0m discover_packages(prefix_path) using defaults
[1.922s] [34mcolcon.colcon_core.verb[0m [1;30mLevel 5[0m set package 'rigidbody_msgs' build argument 'cmake_args' from command line to 'None'
[1.922s] [34mcolcon.colcon_core.verb[0m [1;30mLevel 5[0m set package 'rigidbody_msgs' build argument 'cmake_target' from command line to 'None'
[1.922s] [34mcolcon.colcon_core.verb[0m [1;30mLevel 5[0m set package 'rigidbody_msgs' build argument 'cmake_target_skip_unavailable' from command line to 'False'
[1.922s] [34mcolcon.colcon_core.verb[0m [1;30mLevel 5[0m set package 'rigidbody_msgs' build argument 'cmake_clean_cache' from command line to 'False'
[1.922s] [34mcolcon.colcon_core.verb[0m [1;30mLevel 5[0m set package 'rigidbody_msgs' build argument 'cmake_clean_first' from command line to 'False'
[1.923s] [34mcolcon.colcon_core.verb[0m [1;30mLevel 5[0m set package 'rigidbody_msgs' build argument 'cmake_force_configure' from command line to 'False'
[1.923s] [34mcolcon.colcon_core.verb[0m [1;30mLevel 5[0m set package 'rigidbody_msgs' build argument 'ament_cmake_args' from command line to 'None'
[1.923s] [34mcolcon.colcon_core.verb[0m [1;30mLevel 5[0m set package 'rigidbody_msgs' build argument 'catkin_cmake_args' from command line to 'None'
[1.923s] [34mcolcon.colcon_core.verb[0m [1;30mLevel 5[0m set package 'rigidbody_msgs' build argument 'catkin_skip_building_tests' from command line to 'False'
[1.923s] [34mcolcon.colcon_core.verb[0m [1;30mDEBUG[0m [32mBuilding package 'rigidbody_msgs' with the following arguments: {'ament_cmake_args': None, 'build_base': '/home/ubuntu/optiAstaRos2_ws/build/rigidbody_msgs', 'catkin_cmake_args': None, 'catkin_skip_building_tests': False, 'cmake_args': None, 'cmake_clean_cache': False, 'cmake_clean_first': False, 'cmake_force_configure': False, 'cmake_target': None, 'cmake_target_skip_unavailable': False, 'install_base': '/home/ubuntu/optiAstaRos2_ws/install/rigidbody_msgs', 'merge_install': False, 'path': '/home/ubuntu/optiAstaRos2_ws/src/rigidbody_msgs', 'symlink_install': False, 'test_result_base': None}[0m
[1.927s] [34mcolcon.colcon_core.verb[0m [1;30mLevel 5[0m set package 'optiastaros2' build argument 'cmake_args' from command line to 'None'
[1.927s] [34mcolcon.colcon_core.verb[0m [1;30mLevel 5[0m set package 'optiastaros2' build argument 'cmake_target' from command line to 'None'
[1.928s] [34mcolcon.colcon_core.verb[0m [1;30mLevel 5[0m set package 'optiastaros2' build argument 'cmake_target_skip_unavailable' from command line to 'False'
[1.928s] [34mcolcon.colcon_core.verb[0m [1;30mLevel 5[0m set package 'optiastaros2' build argument 'cmake_clean_cache' from command line to 'False'
[1.928s] [34mcolcon.colcon_core.verb[0m [1;30mLevel 5[0m set package 'optiastaros2' build argument 'cmake_clean_first' from command line to 'False'
[1.928s] [34mcolcon.colcon_core.verb[0m [1;30mLevel 5[0m set package 'optiastaros2' build argument 'cmake_force_configure' from command line to 'False'
[1.928s] [34mcolcon.colcon_core.verb[0m [1;30mLevel 5[0m set package 'optiastaros2' build argument 'ament_cmake_args' from command line to 'None'
[1.928s] [34mcolcon.colcon_core.verb[0m [1;30mLevel 5[0m set package 'optiastaros2' build argument 'catkin_cmake_args' from command line to 'None'
[1.928s] [34mcolcon.colcon_core.verb[0m [1;30mLevel 5[0m set package 'optiastaros2' build argument 'catkin_skip_building_tests' from command line to 'False'
[1.928s] [34mcolcon.colcon_core.verb[0m [1;30mDEBUG[0m [32mBuilding package 'optiastaros2' with the following arguments: {'ament_cmake_args': None, 'build_base': '/home/ubuntu/optiAstaRos2_ws/build/optiastaros2', 'catkin_cmake_args': None, 'catkin_skip_building_tests': False, 'cmake_args': None, 'cmake_clean_cache': False, 'cmake_clean_first': False, 'cmake_force_configure': False, 'cmake_target': None, 'cmake_target_skip_unavailable': False, 'install_base': '/home/ubuntu/optiAstaRos2_ws/install/optiastaros2', 'merge_install': False, 'path': '/home/ubuntu/optiAstaRos2_ws/src/optiastaros2', 'symlink_install': False, 'test_result_base': None}[0m
[1.931s] [34mcolcon.colcon_core.executor[0m [1;30mINFO[0m Executing jobs using 'parallel' executor
[1.945s] [34mcolcon.colcon_parallel_executor.executor.parallel[0m [1;30mDEBUG[0m [32mrun_until_complete[0m
[1.946s] [34mcolcon.colcon_ros.task.ament_cmake.build[0m [1;30mINFO[0m Building ROS package in '/home/ubuntu/optiAstaRos2_ws/src/rigidbody_msgs' with build type 'ament_cmake'
[1.947s] [34mcolcon.colcon_cmake.task.cmake.build[0m [1;30mINFO[0m Building CMake package in '/home/ubuntu/optiAstaRos2_ws/src/rigidbody_msgs'
[1.965s] [34mcolcon.colcon_core.plugin_system[0m [1;30mINFO[0m Skipping extension 'colcon_core.shell.bat': Not used on non-Windows systems
[1.966s] [34mcolcon.colcon_core.shell[0m [1;30mINFO[0m Skip shell extension 'powershell' for command environment: Not usable outside of PowerShell
[1.966s] [34mcolcon.colcon_core.shell[0m [1;30mDEBUG[0m [32mSkip shell extension 'dsv' for command environment[0m
[2.016s] [34mcolcon.colcon_core.event_handler.log_command[0m [1;30mDEBUG[0m [32mInvoking command in '/home/ubuntu/optiAstaRos2_ws/build/rigidbody_msgs': CMAKE_PREFIX_PATH=${CMAKE_PREFIX_PATH}:/home/ubuntu/optiAstaRos2_ws/install/optiastaros2:/opt/ros/humble /usr/bin/cmake --build /home/ubuntu/optiAstaRos2_ws/build/rigidbody_msgs -- -j4 -l4[0m
[3.694s] [34mcolcon.colcon_core.event_handler.log_command[0m [1;30mDEBUG[0m [32mInvoked command in '/home/ubuntu/optiAstaRos2_ws/build/rigidbody_msgs' returned '0': CMAKE_PREFIX_PATH=${CMAKE_PREFIX_PATH}:/home/ubuntu/optiAstaRos2_ws/install/optiastaros2:/opt/ros/humble /usr/bin/cmake --build /home/ubuntu/optiAstaRos2_ws/build/rigidbody_msgs -- -j4 -l4[0m
[4.178s] [34mcolcon.colcon_core.event_handler.log_command[0m [1;30mDEBUG[0m [32mInvoking command in '/home/ubuntu/optiAstaRos2_ws/build/rigidbody_msgs': CMAKE_PREFIX_PATH=${CMAKE_PREFIX_PATH}:/home/ubuntu/optiAstaRos2_ws/install/optiastaros2:/opt/ros/humble /usr/bin/cmake --install /home/ubuntu/optiAstaRos2_ws/build/rigidbody_msgs[0m
[4.456s] [34mcolcon.colcon_core.environment[0m [1;30mLevel 1[0m create_environment_scripts_only(rigidbody_msgs)
[4.459s] [34mcolcon.colcon_core.event_handler.log_command[0m [1;30mDEBUG[0m [32mInvoked command in '/home/ubuntu/optiAstaRos2_ws/build/rigidbody_msgs' returned '0': CMAKE_PREFIX_PATH=${CMAKE_PREFIX_PATH}:/home/ubuntu/optiAstaRos2_ws/install/optiastaros2:/opt/ros/humble /usr/bin/cmake --install /home/ubuntu/optiAstaRos2_ws/build/rigidbody_msgs[0m
[4.479s] [34mcolcon.colcon_core.environment[0m [1;30mLevel 1[0m checking '/home/ubuntu/optiAstaRos2_ws/install/rigidbody_msgs' for CMake module files
[4.484s] [34mcolcon.colcon_core.environment[0m [1;30mLevel 1[0m checking '/home/ubuntu/optiAstaRos2_ws/install/rigidbody_msgs' for CMake config files
[4.486s] [34mcolcon.colcon_core.shell[0m [1;30mLevel 1[0m create_environment_hook('rigidbody_msgs', 'cmake_prefix_path')
[4.490s] [34mcolcon.colcon_core.shell[0m [1;30mINFO[0m Creating environment hook '/home/ubuntu/optiAstaRos2_ws/install/rigidbody_msgs/share/rigidbody_msgs/hook/cmake_prefix_path.ps1'
[4.493s] [34mcolcon.colcon_core.shell[0m [1;30mINFO[0m Creating environment descriptor '/home/ubuntu/optiAstaRos2_ws/install/rigidbody_msgs/share/rigidbody_msgs/hook/cmake_prefix_path.dsv'
[4.495s] [34mcolcon.colcon_core.shell[0m [1;30mINFO[0m Creating environment hook '/home/ubuntu/optiAstaRos2_ws/install/rigidbody_msgs/share/rigidbody_msgs/hook/cmake_prefix_path.sh'
[4.499s] [34mcolcon.colcon_core.environment[0m [1;30mLevel 1[0m checking '/home/ubuntu/optiAstaRos2_ws/install/rigidbody_msgs/lib'
[4.500s] [34mcolcon.colcon_core.shell[0m [1;30mLevel 1[0m create_environment_hook('rigidbody_msgs', 'ld_library_path_lib')
[4.504s] [34mcolcon.colcon_core.shell[0m [1;30mINFO[0m Creating environment hook '/home/ubuntu/optiAstaRos2_ws/install/rigidbody_msgs/share/rigidbody_msgs/hook/ld_library_path_lib.ps1'
[4.506s] [34mcolcon.colcon_core.shell[0m [1;30mINFO[0m Creating environment descriptor '/home/ubuntu/optiAstaRos2_ws/install/rigidbody_msgs/share/rigidbody_msgs/hook/ld_library_path_lib.dsv'
[4.508s] [34mcolcon.colcon_core.shell[0m [1;30mINFO[0m Creating environment hook '/home/ubuntu/optiAstaRos2_ws/install/rigidbody_msgs/share/rigidbody_msgs/hook/ld_library_path_lib.sh'
[4.510s] [34mcolcon.colcon_core.environment[0m [1;30mLevel 1[0m checking '/home/ubuntu/optiAstaRos2_ws/install/rigidbody_msgs/bin'
[4.510s] [34mcolcon.colcon_core.environment[0m [1;30mLevel 1[0m checking '/home/ubuntu/optiAstaRos2_ws/install/rigidbody_msgs/lib/pkgconfig/rigidbody_msgs.pc'
[4.511s] [34mcolcon.colcon_core.environment[0m [1;30mLevel 1[0m checking '/home/ubuntu/optiAstaRos2_ws/install/rigidbody_msgs/lib/python3.10/site-packages'
[4.512s] [34mcolcon.colcon_core.environment[0m [1;30mLevel 1[0m checking '/home/ubuntu/optiAstaRos2_ws/install/rigidbody_msgs/bin'
[4.517s] [34mcolcon.colcon_core.shell[0m [1;30mINFO[0m Creating package script '/home/ubuntu/optiAstaRos2_ws/install/rigidbody_msgs/share/rigidbody_msgs/package.ps1'
[4.521s] [34mcolcon.colcon_core.shell[0m [1;30mINFO[0m Creating package descriptor '/home/ubuntu/optiAstaRos2_ws/install/rigidbody_msgs/share/rigidbody_msgs/package.dsv'
[4.523s] [34mcolcon.colcon_core.shell[0m [1;30mINFO[0m Creating package script '/home/ubuntu/optiAstaRos2_ws/install/rigidbody_msgs/share/rigidbody_msgs/package.sh'
[4.526s] [34mcolcon.colcon_core.shell[0m [1;30mINFO[0m Creating package script '/home/ubuntu/optiAstaRos2_ws/install/rigidbody_msgs/share/rigidbody_msgs/package.bash'
[4.529s] [34mcolcon.colcon_core.shell[0m [1;30mINFO[0m Creating package script '/home/ubuntu/optiAstaRos2_ws/install/rigidbody_msgs/share/rigidbody_msgs/package.zsh'
[4.533s] [34mcolcon.colcon_core.environment[0m [1;30mLevel 1[0m create_file_with_runtime_dependencies(/home/ubuntu/optiAstaRos2_ws/install/rigidbody_msgs/share/colcon-core/packages/rigidbody_msgs)
[4.977s] [34mcolcon.colcon_core.environment[0m [1;30mLevel 1[0m create_environment_scripts_only(rigidbody_msgs)
[4.987s] [34mcolcon.colcon_core.environment[0m [1;30mLevel 1[0m checking '/home/ubuntu/optiAstaRos2_ws/install/rigidbody_msgs' for CMake module files
[4.991s] [34mcolcon.colcon_core.environment[0m [1;30mLevel 1[0m checking '/home/ubuntu/optiAstaRos2_ws/install/rigidbody_msgs' for CMake config files
[4.993s] [34mcolcon.colcon_core.shell[0m [1;30mLevel 1[0m create_environment_hook('rigidbody_msgs', 'cmake_prefix_path')
[4.998s] [34mcolcon.colcon_core.shell[0m [1;30mINFO[0m Creating environment hook '/home/ubuntu/optiAstaRos2_ws/install/rigidbody_msgs/share/rigidbody_msgs/hook/cmake_prefix_path.ps1'
[5.000s] [34mcolcon.colcon_core.shell[0m [1;30mINFO[0m Creating environment descriptor '/home/ubuntu/optiAstaRos2_ws/install/rigidbody_msgs/share/rigidbody_msgs/hook/cmake_prefix_path.dsv'
[5.001s] [34mcolcon.colcon_core.shell[0m [1;30mINFO[0m Creating environment hook '/home/ubuntu/optiAstaRos2_ws/install/rigidbody_msgs/share/rigidbody_msgs/hook/cmake_prefix_path.sh'
[5.004s] [34mcolcon.colcon_core.environment[0m [1;30mLevel 1[0m checking '/home/ubuntu/optiAstaRos2_ws/install/rigidbody_msgs/lib'
[5.005s] [34mcolcon.colcon_core.shell[0m [1;30mLevel 1[0m create_environment_hook('rigidbody_msgs', 'ld_library_path_lib')
[5.009s] [34mcolcon.colcon_core.shell[0m [1;30mINFO[0m Creating environment hook '/home/ubuntu/optiAstaRos2_ws/install/rigidbody_msgs/share/rigidbody_msgs/hook/ld_library_path_lib.ps1'
[5.011s] [34mcolcon.colcon_core.shell[0m [1;30mINFO[0m Creating environment descriptor '/home/ubuntu/optiAstaRos2_ws/install/rigidbody_msgs/share/rigidbody_msgs/hook/ld_library_path_lib.dsv'
[5.013s] [34mcolcon.colcon_core.shell[0m [1;30mINFO[0m Creating environment hook '/home/ubuntu/optiAstaRos2_ws/install/rigidbody_msgs/share/rigidbody_msgs/hook/ld_library_path_lib.sh'
[5.014s] [34mcolcon.colcon_core.environment[0m [1;30mLevel 1[0m checking '/home/ubuntu/optiAstaRos2_ws/install/rigidbody_msgs/bin'
[5.015s] [34mcolcon.colcon_core.environment[0m [1;30mLevel 1[0m checking '/home/ubuntu/optiAstaRos2_ws/install/rigidbody_msgs/lib/pkgconfig/rigidbody_msgs.pc'
[5.016s] [34mcolcon.colcon_core.environment[0m [1;30mLevel 1[0m checking '/home/ubuntu/optiAstaRos2_ws/install/rigidbody_msgs/lib/python3.10/site-packages'
[5.016s] [34mcolcon.colcon_core.environment[0m [1;30mLevel 1[0m checking '/home/ubuntu/optiAstaRos2_ws/install/rigidbody_msgs/bin'
[5.022s] [34mcolcon.colcon_core.shell[0m [1;30mINFO[0m Creating package script '/home/ubuntu/optiAstaRos2_ws/install/rigidbody_msgs/share/rigidbody_msgs/package.ps1'
[5.024s] [34mcolcon.colcon_core.shell[0m [1;30mINFO[0m Creating package descriptor '/home/ubuntu/optiAstaRos2_ws/install/rigidbody_msgs/share/rigidbody_msgs/package.dsv'
[5.027s] [34mcolcon.colcon_core.shell[0m [1;30mINFO[0m Creating package script '/home/ubuntu/optiAstaRos2_ws/install/rigidbody_msgs/share/rigidbody_msgs/package.sh'
[5.029s] [34mcolcon.colcon_core.shell[0m [1;30mINFO[0m Creating package script '/home/ubuntu/optiAstaRos2_ws/install/rigidbody_msgs/share/rigidbody_msgs/package.bash'
[5.031s] [34mcolcon.colcon_core.shell[0m [1;30mINFO[0m Creating package script '/home/ubuntu/optiAstaRos2_ws/install/rigidbody_msgs/share/rigidbody_msgs/package.zsh'
[5.032s] [34mcolcon.colcon_core.environment[0m [1;30mLevel 1[0m create_file_with_runtime_dependencies(/home/ubuntu/optiAstaRos2_ws/install/rigidbody_msgs/share/colcon-core/packages/rigidbody_msgs)
[5.034s] [34mcolcon.colcon_ros.task.ament_python.build[0m [1;30mINFO[0m Building ROS package in '/home/ubuntu/optiAstaRos2_ws/src/optiastaros2' with build type 'ament_python'
[5.034s] [34mcolcon.colcon_core.shell[0m [1;30mLevel 1[0m create_environment_hook('optiastaros2', 'ament_prefix_path')
[5.039s] [34mcolcon.colcon_core.shell[0m [1;30mINFO[0m Creating environment hook '/home/ubuntu/optiAstaRos2_ws/install/optiastaros2/share/optiastaros2/hook/ament_prefix_path.ps1'
[5.042s] [34mcolcon.colcon_core.shell[0m [1;30mINFO[0m Creating environment descriptor '/home/ubuntu/optiAstaRos2_ws/install/optiastaros2/share/optiastaros2/hook/ament_prefix_path.dsv'
[5.044s] [34mcolcon.colcon_core.shell[0m [1;30mINFO[0m Creating environment hook '/home/ubuntu/optiAstaRos2_ws/install/optiastaros2/share/optiastaros2/hook/ament_prefix_path.sh'
[5.051s] [34mcolcon.colcon_core.shell[0m [1;30mINFO[0m Skip shell extension 'powershell' for command environment: Not usable outside of PowerShell
[5.052s] [34mcolcon.colcon_core.shell[0m [1;30mDEBUG[0m [32mSkip shell extension 'dsv' for command environment[0m
[6.191s] [34mcolcon.colcon_core.task.python.build[0m [1;30mINFO[0m Building Python package in '/home/ubuntu/optiAstaRos2_ws/src/optiastaros2'
[6.196s] [34mcolcon.colcon_core.shell[0m [1;30mINFO[0m Skip shell extension 'powershell' for command environment: Not usable outside of PowerShell
[6.196s] [34mcolcon.colcon_core.shell[0m [1;30mDEBUG[0m [32mSkip shell extension 'dsv' for command environment[0m
[7.638s] [34mcolcon.colcon_core.event_handler.log_command[0m [1;30mDEBUG[0m [32mInvoking command in '/home/ubuntu/optiAstaRos2_ws/src/optiastaros2': PYTHONPATH=/home/ubuntu/optiAstaRos2_ws/build/optiastaros2/prefix_override:/home/ubuntu/optiAstaRos2_ws/install/optiastaros2/lib/python3.10/site-packages:${PYTHONPATH} /usr/bin/python3 setup.py egg_info --egg-base ../../build/optiastaros2 build --build-base /home/ubuntu/optiAstaRos2_ws/build/optiastaros2/build install --record /home/ubuntu/optiAstaRos2_ws/build/optiastaros2/install.log --single-version-externally-managed[0m
[8.903s] [34mcolcon.colcon_core.environment[0m [1;30mLevel 1[0m checking '/home/ubuntu/optiAstaRos2_ws/install/optiastaros2' for CMake module files
[8.905s] [34mcolcon.colcon_core.event_handler.log_command[0m [1;30mDEBUG[0m [32mInvoked command in '/home/ubuntu/optiAstaRos2_ws/src/optiastaros2' returned '0': PYTHONPATH=/home/ubuntu/optiAstaRos2_ws/build/optiastaros2/prefix_override:/home/ubuntu/optiAstaRos2_ws/install/optiastaros2/lib/python3.10/site-packages:${PYTHONPATH} /usr/bin/python3 setup.py egg_info --egg-base ../../build/optiastaros2 build --build-base /home/ubuntu/optiAstaRos2_ws/build/optiastaros2/build install --record /home/ubuntu/optiAstaRos2_ws/build/optiastaros2/install.log --single-version-externally-managed[0m
[8.908s] [34mcolcon.colcon_core.environment[0m [1;30mLevel 1[0m checking '/home/ubuntu/optiAstaRos2_ws/install/optiastaros2' for CMake config files
[8.912s] [34mcolcon.colcon_core.environment[0m [1;30mLevel 1[0m checking '/home/ubuntu/optiAstaRos2_ws/install/optiastaros2/lib'
[8.912s] [34mcolcon.colcon_core.environment[0m [1;30mLevel 1[0m checking '/home/ubuntu/optiAstaRos2_ws/install/optiastaros2/bin'
[8.913s] [34mcolcon.colcon_core.environment[0m [1;30mLevel 1[0m checking '/home/ubuntu/optiAstaRos2_ws/install/optiastaros2/lib/pkgconfig/optiastaros2.pc'
[8.914s] [34mcolcon.colcon_core.environment[0m [1;30mLevel 1[0m checking '/home/ubuntu/optiAstaRos2_ws/install/optiastaros2/lib/python3.10/site-packages'
[8.914s] [34mcolcon.colcon_core.shell[0m [1;30mLevel 1[0m create_environment_hook('optiastaros2', 'pythonpath')
[8.919s] [34mcolcon.colcon_core.shell[0m [1;30mINFO[0m Creating environment hook '/home/ubuntu/optiAstaRos2_ws/install/optiastaros2/share/optiastaros2/hook/pythonpath.ps1'
[8.921s] [34mcolcon.colcon_core.shell[0m [1;30mINFO[0m Creating environment descriptor '/home/ubuntu/optiAstaRos2_ws/install/optiastaros2/share/optiastaros2/hook/pythonpath.dsv'
[8.922s] [34mcolcon.colcon_core.shell[0m [1;30mINFO[0m Creating environment hook '/home/ubuntu/optiAstaRos2_ws/install/optiastaros2/share/optiastaros2/hook/pythonpath.sh'
[8.925s] [34mcolcon.colcon_core.environment[0m [1;30mLevel 1[0m checking '/home/ubuntu/optiAstaRos2_ws/install/optiastaros2/bin'
[8.925s] [34mcolcon.colcon_core.environment[0m [1;30mLevel 1[0m create_environment_scripts_only(optiastaros2)
[8.931s] [34mcolcon.colcon_core.shell[0m [1;30mINFO[0m Creating package script '/home/ubuntu/optiAstaRos2_ws/install/optiastaros2/share/optiastaros2/package.ps1'
[8.933s] [34mcolcon.colcon_core.shell[0m [1;30mINFO[0m Creating package descriptor '/home/ubuntu/optiAstaRos2_ws/install/optiastaros2/share/optiastaros2/package.dsv'
[8.935s] [34mcolcon.colcon_core.shell[0m [1;30mINFO[0m Creating package script '/home/ubuntu/optiAstaRos2_ws/install/optiastaros2/share/optiastaros2/package.sh'
[8.937s] [34mcolcon.colcon_core.shell[0m [1;30mINFO[0m Creating package script '/home/ubuntu/optiAstaRos2_ws/install/optiastaros2/share/optiastaros2/package.bash'
[8.938s] [34mcolcon.colcon_core.shell[0m [1;30mINFO[0m Creating package script '/home/ubuntu/optiAstaRos2_ws/install/optiastaros2/share/optiastaros2/package.zsh'
[8.940s] [34mcolcon.colcon_core.environment[0m [1;30mLevel 1[0m create_file_with_runtime_dependencies(/home/ubuntu/optiAstaRos2_ws/install/optiastaros2/share/colcon-core/packages/optiastaros2)
[8.941s] [34mcolcon.colcon_parallel_executor.executor.parallel[0m [1;30mDEBUG[0m [32mclosing loop[0m
[8.942s] [34mcolcon.colcon_parallel_executor.executor.parallel[0m [1;30mDEBUG[0m [32mloop closed[0m
[8.943s] [34mcolcon.colcon_parallel_executor.executor.parallel[0m [1;30mDEBUG[0m [32mrun_until_complete finished with '0'[0m
[8.943s] [34mcolcon.colcon_core.event_reactor[0m [1;30mDEBUG[0m [32mjoining thread[0m
[8.969s] [34mcolcon.colcon_core.plugin_system[0m [1;30mINFO[0m Skipping extension 'colcon_notification.desktop_notification.terminal_notifier': Not used on non-Darwin systems
[8.969s] [34mcolcon.colcon_core.plugin_system[0m [1;30mINFO[0m Skipping extension 'colcon_notification.desktop_notification.win32': Not used on non-Windows systems
[8.970s] [34mcolcon.colcon_notification.desktop_notification[0m [1;30mINFO[0m Sending desktop notification using 'notify2'
[9.008s] [34mcolcon.colcon_core.event_reactor[0m [1;30mDEBUG[0m [32mjoined thread[0m
[9.013s] [34mcolcon.colcon_core.shell[0m [1;30mINFO[0m Creating prefix script '/home/ubuntu/optiAstaRos2_ws/install/local_setup.ps1'
[9.017s] [34mcolcon.colcon_core.shell[0m [1;30mINFO[0m Creating prefix util module '/home/ubuntu/optiAstaRos2_ws/install/_local_setup_util_ps1.py'
[9.022s] [34mcolcon.colcon_core.shell[0m [1;30mINFO[0m Creating prefix chain script '/home/ubuntu/optiAstaRos2_ws/install/setup.ps1'
[9.028s] [34mcolcon.colcon_core.shell[0m [1;30mINFO[0m Creating prefix script '/home/ubuntu/optiAstaRos2_ws/install/local_setup.sh'
[9.031s] [34mcolcon.colcon_core.shell[0m [1;30mINFO[0m Creating prefix util module '/home/ubuntu/optiAstaRos2_ws/install/_local_setup_util_sh.py'
[9.033s] [34mcolcon.colcon_core.shell[0m [1;30mINFO[0m Creating prefix chain script '/home/ubuntu/optiAstaRos2_ws/install/setup.sh'
[9.039s] [34mcolcon.colcon_core.shell[0m [1;30mINFO[0m Creating prefix script '/home/ubuntu/optiAstaRos2_ws/install/local_setup.bash'
[9.041s] [34mcolcon.colcon_core.shell[0m [1;30mINFO[0m Creating prefix chain script '/home/ubuntu/optiAstaRos2_ws/install/setup.bash'
[9.047s] [34mcolcon.colcon_core.shell[0m [1;30mINFO[0m Creating prefix script '/home/ubuntu/optiAstaRos2_ws/install/local_setup.zsh'
[9.049s] [34mcolcon.colcon_core.shell[0m [1;30mINFO[0m Creating prefix chain script '/home/ubuntu/optiAstaRos2_ws/install/setup.zsh'
