[4.694s] Invoking command in '/home/ubuntu/optiAstaRos2_ws/src/optiastaros2': PYTHONPATH=/home/ubuntu/optiAstaRos2_ws/build/optiastaros2/prefix_override:/home/ubuntu/optiAstaRos2_ws/install/optiastaros2/lib/python3.10/site-packages:${PYTHONPATH} /usr/bin/python3 setup.py egg_info --egg-base ../../build/optiastaros2 build --build-base /home/ubuntu/optiAstaRos2_ws/build/optiastaros2/build install --record /home/ubuntu/optiAstaRos2_ws/build/optiastaros2/install.log --single-version-externally-managed
[7.515s] running egg_info
[7.522s] writing ../../build/optiastaros2/optiastaros2.egg-info/PKG-INFO
[7.527s] writing dependency_links to ../../build/optiastaros2/optiastaros2.egg-info/dependency_links.txt
[7.530s] writing entry points to ../../build/optiastaros2/optiastaros2.egg-info/entry_points.txt
[7.532s] writing requirements to ../../build/optiastaros2/optiastaros2.egg-info/requires.txt
[7.533s] writing top-level names to ../../build/optiastaros2/optiastaros2.egg-info/top_level.txt
[7.560s] reading manifest file '../../build/optiastaros2/optiastaros2.egg-info/SOURCES.txt'
[7.566s] writing manifest file '../../build/optiastaros2/optiastaros2.egg-info/SOURCES.txt'
[7.567s] running build
[7.567s] running build_py
[7.574s] running install
[7.575s] /usr/lib/python3/dist-packages/setuptools/command/install.py:34: SetuptoolsDeprecationWarning: setup.py install is deprecated. Use build and pip and other standards-based tools.
[7.576s]   warnings.warn(
[7.576s] running install_lib
[7.586s] running install_data
[7.592s] running install_egg_info
[7.599s] removing '/home/ubuntu/optiAstaRos2_ws/install/optiastaros2/lib/python3.10/site-packages/optiastaros2-0.0.0-py3.10.egg-info' (and everything under it)
[7.600s] Copying ../../build/optiastaros2/optiastaros2.egg-info to /home/ubuntu/optiAstaRos2_ws/install/optiastaros2/lib/python3.10/site-packages/optiastaros2-0.0.0-py3.10.egg-info
[7.609s] running install_scripts
[7.691s] Installing controller_node script to /home/ubuntu/optiAstaRos2_ws/install/optiastaros2/lib/optiastaros2
[7.692s] Installing pubdata_node script to /home/ubuntu/optiAstaRos2_ws/install/optiastaros2/lib/optiastaros2
[7.694s] writing list of installed files to '/home/ubuntu/optiAstaRos2_ws/build/optiastaros2/install.log'
[7.818s] Invoked command in '/home/ubuntu/optiAstaRos2_ws/src/optiastaros2' returned '0': PYTHONPATH=/home/ubuntu/optiAstaRos2_ws/build/optiastaros2/prefix_override:/home/ubuntu/optiAstaRos2_ws/install/optiastaros2/lib/python3.10/site-packages:${PYTHONPATH} /usr/bin/python3 setup.py egg_info --egg-base ../../build/optiastaros2 build --build-base /home/ubuntu/optiAstaRos2_ws/build/optiastaros2/build install --record /home/ubuntu/optiAstaRos2_ws/build/optiastaros2/install.log --single-version-externally-managed
