-- Found ament_cmake: 1.3.3 (/opt/ros/humble/share/ament_cmake/cmake)
-- Found geometry_msgs: 4.2.2 (/opt/ros/humble/share/geometry_msgs/cmake)
-- Found rosidl_generator_c: 3.1.4 (/opt/ros/humble/share/rosidl_generator_c/cmake)
-- Found rosidl_adapter: 3.1.4 (/opt/ros/humble/share/rosidl_adapter/cmake)
-- Found rosidl_generator_cpp: 3.1.4 (/opt/ros/humble/share/rosidl_generator_cpp/cmake)
-- Using all available rosidl_typesupport_c: rosidl_typesupport_fastrtps_c;rosidl_typesupport_introspection_c
-- Using all available rosidl_typesupport_cpp: rosidl_typesupport_fastrtps_cpp;rosidl_typesupport_introspection_cpp
-- Found rosidl_default_generators: 1.2.0 (/opt/ros/humble/share/rosidl_default_generators/cmake)
-- Found ament_cmake_ros: 0.10.0 (/opt/ros/humble/share/ament_cmake_ros/cmake)
-- Using all available rosidl_typesupport_c: rosidl_typesupport_fastrtps_c;rosidl_typesupport_introspection_c
-- Using all available rosidl_typesupport_cpp: rosidl_typesupport_fastrtps_cpp;rosidl_typesupport_introspection_cpp
-- Found python_cmake_module: 0.10.0 (/opt/ros/humble/share/python_cmake_module/cmake)
-- Using PYTHON_EXECUTABLE: /usr/bin/python3
-- Using PYTHON_INCLUDE_DIRS: /usr/include/python3.10
-- Using PYTHON_LIBRARIES: /usr/lib/aarch64-linux-gnu/libpython3.10.so
-- Found ament_lint_auto: 0.12.4 (/opt/ros/humble/share/ament_lint_auto/cmake)
-- Added test 'lint_cmake' to check CMake code style
-- Added test 'xmllint' to check XML markup files
-- Configuring done
-- Generating done
-- Build files have been written to: /home/ubuntu/optiAstaRos2_ws/build/rigidbody_msgs
[  3%] Built target rigidbody_msgs__cpp
[  6%] [32mBuilding C object CMakeFiles/rigidbody_msgs__rosidl_generator_c.dir/rosidl_generator_c/rigidbody_msgs/msg/detail/rigid_body__functions.c.o[0m
[  6%] Built target ament_cmake_python_copy_rigidbody_msgs
[  9%] [34m[1mGenerating C++ introspection for ROS interfaces[0m
[ 12%] [32mBuilding CXX object CMakeFiles/rigidbody_msgs__rosidl_typesupport_cpp.dir/rosidl_typesupport_cpp/rigidbody_msgs/msg/rigid_body__type_support.cpp.o[0m
[ 16%] [32mBuilding CXX object CMakeFiles/rigidbody_msgs__rosidl_typesupport_fastrtps_cpp.dir/rosidl_typesupport_fastrtps_cpp/rigidbody_msgs/msg/detail/dds_fastrtps/rigid_body__type_support.cpp.o[0m
[ 19%] [32m[1mLinking C shared library librigidbody_msgs__rosidl_generator_c.so[0m
[ 22%] Built target rigidbody_msgs__rosidl_generator_c
[ 25%] [32mBuilding CXX object CMakeFiles/rigidbody_msgs__rosidl_typesupport_introspection_cpp.dir/rosidl_typesupport_introspection_cpp/rigidbody_msgs/msg/detail/rigid_body__type_support.cpp.o[0m
[ 29%] [32m[1mLinking CXX shared library librigidbody_msgs__rosidl_typesupport_cpp.so[0m
[ 32%] Built target rigidbody_msgs__rosidl_typesupport_cpp
[ 35%] [34m[1mGenerating C type support for eProsima Fast-RTPS[0m
running egg_info
writing rigidbody_msgs.egg-info/PKG-INFO
writing dependency_links to rigidbody_msgs.egg-info/dependency_links.txt
writing top-level names to rigidbody_msgs.egg-info/top_level.txt
reading manifest file 'rigidbody_msgs.egg-info/SOURCES.txt'
writing manifest file 'rigidbody_msgs.egg-info/SOURCES.txt'
[ 35%] Built target ament_cmake_python_build_rigidbody_msgs_egg
[ 38%] [34m[1mGenerating C introspection for ROS interfaces[0m
[ 41%] [32m[1mLinking CXX shared library librigidbody_msgs__rosidl_typesupport_fastrtps_cpp.so[0m
[ 45%] Built target rigidbody_msgs__rosidl_typesupport_fastrtps_cpp
[ 48%] [34m[1mGenerating C type support dispatch for ROS interfaces[0m
[ 51%] [32mBuilding CXX object CMakeFiles/rigidbody_msgs__rosidl_typesupport_fastrtps_c.dir/rosidl_typesupport_fastrtps_c/rigidbody_msgs/msg/detail/rigid_body__type_support_c.cpp.o[0m
[ 54%] [32m[1mLinking CXX shared library librigidbody_msgs__rosidl_typesupport_introspection_cpp.so[0m
[ 58%] [32mBuilding C object CMakeFiles/rigidbody_msgs__rosidl_typesupport_introspection_c.dir/rosidl_typesupport_introspection_c/rigidbody_msgs/msg/detail/rigid_body__type_support.c.o[0m
[ 61%] [32m[1mLinking C shared library librigidbody_msgs__rosidl_typesupport_introspection_c.so[0m
[ 61%] Built target rigidbody_msgs__rosidl_typesupport_introspection_cpp
[ 64%] [32mBuilding CXX object CMakeFiles/rigidbody_msgs__rosidl_typesupport_c.dir/rosidl_typesupport_c/rigidbody_msgs/msg/rigid_body__type_support.cpp.o[0m
[ 64%] Built target rigidbody_msgs__rosidl_typesupport_introspection_c
[ 67%] [32m[1mLinking CXX shared library librigidbody_msgs__rosidl_typesupport_c.so[0m
[ 67%] Built target rigidbody_msgs__rosidl_typesupport_c
[ 70%] [32m[1mLinking CXX shared library librigidbody_msgs__rosidl_typesupport_fastrtps_c.so[0m
[ 70%] Built target rigidbody_msgs__rosidl_typesupport_fastrtps_c
[ 70%] Built target rigidbody_msgs
[ 74%] [34m[1mGenerating Python code for ROS interfaces[0m
[ 74%] Built target rigidbody_msgs__py
[ 77%] [32mBuilding C object CMakeFiles/rigidbody_msgs__rosidl_generator_py.dir/rosidl_generator_py/rigidbody_msgs/msg/_rigid_body_s.c.o[0m
[ 80%] [32m[1mLinking C shared library rosidl_generator_py/rigidbody_msgs/librigidbody_msgs__rosidl_generator_py.so[0m
[ 80%] Built target rigidbody_msgs__rosidl_generator_py
[ 83%] [32mBuilding C object CMakeFiles/rigidbody_msgs__rosidl_typesupport_fastrtps_c__pyext.dir/rosidl_generator_py/rigidbody_msgs/_rigidbody_msgs_s.ep.rosidl_typesupport_fastrtps_c.c.o[0m
[ 87%] [32mBuilding C object CMakeFiles/rigidbody_msgs__rosidl_typesupport_c__pyext.dir/rosidl_generator_py/rigidbody_msgs/_rigidbody_msgs_s.ep.rosidl_typesupport_c.c.o[0m
[ 90%] [32mBuilding C object CMakeFiles/rigidbody_msgs__rosidl_typesupport_introspection_c__pyext.dir/rosidl_generator_py/rigidbody_msgs/_rigidbody_msgs_s.ep.rosidl_typesupport_introspection_c.c.o[0m
[ 96%] [32m[1mLinking C shared library rosidl_generator_py/rigidbody_msgs/rigidbody_msgs_s__rosidl_typesupport_c.cpython-310-aarch64-linux-gnu.so[0m
[ 96%] [32m[1mLinking C shared library rosidl_generator_py/rigidbody_msgs/rigidbody_msgs_s__rosidl_typesupport_fastrtps_c.cpython-310-aarch64-linux-gnu.so[0m
[100%] [32m[1mLinking C shared library rosidl_generator_py/rigidbody_msgs/rigidbody_msgs_s__rosidl_typesupport_introspection_c.cpython-310-aarch64-linux-gnu.so[0m
[100%] Built target rigidbody_msgs__rosidl_typesupport_c__pyext
[100%] Built target rigidbody_msgs__rosidl_typesupport_fastrtps_c__pyext
[100%] Built target rigidbody_msgs__rosidl_typesupport_introspection_c__pyext
-- Install configuration: ""
-- Installing: /home/ubuntu/optiAstaRos2_ws/install/rigidbody_msgs/share/ament_index/resource_index/rosidl_interfaces/rigidbody_msgs
-- Installing: /home/ubuntu/optiAstaRos2_ws/install/rigidbody_msgs/include/rigidbody_msgs/rigidbody_msgs
-- Installing: /home/ubuntu/optiAstaRos2_ws/install/rigidbody_msgs/include/rigidbody_msgs/rigidbody_msgs/msg
-- Installing: /home/ubuntu/optiAstaRos2_ws/install/rigidbody_msgs/include/rigidbody_msgs/rigidbody_msgs/msg/rigid_body.h
-- Installing: /home/ubuntu/optiAstaRos2_ws/install/rigidbody_msgs/include/rigidbody_msgs/rigidbody_msgs/msg/rosidl_generator_c__visibility_control.h
-- Installing: /home/ubuntu/optiAstaRos2_ws/install/rigidbody_msgs/include/rigidbody_msgs/rigidbody_msgs/msg/detail
-- Installing: /home/ubuntu/optiAstaRos2_ws/install/rigidbody_msgs/include/rigidbody_msgs/rigidbody_msgs/msg/detail/rigid_body__functions.c
-- Installing: /home/ubuntu/optiAstaRos2_ws/install/rigidbody_msgs/include/rigidbody_msgs/rigidbody_msgs/msg/detail/rigid_body__functions.h
-- Installing: /home/ubuntu/optiAstaRos2_ws/install/rigidbody_msgs/include/rigidbody_msgs/rigidbody_msgs/msg/detail/rigid_body__struct.h
-- Installing: /home/ubuntu/optiAstaRos2_ws/install/rigidbody_msgs/include/rigidbody_msgs/rigidbody_msgs/msg/detail/rigid_body__type_support.h
-- Installing: /home/ubuntu/optiAstaRos2_ws/install/rigidbody_msgs/share/rigidbody_msgs/environment/library_path.sh
-- Installing: /home/ubuntu/optiAstaRos2_ws/install/rigidbody_msgs/share/rigidbody_msgs/environment/library_path.dsv
-- Installing: /home/ubuntu/optiAstaRos2_ws/install/rigidbody_msgs/lib/librigidbody_msgs__rosidl_generator_c.so
-- Set runtime path of "/home/ubuntu/optiAstaRos2_ws/install/rigidbody_msgs/lib/librigidbody_msgs__rosidl_generator_c.so" to ""
-- Up-to-date: /home/ubuntu/optiAstaRos2_ws/install/rigidbody_msgs/include/rigidbody_msgs/rigidbody_msgs
-- Up-to-date: /home/ubuntu/optiAstaRos2_ws/install/rigidbody_msgs/include/rigidbody_msgs/rigidbody_msgs/msg
-- Installing: /home/ubuntu/optiAstaRos2_ws/install/rigidbody_msgs/include/rigidbody_msgs/rigidbody_msgs/msg/rosidl_typesupport_fastrtps_c__visibility_control.h
-- Up-to-date: /home/ubuntu/optiAstaRos2_ws/install/rigidbody_msgs/include/rigidbody_msgs/rigidbody_msgs/msg/detail
-- Installing: /home/ubuntu/optiAstaRos2_ws/install/rigidbody_msgs/include/rigidbody_msgs/rigidbody_msgs/msg/detail/rigid_body__rosidl_typesupport_fastrtps_c.h
-- Installing: /home/ubuntu/optiAstaRos2_ws/install/rigidbody_msgs/lib/librigidbody_msgs__rosidl_typesupport_fastrtps_c.so
-- Set runtime path of "/home/ubuntu/optiAstaRos2_ws/install/rigidbody_msgs/lib/librigidbody_msgs__rosidl_typesupport_fastrtps_c.so" to ""
-- Up-to-date: /home/ubuntu/optiAstaRos2_ws/install/rigidbody_msgs/include/rigidbody_msgs/rigidbody_msgs
-- Up-to-date: /home/ubuntu/optiAstaRos2_ws/install/rigidbody_msgs/include/rigidbody_msgs/rigidbody_msgs/msg
-- Installing: /home/ubuntu/optiAstaRos2_ws/install/rigidbody_msgs/include/rigidbody_msgs/rigidbody_msgs/msg/rigid_body.hpp
-- Up-to-date: /home/ubuntu/optiAstaRos2_ws/install/rigidbody_msgs/include/rigidbody_msgs/rigidbody_msgs/msg/detail
-- Installing: /home/ubuntu/optiAstaRos2_ws/install/rigidbody_msgs/include/rigidbody_msgs/rigidbody_msgs/msg/detail/rigid_body__traits.hpp
-- Installing: /home/ubuntu/optiAstaRos2_ws/install/rigidbody_msgs/include/rigidbody_msgs/rigidbody_msgs/msg/detail/rigid_body__builder.hpp
-- Installing: /home/ubuntu/optiAstaRos2_ws/install/rigidbody_msgs/include/rigidbody_msgs/rigidbody_msgs/msg/detail/rigid_body__struct.hpp
-- Up-to-date: /home/ubuntu/optiAstaRos2_ws/install/rigidbody_msgs/include/rigidbody_msgs/rigidbody_msgs
-- Up-to-date: /home/ubuntu/optiAstaRos2_ws/install/rigidbody_msgs/include/rigidbody_msgs/rigidbody_msgs/msg
-- Installing: /home/ubuntu/optiAstaRos2_ws/install/rigidbody_msgs/include/rigidbody_msgs/rigidbody_msgs/msg/rosidl_typesupport_fastrtps_cpp__visibility_control.h
-- Up-to-date: /home/ubuntu/optiAstaRos2_ws/install/rigidbody_msgs/include/rigidbody_msgs/rigidbody_msgs/msg/detail
-- Installing: /home/ubuntu/optiAstaRos2_ws/install/rigidbody_msgs/include/rigidbody_msgs/rigidbody_msgs/msg/detail/rigid_body__rosidl_typesupport_fastrtps_cpp.hpp
-- Installing: /home/ubuntu/optiAstaRos2_ws/install/rigidbody_msgs/include/rigidbody_msgs/rigidbody_msgs/msg/detail/dds_fastrtps
-- Installing: /home/ubuntu/optiAstaRos2_ws/install/rigidbody_msgs/lib/librigidbody_msgs__rosidl_typesupport_fastrtps_cpp.so
-- Set runtime path of "/home/ubuntu/optiAstaRos2_ws/install/rigidbody_msgs/lib/librigidbody_msgs__rosidl_typesupport_fastrtps_cpp.so" to ""
-- Up-to-date: /home/ubuntu/optiAstaRos2_ws/install/rigidbody_msgs/include/rigidbody_msgs/rigidbody_msgs
-- Up-to-date: /home/ubuntu/optiAstaRos2_ws/install/rigidbody_msgs/include/rigidbody_msgs/rigidbody_msgs/msg
-- Installing: /home/ubuntu/optiAstaRos2_ws/install/rigidbody_msgs/include/rigidbody_msgs/rigidbody_msgs/msg/rosidl_typesupport_introspection_c__visibility_control.h
-- Up-to-date: /home/ubuntu/optiAstaRos2_ws/install/rigidbody_msgs/include/rigidbody_msgs/rigidbody_msgs/msg/detail
-- Installing: /home/ubuntu/optiAstaRos2_ws/install/rigidbody_msgs/include/rigidbody_msgs/rigidbody_msgs/msg/detail/rigid_body__rosidl_typesupport_introspection_c.h
-- Installing: /home/ubuntu/optiAstaRos2_ws/install/rigidbody_msgs/include/rigidbody_msgs/rigidbody_msgs/msg/detail/rigid_body__type_support.c
-- Installing: /home/ubuntu/optiAstaRos2_ws/install/rigidbody_msgs/lib/librigidbody_msgs__rosidl_typesupport_introspection_c.so
-- Set runtime path of "/home/ubuntu/optiAstaRos2_ws/install/rigidbody_msgs/lib/librigidbody_msgs__rosidl_typesupport_introspection_c.so" to ""
-- Installing: /home/ubuntu/optiAstaRos2_ws/install/rigidbody_msgs/lib/librigidbody_msgs__rosidl_typesupport_c.so
-- Set runtime path of "/home/ubuntu/optiAstaRos2_ws/install/rigidbody_msgs/lib/librigidbody_msgs__rosidl_typesupport_c.so" to ""
-- Up-to-date: /home/ubuntu/optiAstaRos2_ws/install/rigidbody_msgs/include/rigidbody_msgs/rigidbody_msgs
-- Up-to-date: /home/ubuntu/optiAstaRos2_ws/install/rigidbody_msgs/include/rigidbody_msgs/rigidbody_msgs/msg
-- Up-to-date: /home/ubuntu/optiAstaRos2_ws/install/rigidbody_msgs/include/rigidbody_msgs/rigidbody_msgs/msg/detail
-- Installing: /home/ubuntu/optiAstaRos2_ws/install/rigidbody_msgs/include/rigidbody_msgs/rigidbody_msgs/msg/detail/rigid_body__rosidl_typesupport_introspection_cpp.hpp
-- Installing: /home/ubuntu/optiAstaRos2_ws/install/rigidbody_msgs/include/rigidbody_msgs/rigidbody_msgs/msg/detail/rigid_body__type_support.cpp
-- Installing: /home/ubuntu/optiAstaRos2_ws/install/rigidbody_msgs/lib/librigidbody_msgs__rosidl_typesupport_introspection_cpp.so
-- Set runtime path of "/home/ubuntu/optiAstaRos2_ws/install/rigidbody_msgs/lib/librigidbody_msgs__rosidl_typesupport_introspection_cpp.so" to ""
-- Installing: /home/ubuntu/optiAstaRos2_ws/install/rigidbody_msgs/lib/librigidbody_msgs__rosidl_typesupport_cpp.so
-- Set runtime path of "/home/ubuntu/optiAstaRos2_ws/install/rigidbody_msgs/lib/librigidbody_msgs__rosidl_typesupport_cpp.so" to ""
-- Installing: /home/ubuntu/optiAstaRos2_ws/install/rigidbody_msgs/share/rigidbody_msgs/environment/pythonpath.sh
-- Installing: /home/ubuntu/optiAstaRos2_ws/install/rigidbody_msgs/share/rigidbody_msgs/environment/pythonpath.dsv
-- Installing: /home/ubuntu/optiAstaRos2_ws/install/rigidbody_msgs/local/lib/python3.10/dist-packages/rigidbody_msgs-0.0.0-py3.10.egg-info
-- Installing: /home/ubuntu/optiAstaRos2_ws/install/rigidbody_msgs/local/lib/python3.10/dist-packages/rigidbody_msgs-0.0.0-py3.10.egg-info/PKG-INFO
-- Installing: /home/ubuntu/optiAstaRos2_ws/install/rigidbody_msgs/local/lib/python3.10/dist-packages/rigidbody_msgs-0.0.0-py3.10.egg-info/top_level.txt
-- Installing: /home/ubuntu/optiAstaRos2_ws/install/rigidbody_msgs/local/lib/python3.10/dist-packages/rigidbody_msgs-0.0.0-py3.10.egg-info/SOURCES.txt
-- Installing: /home/ubuntu/optiAstaRos2_ws/install/rigidbody_msgs/local/lib/python3.10/dist-packages/rigidbody_msgs-0.0.0-py3.10.egg-info/dependency_links.txt
-- Installing: /home/ubuntu/optiAstaRos2_ws/install/rigidbody_msgs/local/lib/python3.10/dist-packages/rigidbody_msgs
-- Installing: /home/ubuntu/optiAstaRos2_ws/install/rigidbody_msgs/local/lib/python3.10/dist-packages/rigidbody_msgs/_rigidbody_msgs_s.ep.rosidl_typesupport_fastrtps_c.c
-- Installing: /home/ubuntu/optiAstaRos2_ws/install/rigidbody_msgs/local/lib/python3.10/dist-packages/rigidbody_msgs/_rigidbody_msgs_s.ep.rosidl_typesupport_introspection_c.c
-- Installing: /home/ubuntu/optiAstaRos2_ws/install/rigidbody_msgs/local/lib/python3.10/dist-packages/rigidbody_msgs/rigidbody_msgs_s__rosidl_typesupport_fastrtps_c.cpython-310-aarch64-linux-gnu.so
-- Installing: /home/ubuntu/optiAstaRos2_ws/install/rigidbody_msgs/local/lib/python3.10/dist-packages/rigidbody_msgs/msg
-- Installing: /home/ubuntu/optiAstaRos2_ws/install/rigidbody_msgs/local/lib/python3.10/dist-packages/rigidbody_msgs/msg/_rigid_body_s.c
-- Installing: /home/ubuntu/optiAstaRos2_ws/install/rigidbody_msgs/local/lib/python3.10/dist-packages/rigidbody_msgs/msg/_rigid_body.py
-- Installing: /home/ubuntu/optiAstaRos2_ws/install/rigidbody_msgs/local/lib/python3.10/dist-packages/rigidbody_msgs/msg/__init__.py
-- Installing: /home/ubuntu/optiAstaRos2_ws/install/rigidbody_msgs/local/lib/python3.10/dist-packages/rigidbody_msgs/_rigidbody_msgs_s.ep.rosidl_typesupport_c.c
-- Installing: /home/ubuntu/optiAstaRos2_ws/install/rigidbody_msgs/local/lib/python3.10/dist-packages/rigidbody_msgs/librigidbody_msgs__rosidl_generator_py.so
-- Installing: /home/ubuntu/optiAstaRos2_ws/install/rigidbody_msgs/local/lib/python3.10/dist-packages/rigidbody_msgs/__init__.py
-- Installing: /home/ubuntu/optiAstaRos2_ws/install/rigidbody_msgs/local/lib/python3.10/dist-packages/rigidbody_msgs/rigidbody_msgs_s__rosidl_typesupport_introspection_c.cpython-310-aarch64-linux-gnu.so
-- Installing: /home/ubuntu/optiAstaRos2_ws/install/rigidbody_msgs/local/lib/python3.10/dist-packages/rigidbody_msgs/rigidbody_msgs_s__rosidl_typesupport_c.cpython-310-aarch64-linux-gnu.so
Listing '/home/ubuntu/optiAstaRos2_ws/install/rigidbody_msgs/local/lib/python3.10/dist-packages/rigidbody_msgs'...
Compiling '/home/ubuntu/optiAstaRos2_ws/install/rigidbody_msgs/local/lib/python3.10/dist-packages/rigidbody_msgs/__init__.py'...
Listing '/home/ubuntu/optiAstaRos2_ws/install/rigidbody_msgs/local/lib/python3.10/dist-packages/rigidbody_msgs/msg'...
Compiling '/home/ubuntu/optiAstaRos2_ws/install/rigidbody_msgs/local/lib/python3.10/dist-packages/rigidbody_msgs/msg/__init__.py'...
Compiling '/home/ubuntu/optiAstaRos2_ws/install/rigidbody_msgs/local/lib/python3.10/dist-packages/rigidbody_msgs/msg/_rigid_body.py'...
-- Installing: /home/ubuntu/optiAstaRos2_ws/install/rigidbody_msgs/local/lib/python3.10/dist-packages/rigidbody_msgs/rigidbody_msgs_s__rosidl_typesupport_fastrtps_c.cpython-310-aarch64-linux-gnu.so
-- Set runtime path of "/home/ubuntu/optiAstaRos2_ws/install/rigidbody_msgs/local/lib/python3.10/dist-packages/rigidbody_msgs/rigidbody_msgs_s__rosidl_typesupport_fastrtps_c.cpython-310-aarch64-linux-gnu.so" to ""
-- Installing: /home/ubuntu/optiAstaRos2_ws/install/rigidbody_msgs/local/lib/python3.10/dist-packages/rigidbody_msgs/rigidbody_msgs_s__rosidl_typesupport_introspection_c.cpython-310-aarch64-linux-gnu.so
-- Set runtime path of "/home/ubuntu/optiAstaRos2_ws/install/rigidbody_msgs/local/lib/python3.10/dist-packages/rigidbody_msgs/rigidbody_msgs_s__rosidl_typesupport_introspection_c.cpython-310-aarch64-linux-gnu.so" to ""
-- Installing: /home/ubuntu/optiAstaRos2_ws/install/rigidbody_msgs/local/lib/python3.10/dist-packages/rigidbody_msgs/rigidbody_msgs_s__rosidl_typesupport_c.cpython-310-aarch64-linux-gnu.so
-- Set runtime path of "/home/ubuntu/optiAstaRos2_ws/install/rigidbody_msgs/local/lib/python3.10/dist-packages/rigidbody_msgs/rigidbody_msgs_s__rosidl_typesupport_c.cpython-310-aarch64-linux-gnu.so" to ""
-- Installing: /home/ubuntu/optiAstaRos2_ws/install/rigidbody_msgs/lib/librigidbody_msgs__rosidl_generator_py.so
-- Set runtime path of "/home/ubuntu/optiAstaRos2_ws/install/rigidbody_msgs/lib/librigidbody_msgs__rosidl_generator_py.so" to ""
-- Installing: /home/ubuntu/optiAstaRos2_ws/install/rigidbody_msgs/share/rigidbody_msgs/msg/RigidBody.idl
-- Installing: /home/ubuntu/optiAstaRos2_ws/install/rigidbody_msgs/share/rigidbody_msgs/msg/RigidBody.msg
-- Installing: /home/ubuntu/optiAstaRos2_ws/install/rigidbody_msgs/share/ament_index/resource_index/package_run_dependencies/rigidbody_msgs
-- Installing: /home/ubuntu/optiAstaRos2_ws/install/rigidbody_msgs/share/ament_index/resource_index/parent_prefix_path/rigidbody_msgs
-- Installing: /home/ubuntu/optiAstaRos2_ws/install/rigidbody_msgs/share/rigidbody_msgs/environment/ament_prefix_path.sh
-- Installing: /home/ubuntu/optiAstaRos2_ws/install/rigidbody_msgs/share/rigidbody_msgs/environment/ament_prefix_path.dsv
-- Installing: /home/ubuntu/optiAstaRos2_ws/install/rigidbody_msgs/share/rigidbody_msgs/environment/path.sh
-- Installing: /home/ubuntu/optiAstaRos2_ws/install/rigidbody_msgs/share/rigidbody_msgs/environment/path.dsv
-- Installing: /home/ubuntu/optiAstaRos2_ws/install/rigidbody_msgs/share/rigidbody_msgs/local_setup.bash
-- Installing: /home/ubuntu/optiAstaRos2_ws/install/rigidbody_msgs/share/rigidbody_msgs/local_setup.sh
-- Installing: /home/ubuntu/optiAstaRos2_ws/install/rigidbody_msgs/share/rigidbody_msgs/local_setup.zsh
-- Installing: /home/ubuntu/optiAstaRos2_ws/install/rigidbody_msgs/share/rigidbody_msgs/local_setup.dsv
-- Installing: /home/ubuntu/optiAstaRos2_ws/install/rigidbody_msgs/share/rigidbody_msgs/package.dsv
-- Installing: /home/ubuntu/optiAstaRos2_ws/install/rigidbody_msgs/share/ament_index/resource_index/packages/rigidbody_msgs
-- Installing: /home/ubuntu/optiAstaRos2_ws/install/rigidbody_msgs/share/rigidbody_msgs/cmake/export_rigidbody_msgs__rosidl_generator_cExport.cmake
-- Installing: /home/ubuntu/optiAstaRos2_ws/install/rigidbody_msgs/share/rigidbody_msgs/cmake/export_rigidbody_msgs__rosidl_generator_cExport-noconfig.cmake
-- Installing: /home/ubuntu/optiAstaRos2_ws/install/rigidbody_msgs/share/rigidbody_msgs/cmake/export_rigidbody_msgs__rosidl_typesupport_fastrtps_cExport.cmake
-- Installing: /home/ubuntu/optiAstaRos2_ws/install/rigidbody_msgs/share/rigidbody_msgs/cmake/export_rigidbody_msgs__rosidl_typesupport_fastrtps_cExport-noconfig.cmake
-- Installing: /home/ubuntu/optiAstaRos2_ws/install/rigidbody_msgs/share/rigidbody_msgs/cmake/export_rigidbody_msgs__rosidl_generator_cppExport.cmake
-- Installing: /home/ubuntu/optiAstaRos2_ws/install/rigidbody_msgs/share/rigidbody_msgs/cmake/export_rigidbody_msgs__rosidl_typesupport_fastrtps_cppExport.cmake
-- Installing: /home/ubuntu/optiAstaRos2_ws/install/rigidbody_msgs/share/rigidbody_msgs/cmake/export_rigidbody_msgs__rosidl_typesupport_fastrtps_cppExport-noconfig.cmake
-- Installing: /home/ubuntu/optiAstaRos2_ws/install/rigidbody_msgs/share/rigidbody_msgs/cmake/rigidbody_msgs__rosidl_typesupport_introspection_cExport.cmake
-- Installing: /home/ubuntu/optiAstaRos2_ws/install/rigidbody_msgs/share/rigidbody_msgs/cmake/rigidbody_msgs__rosidl_typesupport_introspection_cExport-noconfig.cmake
-- Installing: /home/ubuntu/optiAstaRos2_ws/install/rigidbody_msgs/share/rigidbody_msgs/cmake/rigidbody_msgs__rosidl_typesupport_cExport.cmake
-- Installing: /home/ubuntu/optiAstaRos2_ws/install/rigidbody_msgs/share/rigidbody_msgs/cmake/rigidbody_msgs__rosidl_typesupport_cExport-noconfig.cmake
-- Installing: /home/ubuntu/optiAstaRos2_ws/install/rigidbody_msgs/share/rigidbody_msgs/cmake/rigidbody_msgs__rosidl_typesupport_introspection_cppExport.cmake
-- Installing: /home/ubuntu/optiAstaRos2_ws/install/rigidbody_msgs/share/rigidbody_msgs/cmake/rigidbody_msgs__rosidl_typesupport_introspection_cppExport-noconfig.cmake
-- Installing: /home/ubuntu/optiAstaRos2_ws/install/rigidbody_msgs/share/rigidbody_msgs/cmake/rigidbody_msgs__rosidl_typesupport_cppExport.cmake
-- Installing: /home/ubuntu/optiAstaRos2_ws/install/rigidbody_msgs/share/rigidbody_msgs/cmake/rigidbody_msgs__rosidl_typesupport_cppExport-noconfig.cmake
-- Installing: /home/ubuntu/optiAstaRos2_ws/install/rigidbody_msgs/share/rigidbody_msgs/cmake/export_rigidbody_msgs__rosidl_generator_pyExport.cmake
-- Installing: /home/ubuntu/optiAstaRos2_ws/install/rigidbody_msgs/share/rigidbody_msgs/cmake/export_rigidbody_msgs__rosidl_generator_pyExport-noconfig.cmake
-- Installing: /home/ubuntu/optiAstaRos2_ws/install/rigidbody_msgs/share/rigidbody_msgs/cmake/rosidl_cmake-extras.cmake
-- Installing: /home/ubuntu/optiAstaRos2_ws/install/rigidbody_msgs/share/rigidbody_msgs/cmake/ament_cmake_export_dependencies-extras.cmake
-- Installing: /home/ubuntu/optiAstaRos2_ws/install/rigidbody_msgs/share/rigidbody_msgs/cmake/ament_cmake_export_include_directories-extras.cmake
-- Installing: /home/ubuntu/optiAstaRos2_ws/install/rigidbody_msgs/share/rigidbody_msgs/cmake/ament_cmake_export_libraries-extras.cmake
-- Installing: /home/ubuntu/optiAstaRos2_ws/install/rigidbody_msgs/share/rigidbody_msgs/cmake/ament_cmake_export_targets-extras.cmake
-- Installing: /home/ubuntu/optiAstaRos2_ws/install/rigidbody_msgs/share/rigidbody_msgs/cmake/rosidl_cmake_export_typesupport_targets-extras.cmake
-- Installing: /home/ubuntu/optiAstaRos2_ws/install/rigidbody_msgs/share/rigidbody_msgs/cmake/rosidl_cmake_export_typesupport_libraries-extras.cmake
-- Installing: /home/ubuntu/optiAstaRos2_ws/install/rigidbody_msgs/share/rigidbody_msgs/cmake/rigidbody_msgsConfig.cmake
-- Installing: /home/ubuntu/optiAstaRos2_ws/install/rigidbody_msgs/share/rigidbody_msgs/cmake/rigidbody_msgsConfig-version.cmake
-- Installing: /home/ubuntu/optiAstaRos2_ws/install/rigidbody_msgs/share/rigidbody_msgs/package.xml
